[ 2016-03-24T20:42:22+08:00 ] 127.0.0.1 /onethink1/
SQL: SHOW COLUMNS FROM `onethink_category` [ RunTime:1.181674s ]
SQL: SELECT `id`,`name`,`title`,`pid`,`sort`,`list_row`,`meta_title`,`keywords`,`description`,`template_index`,`template_lists`,`template_detail`,`template_edit`,`model`,`type`,`link_id`,`allow_publish`,`display`,`reply`,`check`,`reply_model`,`extend`,`create_time`,`update_time`,`status`,`icon` FROM `onethink_category` WHERE ( `status` = 1 ) ORDER BY sort  [ RunTime:0.000915s ]
SQL: SHOW COLUMNS FROM `onethink_document` [ RunTime:0.339939s ]
SQL: SELECT `id`,`uid`,`name`,`title`,`category_id`,`description`,`root`,`pid`,`model_id`,`type`,`position`,`link_id`,`cover_id`,`display`,`deadline`,`attach`,`view`,`comment`,`extend`,`level`,`create_time`,`update_time`,`status` FROM `onethink_document` WHERE ( `status` = 1 ) AND ( `pid` = 0 ) AND ( `create_time` < 1458823335 ) AND ( deadline = 0 OR deadline > 1458823335 ) ORDER BY `id` DESC  [ RunTime:0.113872s ]
INFO: [ view_parse ] --START--
INFO: [ template_filter ] --START--
INFO: Run Behavior\ContentReplace [ RunTime:0.000414s ]
INFO: [ template_filter ] --END-- [ RunTime:0.000715s ]
SQL: SHOW COLUMNS FROM `onethink_channel` [ RunTime:0.385278s ]
SQL: SELECT `id`,`pid`,`title`,`url`,`sort`,`create_time`,`update_time`,`status`,`target` FROM `onethink_channel` WHERE ( status=1 ) ORDER BY sort  [ RunTime:0.097100s ]
SQL: SELECT `id`,`name`,`title`,`pid`,`sort`,`list_row`,`meta_title`,`keywords`,`description`,`template_index`,`template_lists`,`template_detail`,`template_edit`,`model`,`type`,`link_id`,`allow_publish`,`display`,`reply`,`check`,`reply_model`,`extend`,`create_time`,`update_time`,`status`,`icon` FROM `onethink_category` WHERE ( `id` = 1 ) LIMIT 1   [ RunTime:0.113011s ]
SQL: SELECT `id`,`name`,`pid`,`title`,`link_id` FROM `onethink_category` WHERE ( `status` = 1 ) ORDER BY sort  [ RunTime:0.000589s ]
INFO: [ view_parse ] --START--
INFO: [ template_filter ] --START--
INFO: Run Behavior\ContentReplace [ RunTime:0.000141s ]
INFO: [ template_filter ] --END-- [ RunTime:-0.675170s ]
INFO: Run Behavior\ParseTemplate [ RunTime:0.028989s ]
INFO: [ view_parse ] --END-- [ RunTime:0.029271s ]
INFO: [ view_filter ] --START--
INFO: Run Behavior\WriteHtmlCache [ RunTime:0.000893s ]
INFO: [ view_filter ] --END-- [ RunTime:0.001143s ]
SQL: SELECT `id`,`name`,`title`,`pid`,`sort`,`list_row`,`meta_title`,`keywords`,`description`,`template_index`,`template_lists`,`template_detail`,`template_edit`,`model`,`type`,`link_id`,`allow_publish`,`display`,`reply`,`check`,`reply_model`,`extend`,`create_time`,`update_time`,`status`,`icon` FROM `onethink_category` WHERE ( `id` = 1 ) LIMIT 1   [ RunTime:0.000781s ]
SQL: SELECT `id`,`name`,`pid`,`title`,`link_id` FROM `onethink_category` WHERE ( `status` = 1 ) ORDER BY sort  [ RunTime:0.000552s ]
SQL: SELECT `id`,`uid`,`name`,`title`,`category_id`,`description`,`root`,`pid`,`model_id`,`type`,`position`,`link_id`,`cover_id`,`display`,`deadline`,`attach`,`view`,`comment`,`extend`,`level`,`create_time`,`update_time`,`status` FROM `onethink_document` WHERE ( `status` = 1 ) AND ( `pid` = 0 ) AND ( `category_id` = 2 ) AND ( `create_time` < 1458823335 ) AND ( deadline = 0 OR deadline > 1458823335 ) ORDER BY `level` DESC,`id` DESC LIMIT 0,10   [ RunTime:0.000706s ]
INFO: Run Behavior\ParseTemplate [ RunTime:0.062348s ]
INFO: [ view_parse ] --END-- [ RunTime:0.029271s ]
INFO: [ view_filter ] --START--
INFO: Run Behavior\WriteHtmlCache [ RunTime:0.000052s ]
INFO: [ view_filter ] --END-- [ RunTime:-0.032188s ]
INFO: [ app_end ] --START--
INFO: Run Behavior\ShowPageTrace [ RunTime:0.001598s ]
INFO: [ app_end ] --END-- [ RunTime:0.001828s ]

[ 2016-03-24T20:42:46+08:00 ] 127.0.0.1 /onethink1/index.php
SQL: SHOW COLUMNS FROM `onethink_category` [ RunTime:0.005318s ]
SQL: SELECT `id`,`name`,`title`,`pid`,`sort`,`list_row`,`meta_title`,`keywords`,`description`,`template_index`,`template_lists`,`template_detail`,`template_edit`,`model`,`type`,`link_id`,`allow_publish`,`display`,`reply`,`check`,`reply_model`,`extend`,`create_time`,`update_time`,`status`,`icon` FROM `onethink_category` WHERE ( `status` = 1 ) ORDER BY sort  [ RunTime:0.000812s ]
SQL: SHOW COLUMNS FROM `onethink_document` [ RunTime:0.005451s ]
SQL: SELECT `id`,`uid`,`name`,`title`,`category_id`,`description`,`root`,`pid`,`model_id`,`type`,`position`,`link_id`,`cover_id`,`display`,`deadline`,`attach`,`view`,`comment`,`extend`,`level`,`create_time`,`update_time`,`status` FROM `onethink_document` WHERE ( `status` = 1 ) AND ( `pid` = 0 ) AND ( `create_time` < 1458823365 ) AND ( deadline = 0 OR deadline > 1458823365 ) ORDER BY `id` DESC  [ RunTime:0.000725s ]
INFO: [ view_parse ] --START--
INFO: [ template_filter ] --START--
INFO: Run Behavior\ContentReplace [ RunTime:0.000463s ]
INFO: [ template_filter ] --END-- [ RunTime:0.000755s ]
SQL: SHOW COLUMNS FROM `onethink_channel` [ RunTime:0.006215s ]
SQL: SELECT `id`,`pid`,`title`,`url`,`sort`,`create_time`,`update_time`,`status`,`target` FROM `onethink_channel` WHERE ( status=1 ) ORDER BY sort  [ RunTime:0.000523s ]
SQL: SELECT `id`,`name`,`title`,`pid`,`sort`,`list_row`,`meta_title`,`keywords`,`description`,`template_index`,`template_lists`,`template_detail`,`template_edit`,`model`,`type`,`link_id`,`allow_publish`,`display`,`reply`,`check`,`reply_model`,`extend`,`create_time`,`update_time`,`status`,`icon` FROM `onethink_category` WHERE ( `id` = 1 ) LIMIT 1   [ RunTime:0.001176s ]
SQL: SELECT `id`,`name`,`pid`,`title`,`link_id` FROM `onethink_category` WHERE ( `status` = 1 ) ORDER BY sort  [ RunTime:0.000603s ]
INFO: [ view_parse ] --START--
INFO: [ template_filter ] --START--
INFO: Run Behavior\ContentReplace [ RunTime:0.000145s ]
INFO: [ template_filter ] --END-- [ RunTime:-0.033341s ]
INFO: Run Behavior\ParseTemplate [ RunTime:0.012192s ]
INFO: [ view_parse ] --END-- [ RunTime:0.012469s ]
INFO: [ view_filter ] --START--
INFO: Run Behavior\WriteHtmlCache [ RunTime:0.000987s ]
INFO: [ view_filter ] --END-- [ RunTime:0.001241s ]
SQL: SELECT `id`,`name`,`title`,`pid`,`sort`,`list_row`,`meta_title`,`keywords`,`description`,`template_index`,`template_lists`,`template_detail`,`template_edit`,`model`,`type`,`link_id`,`allow_publish`,`display`,`reply`,`check`,`reply_model`,`extend`,`create_time`,`update_time`,`status`,`icon` FROM `onethink_category` WHERE ( `id` = 1 ) LIMIT 1   [ RunTime:0.008184s ]
SQL: SELECT `id`,`name`,`pid`,`title`,`link_id` FROM `onethink_category` WHERE ( `status` = 1 ) ORDER BY sort  [ RunTime:0.001021s ]
SQL: SELECT `id`,`uid`,`name`,`title`,`category_id`,`description`,`root`,`pid`,`model_id`,`type`,`position`,`link_id`,`cover_id`,`display`,`deadline`,`attach`,`view`,`comment`,`extend`,`level`,`create_time`,`update_time`,`status` FROM `onethink_document` WHERE ( `status` = 1 ) AND ( `pid` = 0 ) AND ( `category_id` = 2 ) AND ( `create_time` < 1458823365 ) AND ( deadline = 0 OR deadline > 1458823365 ) ORDER BY `level` DESC,`id` DESC LIMIT 0,10   [ RunTime:0.000792s ]
INFO: Run Behavior\ParseTemplate [ RunTime:0.030498s ]
INFO: [ view_parse ] --END-- [ RunTime:0.012469s ]
INFO: [ view_filter ] --START--
INFO: Run Behavior\WriteHtmlCache [ RunTime:0.000050s ]
INFO: [ view_filter ] --END-- [ RunTime:-0.017018s ]
INFO: [ app_end ] --START--
INFO: Run Behavior\ShowPageTrace [ RunTime:0.001449s ]
INFO: [ app_end ] --END-- [ RunTime:0.001675s ]

[ 2016-03-24T20:42:54+08:00 ] 127.0.0.1 /onethink1/index.php?s=/Admin/Public/login.html
INFO: [ view_parse ] --START--
INFO: [ template_filter ] --START--
INFO: Run Behavior\ContentReplace [ RunTime:0.000341s ]
INFO: [ template_filter ] --END-- [ RunTime:0.000602s ]
INFO: Run Behavior\ParseTemplate [ RunTime:0.354561s ]
INFO: [ view_parse ] --END-- [ RunTime:0.355537s ]
INFO: [ view_filter ] --START--
INFO: Run Behavior\WriteHtmlCache [ RunTime:0.000894s ]
INFO: [ view_filter ] --END-- [ RunTime:0.001126s ]
INFO: [ app_end ] --START--
INFO: Run Behavior\ShowPageTrace [ RunTime:0.001546s ]
INFO: [ app_end ] --END-- [ RunTime:0.001785s ]

[ 2016-03-24T20:43:07+08:00 ] 127.0.0.1 /onethink1/index.php?s=/Admin/Public/login.html
INFO: [ app_begin ] --START--
INFO: Run Behavior\ReadHtmlCache [ RunTime:0.001083s ]
INFO: [ app_begin ] --END-- [ RunTime:0.002008s ]
SQL: SHOW COLUMNS FROM `onethink_ucenter_member` [ RunTime:0.091875s ]
SQL: SELECT * FROM `onethink_ucenter_member` WHERE ( `username` = 'admin' ) LIMIT 1   [ RunTime:0.009314s ]
SQL: UPDATE `onethink_ucenter_member` SET `last_login_time`=1458823386,`last_login_ip`='2130706433' WHERE ( `id` = 1 ) [ RunTime:0.059807s ]
SQL: SHOW COLUMNS FROM `onethink_member` [ RunTime:0.068119s ]
SQL: SELECT `uid`,`nickname`,`sex`,`birthday`,`qq`,`score`,`login`,`reg_ip`,`reg_time`,`last_login_ip`,`last_login_time`,`status` FROM `onethink_member` WHERE ( `uid` = 1 ) LIMIT 1   [ RunTime:0.007561s ]
SQL: SHOW COLUMNS FROM `onethink_action` [ RunTime:0.134083s ]
SQL: SELECT * FROM `onethink_action` WHERE ( `name` = 'user_login' ) LIMIT 1   [ RunTime:0.030263s ]
SQL: SHOW COLUMNS FROM `onethink_action_log` [ RunTime:0.091716s ]
SQL: INSERT INTO `onethink_action_log` (`action_id`,`user_id`,`action_ip`,`model`,`record_id`,`create_time`,`remark`) VALUES (1,1,2130706433,'member',1,1458823386,'admin在2016-03-24 20:43登录了后台') [ RunTime:0.089935s ]
SQL: SELECT * FROM `onethink_action` WHERE ( `name` = 'user_login' ) LIMIT 1   [ RunTime:0.000578s ]
NOTIC: [8] Undefined offset: 1 F:\Ruanjian\wamp\www\onethink1\Application\Common\Common\function.php 第 665 行.
NOTIC: [2] array_key_exists() expects parameter 2 to be array, null given F:\Ruanjian\wamp\www\onethink1\Application\Common\Common\function.php 第 665 行.
SQL: SELECT COUNT(*) AS tp_count FROM `onethink_action_log` WHERE ( `action_id` = 1 ) AND ( `user_id` = 1 ) AND ( `create_time` > 1458736986 ) LIMIT 1   [ RunTime:0.123338s ]
SQL: SHOW COLUMNS FROM `onethink_member` [ RunTime:0.004960s ]
SQL: UPDATE `onethink_member` SET `score`=score+10 WHERE ( uid=1 AND status>-1 ) [ RunTime:0.001269s ]
SQL: UPDATE `onethink_member` SET `login`=`login`+1,`last_login_time`=1458823386,`last_login_ip`='2130706433' WHERE ( `uid` = 1 ) [ RunTime:0.000461s ]

[ 2016-03-24T20:43:08+08:00 ] 127.0.0.1 /onethink1/index.php?s=/Admin/Index/index.html
SQL: SHOW COLUMNS FROM `onethink_menu` [ RunTime:0.201829s ]
SQL: SELECT * FROM `onethink_menu` WHERE ( `pid` = 0 ) AND ( `hide` = 0 ) ORDER BY sort asc  [ RunTime:0.003685s ]
SQL: SELECT `id` FROM `onethink_menu` WHERE ( url like '%Index/index%' ) LIMIT 1   [ RunTime:0.000653s ]
SQL: SHOW COLUMNS FROM `onethink_menu` [ RunTime:0.007263s ]
SQL: SELECT `id`,`pid`,`title` FROM `onethink_menu` WHERE ( id=1 ) LIMIT 1   [ RunTime:0.003228s ]
SQL: SELECT DISTINCT  `group` FROM `onethink_menu` WHERE ( pid = 1 )  [ RunTime:0.006338s ]
SQL: SELECT `id`,`url` FROM `onethink_menu` WHERE ( `pid` = 1 ) AND ( `hide` = 0 )  [ RunTime:0.001515s ]
INFO: [ view_parse ] --START--
INFO: [ template_filter ] --START--
INFO: Run Behavior\ContentReplace [ RunTime:0.001981s ]
INFO: [ template_filter ] --END-- [ RunTime:0.002274s ]
INFO: [ AdminIndex ] --START--
SQL: SHOW COLUMNS FROM `onethink_addons` [ RunTime:0.057516s ]
SQL: SELECT `config` FROM `onethink_addons` WHERE ( `name` = 'SiteStat' ) AND ( `status` = 1 ) LIMIT 1   [ RunTime:0.011982s ]
SQL: SHOW COLUMNS FROM `onethink_member` [ RunTime:0.005259s ]
SQL: SELECT COUNT(*) AS tp_count FROM `onethink_member` LIMIT 1   [ RunTime:0.000481s ]
SQL: SHOW COLUMNS FROM `onethink_action_log` [ RunTime:0.004854s ]
SQL: SELECT COUNT(*) AS tp_count FROM `onethink_action_log` LIMIT 1   [ RunTime:0.000352s ]
SQL: SHOW COLUMNS FROM `onethink_document` [ RunTime:0.005135s ]
SQL: SELECT COUNT(*) AS tp_count FROM `onethink_document` LIMIT 1   [ RunTime:0.000673s ]
SQL: SHOW COLUMNS FROM `onethink_category` [ RunTime:0.005691s ]
SQL: SELECT COUNT(*) AS tp_count FROM `onethink_category` LIMIT 1   [ RunTime:0.000329s ]
SQL: SHOW COLUMNS FROM `onethink_model` [ RunTime:0.065062s ]
SQL: SELECT COUNT(*) AS tp_count FROM `onethink_model` LIMIT 1   [ RunTime:0.000349s ]
INFO: [ view_parse ] --START--
INFO: [ template_filter ] --START--
INFO: Run Behavior\ContentReplace [ RunTime:0.000160s ]
INFO: [ template_filter ] --END-- [ RunTime:-0.268296s ]
INFO: Run Behavior\ParseTemplate [ RunTime:0.043510s ]
INFO: [ view_parse ] --END-- [ RunTime:0.043794s ]
INFO: [ view_filter ] --START--
INFO: Run Behavior\WriteHtmlCache [ RunTime:0.000827s ]
INFO: [ view_filter ] --END-- [ RunTime:0.001077s ]
INFO: Run SiteStat [ RunTime:0.250232s ]
SQL: SELECT `config` FROM `onethink_addons` WHERE ( `name` = 'SystemInfo' ) AND ( `status` = 1 ) LIMIT 1   [ RunTime:0.000678s ]
INFO: [ view_parse ] --START--
INFO: [ template_filter ] --START--
INFO: Run Behavior\ContentReplace [ RunTime:0.000192s ]
INFO: [ template_filter ] --END-- [ RunTime:-0.308507s ]
SQL: select version() as v; [ RunTime:0.041333s ]
INFO: Run Behavior\ParseTemplate [ RunTime:0.074003s ]
INFO: [ view_parse ] --END-- [ RunTime:-0.019497s ]
INFO: [ view_filter ] --START--
INFO: Run Behavior\WriteHtmlCache [ RunTime:0.000052s ]
INFO: [ view_filter ] --END-- [ RunTime:-0.092645s ]
INFO: Run SystemInfo [ RunTime:0.092777s ]
SQL: SELECT `config` FROM `onethink_addons` WHERE ( `name` = 'DevTeam' ) AND ( `status` = 1 ) LIMIT 1   [ RunTime:0.000675s ]
INFO: [ view_parse ] --START--
INFO: [ template_filter ] --START--
INFO: Run Behavior\ContentReplace [ RunTime:0.000165s ]
INFO: [ template_filter ] --END-- [ RunTime:-0.421203s ]
INFO: Run Behavior\ParseTemplate [ RunTime:0.014172s ]
INFO: [ view_parse ] --END-- [ RunTime:-0.126638s ]
INFO: [ view_filter ] --START--
INFO: Run Behavior\WriteHtmlCache [ RunTime:0.000051s ]
INFO: [ view_filter ] --END-- [ RunTime:-0.139978s ]
INFO: Run DevTeam [ RunTime:0.047213s ]
INFO: [ AdminIndex ] --END-- [ RunTime:0.390680s ]
INFO: Run Behavior\ParseTemplate [ RunTime:0.015258s ]
INFO: [ view_parse ] --END-- [ RunTime:-0.126638s ]
INFO: [ view_filter ] --START--
INFO: Run Behavior\WriteHtmlCache [ RunTime:0.000047s ]
INFO: [ view_filter ] --END-- [ RunTime:-0.141082s ]
INFO: [ app_end ] --START--
INFO: Run Behavior\ShowPageTrace [ RunTime:0.001463s ]
INFO: [ app_end ] --END-- [ RunTime:0.001708s ]

[ 2016-03-24T20:43:11+08:00 ] 127.0.0.1 /onethink1/index.php?s=/Admin/AgCamp/clist.html
SQL: SHOW COLUMNS FROM `onethink_menu` [ RunTime:0.006570s ]
SQL: SELECT * FROM `onethink_menu` WHERE ( `pid` = 0 ) AND ( `hide` = 0 ) ORDER BY sort asc  [ RunTime:0.002987s ]
SQL: SELECT `id` FROM `onethink_menu` WHERE ( url like '%AgCamp/clist%' ) LIMIT 1   [ RunTime:0.001197s ]
SQL: SHOW COLUMNS FROM `onethink_menu` [ RunTime:0.007039s ]
SQL: SELECT `id`,`pid`,`title` FROM `onethink_menu` WHERE ( id=138 ) LIMIT 1   [ RunTime:0.000535s ]
SQL: SELECT DISTINCT  `group` FROM `onethink_menu` WHERE ( pid = 138 )  [ RunTime:0.000965s ]
SQL: SELECT `id`,`url` FROM `onethink_menu` WHERE ( `pid` = 138 ) AND ( `hide` = 0 )  [ RunTime:0.001701s ]
SQL: SELECT `id`,`pid`,`title`,`url`,`tip` FROM `onethink_menu` WHERE ( `group` = '我的营地' ) AND ( `pid` = 138 ) AND ( `hide` = 0 ) ORDER BY sort asc  [ RunTime:0.000733s ]
SQL: SELECT `id`,`pid`,`title`,`url`,`tip` FROM `onethink_menu` WHERE ( `group` = '扩展' ) AND ( `pid` = 138 ) AND ( `hide` = 0 ) ORDER BY sort asc  [ RunTime:0.000890s ]
SQL: SHOW COLUMNS FROM `onethink_lbivouac` [ RunTime:0.428077s ]
SQL: SELECT COUNT(*) AS tp_count FROM `onethink_lbivouac` WHERE ( `bivName` LIKE '%%' ) LIMIT 1   [ RunTime:0.110861s ]
SQL: SELECT `bivouacID`,`numX`,`numY`,`bivAdd`,`agentID`,`bivName`,`bivGrade`,`bivImg`,`bivDes`,`bivHouse`,`bivFood`,`bivWea`,`bivType`,`Status`,`bivVisit`,`bivEva`,`model_id`,`category_id`,`campType`,`campCol`,`content` FROM `onethink_lbivouac` WHERE ( `bivName` LIKE '%%' ) ORDER BY bivouacID desc LIMIT 0,10   [ RunTime:0.027909s ]
SQL: SHOW COLUMNS FROM `onethink_clist` [ RunTime:0.005075s ]
ERR: 1146:Table 'onethink.onethink_clist' doesn't exist
 [ SQL语句 ] : SHOW COLUMNS FROM `onethink_clist`
SQL: SELECT count(*) FROM  onethink_ucenter_member,onethink_lagent,onethink_lbivouac,onethink_loder WHERE onethink_ucenter_member.id=1 AND 1=onethink_lagent.agentID  AND onethink_lagent.agentID=onethink_lbivouac.agentID AND onethink_lbivouac.bivouacID=onethink_loder.bivouacID [ RunTime:0.165119s ]
ERR: 1146:Table 'onethink.onethink_loder' doesn't exist
 [ SQL语句 ] : SELECT count(*) FROM  onethink_ucenter_member,onethink_lagent,onethink_lbivouac,onethink_loder WHERE onethink_ucenter_member.id=1 AND 1=onethink_lagent.agentID  AND onethink_lagent.agentID=onethink_lbivouac.agentID AND onethink_lbivouac.bivouacID=onethink_loder.bivouacID
NOTIC: [2] Invalid argument supplied for foreach() F:\Ruanjian\wamp\www\onethink1\Application\Admin\Controller\AgCampController.class.php 第 23 行.
INFO: [ view_parse ] --START--
INFO: [ template_filter ] --START--
INFO: Run Behavior\ContentReplace [ RunTime:0.000798s ]
INFO: [ template_filter ] --END-- [ RunTime:0.001060s ]
NOTIC: [8] Undefined variable: bivouac F:\Ruanjian\wamp\www\onethink1\Runtime\Cache\Admin\05bcf9c6b784b3bf11574b039b2656ca.php 第 96 行.
NOTIC: [8] Undefined variable: count F:\Ruanjian\wamp\www\onethink1\Runtime\Cache\Admin\05bcf9c6b784b3bf11574b039b2656ca.php 第 133 行.
NOTIC: [8] Undefined variable: count F:\Ruanjian\wamp\www\onethink1\Runtime\Cache\Admin\05bcf9c6b784b3bf11574b039b2656ca.php 第 133 行.
INFO: Run Behavior\ParseTemplate [ RunTime:0.082869s ]
INFO: [ view_parse ] --END-- [ RunTime:0.083230s ]
INFO: [ view_filter ] --START--
INFO: Run Behavior\WriteHtmlCache [ RunTime:0.000908s ]
INFO: [ view_filter ] --END-- [ RunTime:0.001161s ]
INFO: [ app_end ] --START--
INFO: Run Behavior\ShowPageTrace [ RunTime:0.001638s ]
INFO: [ app_end ] --END-- [ RunTime:0.001880s ]

[ 2016-03-24T20:46:36+08:00 ] 127.0.0.1 /onethink1/index.php?s=/Admin/User/index.html
SQL: SHOW COLUMNS FROM `onethink_menu` [ RunTime:0.006099s ]
SQL: SELECT * FROM `onethink_menu` WHERE ( `pid` = 0 ) AND ( `hide` = 0 ) ORDER BY sort asc  [ RunTime:0.001000s ]
SQL: SELECT `id` FROM `onethink_menu` WHERE ( url like '%User/index%' ) LIMIT 1   [ RunTime:0.000521s ]
SQL: SHOW COLUMNS FROM `onethink_menu` [ RunTime:0.005194s ]
SQL: SELECT `id`,`pid`,`title` FROM `onethink_menu` WHERE ( id=16 ) LIMIT 1   [ RunTime:0.000626s ]
SQL: SELECT DISTINCT  `group` FROM `onethink_menu` WHERE ( pid = 16 )  [ RunTime:0.001058s ]
SQL: SELECT `id`,`url` FROM `onethink_menu` WHERE ( `pid` = 16 ) AND ( `hide` = 0 )  [ RunTime:0.000732s ]
SQL: SELECT `id`,`pid`,`title`,`url`,`tip` FROM `onethink_menu` WHERE ( `group` = '用户管理' ) AND ( `pid` = 16 ) AND ( `hide` = 0 ) ORDER BY sort asc  [ RunTime:0.000809s ]
SQL: SELECT `id`,`pid`,`title`,`url`,`tip` FROM `onethink_menu` WHERE ( `group` = '行为管理' ) AND ( `pid` = 16 ) AND ( `hide` = 0 ) ORDER BY sort asc  [ RunTime:0.000783s ]
SQL: SELECT `id`,`pid`,`title`,`url`,`tip` FROM `onethink_menu` WHERE ( `group` = '' ) AND ( `pid` = 16 ) AND ( `hide` = 0 ) ORDER BY sort asc  [ RunTime:0.000878s ]
SQL: SELECT `id`,`pid`,`title`,`url`,`tip` FROM `onethink_menu` WHERE ( `group` = '信息审核' ) AND ( `pid` = 16 ) AND ( `hide` = 0 ) ORDER BY sort asc  [ RunTime:0.000895s ]
SQL: SELECT `id`,`pid`,`title`,`url`,`tip` FROM `onethink_menu` WHERE ( `group` = '数据分析' ) AND ( `pid` = 16 ) AND ( `hide` = 0 ) ORDER BY sort asc  [ RunTime:0.000779s ]
SQL: SHOW COLUMNS FROM `onethink_member` [ RunTime:0.005298s ]
SQL: SELECT COUNT(*) AS tp_count FROM `onethink_member` WHERE ( `status` >= 0 ) AND ( `nickname` LIKE '%%' ) LIMIT 1   [ RunTime:0.000545s ]
SQL: SELECT `uid`,`nickname`,`sex`,`birthday`,`qq`,`score`,`login`,`reg_ip`,`reg_time`,`last_login_ip`,`last_login_time`,`status` FROM `onethink_member` WHERE ( `status` >= 0 ) AND ( `nickname` LIKE '%%' ) ORDER BY uid desc LIMIT 0,10   [ RunTime:0.000871s ]
INFO: [ view_parse ] --START--
INFO: [ template_filter ] --START--
INFO: Run Behavior\ContentReplace [ RunTime:0.000773s ]
INFO: [ template_filter ] --END-- [ RunTime:0.001129s ]
NOTIC: [8] Undefined index: identity F:\Ruanjian\wamp\www\onethink1\Runtime\Cache\Admin\65e605872ed5d34210f5b33beb13f5a3.php 第 136 行.
NOTIC: [8] Undefined index: identity F:\Ruanjian\wamp\www\onethink1\Runtime\Cache\Admin\65e605872ed5d34210f5b33beb13f5a3.php 第 136 行.
NOTIC: [8] Undefined index: identity F:\Ruanjian\wamp\www\onethink1\Runtime\Cache\Admin\65e605872ed5d34210f5b33beb13f5a3.php 第 136 行.
NOTIC: [8] Undefined index: identity F:\Ruanjian\wamp\www\onethink1\Runtime\Cache\Admin\65e605872ed5d34210f5b33beb13f5a3.php 第 136 行.
NOTIC: [8] Undefined index: identity F:\Ruanjian\wamp\www\onethink1\Runtime\Cache\Admin\65e605872ed5d34210f5b33beb13f5a3.php 第 136 行.
NOTIC: [8] Undefined index: identity F:\Ruanjian\wamp\www\onethink1\Runtime\Cache\Admin\65e605872ed5d34210f5b33beb13f5a3.php 第 136 行.
NOTIC: [8] Undefined index: identity F:\Ruanjian\wamp\www\onethink1\Runtime\Cache\Admin\65e605872ed5d34210f5b33beb13f5a3.php 第 136 行.
NOTIC: [8] Undefined index: identity F:\Ruanjian\wamp\www\onethink1\Runtime\Cache\Admin\65e605872ed5d34210f5b33beb13f5a3.php 第 136 行.
INFO: Run Behavior\ParseTemplate [ RunTime:0.082070s ]
INFO: [ view_parse ] --END-- [ RunTime:0.082324s ]
INFO: [ view_filter ] --START--
INFO: Run Behavior\WriteHtmlCache [ RunTime:0.001611s ]
INFO: [ view_filter ] --END-- [ RunTime:0.001863s ]
INFO: [ app_end ] --START--
INFO: Run Behavior\ShowPageTrace [ RunTime:0.002199s ]
INFO: [ app_end ] --END-- [ RunTime:0.002455s ]

[ 2016-03-24T20:46:38+08:00 ] 127.0.0.1 /onethink1/index.php?s=/Admin/PerCenter/index.html
SQL: SHOW COLUMNS FROM `onethink_menu` [ RunTime:0.005370s ]
SQL: SELECT * FROM `onethink_menu` WHERE ( `pid` = 0 ) AND ( `hide` = 0 ) ORDER BY sort asc  [ RunTime:0.000911s ]
SQL: SELECT `id` FROM `onethink_menu` WHERE ( url like '%PerCenter/index%' ) LIMIT 1   [ RunTime:0.001099s ]
SQL: SHOW COLUMNS FROM `onethink_menu` [ RunTime:0.005339s ]
SQL: SELECT `id`,`pid`,`title` FROM `onethink_menu` WHERE ( id=163 ) LIMIT 1   [ RunTime:0.000424s ]
SQL: SELECT `id`,`pid`,`title` FROM `onethink_menu` WHERE ( id=16 ) LIMIT 1   [ RunTime:0.000812s ]
SQL: SELECT DISTINCT  `group` FROM `onethink_menu` WHERE ( pid = 16 )  [ RunTime:0.001030s ]
SQL: SELECT `id`,`url` FROM `onethink_menu` WHERE ( `pid` = 16 ) AND ( `hide` = 0 )  [ RunTime:0.000726s ]
SQL: SELECT `id`,`pid`,`title`,`url`,`tip` FROM `onethink_menu` WHERE ( `group` = '用户管理' ) AND ( `pid` = 16 ) AND ( `hide` = 0 ) ORDER BY sort asc  [ RunTime:0.000790s ]
SQL: SELECT `id`,`pid`,`title`,`url`,`tip` FROM `onethink_menu` WHERE ( `group` = '行为管理' ) AND ( `pid` = 16 ) AND ( `hide` = 0 ) ORDER BY sort asc  [ RunTime:0.000744s ]
SQL: SELECT `id`,`pid`,`title`,`url`,`tip` FROM `onethink_menu` WHERE ( `group` = '' ) AND ( `pid` = 16 ) AND ( `hide` = 0 ) ORDER BY sort asc  [ RunTime:0.000772s ]
SQL: SELECT `id`,`pid`,`title`,`url`,`tip` FROM `onethink_menu` WHERE ( `group` = '信息审核' ) AND ( `pid` = 16 ) AND ( `hide` = 0 ) ORDER BY sort asc  [ RunTime:0.000672s ]
SQL: SELECT `id`,`pid`,`title`,`url`,`tip` FROM `onethink_menu` WHERE ( `group` = '数据分析' ) AND ( `pid` = 16 ) AND ( `hide` = 0 ) ORDER BY sort asc  [ RunTime:0.000830s ]
INFO: [ view_parse ] --START--
INFO: [ template_filter ] --START--
INFO: Run Behavior\ContentReplace [ RunTime:0.000686s ]
INFO: [ template_filter ] --END-- [ RunTime:0.000973s ]
NOTIC: [8] Undefined variable: meta_title F:\Ruanjian\wamp\www\onethink1\Runtime\Cache\Admin\6a47f0fede372925fe694e1c50a51b74.php 第 5 行.
INFO: Run Behavior\ParseTemplate [ RunTime:0.054554s ]
INFO: [ view_parse ] --END-- [ RunTime:0.054912s ]
INFO: [ view_filter ] --START--
INFO: Run Behavior\WriteHtmlCache [ RunTime:0.000987s ]
INFO: [ view_filter ] --END-- [ RunTime:0.001213s ]
INFO: [ app_end ] --START--
INFO: Run Behavior\ShowPageTrace [ RunTime:0.001402s ]
INFO: [ app_end ] --END-- [ RunTime:0.001641s ]

[ 2016-03-24T20:51:12+08:00 ] 127.0.0.1 /onethink1/index.php?s=/Admin/PerCenter/index.html
SQL: SHOW COLUMNS FROM `onethink_menu` [ RunTime:0.004989s ]
SQL: SELECT * FROM `onethink_menu` WHERE ( `pid` = 0 ) AND ( `hide` = 0 ) ORDER BY sort asc  [ RunTime:0.002869s ]
SQL: SELECT `id` FROM `onethink_menu` WHERE ( url like '%PerCenter/index%' ) LIMIT 1   [ RunTime:0.001252s ]
SQL: SHOW COLUMNS FROM `onethink_menu` [ RunTime:0.005195s ]
SQL: SELECT `id`,`pid`,`title` FROM `onethink_menu` WHERE ( id=163 ) LIMIT 1   [ RunTime:0.000540s ]
SQL: SELECT `id`,`pid`,`title` FROM `onethink_menu` WHERE ( id=16 ) LIMIT 1   [ RunTime:0.000475s ]
SQL: SELECT DISTINCT  `group` FROM `onethink_menu` WHERE ( pid = 16 )  [ RunTime:0.000991s ]
SQL: SELECT `id`,`url` FROM `onethink_menu` WHERE ( `pid` = 16 ) AND ( `hide` = 0 )  [ RunTime:0.000710s ]
SQL: SELECT `id`,`pid`,`title`,`url`,`tip` FROM `onethink_menu` WHERE ( `group` = '用户管理' ) AND ( `pid` = 16 ) AND ( `hide` = 0 ) ORDER BY sort asc  [ RunTime:0.000746s ]
SQL: SELECT `id`,`pid`,`title`,`url`,`tip` FROM `onethink_menu` WHERE ( `group` = '行为管理' ) AND ( `pid` = 16 ) AND ( `hide` = 0 ) ORDER BY sort asc  [ RunTime:0.000782s ]
SQL: SELECT `id`,`pid`,`title`,`url`,`tip` FROM `onethink_menu` WHERE ( `group` = '' ) AND ( `pid` = 16 ) AND ( `hide` = 0 ) ORDER BY sort asc  [ RunTime:0.000689s ]
SQL: SELECT `id`,`pid`,`title`,`url`,`tip` FROM `onethink_menu` WHERE ( `group` = '信息审核' ) AND ( `pid` = 16 ) AND ( `hide` = 0 ) ORDER BY sort asc  [ RunTime:0.000812s ]
SQL: SELECT `id`,`pid`,`title`,`url`,`tip` FROM `onethink_menu` WHERE ( `group` = '数据分析' ) AND ( `pid` = 16 ) AND ( `hide` = 0 ) ORDER BY sort asc  [ RunTime:0.000721s ]
INFO: [ view_parse ] --START--
INFO: [ template_filter ] --START--
INFO: Run Behavior\ContentReplace [ RunTime:0.000831s ]
INFO: [ template_filter ] --END-- [ RunTime:0.001160s ]
NOTIC: [8] Undefined variable: meta_title F:\Ruanjian\wamp\www\onethink1\Runtime\Cache\Admin\6a47f0fede372925fe694e1c50a51b74.php 第 5 行.
INFO: Run Behavior\ParseTemplate [ RunTime:0.059563s ]
INFO: [ view_parse ] --END-- [ RunTime:0.059835s ]
INFO: [ view_filter ] --START--
INFO: Run Behavior\WriteHtmlCache [ RunTime:0.001030s ]
INFO: [ view_filter ] --END-- [ RunTime:0.001264s ]
INFO: [ app_end ] --START--
INFO: Run Behavior\ShowPageTrace [ RunTime:0.001556s ]
INFO: [ app_end ] --END-- [ RunTime:0.002343s ]

[ 2016-03-24T20:51:55+08:00 ] 127.0.0.1 /onethink1/index.php?s=/Admin/PerCenter/index.html
SQL: SHOW COLUMNS FROM `onethink_menu` [ RunTime:0.005497s ]
SQL: SELECT * FROM `onethink_menu` WHERE ( `pid` = 0 ) AND ( `hide` = 0 ) ORDER BY sort asc  [ RunTime:0.001338s ]
SQL: SELECT `id` FROM `onethink_menu` WHERE ( url like '%PerCenter/index%' ) LIMIT 1   [ RunTime:0.000949s ]
SQL: SHOW COLUMNS FROM `onethink_menu` [ RunTime:0.004778s ]
SQL: SELECT `id`,`pid`,`title` FROM `onethink_menu` WHERE ( id=163 ) LIMIT 1   [ RunTime:0.001770s ]
SQL: SELECT `id`,`pid`,`title` FROM `onethink_menu` WHERE ( id=16 ) LIMIT 1   [ RunTime:0.000542s ]
SQL: SELECT DISTINCT  `group` FROM `onethink_menu` WHERE ( pid = 16 )  [ RunTime:0.000948s ]
SQL: SELECT `id`,`url` FROM `onethink_menu` WHERE ( `pid` = 16 ) AND ( `hide` = 0 )  [ RunTime:0.000711s ]
SQL: SELECT `id`,`pid`,`title`,`url`,`tip` FROM `onethink_menu` WHERE ( `group` = '用户管理' ) AND ( `pid` = 16 ) AND ( `hide` = 0 ) ORDER BY sort asc  [ RunTime:0.000774s ]
SQL: SELECT `id`,`pid`,`title`,`url`,`tip` FROM `onethink_menu` WHERE ( `group` = '行为管理' ) AND ( `pid` = 16 ) AND ( `hide` = 0 ) ORDER BY sort asc  [ RunTime:0.001112s ]
SQL: SELECT `id`,`pid`,`title`,`url`,`tip` FROM `onethink_menu` WHERE ( `group` = '' ) AND ( `pid` = 16 ) AND ( `hide` = 0 ) ORDER BY sort asc  [ RunTime:0.000885s ]
SQL: SELECT `id`,`pid`,`title`,`url`,`tip` FROM `onethink_menu` WHERE ( `group` = '信息审核' ) AND ( `pid` = 16 ) AND ( `hide` = 0 ) ORDER BY sort asc  [ RunTime:0.000778s ]
SQL: SELECT `id`,`pid`,`title`,`url`,`tip` FROM `onethink_menu` WHERE ( `group` = '数据分析' ) AND ( `pid` = 16 ) AND ( `hide` = 0 ) ORDER BY sort asc  [ RunTime:0.000746s ]
INFO: [ view_parse ] --START--
INFO: [ template_filter ] --START--
INFO: Run Behavior\ContentReplace [ RunTime:0.000701s ]
INFO: [ template_filter ] --END-- [ RunTime:0.000965s ]
NOTIC: [8] Undefined variable: meta_title F:\Ruanjian\wamp\www\onethink1\Runtime\Cache\Admin\6a47f0fede372925fe694e1c50a51b74.php 第 5 行.
INFO: Run Behavior\ParseTemplate [ RunTime:0.049815s ]
INFO: [ view_parse ] --END-- [ RunTime:0.050152s ]
INFO: [ view_filter ] --START--
INFO: Run Behavior\WriteHtmlCache [ RunTime:0.000906s ]
INFO: [ view_filter ] --END-- [ RunTime:0.001141s ]
INFO: [ app_end ] --START--
INFO: Run Behavior\ShowPageTrace [ RunTime:0.001970s ]
INFO: [ app_end ] --END-- [ RunTime:0.002224s ]

[ 2016-03-24T20:52:02+08:00 ] 127.0.0.1 /onethink1/index.php?s=/Admin/AgCamp/clist.html
SQL: SHOW COLUMNS FROM `onethink_menu` [ RunTime:0.005332s ]
SQL: SELECT * FROM `onethink_menu` WHERE ( `pid` = 0 ) AND ( `hide` = 0 ) ORDER BY sort asc  [ RunTime:0.001492s ]
SQL: SELECT `id` FROM `onethink_menu` WHERE ( url like '%AgCamp/clist%' ) LIMIT 1   [ RunTime:0.000856s ]
SQL: SHOW COLUMNS FROM `onethink_menu` [ RunTime:0.004963s ]
SQL: SELECT `id`,`pid`,`title` FROM `onethink_menu` WHERE ( id=138 ) LIMIT 1   [ RunTime:0.000557s ]
SQL: SELECT DISTINCT  `group` FROM `onethink_menu` WHERE ( pid = 138 )  [ RunTime:0.000757s ]
SQL: SELECT `id`,`url` FROM `onethink_menu` WHERE ( `pid` = 138 ) AND ( `hide` = 0 )  [ RunTime:0.000602s ]
SQL: SELECT `id`,`pid`,`title`,`url`,`tip` FROM `onethink_menu` WHERE ( `group` = '我的营地' ) AND ( `pid` = 138 ) AND ( `hide` = 0 ) ORDER BY sort asc  [ RunTime:0.000789s ]
SQL: SELECT `id`,`pid`,`title`,`url`,`tip` FROM `onethink_menu` WHERE ( `group` = '扩展' ) AND ( `pid` = 138 ) AND ( `hide` = 0 ) ORDER BY sort asc  [ RunTime:0.000789s ]
SQL: SHOW COLUMNS FROM `onethink_lbivouac` [ RunTime:0.005865s ]
SQL: SELECT COUNT(*) AS tp_count FROM `onethink_lbivouac` WHERE ( `bivName` LIKE '%%' ) LIMIT 1   [ RunTime:0.000538s ]
SQL: SELECT `bivouacID`,`numX`,`numY`,`bivAdd`,`agentID`,`bivName`,`bivGrade`,`bivImg`,`bivDes`,`bivHouse`,`bivFood`,`bivWea`,`bivType`,`Status`,`bivVisit`,`bivEva`,`model_id`,`category_id`,`campType`,`campCol`,`content` FROM `onethink_lbivouac` WHERE ( `bivName` LIKE '%%' ) ORDER BY bivouacID desc LIMIT 0,10   [ RunTime:0.000803s ]
SQL: SHOW COLUMNS FROM `onethink_clist` [ RunTime:0.004569s ]
ERR: 1146:Table 'onethink.onethink_clist' doesn't exist
 [ SQL语句 ] : SHOW COLUMNS FROM `onethink_clist`
SQL: SELECT count(*) FROM  onethink_ucenter_member,onethink_lagent,onethink_lbivouac,onethink_loder WHERE onethink_ucenter_member.id=1 AND 1=onethink_lagent.agentID  AND onethink_lagent.agentID=onethink_lbivouac.agentID AND onethink_lbivouac.bivouacID=onethink_loder.bivouacID [ RunTime:0.000954s ]
ERR: 1146:Table 'onethink.onethink_loder' doesn't exist
 [ SQL语句 ] : SELECT count(*) FROM  onethink_ucenter_member,onethink_lagent,onethink_lbivouac,onethink_loder WHERE onethink_ucenter_member.id=1 AND 1=onethink_lagent.agentID  AND onethink_lagent.agentID=onethink_lbivouac.agentID AND onethink_lbivouac.bivouacID=onethink_loder.bivouacID
NOTIC: [2] Invalid argument supplied for foreach() F:\Ruanjian\wamp\www\onethink1\Application\Admin\Controller\AgCampController.class.php 第 23 行.
INFO: [ view_parse ] --START--
INFO: [ template_filter ] --START--
INFO: Run Behavior\ContentReplace [ RunTime:0.000953s ]
INFO: [ template_filter ] --END-- [ RunTime:0.001223s ]
NOTIC: [8] Undefined variable: bivouac F:\Ruanjian\wamp\www\onethink1\Runtime\Cache\Admin\05bcf9c6b784b3bf11574b039b2656ca.php 第 96 行.
NOTIC: [8] Undefined variable: count F:\Ruanjian\wamp\www\onethink1\Runtime\Cache\Admin\05bcf9c6b784b3bf11574b039b2656ca.php 第 133 行.
NOTIC: [8] Undefined variable: count F:\Ruanjian\wamp\www\onethink1\Runtime\Cache\Admin\05bcf9c6b784b3bf11574b039b2656ca.php 第 133 行.
INFO: Run Behavior\ParseTemplate [ RunTime:0.062208s ]
INFO: [ view_parse ] --END-- [ RunTime:0.062500s ]
INFO: [ view_filter ] --START--
INFO: Run Behavior\WriteHtmlCache [ RunTime:0.001014s ]
INFO: [ view_filter ] --END-- [ RunTime:0.001243s ]
INFO: [ app_end ] --START--
INFO: Run Behavior\ShowPageTrace [ RunTime:0.001384s ]
INFO: [ app_end ] --END-- [ RunTime:0.001616s ]

[ 2016-03-24T20:52:04+08:00 ] 127.0.0.1 /onethink1/index.php?s=/Admin/Sale/index.html
SQL: SHOW COLUMNS FROM `onethink_menu` [ RunTime:0.005187s ]
SQL: SELECT * FROM `onethink_menu` WHERE ( `pid` = 0 ) AND ( `hide` = 0 ) ORDER BY sort asc  [ RunTime:0.001057s ]
SQL: SELECT `id` FROM `onethink_menu` WHERE ( url like '%Sale/index%' ) LIMIT 1   [ RunTime:0.000780s ]
SQL: SHOW COLUMNS FROM `onethink_menu` [ RunTime:0.005117s ]
SQL: SELECT `id`,`pid`,`title` FROM `onethink_menu` WHERE ( id=152 ) LIMIT 1   [ RunTime:0.000733s ]
SQL: SELECT `id`,`pid`,`title` FROM `onethink_menu` WHERE ( id=138 ) LIMIT 1   [ RunTime:0.000732s ]
SQL: SELECT DISTINCT  `group` FROM `onethink_menu` WHERE ( pid = 138 )  [ RunTime:0.000926s ]
SQL: SELECT `id`,`url` FROM `onethink_menu` WHERE ( `pid` = 138 ) AND ( `hide` = 0 )  [ RunTime:0.000750s ]
SQL: SELECT `id`,`pid`,`title`,`url`,`tip` FROM `onethink_menu` WHERE ( `group` = '我的营地' ) AND ( `pid` = 138 ) AND ( `hide` = 0 ) ORDER BY sort asc  [ RunTime:0.000729s ]
SQL: SELECT `id`,`pid`,`title`,`url`,`tip` FROM `onethink_menu` WHERE ( `group` = '扩展' ) AND ( `pid` = 138 ) AND ( `hide` = 0 ) ORDER BY sort asc  [ RunTime:0.000658s ]
INFO: [ view_parse ] --START--
INFO: [ template_filter ] --START--
INFO: Run Behavior\ContentReplace [ RunTime:0.000645s ]
INFO: [ template_filter ] --END-- [ RunTime:0.000947s ]
NOTIC: [8] Undefined variable: meta_title F:\Ruanjian\wamp\www\onethink1\Runtime\Cache\Admin\48804f473ae4f64ec9121665b8286f36.php 第 5 行.
INFO: Run Behavior\ParseTemplate [ RunTime:0.081386s ]
INFO: [ view_parse ] --END-- [ RunTime:0.081665s ]
INFO: [ view_filter ] --START--
INFO: Run Behavior\WriteHtmlCache [ RunTime:0.000905s ]
INFO: [ view_filter ] --END-- [ RunTime:0.001125s ]
INFO: [ app_end ] --START--
INFO: Run Behavior\ShowPageTrace [ RunTime:0.001355s ]
INFO: [ app_end ] --END-- [ RunTime:0.001587s ]

[ 2016-03-24T20:52:16+08:00 ] 127.0.0.1 /onethink1/index.php?s=/Admin/Sale/index.html
SQL: SHOW COLUMNS FROM `onethink_menu` [ RunTime:0.004740s ]
SQL: SELECT * FROM `onethink_menu` WHERE ( `pid` = 0 ) AND ( `hide` = 0 ) ORDER BY sort asc  [ RunTime:0.000813s ]
SQL: SELECT `id` FROM `onethink_menu` WHERE ( url like '%Sale/index%' ) LIMIT 1   [ RunTime:0.002945s ]
SQL: SHOW COLUMNS FROM `onethink_menu` [ RunTime:0.006779s ]
SQL: SELECT `id`,`pid`,`title` FROM `onethink_menu` WHERE ( id=152 ) LIMIT 1   [ RunTime:0.000445s ]
SQL: SELECT `id`,`pid`,`title` FROM `onethink_menu` WHERE ( id=138 ) LIMIT 1   [ RunTime:0.000366s ]
SQL: SELECT DISTINCT  `group` FROM `onethink_menu` WHERE ( pid = 138 )  [ RunTime:0.000603s ]
SQL: SELECT `id`,`url` FROM `onethink_menu` WHERE ( `pid` = 138 ) AND ( `hide` = 0 )  [ RunTime:0.000408s ]
SQL: SELECT `id`,`pid`,`title`,`url`,`tip` FROM `onethink_menu` WHERE ( `group` = '我的营地' ) AND ( `pid` = 138 ) AND ( `hide` = 0 ) ORDER BY sort asc  [ RunTime:0.000537s ]
SQL: SELECT `id`,`pid`,`title`,`url`,`tip` FROM `onethink_menu` WHERE ( `group` = '扩展' ) AND ( `pid` = 138 ) AND ( `hide` = 0 ) ORDER BY sort asc  [ RunTime:0.000615s ]
INFO: [ view_parse ] --START--
INFO: [ template_filter ] --START--
INFO: Run Behavior\ContentReplace [ RunTime:0.000634s ]
INFO: [ template_filter ] --END-- [ RunTime:0.000886s ]
NOTIC: [8] Undefined variable: meta_title F:\Ruanjian\wamp\www\onethink1\Runtime\Cache\Admin\48804f473ae4f64ec9121665b8286f36.php 第 5 行.
INFO: Run Behavior\ParseTemplate [ RunTime:0.049584s ]
INFO: [ view_parse ] --END-- [ RunTime:0.049856s ]
INFO: [ view_filter ] --START--
INFO: Run Behavior\WriteHtmlCache [ RunTime:0.000850s ]
INFO: [ view_filter ] --END-- [ RunTime:0.001072s ]
INFO: [ app_end ] --START--
INFO: Run Behavior\ShowPageTrace [ RunTime:0.001373s ]
INFO: [ app_end ] --END-- [ RunTime:0.001605s ]

[ 2016-03-24T20:52:22+08:00 ] 127.0.0.1 /onethink1/index.php?s=/Admin/Sale/index.html
SQL: SHOW COLUMNS FROM `onethink_menu` [ RunTime:0.008143s ]
SQL: SELECT * FROM `onethink_menu` WHERE ( `pid` = 0 ) AND ( `hide` = 0 ) ORDER BY sort asc  [ RunTime:0.000970s ]
SQL: SELECT `id` FROM `onethink_menu` WHERE ( url like '%Sale/index%' ) LIMIT 1   [ RunTime:0.000812s ]
SQL: SHOW COLUMNS FROM `onethink_menu` [ RunTime:0.005184s ]
SQL: SELECT `id`,`pid`,`title` FROM `onethink_menu` WHERE ( id=152 ) LIMIT 1   [ RunTime:0.000566s ]
SQL: SELECT `id`,`pid`,`title` FROM `onethink_menu` WHERE ( id=138 ) LIMIT 1   [ RunTime:0.000589s ]
SQL: SELECT DISTINCT  `group` FROM `onethink_menu` WHERE ( pid = 138 )  [ RunTime:0.000956s ]
SQL: SELECT `id`,`url` FROM `onethink_menu` WHERE ( `pid` = 138 ) AND ( `hide` = 0 )  [ RunTime:0.000729s ]
SQL: SELECT `id`,`pid`,`title`,`url`,`tip` FROM `onethink_menu` WHERE ( `group` = '我的营地' ) AND ( `pid` = 138 ) AND ( `hide` = 0 ) ORDER BY sort asc  [ RunTime:0.000707s ]
SQL: SELECT `id`,`pid`,`title`,`url`,`tip` FROM `onethink_menu` WHERE ( `group` = '扩展' ) AND ( `pid` = 138 ) AND ( `hide` = 0 ) ORDER BY sort asc  [ RunTime:0.000773s ]
INFO: [ view_parse ] --START--
INFO: [ template_filter ] --START--
INFO: Run Behavior\ContentReplace [ RunTime:0.000642s ]
INFO: [ template_filter ] --END-- [ RunTime:0.000894s ]
NOTIC: [8] Undefined variable: meta_title F:\Ruanjian\wamp\www\onethink1\Runtime\Cache\Admin\48804f473ae4f64ec9121665b8286f36.php 第 5 行.
INFO: Run Behavior\ParseTemplate [ RunTime:0.060249s ]
INFO: [ view_parse ] --END-- [ RunTime:0.060557s ]
INFO: [ view_filter ] --START--
INFO: Run Behavior\WriteHtmlCache [ RunTime:0.000945s ]
INFO: [ view_filter ] --END-- [ RunTime:0.001209s ]
INFO: [ app_end ] --START--
INFO: Run Behavior\ShowPageTrace [ RunTime:0.001436s ]
INFO: [ app_end ] --END-- [ RunTime:0.001682s ]

[ 2016-03-24T20:52:32+08:00 ] 127.0.0.1 /onethink1/index.php?s=/Admin/User/index.html
SQL: SHOW COLUMNS FROM `onethink_menu` [ RunTime:0.005088s ]
SQL: SELECT * FROM `onethink_menu` WHERE ( `pid` = 0 ) AND ( `hide` = 0 ) ORDER BY sort asc  [ RunTime:0.001240s ]
SQL: SELECT `id` FROM `onethink_menu` WHERE ( url like '%User/index%' ) LIMIT 1   [ RunTime:0.000526s ]
SQL: SHOW COLUMNS FROM `onethink_menu` [ RunTime:0.005002s ]
SQL: SELECT `id`,`pid`,`title` FROM `onethink_menu` WHERE ( id=16 ) LIMIT 1   [ RunTime:0.000538s ]
SQL: SELECT DISTINCT  `group` FROM `onethink_menu` WHERE ( pid = 16 )  [ RunTime:0.000934s ]
SQL: SELECT `id`,`url` FROM `onethink_menu` WHERE ( `pid` = 16 ) AND ( `hide` = 0 )  [ RunTime:0.000707s ]
SQL: SELECT `id`,`pid`,`title`,`url`,`tip` FROM `onethink_menu` WHERE ( `group` = '用户管理' ) AND ( `pid` = 16 ) AND ( `hide` = 0 ) ORDER BY sort asc  [ RunTime:0.000778s ]
SQL: SELECT `id`,`pid`,`title`,`url`,`tip` FROM `onethink_menu` WHERE ( `group` = '行为管理' ) AND ( `pid` = 16 ) AND ( `hide` = 0 ) ORDER BY sort asc  [ RunTime:0.000765s ]
SQL: SELECT `id`,`pid`,`title`,`url`,`tip` FROM `onethink_menu` WHERE ( `group` = '' ) AND ( `pid` = 16 ) AND ( `hide` = 0 ) ORDER BY sort asc  [ RunTime:0.000811s ]
SQL: SELECT `id`,`pid`,`title`,`url`,`tip` FROM `onethink_menu` WHERE ( `group` = '信息审核' ) AND ( `pid` = 16 ) AND ( `hide` = 0 ) ORDER BY sort asc  [ RunTime:0.001444s ]
SQL: SELECT `id`,`pid`,`title`,`url`,`tip` FROM `onethink_menu` WHERE ( `group` = '数据分析' ) AND ( `pid` = 16 ) AND ( `hide` = 0 ) ORDER BY sort asc  [ RunTime:0.000776s ]
SQL: SHOW COLUMNS FROM `onethink_member` [ RunTime:0.005750s ]
SQL: SELECT COUNT(*) AS tp_count FROM `onethink_member` WHERE ( `status` >= 0 ) AND ( `nickname` LIKE '%%' ) LIMIT 1   [ RunTime:0.000833s ]
SQL: SELECT `uid`,`nickname`,`sex`,`birthday`,`qq`,`score`,`login`,`reg_ip`,`reg_time`,`last_login_ip`,`last_login_time`,`status` FROM `onethink_member` WHERE ( `status` >= 0 ) AND ( `nickname` LIKE '%%' ) ORDER BY uid desc LIMIT 0,10   [ RunTime:0.000808s ]
INFO: [ view_parse ] --START--
INFO: [ template_filter ] --START--
INFO: Run Behavior\ContentReplace [ RunTime:0.000838s ]
INFO: [ template_filter ] --END-- [ RunTime:0.001101s ]
NOTIC: [8] Undefined index: identity F:\Ruanjian\wamp\www\onethink1\Runtime\Cache\Admin\65e605872ed5d34210f5b33beb13f5a3.php 第 136 行.
NOTIC: [8] Undefined index: identity F:\Ruanjian\wamp\www\onethink1\Runtime\Cache\Admin\65e605872ed5d34210f5b33beb13f5a3.php 第 136 行.
NOTIC: [8] Undefined index: identity F:\Ruanjian\wamp\www\onethink1\Runtime\Cache\Admin\65e605872ed5d34210f5b33beb13f5a3.php 第 136 行.
NOTIC: [8] Undefined index: identity F:\Ruanjian\wamp\www\onethink1\Runtime\Cache\Admin\65e605872ed5d34210f5b33beb13f5a3.php 第 136 行.
NOTIC: [8] Undefined index: identity F:\Ruanjian\wamp\www\onethink1\Runtime\Cache\Admin\65e605872ed5d34210f5b33beb13f5a3.php 第 136 行.
NOTIC: [8] Undefined index: identity F:\Ruanjian\wamp\www\onethink1\Runtime\Cache\Admin\65e605872ed5d34210f5b33beb13f5a3.php 第 136 行.
NOTIC: [8] Undefined index: identity F:\Ruanjian\wamp\www\onethink1\Runtime\Cache\Admin\65e605872ed5d34210f5b33beb13f5a3.php 第 136 行.
NOTIC: [8] Undefined index: identity F:\Ruanjian\wamp\www\onethink1\Runtime\Cache\Admin\65e605872ed5d34210f5b33beb13f5a3.php 第 136 行.
INFO: Run Behavior\ParseTemplate [ RunTime:0.071592s ]
INFO: [ view_parse ] --END-- [ RunTime:0.071839s ]
INFO: [ view_filter ] --START--
INFO: Run Behavior\WriteHtmlCache [ RunTime:0.001415s ]
INFO: [ view_filter ] --END-- [ RunTime:0.001644s ]
INFO: [ app_end ] --START--
INFO: Run Behavior\ShowPageTrace [ RunTime:0.001373s ]
INFO: [ app_end ] --END-- [ RunTime:0.001608s ]

[ 2016-03-24T20:52:34+08:00 ] 127.0.0.1 /onethink1/index.php?s=/Admin/PerCenter/index.html
SQL: SHOW COLUMNS FROM `onethink_menu` [ RunTime:0.004826s ]
SQL: SELECT * FROM `onethink_menu` WHERE ( `pid` = 0 ) AND ( `hide` = 0 ) ORDER BY sort asc  [ RunTime:0.000927s ]
SQL: SELECT `id` FROM `onethink_menu` WHERE ( url like '%PerCenter/index%' ) LIMIT 1   [ RunTime:0.000841s ]
SQL: SHOW COLUMNS FROM `onethink_menu` [ RunTime:0.005902s ]
SQL: SELECT `id`,`pid`,`title` FROM `onethink_menu` WHERE ( id=163 ) LIMIT 1   [ RunTime:0.000805s ]
SQL: SELECT `id`,`pid`,`title` FROM `onethink_menu` WHERE ( id=16 ) LIMIT 1   [ RunTime:0.000486s ]
SQL: SELECT DISTINCT  `group` FROM `onethink_menu` WHERE ( pid = 16 )  [ RunTime:0.000925s ]
SQL: SELECT `id`,`url` FROM `onethink_menu` WHERE ( `pid` = 16 ) AND ( `hide` = 0 )  [ RunTime:0.000703s ]
SQL: SELECT `id`,`pid`,`title`,`url`,`tip` FROM `onethink_menu` WHERE ( `group` = '用户管理' ) AND ( `pid` = 16 ) AND ( `hide` = 0 ) ORDER BY sort asc  [ RunTime:0.000780s ]
SQL: SELECT `id`,`pid`,`title`,`url`,`tip` FROM `onethink_menu` WHERE ( `group` = '行为管理' ) AND ( `pid` = 16 ) AND ( `hide` = 0 ) ORDER BY sort asc  [ RunTime:0.001182s ]
SQL: SELECT `id`,`pid`,`title`,`url`,`tip` FROM `onethink_menu` WHERE ( `group` = '' ) AND ( `pid` = 16 ) AND ( `hide` = 0 ) ORDER BY sort asc  [ RunTime:0.001227s ]
SQL: SELECT `id`,`pid`,`title`,`url`,`tip` FROM `onethink_menu` WHERE ( `group` = '信息审核' ) AND ( `pid` = 16 ) AND ( `hide` = 0 ) ORDER BY sort asc  [ RunTime:0.000811s ]
SQL: SELECT `id`,`pid`,`title`,`url`,`tip` FROM `onethink_menu` WHERE ( `group` = '数据分析' ) AND ( `pid` = 16 ) AND ( `hide` = 0 ) ORDER BY sort asc  [ RunTime:0.000711s ]
INFO: [ view_parse ] --START--
INFO: [ template_filter ] --START--
INFO: Run Behavior\ContentReplace [ RunTime:0.000826s ]
INFO: [ template_filter ] --END-- [ RunTime:0.001081s ]
NOTIC: [8] Undefined variable: meta_title F:\Ruanjian\wamp\www\onethink1\Runtime\Cache\Admin\6a47f0fede372925fe694e1c50a51b74.php 第 5 行.
INFO: Run Behavior\ParseTemplate [ RunTime:0.054299s ]
INFO: [ view_parse ] --END-- [ RunTime:0.054566s ]
INFO: [ view_filter ] --START--
INFO: Run Behavior\WriteHtmlCache [ RunTime:0.000814s ]
INFO: [ view_filter ] --END-- [ RunTime:0.001036s ]
INFO: [ app_end ] --START--
INFO: Run Behavior\ShowPageTrace [ RunTime:0.001355s ]
INFO: [ app_end ] --END-- [ RunTime:0.001587s ]

[ 2016-03-24T21:41:42+08:00 ] 127.0.0.1 /onethink1/index.php?s=/Admin/User/index.html
SQL: SHOW COLUMNS FROM `onethink_menu` [ RunTime:0.008234s ]
SQL: SELECT * FROM `onethink_menu` WHERE ( `pid` = 0 ) AND ( `hide` = 0 ) ORDER BY sort asc  [ RunTime:0.001073s ]
SQL: SELECT `id` FROM `onethink_menu` WHERE ( url like '%User/index%' ) LIMIT 1   [ RunTime:0.000520s ]
SQL: SHOW COLUMNS FROM `onethink_menu` [ RunTime:0.006359s ]
SQL: SELECT `id`,`pid`,`title` FROM `onethink_menu` WHERE ( id=16 ) LIMIT 1   [ RunTime:0.000661s ]
SQL: SELECT DISTINCT  `group` FROM `onethink_menu` WHERE ( pid = 16 )  [ RunTime:0.001443s ]
SQL: SELECT `id`,`url` FROM `onethink_menu` WHERE ( `pid` = 16 ) AND ( `hide` = 0 )  [ RunTime:0.000940s ]
SQL: SELECT `id`,`pid`,`title`,`url`,`tip` FROM `onethink_menu` WHERE ( `group` = '用户管理' ) AND ( `pid` = 16 ) AND ( `hide` = 0 ) ORDER BY sort asc  [ RunTime:0.001164s ]
SQL: SELECT `id`,`pid`,`title`,`url`,`tip` FROM `onethink_menu` WHERE ( `group` = '行为管理' ) AND ( `pid` = 16 ) AND ( `hide` = 0 ) ORDER BY sort asc  [ RunTime:0.001231s ]
SQL: SELECT `id`,`pid`,`title`,`url`,`tip` FROM `onethink_menu` WHERE ( `group` = '' ) AND ( `pid` = 16 ) AND ( `hide` = 0 ) ORDER BY sort asc  [ RunTime:0.001157s ]
SQL: SELECT `id`,`pid`,`title`,`url`,`tip` FROM `onethink_menu` WHERE ( `group` = '信息审核' ) AND ( `pid` = 16 ) AND ( `hide` = 0 ) ORDER BY sort asc  [ RunTime:0.000909s ]
SQL: SELECT `id`,`pid`,`title`,`url`,`tip` FROM `onethink_menu` WHERE ( `group` = '数据分析' ) AND ( `pid` = 16 ) AND ( `hide` = 0 ) ORDER BY sort asc  [ RunTime:0.001132s ]
SQL: SHOW COLUMNS FROM `onethink_member` [ RunTime:0.007360s ]
SQL: SELECT COUNT(*) AS tp_count FROM `onethink_member` WHERE ( `status` >= 0 ) AND ( `nickname` LIKE '%%' ) LIMIT 1   [ RunTime:0.000785s ]
SQL: SELECT `uid`,`nickname`,`sex`,`birthday`,`qq`,`score`,`login`,`reg_ip`,`reg_time`,`last_login_ip`,`last_login_time`,`status` FROM `onethink_member` WHERE ( `status` >= 0 ) AND ( `nickname` LIKE '%%' ) ORDER BY uid desc LIMIT 0,10   [ RunTime:0.000728s ]
INFO: [ view_parse ] --START--
INFO: [ template_filter ] --START--
INFO: Run Behavior\ContentReplace [ RunTime:0.000577s ]
INFO: [ template_filter ] --END-- [ RunTime:0.000799s ]
NOTIC: [8] Undefined index: identity F:\Ruanjian\wamp\www\onethink1\Runtime\Cache\Admin\65e605872ed5d34210f5b33beb13f5a3.php 第 136 行.
NOTIC: [8] Undefined index: identity F:\Ruanjian\wamp\www\onethink1\Runtime\Cache\Admin\65e605872ed5d34210f5b33beb13f5a3.php 第 136 行.
NOTIC: [8] Undefined index: identity F:\Ruanjian\wamp\www\onethink1\Runtime\Cache\Admin\65e605872ed5d34210f5b33beb13f5a3.php 第 136 行.
NOTIC: [8] Undefined index: identity F:\Ruanjian\wamp\www\onethink1\Runtime\Cache\Admin\65e605872ed5d34210f5b33beb13f5a3.php 第 136 行.
NOTIC: [8] Undefined index: identity F:\Ruanjian\wamp\www\onethink1\Runtime\Cache\Admin\65e605872ed5d34210f5b33beb13f5a3.php 第 136 行.
NOTIC: [8] Undefined index: identity F:\Ruanjian\wamp\www\onethink1\Runtime\Cache\Admin\65e605872ed5d34210f5b33beb13f5a3.php 第 136 行.
NOTIC: [8] Undefined index: identity F:\Ruanjian\wamp\www\onethink1\Runtime\Cache\Admin\65e605872ed5d34210f5b33beb13f5a3.php 第 136 行.
NOTIC: [8] Undefined index: identity F:\Ruanjian\wamp\www\onethink1\Runtime\Cache\Admin\65e605872ed5d34210f5b33beb13f5a3.php 第 136 行.
INFO: Run Behavior\ParseTemplate [ RunTime:0.234225s ]
INFO: [ view_parse ] --END-- [ RunTime:0.234582s ]
INFO: [ view_filter ] --START--
INFO: Run Behavior\WriteHtmlCache [ RunTime:0.001176s ]
INFO: [ view_filter ] --END-- [ RunTime:0.001521s ]
INFO: [ app_end ] --START--
INFO: Run Behavior\ShowPageTrace [ RunTime:0.001918s ]
INFO: [ app_end ] --END-- [ RunTime:0.002284s ]

[ 2016-03-24T21:41:53+08:00 ] 127.0.0.1 /onethink1/index.php?s=/Admin/Config/group.html
SQL: SHOW COLUMNS FROM `onethink_menu` [ RunTime:0.009343s ]
SQL: SELECT * FROM `onethink_menu` WHERE ( `pid` = 0 ) AND ( `hide` = 0 ) ORDER BY sort asc  [ RunTime:0.002307s ]
SQL: SELECT `id` FROM `onethink_menu` WHERE ( url like '%Config/group%' ) LIMIT 1   [ RunTime:0.002568s ]
SQL: SHOW COLUMNS FROM `onethink_menu` [ RunTime:0.008024s ]
SQL: SELECT `id`,`pid`,`title` FROM `onethink_menu` WHERE ( id=68 ) LIMIT 1   [ RunTime:0.000978s ]
SQL: SELECT DISTINCT  `group` FROM `onethink_menu` WHERE ( pid = 68 )  [ RunTime:0.001417s ]
SQL: SELECT `id`,`url` FROM `onethink_menu` WHERE ( `pid` = 68 ) AND ( `hide` = 0 )  [ RunTime:0.000914s ]
SQL: SELECT `id`,`pid`,`title`,`url`,`tip` FROM `onethink_menu` WHERE ( `group` = '系统设置' ) AND ( `pid` = 68 ) AND ( `hide` = 0 ) ORDER BY sort asc  [ RunTime:0.001282s ]
SQL: SELECT `id`,`pid`,`title`,`url`,`tip` FROM `onethink_menu` WHERE ( `group` = '' ) AND ( `pid` = 68 ) AND ( `hide` = 0 ) ORDER BY sort asc  [ RunTime:0.000964s ]
SQL: SELECT `id`,`pid`,`title`,`url`,`tip` FROM `onethink_menu` WHERE ( `group` = '数据备份' ) AND ( `pid` = 68 ) AND ( `hide` = 0 ) ORDER BY sort asc  [ RunTime:0.000932s ]
SQL: SHOW COLUMNS FROM `onethink_config` [ RunTime:0.036662s ]
SQL: SELECT `id`,`name`,`title`,`extra`,`value`,`remark`,`type` FROM `onethink_config` WHERE ( `status` = 1 ) AND ( `group` = 1 ) ORDER BY sort  [ RunTime:0.002267s ]
INFO: [ view_parse ] --START--
INFO: [ template_filter ] --START--
INFO: Run Behavior\ContentReplace [ RunTime:0.000918s ]
INFO: [ template_filter ] --END-- [ RunTime:0.001349s ]
INFO: Run Behavior\ParseTemplate [ RunTime:0.125864s ]
INFO: [ view_parse ] --END-- [ RunTime:0.126241s ]
INFO: [ view_filter ] --START--
INFO: Run Behavior\WriteHtmlCache [ RunTime:0.001322s ]
INFO: [ view_filter ] --END-- [ RunTime:0.001649s ]
INFO: [ app_end ] --START--
INFO: Run Behavior\ShowPageTrace [ RunTime:0.002217s ]
INFO: [ app_end ] --END-- [ RunTime:0.002662s ]

[ 2016-03-24T21:41:57+08:00 ] 127.0.0.1 /onethink1/index.php?s=/Admin/AgCamp/clist.html
SQL: SHOW COLUMNS FROM `onethink_menu` [ RunTime:0.007414s ]
SQL: SELECT * FROM `onethink_menu` WHERE ( `pid` = 0 ) AND ( `hide` = 0 ) ORDER BY sort asc  [ RunTime:0.002308s ]
SQL: SELECT `id` FROM `onethink_menu` WHERE ( url like '%AgCamp/clist%' ) LIMIT 1   [ RunTime:0.001319s ]
SQL: SHOW COLUMNS FROM `onethink_menu` [ RunTime:0.007559s ]
SQL: SELECT `id`,`pid`,`title` FROM `onethink_menu` WHERE ( id=138 ) LIMIT 1   [ RunTime:0.000578s ]
SQL: SELECT DISTINCT  `group` FROM `onethink_menu` WHERE ( pid = 138 )  [ RunTime:0.001041s ]
SQL: SELECT `id`,`url` FROM `onethink_menu` WHERE ( `pid` = 138 ) AND ( `hide` = 0 )  [ RunTime:0.000718s ]
SQL: SELECT `id`,`pid`,`title`,`url`,`tip` FROM `onethink_menu` WHERE ( `group` = '我的营地' ) AND ( `pid` = 138 ) AND ( `hide` = 0 ) ORDER BY sort asc  [ RunTime:0.000819s ]
SQL: SELECT `id`,`pid`,`title`,`url`,`tip` FROM `onethink_menu` WHERE ( `group` = '扩展' ) AND ( `pid` = 138 ) AND ( `hide` = 0 ) ORDER BY sort asc  [ RunTime:0.000879s ]
SQL: SHOW COLUMNS FROM `onethink_lbivouac` [ RunTime:0.008407s ]
SQL: SELECT COUNT(*) AS tp_count FROM `onethink_lbivouac` WHERE ( `bivName` LIKE '%%' ) LIMIT 1   [ RunTime:0.000864s ]
SQL: SELECT `bivouacID`,`numX`,`numY`,`bivAdd`,`agentID`,`bivName`,`bivGrade`,`bivImg`,`bivDes`,`bivHouse`,`bivFood`,`bivWea`,`bivType`,`Status`,`bivVisit`,`bivEva`,`model_id`,`category_id`,`campType`,`campCol`,`content` FROM `onethink_lbivouac` WHERE ( `bivName` LIKE '%%' ) ORDER BY bivouacID desc LIMIT 0,10   [ RunTime:0.001082s ]
SQL: SHOW COLUMNS FROM `onethink_clist` [ RunTime:0.005976s ]
ERR: 1146:Table 'onethink.onethink_clist' doesn't exist
 [ SQL语句 ] : SHOW COLUMNS FROM `onethink_clist`
SQL: SELECT count(*) FROM  onethink_ucenter_member,onethink_lagent,onethink_lbivouac,onethink_loder WHERE onethink_ucenter_member.id=1 AND 1=onethink_lagent.agentID  AND onethink_lagent.agentID=onethink_lbivouac.agentID AND onethink_lbivouac.bivouacID=onethink_loder.bivouacID [ RunTime:0.003291s ]
ERR: 1146:Table 'onethink.onethink_loder' doesn't exist
 [ SQL语句 ] : SELECT count(*) FROM  onethink_ucenter_member,onethink_lagent,onethink_lbivouac,onethink_loder WHERE onethink_ucenter_member.id=1 AND 1=onethink_lagent.agentID  AND onethink_lagent.agentID=onethink_lbivouac.agentID AND onethink_lbivouac.bivouacID=onethink_loder.bivouacID
NOTIC: [2] Invalid argument supplied for foreach() F:\Ruanjian\wamp\www\onethink1\Application\Admin\Controller\AgCampController.class.php 第 23 行.
INFO: [ view_parse ] --START--
INFO: [ template_filter ] --START--
INFO: Run Behavior\ContentReplace [ RunTime:0.000841s ]
INFO: [ template_filter ] --END-- [ RunTime:0.001256s ]
NOTIC: [8] Undefined variable: bivouac F:\Ruanjian\wamp\www\onethink1\Runtime\Cache\Admin\05bcf9c6b784b3bf11574b039b2656ca.php 第 96 行.
NOTIC: [8] Undefined variable: count F:\Ruanjian\wamp\www\onethink1\Runtime\Cache\Admin\05bcf9c6b784b3bf11574b039b2656ca.php 第 133 行.
NOTIC: [8] Undefined variable: count F:\Ruanjian\wamp\www\onethink1\Runtime\Cache\Admin\05bcf9c6b784b3bf11574b039b2656ca.php 第 133 行.
INFO: Run Behavior\ParseTemplate [ RunTime:0.094044s ]
INFO: [ view_parse ] --END-- [ RunTime:0.094445s ]
INFO: [ view_filter ] --START--
INFO: Run Behavior\WriteHtmlCache [ RunTime:0.001090s ]
INFO: [ view_filter ] --END-- [ RunTime:0.001422s ]
INFO: [ app_end ] --START--
INFO: Run Behavior\ShowPageTrace [ RunTime:0.003074s ]
INFO: [ app_end ] --END-- [ RunTime:0.003442s ]

[ 2016-03-24T21:42:01+08:00 ] 127.0.0.1 /onethink1/index.php?s=/Admin/Sale/index.html
SQL: SHOW COLUMNS FROM `onethink_menu` [ RunTime:0.007899s ]
SQL: SELECT * FROM `onethink_menu` WHERE ( `pid` = 0 ) AND ( `hide` = 0 ) ORDER BY sort asc  [ RunTime:0.001401s ]
SQL: SELECT `id` FROM `onethink_menu` WHERE ( url like '%Sale/index%' ) LIMIT 1   [ RunTime:0.001498s ]
SQL: SHOW COLUMNS FROM `onethink_menu` [ RunTime:0.006926s ]
SQL: SELECT `id`,`pid`,`title` FROM `onethink_menu` WHERE ( id=152 ) LIMIT 1   [ RunTime:0.002547s ]
SQL: SELECT `id`,`pid`,`title` FROM `onethink_menu` WHERE ( id=138 ) LIMIT 1   [ RunTime:0.000575s ]
SQL: SELECT DISTINCT  `group` FROM `onethink_menu` WHERE ( pid = 138 )  [ RunTime:0.000975s ]
SQL: SELECT `id`,`url` FROM `onethink_menu` WHERE ( `pid` = 138 ) AND ( `hide` = 0 )  [ RunTime:0.000881s ]
SQL: SELECT `id`,`pid`,`title`,`url`,`tip` FROM `onethink_menu` WHERE ( `group` = '我的营地' ) AND ( `pid` = 138 ) AND ( `hide` = 0 ) ORDER BY sort asc  [ RunTime:0.000920s ]
SQL: SELECT `id`,`pid`,`title`,`url`,`tip` FROM `onethink_menu` WHERE ( `group` = '扩展' ) AND ( `pid` = 138 ) AND ( `hide` = 0 ) ORDER BY sort asc  [ RunTime:0.000994s ]
INFO: [ view_parse ] --START--
INFO: [ template_filter ] --START--
INFO: Run Behavior\ContentReplace [ RunTime:0.000830s ]
INFO: [ template_filter ] --END-- [ RunTime:0.001244s ]
NOTIC: [8] Undefined variable: meta_title F:\Ruanjian\wamp\www\onethink1\Runtime\Cache\Admin\48804f473ae4f64ec9121665b8286f36.php 第 5 行.
INFO: Run Behavior\ParseTemplate [ RunTime:0.067909s ]
INFO: [ view_parse ] --END-- [ RunTime:0.068314s ]
INFO: [ view_filter ] --START--
INFO: Run Behavior\WriteHtmlCache [ RunTime:0.001143s ]
INFO: [ view_filter ] --END-- [ RunTime:0.001529s ]
INFO: [ app_end ] --START--
INFO: Run Behavior\ShowPageTrace [ RunTime:0.002433s ]
INFO: [ app_end ] --END-- [ RunTime:0.002749s ]

