[ 2016-05-10T09:37:40+08:00 ] 127.0.0.1 /onethink1/index.php/Admin/
NOTIC: [8192] mysql_connect(): The mysql extension is deprecated and will be removed in the future: use mysqli or PDO instead F:\Ruanjian\wamp\www\onethink1\ThinkPHP\Library\Think\Db\Driver\Mysql.class.php 第 52 行.
SQL: SHOW COLUMNS FROM `onethink_menu` [ RunTime:0.075004s ]
SQL: SELECT * FROM `onethink_menu` WHERE ( `pid` = 0 ) AND ( `hide` = 0 ) ORDER BY sort asc  [ RunTime:0.007001s ]
SQL: SELECT `id` FROM `onethink_menu` WHERE ( url like '%Index/index%' ) LIMIT 1   [ RunTime:0.000000s ]
SQL: SHOW COLUMNS FROM `onethink_menu` [ RunTime:0.006000s ]
SQL: SELECT `id`,`pid`,`title` FROM `onethink_menu` WHERE ( id=1 ) LIMIT 1   [ RunTime:0.001000s ]
SQL: SELECT DISTINCT  `group` FROM `onethink_menu` WHERE ( pid = 1 )  [ RunTime:0.001000s ]
SQL: SELECT `id`,`url` FROM `onethink_menu` WHERE ( `pid` = 1 ) AND ( `hide` = 0 )  [ RunTime:0.000000s ]
INFO: [ view_parse ] --START--
INFO: [ template_filter ] --START--
INFO: Run Behavior\ContentReplace [ RunTime:0.002000s ]
INFO: [ template_filter ] --END-- [ RunTime:0.003001s ]
INFO: [ AdminIndex ] --START--
SQL: SHOW COLUMNS FROM `onethink_addons` [ RunTime:0.067004s ]
SQL: SELECT `config` FROM `onethink_addons` WHERE ( `name` = 'SiteStat' ) AND ( `status` = 1 ) LIMIT 1   [ RunTime:0.010001s ]
SQL: SHOW COLUMNS FROM `onethink_member` [ RunTime:0.238013s ]
SQL: SELECT COUNT(*) AS tp_count FROM `onethink_member` LIMIT 1   [ RunTime:0.000000s ]
SQL: SHOW COLUMNS FROM `onethink_action_log` [ RunTime:0.077005s ]
SQL: SELECT COUNT(*) AS tp_count FROM `onethink_action_log` LIMIT 1   [ RunTime:0.001000s ]
SQL: SHOW COLUMNS FROM `onethink_document` [ RunTime:0.130007s ]
SQL: SELECT COUNT(*) AS tp_count FROM `onethink_document` LIMIT 1   [ RunTime:0.001000s ]
SQL: SHOW COLUMNS FROM `onethink_category` [ RunTime:0.085005s ]
SQL: SELECT COUNT(*) AS tp_count FROM `onethink_category` LIMIT 1   [ RunTime:0.001000s ]
SQL: SHOW COLUMNS FROM `onethink_model` [ RunTime:0.079004s ]
SQL: SELECT COUNT(*) AS tp_count FROM `onethink_model` LIMIT 1   [ RunTime:0.001000s ]
INFO: [ view_parse ] --START--
INFO: [ template_filter ] --START--
INFO: Run Behavior\ContentReplace [ RunTime:0.000000s ]
INFO: [ template_filter ] --END-- [ RunTime:-0.840048s ]
INFO: Run Behavior\ParseTemplate [ RunTime:0.055003s ]
INFO: [ view_parse ] --END-- [ RunTime:0.055003s ]
INFO: [ view_filter ] --START--
INFO: Run Behavior\WriteHtmlCache [ RunTime:0.027001s ]
INFO: [ view_filter ] --END-- [ RunTime:0.028002s ]
INFO: Run SiteStat [ RunTime:0.834048s ]
SQL: SELECT `config` FROM `onethink_addons` WHERE ( `name` = 'SystemInfo' ) AND ( `status` = 1 ) LIMIT 1   [ RunTime:0.001000s ]
INFO: [ view_parse ] --START--
INFO: [ template_filter ] --START--
INFO: Run Behavior\ContentReplace [ RunTime:0.000000s ]
INFO: [ template_filter ] --END-- [ RunTime:-4.055231s ]
SQL: select version() as v; [ RunTime:0.001000s ]
INFO: Run Behavior\ParseTemplate [ RunTime:0.054003s ]
INFO: [ view_parse ] --END-- [ RunTime:-3.177182s ]
INFO: [ view_filter ] --START--
INFO: Run Behavior\WriteHtmlCache [ RunTime:0.000000s ]
INFO: [ view_filter ] --END-- [ RunTime:-3.203183s ]
INFO: Run SystemInfo [ RunTime:3.203183s ]
SQL: SELECT `config` FROM `onethink_addons` WHERE ( `name` = 'DevTeam' ) AND ( `status` = 1 ) LIMIT 1   [ RunTime:0.001000s ]
INFO: [ view_parse ] --START--
INFO: [ template_filter ] --START--
INFO: Run Behavior\ContentReplace [ RunTime:0.000000s ]
INFO: [ template_filter ] --END-- [ RunTime:-4.126236s ]
INFO: Run Behavior\ParseTemplate [ RunTime:0.025002s ]
INFO: [ view_parse ] --END-- [ RunTime:-3.260186s ]
INFO: [ view_filter ] --START--
INFO: Run Behavior\WriteHtmlCache [ RunTime:0.000000s ]
INFO: [ view_filter ] --END-- [ RunTime:-3.257186s ]
INFO: Run DevTeam [ RunTime:0.053003s ]
INFO: [ AdminIndex ] --END-- [ RunTime:4.093234s ]
INFO: Run Behavior\ParseTemplate [ RunTime:0.028002s ]
INFO: [ view_parse ] --END-- [ RunTime:-3.260186s ]
INFO: [ view_filter ] --START--
INFO: Run Behavior\WriteHtmlCache [ RunTime:0.000000s ]
INFO: [ view_filter ] --END-- [ RunTime:-3.260186s ]
INFO: [ app_end ] --START--
INFO: Run Behavior\ShowPageTrace [ RunTime:0.226013s ]
INFO: [ app_end ] --END-- [ RunTime:0.227013s ]

[ 2016-05-10T09:37:43+08:00 ] 127.0.0.1 /onethink1/index.php?s=/Admin/User/index.html
NOTIC: [8192] mysql_connect(): The mysql extension is deprecated and will be removed in the future: use mysqli or PDO instead F:\Ruanjian\wamp\www\onethink1\ThinkPHP\Library\Think\Db\Driver\Mysql.class.php 第 52 行.
SQL: SHOW COLUMNS FROM `onethink_menu` [ RunTime:0.006001s ]
SQL: SELECT * FROM `onethink_menu` WHERE ( `pid` = 0 ) AND ( `hide` = 0 ) ORDER BY sort asc  [ RunTime:0.001000s ]
SQL: SELECT `id` FROM `onethink_menu` WHERE ( url like '%User/index%' ) LIMIT 1   [ RunTime:0.000000s ]
SQL: SHOW COLUMNS FROM `onethink_menu` [ RunTime:0.007001s ]
SQL: SELECT `id`,`pid`,`title` FROM `onethink_menu` WHERE ( id=16 ) LIMIT 1   [ RunTime:0.001000s ]
SQL: SELECT DISTINCT  `group` FROM `onethink_menu` WHERE ( pid = 16 )  [ RunTime:0.002000s ]
SQL: SELECT `id`,`url` FROM `onethink_menu` WHERE ( `pid` = 16 ) AND ( `hide` = 0 )  [ RunTime:0.001000s ]
SQL: SELECT `id`,`pid`,`title`,`url`,`tip` FROM `onethink_menu` WHERE ( `group` = '用户管理' ) AND ( `pid` = 16 ) AND ( `hide` = 0 ) ORDER BY sort asc  [ RunTime:0.001000s ]
SQL: SELECT `id`,`pid`,`title`,`url`,`tip` FROM `onethink_menu` WHERE ( `group` = '行为管理' ) AND ( `pid` = 16 ) AND ( `hide` = 0 ) ORDER BY sort asc  [ RunTime:0.001000s ]
SQL: SELECT `id`,`pid`,`title`,`url`,`tip` FROM `onethink_menu` WHERE ( `group` = '' ) AND ( `pid` = 16 ) AND ( `hide` = 0 ) ORDER BY sort asc  [ RunTime:0.001000s ]
SQL: SELECT `id`,`pid`,`title`,`url`,`tip` FROM `onethink_menu` WHERE ( `group` = '信息审核' ) AND ( `pid` = 16 ) AND ( `hide` = 0 ) ORDER BY sort asc  [ RunTime:0.001000s ]
SQL: SELECT `id`,`pid`,`title`,`url`,`tip` FROM `onethink_menu` WHERE ( `group` = '数据分析' ) AND ( `pid` = 16 ) AND ( `hide` = 0 ) ORDER BY sort asc  [ RunTime:0.001000s ]
SQL: SHOW COLUMNS FROM `onethink_member` [ RunTime:0.007001s ]
SQL: SELECT COUNT(*) AS tp_count FROM `onethink_member` WHERE ( `status` >= 0 ) AND ( `nickname` LIKE '%%' ) LIMIT 1   [ RunTime:0.022001s ]
SQL: SELECT `uid`,`nickname`,`sex`,`birthday`,`qq`,`score`,`login`,`reg_ip`,`reg_time`,`last_login_ip`,`last_login_time`,`status` FROM `onethink_member` WHERE ( `status` >= 0 ) AND ( `nickname` LIKE '%%' ) ORDER BY uid desc LIMIT 0,10   [ RunTime:0.001000s ]
INFO: [ view_parse ] --START--
INFO: [ template_filter ] --START--
INFO: Run Behavior\ContentReplace [ RunTime:0.001001s ]
INFO: [ template_filter ] --END-- [ RunTime:0.001001s ]
NOTIC: [8] Undefined index: identity F:\Ruanjian\wamp\www\onethink1\Runtime\Cache\Admin\65e605872ed5d34210f5b33beb13f5a3.php 第 142 行.
NOTIC: [8] Undefined index: identity F:\Ruanjian\wamp\www\onethink1\Runtime\Cache\Admin\65e605872ed5d34210f5b33beb13f5a3.php 第 142 行.
NOTIC: [8] Undefined index: identity F:\Ruanjian\wamp\www\onethink1\Runtime\Cache\Admin\65e605872ed5d34210f5b33beb13f5a3.php 第 142 行.
NOTIC: [8] Undefined index: identity F:\Ruanjian\wamp\www\onethink1\Runtime\Cache\Admin\65e605872ed5d34210f5b33beb13f5a3.php 第 142 行.
NOTIC: [8] Undefined index: identity F:\Ruanjian\wamp\www\onethink1\Runtime\Cache\Admin\65e605872ed5d34210f5b33beb13f5a3.php 第 142 行.
NOTIC: [8] Undefined index: identity F:\Ruanjian\wamp\www\onethink1\Runtime\Cache\Admin\65e605872ed5d34210f5b33beb13f5a3.php 第 142 行.
NOTIC: [8] Undefined index: identity F:\Ruanjian\wamp\www\onethink1\Runtime\Cache\Admin\65e605872ed5d34210f5b33beb13f5a3.php 第 142 行.
NOTIC: [8] Undefined index: identity F:\Ruanjian\wamp\www\onethink1\Runtime\Cache\Admin\65e605872ed5d34210f5b33beb13f5a3.php 第 142 行.
NOTIC: [8] Undefined index: identity F:\Ruanjian\wamp\www\onethink1\Runtime\Cache\Admin\65e605872ed5d34210f5b33beb13f5a3.php 第 142 行.
NOTIC: [8] Undefined index: identity F:\Ruanjian\wamp\www\onethink1\Runtime\Cache\Admin\65e605872ed5d34210f5b33beb13f5a3.php 第 142 行.
INFO: Run Behavior\ParseTemplate [ RunTime:0.192011s ]
INFO: [ view_parse ] --END-- [ RunTime:0.193011s ]
INFO: [ view_filter ] --START--
INFO: Run Behavior\WriteHtmlCache [ RunTime:0.002000s ]
INFO: [ view_filter ] --END-- [ RunTime:0.002000s ]
INFO: [ app_end ] --START--
INFO: Run Behavior\ShowPageTrace [ RunTime:0.002000s ]
INFO: [ app_end ] --END-- [ RunTime:0.003000s ]

[ 2016-05-10T09:37:59+08:00 ] 127.0.0.1 /onethink1/index.php?s=/Admin/Public/login.html
INFO: [ view_parse ] --START--
INFO: [ template_filter ] --START--
INFO: Run Behavior\ContentReplace [ RunTime:0.000000s ]
INFO: [ template_filter ] --END-- [ RunTime:0.001000s ]
INFO: Run Behavior\ParseTemplate [ RunTime:0.080005s ]
INFO: [ view_parse ] --END-- [ RunTime:0.081005s ]
INFO: [ view_filter ] --START--
INFO: Run Behavior\WriteHtmlCache [ RunTime:0.001000s ]
INFO: [ view_filter ] --END-- [ RunTime:0.002000s ]
INFO: [ app_end ] --START--
INFO: Run Behavior\ShowPageTrace [ RunTime:0.002000s ]
INFO: [ app_end ] --END-- [ RunTime:0.003000s ]

[ 2016-05-10T09:38:15+08:00 ] 127.0.0.1 /onethink1/index.php?s=/Admin/Public/login.html
INFO: [ app_begin ] --START--
INFO: Run Behavior\ReadHtmlCache [ RunTime:0.002000s ]
INFO: [ app_begin ] --END-- [ RunTime:0.003000s ]
SQL: SHOW COLUMNS FROM `onethink_ucenter_member` [ RunTime:0.078004s ]
SQL: SELECT * FROM `onethink_ucenter_member` WHERE ( `username` = 'guest1' ) LIMIT 1   [ RunTime:0.008001s ]
SQL: UPDATE `onethink_ucenter_member` SET `last_login_time`=1462844294,`last_login_ip`='2130706433' WHERE ( `id` = 4 ) [ RunTime:0.001000s ]
NOTIC: [8192] mysql_connect(): The mysql extension is deprecated and will be removed in the future: use mysqli or PDO instead F:\Ruanjian\wamp\www\onethink1\ThinkPHP\Library\Think\Db\Driver\Mysql.class.php 第 52 行.
SQL: SHOW COLUMNS FROM `onethink_member` [ RunTime:0.005001s ]
SQL: SELECT `uid`,`nickname`,`sex`,`birthday`,`qq`,`score`,`login`,`reg_ip`,`reg_time`,`last_login_ip`,`last_login_time`,`status` FROM `onethink_member` WHERE ( `uid` = 4 ) LIMIT 1   [ RunTime:0.001000s ]
SQL: SHOW COLUMNS FROM `onethink_action` [ RunTime:0.051003s ]
SQL: SELECT * FROM `onethink_action` WHERE ( `name` = 'user_login' ) LIMIT 1   [ RunTime:0.009001s ]
SQL: SHOW COLUMNS FROM `onethink_member` [ RunTime:0.005000s ]
SQL: SELECT `nickname` FROM `onethink_member` WHERE ( `uid` = 4 ) LIMIT 1   [ RunTime:0.001000s ]
SQL: SHOW COLUMNS FROM `onethink_action_log` [ RunTime:0.007001s ]
SQL: INSERT INTO `onethink_action_log` (`action_id`,`user_id`,`action_ip`,`model`,`record_id`,`create_time`,`remark`) VALUES (1,4,2130706433,'member',4,1462844294,'guest1在2016-05-10 09:38登录了后台') [ RunTime:0.008000s ]
SQL: SELECT * FROM `onethink_action` WHERE ( `name` = 'user_login' ) LIMIT 1   [ RunTime:0.001000s ]
NOTIC: [8] Undefined offset: 1 F:\Ruanjian\wamp\www\onethink1\Application\Common\Common\function.php 第 665 行.
NOTIC: [2] array_key_exists() expects parameter 2 to be array, null given F:\Ruanjian\wamp\www\onethink1\Application\Common\Common\function.php 第 665 行.
SQL: SELECT COUNT(*) AS tp_count FROM `onethink_action_log` WHERE ( `action_id` = 1 ) AND ( `user_id` = 4 ) AND ( `create_time` > 1462757894 ) LIMIT 1   [ RunTime:0.126007s ]
SQL: UPDATE `onethink_member` SET `score`=score+10 WHERE ( uid=4 AND status>-1 ) [ RunTime:0.001000s ]
SQL: UPDATE `onethink_member` SET `login`=`login`+1,`last_login_time`=1462844294,`last_login_ip`='2130706433' WHERE ( `uid` = 4 ) [ RunTime:0.001000s ]

[ 2016-05-10T09:38:16+08:00 ] 127.0.0.1 /onethink1/index.php?s=/Admin/Index/index.html
NOTIC: [8192] mysql_connect(): The mysql extension is deprecated and will be removed in the future: use mysqli or PDO instead F:\Ruanjian\wamp\www\onethink1\ThinkPHP\Library\Think\Db\Driver\Mysql.class.php 第 52 行.
SQL: SHOW COLUMNS FROM `onethink_auth_group_access` [ RunTime:0.056004s ]
SQL: SELECT `rules` FROM onethink_auth_group_access a INNER JOIN onethink_auth_group g on a.group_id=g.id  WHERE ( a.uid='4' and g.status='1' )  [ RunTime:0.068003s ]
SQL: SHOW COLUMNS FROM `onethink_auth_rule` [ RunTime:0.070004s ]
SQL: SELECT `condition`,`name` FROM `onethink_auth_rule` WHERE ( `id` IN ('1') ) AND ( `type` IN ('1','2') ) AND ( `status` = 1 )  [ RunTime:0.008000s ]
SQL: SHOW COLUMNS FROM `onethink_menu` [ RunTime:0.005001s ]
SQL: SELECT * FROM `onethink_menu` WHERE ( `pid` = 0 ) AND ( `hide` = 0 ) ORDER BY sort asc  [ RunTime:0.001000s ]
SQL: SELECT `id` FROM `onethink_menu` WHERE ( url like '%Index/index%' ) LIMIT 1   [ RunTime:0.001000s ]
SQL: SHOW COLUMNS FROM `onethink_menu` [ RunTime:0.006000s ]
SQL: SELECT `id`,`pid`,`title` FROM `onethink_menu` WHERE ( id=1 ) LIMIT 1   [ RunTime:0.001001s ]
SQL: SHOW COLUMNS FROM `onethink_auth_rule` [ RunTime:0.006001s ]
SQL: SELECT `condition`,`name` FROM `onethink_auth_rule` WHERE ( `id` IN ('1') ) AND ( `type` = 2 ) AND ( `status` = 1 )  [ RunTime:0.001000s ]
SQL: SELECT DISTINCT  `group` FROM `onethink_menu` WHERE ( pid = 1 )  [ RunTime:0.001000s ]
SQL: SELECT `id`,`url` FROM `onethink_menu` WHERE ( `pid` = 1 ) AND ( `hide` = 0 )  [ RunTime:0.001000s ]
NOTIC: [2] Invalid argument supplied for foreach() F:\Ruanjian\wamp\www\onethink1\Application\Admin\Controller\AdminController.class.php 第 294 行.
INFO: [ view_parse ] --START--
INFO: [ template_filter ] --START--
INFO: Run Behavior\ContentReplace [ RunTime:0.002000s ]
INFO: [ template_filter ] --END-- [ RunTime:0.002000s ]
INFO: [ AdminIndex ] --START--
SQL: SHOW COLUMNS FROM `onethink_addons` [ RunTime:0.005000s ]
SQL: SELECT `config` FROM `onethink_addons` WHERE ( `name` = 'SiteStat' ) AND ( `status` = 1 ) LIMIT 1   [ RunTime:0.000000s ]
SQL: SHOW COLUMNS FROM `onethink_member` [ RunTime:0.005000s ]
SQL: SELECT COUNT(*) AS tp_count FROM `onethink_member` LIMIT 1   [ RunTime:0.001000s ]
SQL: SHOW COLUMNS FROM `onethink_action_log` [ RunTime:0.005000s ]
SQL: SELECT COUNT(*) AS tp_count FROM `onethink_action_log` LIMIT 1   [ RunTime:0.000000s ]
SQL: SHOW COLUMNS FROM `onethink_document` [ RunTime:0.006000s ]
SQL: SELECT COUNT(*) AS tp_count FROM `onethink_document` LIMIT 1   [ RunTime:0.001000s ]
SQL: SHOW COLUMNS FROM `onethink_category` [ RunTime:0.006000s ]
SQL: SELECT COUNT(*) AS tp_count FROM `onethink_category` LIMIT 1   [ RunTime:0.000000s ]
SQL: SHOW COLUMNS FROM `onethink_model` [ RunTime:0.006000s ]
SQL: SELECT COUNT(*) AS tp_count FROM `onethink_model` LIMIT 1   [ RunTime:0.001000s ]
INFO: [ view_parse ] --START--
INFO: [ template_filter ] --START--
INFO: Run Behavior\ContentReplace [ RunTime:0.000000s ]
INFO: [ template_filter ] --END-- [ RunTime:-0.093006s ]
INFO: Run Behavior\ParseTemplate [ RunTime:0.012001s ]
INFO: [ view_parse ] --END-- [ RunTime:0.013001s ]
INFO: [ view_filter ] --START--
INFO: Run Behavior\WriteHtmlCache [ RunTime:0.001000s ]
INFO: [ view_filter ] --END-- [ RunTime:0.002000s ]
INFO: Run SiteStat [ RunTime:0.077004s ]
SQL: SELECT `config` FROM `onethink_addons` WHERE ( `name` = 'SystemInfo' ) AND ( `status` = 1 ) LIMIT 1   [ RunTime:0.001000s ]
INFO: [ view_parse ] --START--
INFO: [ template_filter ] --START--
INFO: Run Behavior\ContentReplace [ RunTime:0.001001s ]
INFO: [ template_filter ] --END-- [ RunTime:-0.159009s ]
SQL: select version() as v; [ RunTime:0.000000s ]
INFO: Run Behavior\ParseTemplate [ RunTime:0.015001s ]
INFO: [ view_parse ] --END-- [ RunTime:-0.053003s ]
INFO: [ view_filter ] --START--
INFO: Run Behavior\WriteHtmlCache [ RunTime:0.000000s ]
INFO: [ view_filter ] --END-- [ RunTime:-0.067004s ]
INFO: Run SystemInfo [ RunTime:0.068004s ]
SQL: SELECT `config` FROM `onethink_addons` WHERE ( `name` = 'DevTeam' ) AND ( `status` = 1 ) LIMIT 1   [ RunTime:0.001000s ]
INFO: [ view_parse ] --START--
INFO: [ template_filter ] --START--
INFO: Run Behavior\ContentReplace [ RunTime:0.000000s ]
INFO: [ template_filter ] --END-- [ RunTime:-0.179011s ]
INFO: Run Behavior\ParseTemplate [ RunTime:0.010001s ]
INFO: [ view_parse ] --END-- [ RunTime:-0.076004s ]
INFO: [ view_filter ] --START--
INFO: Run Behavior\WriteHtmlCache [ RunTime:0.000000s ]
INFO: [ view_filter ] --END-- [ RunTime:-0.084005s ]
INFO: Run DevTeam [ RunTime:0.017001s ]
INFO: [ AdminIndex ] --END-- [ RunTime:0.163009s ]
INFO: Run Behavior\ParseTemplate [ RunTime:0.013001s ]
INFO: [ view_parse ] --END-- [ RunTime:-0.076004s ]
INFO: [ view_filter ] --START--
INFO: Run Behavior\WriteHtmlCache [ RunTime:0.001000s ]
INFO: [ view_filter ] --END-- [ RunTime:-0.087005s ]
INFO: [ app_end ] --START--
INFO: Run Behavior\ShowPageTrace [ RunTime:0.003000s ]
INFO: [ app_end ] --END-- [ RunTime:0.003000s ]

[ 2016-05-10T09:38:24+08:00 ] 127.0.0.1 /onethink1/index.php?s=/Admin/Public/login.html
INFO: [ view_parse ] --START--
INFO: [ template_filter ] --START--
INFO: Run Behavior\ContentReplace [ RunTime:0.001000s ]
INFO: [ template_filter ] --END-- [ RunTime:0.001000s ]
INFO: Run Behavior\ParseTemplate [ RunTime:0.024001s ]
INFO: [ view_parse ] --END-- [ RunTime:0.025001s ]
INFO: [ view_filter ] --START--
INFO: Run Behavior\WriteHtmlCache [ RunTime:0.002000s ]
INFO: [ view_filter ] --END-- [ RunTime:0.002000s ]
INFO: [ app_end ] --START--
INFO: Run Behavior\ShowPageTrace [ RunTime:0.002001s ]
INFO: [ app_end ] --END-- [ RunTime:0.002001s ]

[ 2016-05-10T09:38:44+08:00 ] 127.0.0.1 /onethink1/index.php?s=/Admin/Public/login.html
INFO: [ app_begin ] --START--
INFO: Run Behavior\ReadHtmlCache [ RunTime:0.002001s ]
INFO: [ app_begin ] --END-- [ RunTime:0.004001s ]
SQL: SHOW COLUMNS FROM `onethink_ucenter_member` [ RunTime:0.006001s ]
SQL: SELECT * FROM `onethink_ucenter_member` WHERE ( `username` = 'agent2' ) LIMIT 1   [ RunTime:0.000000s ]
SQL: UPDATE `onethink_ucenter_member` SET `last_login_time`=1462844324,`last_login_ip`='2130706433' WHERE ( `id` = 9 ) [ RunTime:0.001000s ]
NOTIC: [8192] mysql_connect(): The mysql extension is deprecated and will be removed in the future: use mysqli or PDO instead F:\Ruanjian\wamp\www\onethink1\ThinkPHP\Library\Think\Db\Driver\Mysql.class.php 第 52 行.
SQL: SHOW COLUMNS FROM `onethink_member` [ RunTime:0.005000s ]
SQL: SELECT `uid`,`nickname`,`sex`,`birthday`,`qq`,`score`,`login`,`reg_ip`,`reg_time`,`last_login_ip`,`last_login_time`,`status` FROM `onethink_member` WHERE ( `uid` = 9 ) LIMIT 1   [ RunTime:0.001000s ]
SQL: SHOW COLUMNS FROM `onethink_action` [ RunTime:0.005001s ]
SQL: SELECT * FROM `onethink_action` WHERE ( `name` = 'user_login' ) LIMIT 1   [ RunTime:0.001000s ]
SQL: SHOW COLUMNS FROM `onethink_action_log` [ RunTime:0.006000s ]
SQL: INSERT INTO `onethink_action_log` (`action_id`,`user_id`,`action_ip`,`model`,`record_id`,`create_time`,`remark`) VALUES (1,9,2130706433,'member',9,1462844324,'agent2在2016-05-10 09:38登录了后台') [ RunTime:0.001001s ]
SQL: SELECT * FROM `onethink_action` WHERE ( `name` = 'user_login' ) LIMIT 1   [ RunTime:0.001000s ]
NOTIC: [8] Undefined offset: 1 F:\Ruanjian\wamp\www\onethink1\Application\Common\Common\function.php 第 665 行.
NOTIC: [2] array_key_exists() expects parameter 2 to be array, null given F:\Ruanjian\wamp\www\onethink1\Application\Common\Common\function.php 第 665 行.
SQL: SELECT COUNT(*) AS tp_count FROM `onethink_action_log` WHERE ( `action_id` = 1 ) AND ( `user_id` = 9 ) AND ( `create_time` > 1462757924 ) LIMIT 1   [ RunTime:0.003000s ]
SQL: SHOW COLUMNS FROM `onethink_member` [ RunTime:0.006000s ]
SQL: UPDATE `onethink_member` SET `score`=score+10 WHERE ( uid=9 AND status>-1 ) [ RunTime:0.001000s ]
SQL: UPDATE `onethink_member` SET `login`=`login`+1,`last_login_time`=1462844324,`last_login_ip`='2130706433' WHERE ( `uid` = 9 ) [ RunTime:0.001000s ]

[ 2016-05-10T09:38:45+08:00 ] 127.0.0.1 /onethink1/index.php?s=/Admin/Index/index.html
NOTIC: [8192] mysql_connect(): The mysql extension is deprecated and will be removed in the future: use mysqli or PDO instead F:\Ruanjian\wamp\www\onethink1\ThinkPHP\Library\Think\Db\Driver\Mysql.class.php 第 52 行.
SQL: SHOW COLUMNS FROM `onethink_auth_group_access` [ RunTime:0.005000s ]
SQL: SELECT `rules` FROM onethink_auth_group_access a INNER JOIN onethink_auth_group g on a.group_id=g.id  WHERE ( a.uid='9' and g.status='1' )  [ RunTime:0.001000s ]
SQL: SHOW COLUMNS FROM `onethink_auth_rule` [ RunTime:0.004000s ]
SQL: SELECT `condition`,`name` FROM `onethink_auth_rule` WHERE ( `id` IN ('1','227','228','229','230','231','232','233','234','237','238','239','241','242','243') ) AND ( `type` IN ('1','2') ) AND ( `status` = 1 )  [ RunTime:0.001000s ]
SQL: SHOW COLUMNS FROM `onethink_menu` [ RunTime:0.005000s ]
SQL: SELECT * FROM `onethink_menu` WHERE ( `pid` = 0 ) AND ( `hide` = 0 ) ORDER BY sort asc  [ RunTime:0.001000s ]
SQL: SELECT `id` FROM `onethink_menu` WHERE ( url like '%Index/index%' ) LIMIT 1   [ RunTime:0.001000s ]
SQL: SHOW COLUMNS FROM `onethink_menu` [ RunTime:0.005001s ]
SQL: SELECT `id`,`pid`,`title` FROM `onethink_menu` WHERE ( id=1 ) LIMIT 1   [ RunTime:0.001000s ]
SQL: SHOW COLUMNS FROM `onethink_auth_rule` [ RunTime:0.004000s ]
SQL: SELECT `condition`,`name` FROM `onethink_auth_rule` WHERE ( `id` IN ('1','227','228','229','230','231','232','233','234','237','238','239','241','242','243') ) AND ( `type` = 2 ) AND ( `status` = 1 )  [ RunTime:0.001001s ]
SQL: SELECT DISTINCT  `group` FROM `onethink_menu` WHERE ( pid = 1 )  [ RunTime:0.001000s ]
SQL: SELECT `id`,`url` FROM `onethink_menu` WHERE ( `pid` = 1 ) AND ( `hide` = 0 )  [ RunTime:0.001000s ]
NOTIC: [2] Invalid argument supplied for foreach() F:\Ruanjian\wamp\www\onethink1\Application\Admin\Controller\AdminController.class.php 第 294 行.
INFO: [ view_parse ] --START--
INFO: [ template_filter ] --START--
INFO: Run Behavior\ContentReplace [ RunTime:0.002000s ]
INFO: [ template_filter ] --END-- [ RunTime:0.002000s ]
INFO: [ AdminIndex ] --START--
SQL: SHOW COLUMNS FROM `onethink_addons` [ RunTime:0.006000s ]
SQL: SELECT `config` FROM `onethink_addons` WHERE ( `name` = 'SiteStat' ) AND ( `status` = 1 ) LIMIT 1   [ RunTime:0.001000s ]
SQL: SHOW COLUMNS FROM `onethink_member` [ RunTime:0.004001s ]
SQL: SELECT COUNT(*) AS tp_count FROM `onethink_member` LIMIT 1   [ RunTime:0.000000s ]
SQL: SHOW COLUMNS FROM `onethink_action_log` [ RunTime:0.005000s ]
SQL: SELECT COUNT(*) AS tp_count FROM `onethink_action_log` LIMIT 1   [ RunTime:0.001000s ]
SQL: SHOW COLUMNS FROM `onethink_document` [ RunTime:0.005001s ]
SQL: SELECT COUNT(*) AS tp_count FROM `onethink_document` LIMIT 1   [ RunTime:0.000000s ]
SQL: SHOW COLUMNS FROM `onethink_category` [ RunTime:0.007000s ]
SQL: SELECT COUNT(*) AS tp_count FROM `onethink_category` LIMIT 1   [ RunTime:0.001000s ]
SQL: SHOW COLUMNS FROM `onethink_model` [ RunTime:0.005001s ]
SQL: SELECT COUNT(*) AS tp_count FROM `onethink_model` LIMIT 1   [ RunTime:0.000000s ]
INFO: [ view_parse ] --START--
INFO: [ template_filter ] --START--
INFO: Run Behavior\ContentReplace [ RunTime:0.001000s ]
INFO: [ template_filter ] --END-- [ RunTime:-0.087005s ]
INFO: Run Behavior\ParseTemplate [ RunTime:0.010001s ]
INFO: [ view_parse ] --END-- [ RunTime:0.011001s ]
INFO: [ view_filter ] --START--
INFO: Run Behavior\WriteHtmlCache [ RunTime:0.001000s ]
INFO: [ view_filter ] --END-- [ RunTime:0.001000s ]
INFO: Run SiteStat [ RunTime:0.073004s ]
SQL: SELECT `config` FROM `onethink_addons` WHERE ( `name` = 'SystemInfo' ) AND ( `status` = 1 ) LIMIT 1   [ RunTime:0.001000s ]
INFO: [ view_parse ] --START--
INFO: [ template_filter ] --START--
INFO: Run Behavior\ContentReplace [ RunTime:0.001000s ]
INFO: [ template_filter ] --END-- [ RunTime:-0.146009s ]
SQL: select version() as v; [ RunTime:0.001000s ]
INFO: Run Behavior\ParseTemplate [ RunTime:0.013001s ]
INFO: [ view_parse ] --END-- [ RunTime:-0.048002s ]
INFO: [ view_filter ] --START--
INFO: Run Behavior\WriteHtmlCache [ RunTime:0.000000s ]
INFO: [ view_filter ] --END-- [ RunTime:-0.060003s ]
INFO: Run SystemInfo [ RunTime:0.060003s ]
SQL: SELECT `config` FROM `onethink_addons` WHERE ( `name` = 'DevTeam' ) AND ( `status` = 1 ) LIMIT 1   [ RunTime:0.001000s ]
INFO: [ view_parse ] --START--
INFO: [ template_filter ] --START--
INFO: Run Behavior\ContentReplace [ RunTime:0.000000s ]
INFO: [ template_filter ] --END-- [ RunTime:-0.164010s ]
INFO: Run Behavior\ParseTemplate [ RunTime:0.008001s ]
INFO: [ view_parse ] --END-- [ RunTime:-0.067003s ]
INFO: [ view_filter ] --START--
INFO: Run Behavior\WriteHtmlCache [ RunTime:0.000000s ]
INFO: [ view_filter ] --END-- [ RunTime:-0.074004s ]
INFO: Run DevTeam [ RunTime:0.014001s ]
INFO: [ AdminIndex ] --END-- [ RunTime:0.148008s ]
INFO: Run Behavior\ParseTemplate [ RunTime:0.010001s ]
INFO: [ view_parse ] --END-- [ RunTime:-0.067003s ]
INFO: [ view_filter ] --START--
INFO: Run Behavior\WriteHtmlCache [ RunTime:0.000000s ]
INFO: [ view_filter ] --END-- [ RunTime:-0.077004s ]
INFO: [ app_end ] --START--
INFO: Run Behavior\ShowPageTrace [ RunTime:0.002000s ]
INFO: [ app_end ] --END-- [ RunTime:0.002000s ]

[ 2016-05-10T09:38:49+08:00 ] 127.0.0.1 /onethink1/index.php?s=/Admin/AgCamp/clist.html
NOTIC: [8192] mysql_connect(): The mysql extension is deprecated and will be removed in the future: use mysqli or PDO instead F:\Ruanjian\wamp\www\onethink1\ThinkPHP\Library\Think\Db\Driver\Mysql.class.php 第 52 行.
SQL: SHOW COLUMNS FROM `onethink_menu` [ RunTime:0.007000s ]
SQL: SELECT * FROM `onethink_menu` WHERE ( `pid` = 0 ) AND ( `hide` = 0 ) ORDER BY sort asc  [ RunTime:0.003001s ]
SQL: SELECT `id` FROM `onethink_menu` WHERE ( url like '%AgCamp/clist%' ) LIMIT 1   [ RunTime:0.001000s ]
SQL: SHOW COLUMNS FROM `onethink_menu` [ RunTime:0.006000s ]
SQL: SELECT `id`,`pid`,`title` FROM `onethink_menu` WHERE ( id=138 ) LIMIT 1   [ RunTime:0.002000s ]
SQL: SELECT DISTINCT  `group` FROM `onethink_menu` WHERE ( pid = 138 )  [ RunTime:0.002000s ]
SQL: SELECT `id`,`url` FROM `onethink_menu` WHERE ( `pid` = 138 ) AND ( `hide` = 0 )  [ RunTime:0.000000s ]
SQL: SHOW COLUMNS FROM `onethink_auth_group_access` [ RunTime:0.005000s ]
SQL: SELECT `rules` FROM onethink_auth_group_access a INNER JOIN onethink_auth_group g on a.group_id=g.id  WHERE ( a.uid='9' and g.status='1' )  [ RunTime:0.001000s ]
SQL: SHOW COLUMNS FROM `onethink_auth_rule` [ RunTime:0.005000s ]
SQL: SELECT `condition`,`name` FROM `onethink_auth_rule` WHERE ( `id` IN ('1','227','228','229','230','231','232','233','234','237','238','239','241','242','243') ) AND ( `type` = 1 ) AND ( `status` = 1 )  [ RunTime:0.001000s ]
SQL: SELECT `id`,`pid`,`title`,`url`,`tip` FROM `onethink_menu` WHERE ( `group` = '我的营地' ) AND ( `url` IN ('AgCamp/clist','Game/glist','Sale/index','Sale/order') ) AND ( `pid` = 138 ) AND ( `hide` = 0 ) ORDER BY sort asc  [ RunTime:0.001000s ]
SQL: SELECT `id`,`pid`,`title`,`url`,`tip` FROM `onethink_menu` WHERE ( `group` = '扩展' ) AND ( `url` IN ('AgCamp/clist','Game/glist','Sale/index','Sale/order') ) AND ( `pid` = 138 ) AND ( `hide` = 0 ) ORDER BY sort asc  [ RunTime:0.001000s ]
SQL: SHOW COLUMNS FROM `onethink_lbivouac` [ RunTime:0.360020s ]
SQL: SELECT COUNT(*) AS tp_count FROM `onethink_lbivouac` WHERE ( `agentID` = 7 ) AND ( `bivName` LIKE '%%' ) LIMIT 1   [ RunTime:0.039002s ]
SQL: SELECT `bivouacID`,`numX`,`numY`,`bivAdd`,`agentID`,`bivName`,`bivGrade`,`bivImg`,`bivDes`,`bivHouse`,`bivFood`,`bivWea`,`bivType`,`Status`,`bivVisit`,`bivEva`,`model_id`,`category_id`,`campType`,`campCol`,`content`,`count` FROM `onethink_lbivouac` WHERE ( `agentID` = 7 ) AND ( `bivName` LIKE '%%' ) ORDER BY bivouacID desc LIMIT 0,10   [ RunTime:0.033002s ]
SQL: SHOW COLUMNS FROM `onethink_clist` [ RunTime:0.051003s ]
ERR: 1146:Table 'onethink.onethink_clist' doesn't exist
 [ SQL语句 ] : SHOW COLUMNS FROM `onethink_clist`
SQL: SELECT count(*) FROM  onethink_ucenter_member,onethink_lagent,onethink_lbivouac,onethink_loder WHERE onethink_ucenter_member.id=9 AND 9=onethink_lagent.agentID  AND onethink_lagent.agentID=onethink_lbivouac.agentID AND onethink_lbivouac.bivouacID=onethink_loder.bivouacID [ RunTime:0.156009s ]
ERR: 1146:Table 'onethink.onethink_loder' doesn't exist
 [ SQL语句 ] : SELECT count(*) FROM  onethink_ucenter_member,onethink_lagent,onethink_lbivouac,onethink_loder WHERE onethink_ucenter_member.id=9 AND 9=onethink_lagent.agentID  AND onethink_lagent.agentID=onethink_lbivouac.agentID AND onethink_lbivouac.bivouacID=onethink_loder.bivouacID
NOTIC: [2] Invalid argument supplied for foreach() F:\Ruanjian\wamp\www\onethink1\Application\Admin\Controller\AgCampController.class.php 第 24 行.
INFO: [ view_parse ] --START--
INFO: [ template_filter ] --START--
INFO: Run Behavior\ContentReplace [ RunTime:0.001000s ]
INFO: [ template_filter ] --END-- [ RunTime:0.001000s ]
NOTIC: [8] Undefined variable: bivouac F:\Ruanjian\wamp\www\onethink1\Runtime\Cache\Admin\05bcf9c6b784b3bf11574b039b2656ca.php 第 102 行.
INFO: Run Behavior\ParseTemplate [ RunTime:0.107006s ]
INFO: [ view_parse ] --END-- [ RunTime:0.107006s ]
INFO: [ view_filter ] --START--
INFO: Run Behavior\WriteHtmlCache [ RunTime:0.001000s ]
INFO: [ view_filter ] --END-- [ RunTime:0.002000s ]
INFO: [ app_end ] --START--
INFO: Run Behavior\ShowPageTrace [ RunTime:0.002000s ]
INFO: [ app_end ] --END-- [ RunTime:0.003000s ]

[ 2016-05-10T09:38:58+08:00 ] 127.0.0.1 /onethink1/index.php?s=/Admin/Public/login.html
INFO: [ view_parse ] --START--
INFO: [ template_filter ] --START--
INFO: Run Behavior\ContentReplace [ RunTime:0.000000s ]
INFO: [ template_filter ] --END-- [ RunTime:0.000000s ]
INFO: Run Behavior\ParseTemplate [ RunTime:0.020000s ]
INFO: [ view_parse ] --END-- [ RunTime:0.020000s ]
INFO: [ view_filter ] --START--
INFO: Run Behavior\WriteHtmlCache [ RunTime:0.000000s ]
INFO: [ view_filter ] --END-- [ RunTime:0.000000s ]
INFO: [ app_end ] --START--
INFO: Run Behavior\ShowPageTrace [ RunTime:0.000000s ]
INFO: [ app_end ] --END-- [ RunTime:0.000000s ]

[ 2016-05-10T09:39:08+08:00 ] 127.0.0.1 /onethink1/index.php?s=/Admin/Public/login.html
INFO: [ app_begin ] --START--
INFO: Run Behavior\ReadHtmlCache [ RunTime:0.010000s ]
INFO: [ app_begin ] --END-- [ RunTime:0.010000s ]
SQL: SHOW COLUMNS FROM `onethink_ucenter_member` [ RunTime:0.010000s ]
SQL: SELECT * FROM `onethink_ucenter_member` WHERE ( `username` = 'admin' ) LIMIT 1   [ RunTime:0.000000s ]
SQL: UPDATE `onethink_ucenter_member` SET `last_login_time`=1462844348,`last_login_ip`='2130706433' WHERE ( `id` = 1 ) [ RunTime:0.000000s ]
NOTIC: [8192] mysql_connect(): The mysql extension is deprecated and will be removed in the future: use mysqli or PDO instead F:\Ruanjian\wamp\www\onethink1\ThinkPHP\Library\Think\Db\Driver\Mysql.class.php 第 52 行.
SQL: SHOW COLUMNS FROM `onethink_member` [ RunTime:0.010000s ]
SQL: SELECT `uid`,`nickname`,`sex`,`birthday`,`qq`,`score`,`login`,`reg_ip`,`reg_time`,`last_login_ip`,`last_login_time`,`status` FROM `onethink_member` WHERE ( `uid` = 1 ) LIMIT 1   [ RunTime:0.000000s ]
SQL: SHOW COLUMNS FROM `onethink_action` [ RunTime:0.010000s ]
SQL: SELECT * FROM `onethink_action` WHERE ( `name` = 'user_login' ) LIMIT 1   [ RunTime:0.000000s ]
SQL: SHOW COLUMNS FROM `onethink_action_log` [ RunTime:0.010000s ]
SQL: INSERT INTO `onethink_action_log` (`action_id`,`user_id`,`action_ip`,`model`,`record_id`,`create_time`,`remark`) VALUES (1,1,2130706433,'member',1,1462844348,'admin在2016-05-10 09:39登录了后台') [ RunTime:0.000000s ]
SQL: SELECT * FROM `onethink_action` WHERE ( `name` = 'user_login' ) LIMIT 1   [ RunTime:0.010000s ]
NOTIC: [8] Undefined offset: 1 F:\Ruanjian\wamp\www\onethink1\Application\Common\Common\function.php 第 665 行.
NOTIC: [2] array_key_exists() expects parameter 2 to be array, null given F:\Ruanjian\wamp\www\onethink1\Application\Common\Common\function.php 第 665 行.
SQL: SELECT COUNT(*) AS tp_count FROM `onethink_action_log` WHERE ( `action_id` = 1 ) AND ( `user_id` = 1 ) AND ( `create_time` > 1462757948 ) LIMIT 1   [ RunTime:0.000000s ]
SQL: SHOW COLUMNS FROM `onethink_member` [ RunTime:0.010000s ]
SQL: UPDATE `onethink_member` SET `score`=score+10 WHERE ( uid=1 AND status>-1 ) [ RunTime:0.000000s ]
SQL: UPDATE `onethink_member` SET `login`=`login`+1,`last_login_time`=1462844348,`last_login_ip`='2130706433' WHERE ( `uid` = 1 ) [ RunTime:0.000000s ]

[ 2016-05-10T09:39:08+08:00 ] 127.0.0.1 /onethink1/index.php?s=/Admin/Index/index.html
NOTIC: [8192] mysql_connect(): The mysql extension is deprecated and will be removed in the future: use mysqli or PDO instead F:\Ruanjian\wamp\www\onethink1\ThinkPHP\Library\Think\Db\Driver\Mysql.class.php 第 52 行.
SQL: SHOW COLUMNS FROM `onethink_menu` [ RunTime:0.010000s ]
SQL: SELECT * FROM `onethink_menu` WHERE ( `pid` = 0 ) AND ( `hide` = 0 ) ORDER BY sort asc  [ RunTime:0.000000s ]
SQL: SELECT `id` FROM `onethink_menu` WHERE ( url like '%Index/index%' ) LIMIT 1   [ RunTime:0.000000s ]
SQL: SHOW COLUMNS FROM `onethink_menu` [ RunTime:0.000000s ]
SQL: SELECT `id`,`pid`,`title` FROM `onethink_menu` WHERE ( id=1 ) LIMIT 1   [ RunTime:0.000000s ]
SQL: SELECT DISTINCT  `group` FROM `onethink_menu` WHERE ( pid = 1 )  [ RunTime:0.010000s ]
SQL: SELECT `id`,`url` FROM `onethink_menu` WHERE ( `pid` = 1 ) AND ( `hide` = 0 )  [ RunTime:0.000000s ]
INFO: [ view_parse ] --START--
INFO: [ template_filter ] --START--
INFO: Run Behavior\ContentReplace [ RunTime:0.000000s ]
INFO: [ template_filter ] --END-- [ RunTime:0.000000s ]
INFO: [ AdminIndex ] --START--
SQL: SHOW COLUMNS FROM `onethink_addons` [ RunTime:0.010000s ]
SQL: SELECT `config` FROM `onethink_addons` WHERE ( `name` = 'SiteStat' ) AND ( `status` = 1 ) LIMIT 1   [ RunTime:0.000000s ]
SQL: SHOW COLUMNS FROM `onethink_member` [ RunTime:0.000000s ]
SQL: SELECT COUNT(*) AS tp_count FROM `onethink_member` LIMIT 1   [ RunTime:0.000000s ]
SQL: SHOW COLUMNS FROM `onethink_action_log` [ RunTime:0.000000s ]
SQL: SELECT COUNT(*) AS tp_count FROM `onethink_action_log` LIMIT 1   [ RunTime:0.000000s ]
SQL: SHOW COLUMNS FROM `onethink_document` [ RunTime:0.010000s ]
SQL: SELECT COUNT(*) AS tp_count FROM `onethink_document` LIMIT 1   [ RunTime:0.000000s ]
SQL: SHOW COLUMNS FROM `onethink_category` [ RunTime:0.010000s ]
SQL: SELECT COUNT(*) AS tp_count FROM `onethink_category` LIMIT 1   [ RunTime:0.000000s ]
SQL: SHOW COLUMNS FROM `onethink_model` [ RunTime:0.010000s ]
SQL: SELECT COUNT(*) AS tp_count FROM `onethink_model` LIMIT 1   [ RunTime:0.000000s ]
INFO: [ view_parse ] --START--
INFO: [ template_filter ] --START--
INFO: Run Behavior\ContentReplace [ RunTime:0.000000s ]
INFO: [ template_filter ] --END-- [ RunTime:-0.090000s ]
INFO: Run Behavior\ParseTemplate [ RunTime:0.010000s ]
INFO: [ view_parse ] --END-- [ RunTime:0.010000s ]
INFO: [ view_filter ] --START--
INFO: Run Behavior\WriteHtmlCache [ RunTime:0.000000s ]
INFO: [ view_filter ] --END-- [ RunTime:0.000000s ]
INFO: Run SiteStat [ RunTime:0.060000s ]
SQL: SELECT `config` FROM `onethink_addons` WHERE ( `name` = 'SystemInfo' ) AND ( `status` = 1 ) LIMIT 1   [ RunTime:0.010000s ]
INFO: [ view_parse ] --START--
INFO: [ template_filter ] --START--
INFO: Run Behavior\ContentReplace [ RunTime:0.000000s ]
INFO: [ template_filter ] --END-- [ RunTime:-0.140000s ]
SQL: select version() as v; [ RunTime:0.000000s ]
INFO: Run Behavior\ParseTemplate [ RunTime:0.010000s ]
INFO: [ view_parse ] --END-- [ RunTime:-0.050000s ]
INFO: [ view_filter ] --START--
INFO: Run Behavior\WriteHtmlCache [ RunTime:0.000000s ]
INFO: [ view_filter ] --END-- [ RunTime:-0.060000s ]
INFO: Run SystemInfo [ RunTime:0.060000s ]
SQL: SELECT `config` FROM `onethink_addons` WHERE ( `name` = 'DevTeam' ) AND ( `status` = 1 ) LIMIT 1   [ RunTime:0.000000s ]
INFO: [ view_parse ] --START--
INFO: [ template_filter ] --START--
INFO: Run Behavior\ContentReplace [ RunTime:0.000000s ]
INFO: [ template_filter ] --END-- [ RunTime:-0.160000s ]
INFO: Run Behavior\ParseTemplate [ RunTime:0.010000s ]
INFO: [ view_parse ] --END-- [ RunTime:-0.070000s ]
INFO: [ view_filter ] --START--
INFO: Run Behavior\WriteHtmlCache [ RunTime:0.000000s ]
INFO: [ view_filter ] --END-- [ RunTime:-0.080000s ]
INFO: Run DevTeam [ RunTime:0.020000s ]
INFO: [ AdminIndex ] --END-- [ RunTime:0.140000s ]
INFO: Run Behavior\ParseTemplate [ RunTime:0.010000s ]
INFO: [ view_parse ] --END-- [ RunTime:-0.070000s ]
INFO: [ view_filter ] --START--
INFO: Run Behavior\WriteHtmlCache [ RunTime:0.000000s ]
INFO: [ view_filter ] --END-- [ RunTime:-0.080000s ]
INFO: [ app_end ] --START--
INFO: Run Behavior\ShowPageTrace [ RunTime:0.000000s ]
INFO: [ app_end ] --END-- [ RunTime:0.000000s ]

[ 2016-05-10T09:39:12+08:00 ] 127.0.0.1 /onethink1/index.php?s=/Admin/Article/mydocument.html
NOTIC: [8192] mysql_connect(): The mysql extension is deprecated and will be removed in the future: use mysqli or PDO instead F:\Ruanjian\wamp\www\onethink1\ThinkPHP\Library\Think\Db\Driver\Mysql.class.php 第 52 行.
SQL: SHOW COLUMNS FROM `onethink_menu` [ RunTime:0.010000s ]
SQL: SELECT * FROM `onethink_menu` WHERE ( `pid` = 0 ) AND ( `hide` = 0 ) ORDER BY sort asc  [ RunTime:0.000000s ]
SQL: SELECT `id` FROM `onethink_menu` WHERE ( url like '%Article/mydocument%' ) LIMIT 1   [ RunTime:0.000000s ]
SQL: SHOW COLUMNS FROM `onethink_menu` [ RunTime:0.010000s ]
SQL: SELECT `id`,`pid`,`title` FROM `onethink_menu` WHERE ( id=2 ) LIMIT 1   [ RunTime:0.000000s ]
SQL: SELECT DISTINCT  `group` FROM `onethink_menu` WHERE ( pid = 2 )  [ RunTime:0.000000s ]
SQL: SELECT `id`,`url` FROM `onethink_menu` WHERE ( `pid` = 2 ) AND ( `hide` = 0 )  [ RunTime:0.000000s ]
SQL: SELECT `id`,`pid`,`title`,`url`,`tip` FROM `onethink_menu` WHERE ( `group` = '内容' ) AND ( `pid` = 2 ) AND ( `hide` = 0 ) ORDER BY sort asc  [ RunTime:0.000000s ]
SQL: SHOW COLUMNS FROM `onethink_auth_group_access` [ RunTime:0.010000s ]
SQL: SELECT `extend_id` FROM onethink_auth_group_access g INNER JOIN onethink_auth_extend c on g.group_id=c.group_id  WHERE ( g.uid='1' and c.type='1' and !isnull(extend_id) )  [ RunTime:0.080000s ]
SQL: SHOW COLUMNS FROM `onethink_category` [ RunTime:0.000000s ]
SQL: SELECT `id`,`title`,`pid`,`allow_publish` FROM `onethink_category` WHERE ( `status` = 1 ) ORDER BY pid,sort  [ RunTime:0.000000s ]
SQL: SHOW COLUMNS FROM `onethink_document` [ RunTime:0.010000s ]
SQL: SELECT COUNT(*) AS tp_count FROM `onethink_document` WHERE ( `status` IN ('0','1','2') ) AND ( `uid` = 1 ) AND ( `pid` = 0 ) LIMIT 1   [ RunTime:0.020000s ]
SQL: SELECT `id`,`uid`,`name`,`title`,`category_id`,`description`,`root`,`pid`,`model_id`,`type`,`position`,`link_id`,`cover_id`,`display`,`deadline`,`attach`,`view`,`comment`,`extend`,`level`,`create_time`,`update_time`,`status` FROM `onethink_document` WHERE ( `status` IN ('0','1','2') ) AND ( `uid` = 1 ) AND ( `pid` = 0 ) ORDER BY update_time desc LIMIT 0,10   [ RunTime:0.000000s ]
INFO: [ view_parse ] --START--
INFO: [ template_filter ] --START--
INFO: Run Behavior\ContentReplace [ RunTime:0.000000s ]
INFO: [ template_filter ] --END-- [ RunTime:0.000000s ]
SQL: SHOW COLUMNS FROM `onethink_document` [ RunTime:0.010000s ]
SQL: SELECT COUNT(*) AS tp_count FROM `onethink_document` WHERE ( pid=1 ) LIMIT 1   [ RunTime:0.000000s ]
SQL: SELECT `title` FROM `onethink_category` WHERE ( id=2 ) LIMIT 1   [ RunTime:0.000000s ]
INFO: Run Behavior\ParseTemplate [ RunTime:0.200000s ]
INFO: [ view_parse ] --END-- [ RunTime:0.200000s ]
INFO: [ view_filter ] --START--
INFO: Run Behavior\WriteHtmlCache [ RunTime:0.010000s ]
INFO: [ view_filter ] --END-- [ RunTime:0.010000s ]
INFO: [ app_end ] --START--
INFO: Run Behavior\ShowPageTrace [ RunTime:0.000000s ]
INFO: [ app_end ] --END-- [ RunTime:0.000000s ]

[ 2016-05-10T09:39:14+08:00 ] 127.0.0.1 /onethink1/index.php?s=/Admin/User/index.html
NOTIC: [8192] mysql_connect(): The mysql extension is deprecated and will be removed in the future: use mysqli or PDO instead F:\Ruanjian\wamp\www\onethink1\ThinkPHP\Library\Think\Db\Driver\Mysql.class.php 第 52 行.
SQL: SHOW COLUMNS FROM `onethink_menu` [ RunTime:0.000000s ]
SQL: SELECT * FROM `onethink_menu` WHERE ( `pid` = 0 ) AND ( `hide` = 0 ) ORDER BY sort asc  [ RunTime:0.000000s ]
SQL: SELECT `id` FROM `onethink_menu` WHERE ( url like '%User/index%' ) LIMIT 1   [ RunTime:0.000000s ]
SQL: SHOW COLUMNS FROM `onethink_menu` [ RunTime:0.010000s ]
SQL: SELECT `id`,`pid`,`title` FROM `onethink_menu` WHERE ( id=16 ) LIMIT 1   [ RunTime:0.000000s ]
SQL: SELECT DISTINCT  `group` FROM `onethink_menu` WHERE ( pid = 16 )  [ RunTime:0.000000s ]
SQL: SELECT `id`,`url` FROM `onethink_menu` WHERE ( `pid` = 16 ) AND ( `hide` = 0 )  [ RunTime:0.000000s ]
SQL: SELECT `id`,`pid`,`title`,`url`,`tip` FROM `onethink_menu` WHERE ( `group` = '用户管理' ) AND ( `pid` = 16 ) AND ( `hide` = 0 ) ORDER BY sort asc  [ RunTime:0.010000s ]
SQL: SELECT `id`,`pid`,`title`,`url`,`tip` FROM `onethink_menu` WHERE ( `group` = '行为管理' ) AND ( `pid` = 16 ) AND ( `hide` = 0 ) ORDER BY sort asc  [ RunTime:0.000000s ]
SQL: SELECT `id`,`pid`,`title`,`url`,`tip` FROM `onethink_menu` WHERE ( `group` = '' ) AND ( `pid` = 16 ) AND ( `hide` = 0 ) ORDER BY sort asc  [ RunTime:0.000000s ]
SQL: SELECT `id`,`pid`,`title`,`url`,`tip` FROM `onethink_menu` WHERE ( `group` = '信息审核' ) AND ( `pid` = 16 ) AND ( `hide` = 0 ) ORDER BY sort asc  [ RunTime:0.000000s ]
SQL: SELECT `id`,`pid`,`title`,`url`,`tip` FROM `onethink_menu` WHERE ( `group` = '数据分析' ) AND ( `pid` = 16 ) AND ( `hide` = 0 ) ORDER BY sort asc  [ RunTime:0.000000s ]
SQL: SHOW COLUMNS FROM `onethink_member` [ RunTime:0.000000s ]
SQL: SELECT COUNT(*) AS tp_count FROM `onethink_member` WHERE ( `status` >= 0 ) AND ( `nickname` LIKE '%%' ) LIMIT 1   [ RunTime:0.010000s ]
SQL: SELECT `uid`,`nickname`,`sex`,`birthday`,`qq`,`score`,`login`,`reg_ip`,`reg_time`,`last_login_ip`,`last_login_time`,`status` FROM `onethink_member` WHERE ( `status` >= 0 ) AND ( `nickname` LIKE '%%' ) ORDER BY uid desc LIMIT 0,10   [ RunTime:0.000000s ]
INFO: [ view_parse ] --START--
INFO: [ template_filter ] --START--
INFO: Run Behavior\ContentReplace [ RunTime:0.000000s ]
INFO: [ template_filter ] --END-- [ RunTime:0.000000s ]
NOTIC: [8] Undefined index: identity F:\Ruanjian\wamp\www\onethink1\Runtime\Cache\Admin\65e605872ed5d34210f5b33beb13f5a3.php 第 142 行.
NOTIC: [8] Undefined index: identity F:\Ruanjian\wamp\www\onethink1\Runtime\Cache\Admin\65e605872ed5d34210f5b33beb13f5a3.php 第 142 行.
NOTIC: [8] Undefined index: identity F:\Ruanjian\wamp\www\onethink1\Runtime\Cache\Admin\65e605872ed5d34210f5b33beb13f5a3.php 第 142 行.
NOTIC: [8] Undefined index: identity F:\Ruanjian\wamp\www\onethink1\Runtime\Cache\Admin\65e605872ed5d34210f5b33beb13f5a3.php 第 142 行.
NOTIC: [8] Undefined index: identity F:\Ruanjian\wamp\www\onethink1\Runtime\Cache\Admin\65e605872ed5d34210f5b33beb13f5a3.php 第 142 行.
NOTIC: [8] Undefined index: identity F:\Ruanjian\wamp\www\onethink1\Runtime\Cache\Admin\65e605872ed5d34210f5b33beb13f5a3.php 第 142 行.
NOTIC: [8] Undefined index: identity F:\Ruanjian\wamp\www\onethink1\Runtime\Cache\Admin\65e605872ed5d34210f5b33beb13f5a3.php 第 142 行.
NOTIC: [8] Undefined index: identity F:\Ruanjian\wamp\www\onethink1\Runtime\Cache\Admin\65e605872ed5d34210f5b33beb13f5a3.php 第 142 行.
NOTIC: [8] Undefined index: identity F:\Ruanjian\wamp\www\onethink1\Runtime\Cache\Admin\65e605872ed5d34210f5b33beb13f5a3.php 第 142 行.
NOTIC: [8] Undefined index: identity F:\Ruanjian\wamp\www\onethink1\Runtime\Cache\Admin\65e605872ed5d34210f5b33beb13f5a3.php 第 142 行.
INFO: Run Behavior\ParseTemplate [ RunTime:0.090000s ]
INFO: [ view_parse ] --END-- [ RunTime:0.090000s ]
INFO: [ view_filter ] --START--
INFO: Run Behavior\WriteHtmlCache [ RunTime:0.000000s ]
INFO: [ view_filter ] --END-- [ RunTime:0.010000s ]
INFO: [ app_end ] --START--
INFO: Run Behavior\ShowPageTrace [ RunTime:0.000000s ]
INFO: [ app_end ] --END-- [ RunTime:0.000000s ]

[ 2016-05-10T09:39:15+08:00 ] 127.0.0.1 /onethink1/index.php?s=/Admin/Config/group.html
NOTIC: [8192] mysql_connect(): The mysql extension is deprecated and will be removed in the future: use mysqli or PDO instead F:\Ruanjian\wamp\www\onethink1\ThinkPHP\Library\Think\Db\Driver\Mysql.class.php 第 52 行.
SQL: SHOW COLUMNS FROM `onethink_menu` [ RunTime:0.000000s ]
SQL: SELECT * FROM `onethink_menu` WHERE ( `pid` = 0 ) AND ( `hide` = 0 ) ORDER BY sort asc  [ RunTime:0.000000s ]
SQL: SELECT `id` FROM `onethink_menu` WHERE ( url like '%Config/group%' ) LIMIT 1   [ RunTime:0.000000s ]
SQL: SHOW COLUMNS FROM `onethink_menu` [ RunTime:0.000000s ]
SQL: SELECT `id`,`pid`,`title` FROM `onethink_menu` WHERE ( id=68 ) LIMIT 1   [ RunTime:0.000000s ]
SQL: SELECT DISTINCT  `group` FROM `onethink_menu` WHERE ( pid = 68 )  [ RunTime:0.000000s ]
SQL: SELECT `id`,`url` FROM `onethink_menu` WHERE ( `pid` = 68 ) AND ( `hide` = 0 )  [ RunTime:0.000000s ]
SQL: SELECT `id`,`pid`,`title`,`url`,`tip` FROM `onethink_menu` WHERE ( `group` = '系统设置' ) AND ( `pid` = 68 ) AND ( `hide` = 0 ) ORDER BY sort asc  [ RunTime:0.010000s ]
SQL: SELECT `id`,`pid`,`title`,`url`,`tip` FROM `onethink_menu` WHERE ( `group` = '' ) AND ( `pid` = 68 ) AND ( `hide` = 0 ) ORDER BY sort asc  [ RunTime:0.000000s ]
SQL: SELECT `id`,`pid`,`title`,`url`,`tip` FROM `onethink_menu` WHERE ( `group` = '数据备份' ) AND ( `pid` = 68 ) AND ( `hide` = 0 ) ORDER BY sort asc  [ RunTime:0.000000s ]
SQL: SHOW COLUMNS FROM `onethink_config` [ RunTime:0.130000s ]
SQL: SELECT `id`,`name`,`title`,`extra`,`value`,`remark`,`type` FROM `onethink_config` WHERE ( `status` = 1 ) AND ( `group` = 1 ) ORDER BY sort  [ RunTime:0.030000s ]
INFO: [ view_parse ] --START--
INFO: [ template_filter ] --START--
INFO: Run Behavior\ContentReplace [ RunTime:0.000000s ]
INFO: [ template_filter ] --END-- [ RunTime:0.010000s ]
INFO: Run Behavior\ParseTemplate [ RunTime:0.140000s ]
INFO: [ view_parse ] --END-- [ RunTime:0.140000s ]
INFO: [ view_filter ] --START--
INFO: Run Behavior\WriteHtmlCache [ RunTime:0.000000s ]
INFO: [ view_filter ] --END-- [ RunTime:0.000000s ]
INFO: [ app_end ] --START--
INFO: Run Behavior\ShowPageTrace [ RunTime:0.000000s ]
INFO: [ app_end ] --END-- [ RunTime:0.000000s ]

[ 2016-05-10T09:39:17+08:00 ] 127.0.0.1 /onethink1/index.php?s=/Admin/User/index.html
NOTIC: [8192] mysql_connect(): The mysql extension is deprecated and will be removed in the future: use mysqli or PDO instead F:\Ruanjian\wamp\www\onethink1\ThinkPHP\Library\Think\Db\Driver\Mysql.class.php 第 52 行.
SQL: SHOW COLUMNS FROM `onethink_menu` [ RunTime:0.010000s ]
SQL: SELECT * FROM `onethink_menu` WHERE ( `pid` = 0 ) AND ( `hide` = 0 ) ORDER BY sort asc  [ RunTime:0.000000s ]
SQL: SELECT `id` FROM `onethink_menu` WHERE ( url like '%User/index%' ) LIMIT 1   [ RunTime:0.000000s ]
SQL: SHOW COLUMNS FROM `onethink_menu` [ RunTime:0.000000s ]
SQL: SELECT `id`,`pid`,`title` FROM `onethink_menu` WHERE ( id=16 ) LIMIT 1   [ RunTime:0.000000s ]
SQL: SELECT DISTINCT  `group` FROM `onethink_menu` WHERE ( pid = 16 )  [ RunTime:0.000000s ]
SQL: SELECT `id`,`url` FROM `onethink_menu` WHERE ( `pid` = 16 ) AND ( `hide` = 0 )  [ RunTime:0.000000s ]
SQL: SELECT `id`,`pid`,`title`,`url`,`tip` FROM `onethink_menu` WHERE ( `group` = '用户管理' ) AND ( `pid` = 16 ) AND ( `hide` = 0 ) ORDER BY sort asc  [ RunTime:0.000000s ]
SQL: SELECT `id`,`pid`,`title`,`url`,`tip` FROM `onethink_menu` WHERE ( `group` = '行为管理' ) AND ( `pid` = 16 ) AND ( `hide` = 0 ) ORDER BY sort asc  [ RunTime:0.000000s ]
SQL: SELECT `id`,`pid`,`title`,`url`,`tip` FROM `onethink_menu` WHERE ( `group` = '' ) AND ( `pid` = 16 ) AND ( `hide` = 0 ) ORDER BY sort asc  [ RunTime:0.000000s ]
SQL: SELECT `id`,`pid`,`title`,`url`,`tip` FROM `onethink_menu` WHERE ( `group` = '信息审核' ) AND ( `pid` = 16 ) AND ( `hide` = 0 ) ORDER BY sort asc  [ RunTime:0.000000s ]
SQL: SELECT `id`,`pid`,`title`,`url`,`tip` FROM `onethink_menu` WHERE ( `group` = '数据分析' ) AND ( `pid` = 16 ) AND ( `hide` = 0 ) ORDER BY sort asc  [ RunTime:0.000000s ]
SQL: SHOW COLUMNS FROM `onethink_member` [ RunTime:0.010000s ]
SQL: SELECT COUNT(*) AS tp_count FROM `onethink_member` WHERE ( `status` >= 0 ) AND ( `nickname` LIKE '%%' ) LIMIT 1   [ RunTime:0.000000s ]
SQL: SELECT `uid`,`nickname`,`sex`,`birthday`,`qq`,`score`,`login`,`reg_ip`,`reg_time`,`last_login_ip`,`last_login_time`,`status` FROM `onethink_member` WHERE ( `status` >= 0 ) AND ( `nickname` LIKE '%%' ) ORDER BY uid desc LIMIT 0,10   [ RunTime:0.010000s ]
INFO: [ view_parse ] --START--
INFO: [ template_filter ] --START--
INFO: Run Behavior\ContentReplace [ RunTime:0.000000s ]
INFO: [ template_filter ] --END-- [ RunTime:0.000000s ]
NOTIC: [8] Undefined index: identity F:\Ruanjian\wamp\www\onethink1\Runtime\Cache\Admin\65e605872ed5d34210f5b33beb13f5a3.php 第 142 行.
NOTIC: [8] Undefined index: identity F:\Ruanjian\wamp\www\onethink1\Runtime\Cache\Admin\65e605872ed5d34210f5b33beb13f5a3.php 第 142 行.
NOTIC: [8] Undefined index: identity F:\Ruanjian\wamp\www\onethink1\Runtime\Cache\Admin\65e605872ed5d34210f5b33beb13f5a3.php 第 142 行.
NOTIC: [8] Undefined index: identity F:\Ruanjian\wamp\www\onethink1\Runtime\Cache\Admin\65e605872ed5d34210f5b33beb13f5a3.php 第 142 行.
NOTIC: [8] Undefined index: identity F:\Ruanjian\wamp\www\onethink1\Runtime\Cache\Admin\65e605872ed5d34210f5b33beb13f5a3.php 第 142 行.
NOTIC: [8] Undefined index: identity F:\Ruanjian\wamp\www\onethink1\Runtime\Cache\Admin\65e605872ed5d34210f5b33beb13f5a3.php 第 142 行.
NOTIC: [8] Undefined index: identity F:\Ruanjian\wamp\www\onethink1\Runtime\Cache\Admin\65e605872ed5d34210f5b33beb13f5a3.php 第 142 行.
NOTIC: [8] Undefined index: identity F:\Ruanjian\wamp\www\onethink1\Runtime\Cache\Admin\65e605872ed5d34210f5b33beb13f5a3.php 第 142 行.
NOTIC: [8] Undefined index: identity F:\Ruanjian\wamp\www\onethink1\Runtime\Cache\Admin\65e605872ed5d34210f5b33beb13f5a3.php 第 142 行.
NOTIC: [8] Undefined index: identity F:\Ruanjian\wamp\www\onethink1\Runtime\Cache\Admin\65e605872ed5d34210f5b33beb13f5a3.php 第 142 行.
INFO: Run Behavior\ParseTemplate [ RunTime:0.140000s ]
INFO: [ view_parse ] --END-- [ RunTime:0.140000s ]
INFO: [ view_filter ] --START--
INFO: Run Behavior\WriteHtmlCache [ RunTime:0.000000s ]
INFO: [ view_filter ] --END-- [ RunTime:0.000000s ]
INFO: [ app_end ] --START--
INFO: Run Behavior\ShowPageTrace [ RunTime:0.000000s ]
INFO: [ app_end ] --END-- [ RunTime:0.000000s ]

[ 2016-05-10T09:39:18+08:00 ] 127.0.0.1 /onethink1/index.php?s=/Admin/AuthManager/index.html
NOTIC: [8192] mysql_connect(): The mysql extension is deprecated and will be removed in the future: use mysqli or PDO instead F:\Ruanjian\wamp\www\onethink1\ThinkPHP\Library\Think\Db\Driver\Mysql.class.php 第 52 行.
SQL: SHOW COLUMNS FROM `onethink_menu` [ RunTime:0.000000s ]
SQL: SELECT * FROM `onethink_menu` WHERE ( `pid` = 0 ) AND ( `hide` = 0 ) ORDER BY sort asc  [ RunTime:0.000000s ]
SQL: SELECT `id` FROM `onethink_menu` WHERE ( url like '%AuthManager/index%' ) LIMIT 1   [ RunTime:0.000000s ]
SQL: SHOW COLUMNS FROM `onethink_menu` [ RunTime:0.000000s ]
SQL: SELECT `id`,`pid`,`title` FROM `onethink_menu` WHERE ( id=27 ) LIMIT 1   [ RunTime:0.000000s ]
SQL: SELECT `id`,`pid`,`title` FROM `onethink_menu` WHERE ( id=16 ) LIMIT 1   [ RunTime:0.000000s ]
SQL: SELECT DISTINCT  `group` FROM `onethink_menu` WHERE ( pid = 16 )  [ RunTime:0.000000s ]
SQL: SELECT `id`,`url` FROM `onethink_menu` WHERE ( `pid` = 16 ) AND ( `hide` = 0 )  [ RunTime:0.010000s ]
SQL: SELECT `id`,`pid`,`title`,`url`,`tip` FROM `onethink_menu` WHERE ( `group` = '用户管理' ) AND ( `pid` = 16 ) AND ( `hide` = 0 ) ORDER BY sort asc  [ RunTime:0.000000s ]
SQL: SELECT `id`,`pid`,`title`,`url`,`tip` FROM `onethink_menu` WHERE ( `group` = '行为管理' ) AND ( `pid` = 16 ) AND ( `hide` = 0 ) ORDER BY sort asc  [ RunTime:0.000000s ]
SQL: SELECT `id`,`pid`,`title`,`url`,`tip` FROM `onethink_menu` WHERE ( `group` = '' ) AND ( `pid` = 16 ) AND ( `hide` = 0 ) ORDER BY sort asc  [ RunTime:0.010000s ]
SQL: SELECT `id`,`pid`,`title`,`url`,`tip` FROM `onethink_menu` WHERE ( `group` = '信息审核' ) AND ( `pid` = 16 ) AND ( `hide` = 0 ) ORDER BY sort asc  [ RunTime:0.000000s ]
SQL: SELECT `id`,`pid`,`title`,`url`,`tip` FROM `onethink_menu` WHERE ( `group` = '数据分析' ) AND ( `pid` = 16 ) AND ( `hide` = 0 ) ORDER BY sort asc  [ RunTime:0.000000s ]
SQL: SHOW COLUMNS FROM `onethink_auth_group` [ RunTime:0.010000s ]
SQL: SELECT COUNT(*) AS tp_count FROM `onethink_auth_group` WHERE ( `status` >= 0 ) AND ( `module` = 'admin' ) LIMIT 1   [ RunTime:0.000000s ]
SQL: SELECT `id`,`module`,`type`,`title`,`description`,`status`,`rules` FROM `onethink_auth_group` WHERE ( `status` >= 0 ) AND ( `module` = 'admin' ) ORDER BY id asc LIMIT 0,10   [ RunTime:0.000000s ]
INFO: [ view_parse ] --START--
INFO: [ template_filter ] --START--
INFO: Run Behavior\ContentReplace [ RunTime:0.010000s ]
INFO: [ template_filter ] --END-- [ RunTime:0.010000s ]
INFO: Run Behavior\ParseTemplate [ RunTime:0.140000s ]
INFO: [ view_parse ] --END-- [ RunTime:0.140000s ]
INFO: [ view_filter ] --START--
INFO: Run Behavior\WriteHtmlCache [ RunTime:0.000000s ]
INFO: [ view_filter ] --END-- [ RunTime:0.000000s ]
INFO: [ app_end ] --START--
INFO: Run Behavior\ShowPageTrace [ RunTime:0.010000s ]
INFO: [ app_end ] --END-- [ RunTime:0.010000s ]

[ 2016-05-10T09:39:24+08:00 ] 127.0.0.1 /onethink1/index.php?s=/Admin/AuthManager/access/group_name/%E4%BB%A3%E7%90%86%E4%BA%BA/group_id/3.html
NOTIC: [8192] mysql_connect(): The mysql extension is deprecated and will be removed in the future: use mysqli or PDO instead F:\Ruanjian\wamp\www\onethink1\ThinkPHP\Library\Think\Db\Driver\Mysql.class.php 第 52 行.
SQL: SHOW COLUMNS FROM `onethink_menu` [ RunTime:0.010000s ]
SQL: SELECT * FROM `onethink_menu` WHERE ( `pid` = 0 ) AND ( `hide` = 0 ) ORDER BY sort asc  [ RunTime:0.000000s ]
SQL: SELECT `id` FROM `onethink_menu` WHERE ( url like '%AuthManager/access%' ) LIMIT 1   [ RunTime:0.000000s ]
SQL: SHOW COLUMNS FROM `onethink_menu` [ RunTime:0.010000s ]
SQL: SELECT `id`,`pid`,`title` FROM `onethink_menu` WHERE ( id=35 ) LIMIT 1   [ RunTime:0.000000s ]
SQL: SELECT `id`,`pid`,`title` FROM `onethink_menu` WHERE ( id=27 ) LIMIT 1   [ RunTime:0.000000s ]
SQL: SELECT `id`,`pid`,`title` FROM `onethink_menu` WHERE ( id=16 ) LIMIT 1   [ RunTime:0.000000s ]
SQL: SELECT DISTINCT  `group` FROM `onethink_menu` WHERE ( pid = 16 )  [ RunTime:0.000000s ]
SQL: SELECT `id`,`url` FROM `onethink_menu` WHERE ( `pid` = 16 ) AND ( `hide` = 0 )  [ RunTime:0.000000s ]
SQL: SELECT `id`,`pid`,`title`,`url`,`tip` FROM `onethink_menu` WHERE ( `group` = '用户管理' ) AND ( `pid` = 16 ) AND ( `hide` = 0 ) ORDER BY sort asc  [ RunTime:0.000000s ]
SQL: SELECT `id`,`pid`,`title`,`url`,`tip` FROM `onethink_menu` WHERE ( `group` = '行为管理' ) AND ( `pid` = 16 ) AND ( `hide` = 0 ) ORDER BY sort asc  [ RunTime:0.000000s ]
SQL: SELECT `id`,`pid`,`title`,`url`,`tip` FROM `onethink_menu` WHERE ( `group` = '' ) AND ( `pid` = 16 ) AND ( `hide` = 0 ) ORDER BY sort asc  [ RunTime:0.000000s ]
SQL: SELECT `id`,`pid`,`title`,`url`,`tip` FROM `onethink_menu` WHERE ( `group` = '信息审核' ) AND ( `pid` = 16 ) AND ( `hide` = 0 ) ORDER BY sort asc  [ RunTime:0.000000s ]
SQL: SELECT `id`,`pid`,`title`,`url`,`tip` FROM `onethink_menu` WHERE ( `group` = '数据分析' ) AND ( `pid` = 16 ) AND ( `hide` = 0 ) ORDER BY sort asc  [ RunTime:0.000000s ]
SQL: SELECT `title`,`url`,`tip`,`pid` FROM `onethink_menu` ORDER BY sort asc  [ RunTime:0.000000s ]
SQL: SHOW COLUMNS FROM `onethink_auth_rule` [ RunTime:0.010000s ]
SQL: SELECT * FROM `onethink_auth_rule` WHERE ( `module` = 'admin' ) AND ( `type` IN ('1','2') ) ORDER BY name  [ RunTime:0.000000s ]
SQL: SHOW COLUMNS FROM `onethink_auth_group` [ RunTime:0.010000s ]
SQL: SELECT `id`,`id`,`title`,`rules` FROM `onethink_auth_group` WHERE ( `status` >= '0' ) AND ( `module` = 'admin' ) AND ( `type` = 1 )  [ RunTime:0.000000s ]
SQL: SELECT `id`,`pid`,`title`,`url`,`tip`,`hide` FROM `onethink_menu` ORDER BY sort asc  [ RunTime:0.000000s ]
SQL: SELECT `name`,`id` FROM `onethink_auth_rule` WHERE ( `module` = 'admin' ) AND ( `type` = 2 ) AND ( `status` = 1 )  [ RunTime:0.000000s ]
SQL: SELECT `name`,`id` FROM `onethink_auth_rule` WHERE ( `module` = 'admin' ) AND ( `type` = 1 ) AND ( `status` = 1 )  [ RunTime:0.010000s ]
INFO: [ view_parse ] --START--
INFO: [ template_filter ] --START--
INFO: Run Behavior\ContentReplace [ RunTime:0.000000s ]
INFO: [ template_filter ] --END-- [ RunTime:0.000000s ]
INFO: Run Behavior\ParseTemplate [ RunTime:0.190000s ]
INFO: [ view_parse ] --END-- [ RunTime:0.190000s ]
INFO: [ view_filter ] --START--
INFO: Run Behavior\WriteHtmlCache [ RunTime:0.000000s ]
INFO: [ view_filter ] --END-- [ RunTime:0.000000s ]
INFO: [ app_end ] --START--
INFO: Run Behavior\ShowPageTrace [ RunTime:0.010000s ]
INFO: [ app_end ] --END-- [ RunTime:0.010000s ]

[ 2016-05-10T09:39:57+08:00 ] 127.0.0.1 /onethink1/index.php?s=/Admin/User/index.html
NOTIC: [8192] mysql_connect(): The mysql extension is deprecated and will be removed in the future: use mysqli or PDO instead F:\Ruanjian\wamp\www\onethink1\ThinkPHP\Library\Think\Db\Driver\Mysql.class.php 第 52 行.
SQL: SHOW COLUMNS FROM `onethink_menu` [ RunTime:0.010000s ]
SQL: SELECT * FROM `onethink_menu` WHERE ( `pid` = 0 ) AND ( `hide` = 0 ) ORDER BY sort asc  [ RunTime:0.000000s ]
SQL: SELECT `id` FROM `onethink_menu` WHERE ( url like '%User/index%' ) LIMIT 1   [ RunTime:0.000000s ]
SQL: SHOW COLUMNS FROM `onethink_menu` [ RunTime:0.000000s ]
SQL: SELECT `id`,`pid`,`title` FROM `onethink_menu` WHERE ( id=16 ) LIMIT 1   [ RunTime:0.000000s ]
SQL: SELECT DISTINCT  `group` FROM `onethink_menu` WHERE ( pid = 16 )  [ RunTime:0.000000s ]
SQL: SELECT `id`,`url` FROM `onethink_menu` WHERE ( `pid` = 16 ) AND ( `hide` = 0 )  [ RunTime:0.000000s ]
SQL: SELECT `id`,`pid`,`title`,`url`,`tip` FROM `onethink_menu` WHERE ( `group` = '用户管理' ) AND ( `pid` = 16 ) AND ( `hide` = 0 ) ORDER BY sort asc  [ RunTime:0.000000s ]
SQL: SELECT `id`,`pid`,`title`,`url`,`tip` FROM `onethink_menu` WHERE ( `group` = '行为管理' ) AND ( `pid` = 16 ) AND ( `hide` = 0 ) ORDER BY sort asc  [ RunTime:0.000000s ]
SQL: SELECT `id`,`pid`,`title`,`url`,`tip` FROM `onethink_menu` WHERE ( `group` = '' ) AND ( `pid` = 16 ) AND ( `hide` = 0 ) ORDER BY sort asc  [ RunTime:0.000000s ]
SQL: SELECT `id`,`pid`,`title`,`url`,`tip` FROM `onethink_menu` WHERE ( `group` = '信息审核' ) AND ( `pid` = 16 ) AND ( `hide` = 0 ) ORDER BY sort asc  [ RunTime:0.000000s ]
SQL: SELECT `id`,`pid`,`title`,`url`,`tip` FROM `onethink_menu` WHERE ( `group` = '数据分析' ) AND ( `pid` = 16 ) AND ( `hide` = 0 ) ORDER BY sort asc  [ RunTime:0.000000s ]
SQL: SHOW COLUMNS FROM `onethink_member` [ RunTime:0.010000s ]
SQL: SELECT COUNT(*) AS tp_count FROM `onethink_member` WHERE ( `status` >= 0 ) AND ( `nickname` LIKE '%%' ) LIMIT 1   [ RunTime:0.000000s ]
SQL: SELECT `uid`,`nickname`,`sex`,`birthday`,`qq`,`score`,`login`,`reg_ip`,`reg_time`,`last_login_ip`,`last_login_time`,`status` FROM `onethink_member` WHERE ( `status` >= 0 ) AND ( `nickname` LIKE '%%' ) ORDER BY uid desc LIMIT 0,10   [ RunTime:0.000000s ]
INFO: [ view_parse ] --START--
INFO: [ template_filter ] --START--
INFO: Run Behavior\ContentReplace [ RunTime:0.000000s ]
INFO: [ template_filter ] --END-- [ RunTime:0.000000s ]
NOTIC: [8] Undefined index: identity F:\Ruanjian\wamp\www\onethink1\Runtime\Cache\Admin\65e605872ed5d34210f5b33beb13f5a3.php 第 142 行.
NOTIC: [8] Undefined index: identity F:\Ruanjian\wamp\www\onethink1\Runtime\Cache\Admin\65e605872ed5d34210f5b33beb13f5a3.php 第 142 行.
NOTIC: [8] Undefined index: identity F:\Ruanjian\wamp\www\onethink1\Runtime\Cache\Admin\65e605872ed5d34210f5b33beb13f5a3.php 第 142 行.
NOTIC: [8] Undefined index: identity F:\Ruanjian\wamp\www\onethink1\Runtime\Cache\Admin\65e605872ed5d34210f5b33beb13f5a3.php 第 142 行.
NOTIC: [8] Undefined index: identity F:\Ruanjian\wamp\www\onethink1\Runtime\Cache\Admin\65e605872ed5d34210f5b33beb13f5a3.php 第 142 行.
NOTIC: [8] Undefined index: identity F:\Ruanjian\wamp\www\onethink1\Runtime\Cache\Admin\65e605872ed5d34210f5b33beb13f5a3.php 第 142 行.
NOTIC: [8] Undefined index: identity F:\Ruanjian\wamp\www\onethink1\Runtime\Cache\Admin\65e605872ed5d34210f5b33beb13f5a3.php 第 142 行.
NOTIC: [8] Undefined index: identity F:\Ruanjian\wamp\www\onethink1\Runtime\Cache\Admin\65e605872ed5d34210f5b33beb13f5a3.php 第 142 行.
NOTIC: [8] Undefined index: identity F:\Ruanjian\wamp\www\onethink1\Runtime\Cache\Admin\65e605872ed5d34210f5b33beb13f5a3.php 第 142 行.
NOTIC: [8] Undefined index: identity F:\Ruanjian\wamp\www\onethink1\Runtime\Cache\Admin\65e605872ed5d34210f5b33beb13f5a3.php 第 142 行.
INFO: Run Behavior\ParseTemplate [ RunTime:0.100000s ]
INFO: [ view_parse ] --END-- [ RunTime:0.100000s ]
INFO: [ view_filter ] --START--
INFO: Run Behavior\WriteHtmlCache [ RunTime:0.010000s ]
INFO: [ view_filter ] --END-- [ RunTime:0.010000s ]
INFO: [ app_end ] --START--
INFO: Run Behavior\ShowPageTrace [ RunTime:0.000000s ]
INFO: [ app_end ] --END-- [ RunTime:0.000000s ]

[ 2016-05-10T09:40:22+08:00 ] 127.0.0.1 /onethink1/index.php?s=/Admin/Public/login.html
INFO: [ view_parse ] --START--
INFO: [ template_filter ] --START--
INFO: Run Behavior\ContentReplace [ RunTime:0.000000s ]
INFO: [ template_filter ] --END-- [ RunTime:0.000000s ]
INFO: Run Behavior\ParseTemplate [ RunTime:0.030000s ]
INFO: [ view_parse ] --END-- [ RunTime:0.030000s ]
INFO: [ view_filter ] --START--
INFO: Run Behavior\WriteHtmlCache [ RunTime:0.000000s ]
INFO: [ view_filter ] --END-- [ RunTime:0.000000s ]
INFO: [ app_end ] --START--
INFO: Run Behavior\ShowPageTrace [ RunTime:0.000000s ]
INFO: [ app_end ] --END-- [ RunTime:0.000000s ]

