[ 2016-04-20T20:40:42+08:00 ] 127.0.0.1 /onethink1/index.php?s=/Admin/Public/login.html
INFO: [ view_parse ] --START--
INFO: [ template_filter ] --START--
INFO: Run Behavior\ContentReplace [ RunTime:0.000000s ]
INFO: [ template_filter ] --END-- [ RunTime:0.000000s ]
INFO: Run Behavior\ParseTemplate [ RunTime:0.218400s ]
INFO: [ view_parse ] --END-- [ RunTime:0.218400s ]
INFO: [ view_filter ] --START--
INFO: Run Behavior\WriteHtmlCache [ RunTime:0.015600s ]
INFO: [ view_filter ] --END-- [ RunTime:0.015600s ]
INFO: [ app_end ] --START--
INFO: Run Behavior\ShowPageTrace [ RunTime:0.015600s ]
INFO: [ app_end ] --END-- [ RunTime:0.015600s ]

[ 2016-04-20T20:40:57+08:00 ] 127.0.0.1 /onethink1/index.php?s=/Admin/Public/login.html
INFO: [ app_begin ] --START--
INFO: Run Behavior\ReadHtmlCache [ RunTime:0.000000s ]
INFO: [ app_begin ] --END-- [ RunTime:0.015600s ]

[ 2016-04-20T20:41:14+08:00 ] 127.0.0.1 /onethink1/index.php?s=/Admin/Public/login.html
INFO: [ app_begin ] --START--
INFO: Run Behavior\ReadHtmlCache [ RunTime:0.000000s ]
INFO: [ app_begin ] --END-- [ RunTime:0.000000s ]
SQL: SHOW COLUMNS FROM `onethink_ucenter_member` [ RunTime:0.577201s ]
SQL: SELECT * FROM `onethink_ucenter_member` WHERE ( `username` = 'admin' ) LIMIT 1   [ RunTime:0.218401s ]
SQL: UPDATE `onethink_ucenter_member` SET `last_login_time`=1461156069,`last_login_ip`='2130706433' WHERE ( `id` = 1 ) [ RunTime:0.109200s ]
NOTIC: [8192] mysql_connect(): The mysql extension is deprecated and will be removed in the future: use mysqli or PDO instead F:\Ruanjian\wamp\www\onethink1\ThinkPHP\Library\Think\Db\Driver\Mysql.class.php 第 52 行.
SQL: SHOW COLUMNS FROM `onethink_member` [ RunTime:0.462306s ]
SQL: SELECT `uid`,`nickname`,`sex`,`birthday`,`qq`,`score`,`login`,`reg_ip`,`reg_time`,`last_login_ip`,`last_login_time`,`status` FROM `onethink_member` WHERE ( `uid` = 1 ) LIMIT 1   [ RunTime:0.100001s ]
SQL: SHOW COLUMNS FROM `onethink_action` [ RunTime:0.142253s ]
SQL: SELECT * FROM `onethink_action` WHERE ( `name` = 'user_login' ) LIMIT 1   [ RunTime:0.107006s ]
SQL: SHOW COLUMNS FROM `onethink_action_log` [ RunTime:0.068003s ]
SQL: INSERT INTO `onethink_action_log` (`action_id`,`user_id`,`action_ip`,`model`,`record_id`,`create_time`,`remark`) VALUES (1,1,2130706433,'member',1,1461156069,'admin在2016-04-20 20:41登录了后台') [ RunTime:0.098005s ]
SQL: SELECT * FROM `onethink_action` WHERE ( `name` = 'user_login' ) LIMIT 1   [ RunTime:0.001000s ]
NOTIC: [8] Undefined offset: 1 F:\Ruanjian\wamp\www\onethink1\Application\Common\Common\function.php 第 665 行.
NOTIC: [2] array_key_exists() expects parameter 2 to be array, null given F:\Ruanjian\wamp\www\onethink1\Application\Common\Common\function.php 第 665 行.
SQL: SELECT COUNT(*) AS tp_count FROM `onethink_action_log` WHERE ( `action_id` = 1 ) AND ( `user_id` = 1 ) AND ( `create_time` > 1461069669 ) LIMIT 1   [ RunTime:0.248008s ]
SQL: SHOW COLUMNS FROM `onethink_member` [ RunTime:0.005000s ]
SQL: UPDATE `onethink_member` SET `score`=score+10 WHERE ( uid=1 AND status>-1 ) [ RunTime:0.001250s ]
SQL: UPDATE `onethink_member` SET `login`=`login`+1,`last_login_time`=1461156069,`last_login_ip`='2130706433' WHERE ( `uid` = 1 ) [ RunTime:0.001250s ]

[ 2016-04-20T20:41:16+08:00 ] 127.0.0.1 /onethink1/index.php?s=/Admin/Index/index.html
NOTIC: [8192] mysql_connect(): The mysql extension is deprecated and will be removed in the future: use mysqli or PDO instead F:\Ruanjian\wamp\www\onethink1\ThinkPHP\Library\Think\Db\Driver\Mysql.class.php 第 52 行.
SQL: SHOW COLUMNS FROM `onethink_menu` [ RunTime:0.057501s ]
SQL: SELECT * FROM `onethink_menu` WHERE ( `pid` = 0 ) AND ( `hide` = 0 ) ORDER BY sort asc  [ RunTime:0.017501s ]
SQL: SELECT `id` FROM `onethink_menu` WHERE ( url like '%Index/index%' ) LIMIT 1   [ RunTime:0.008750s ]
SQL: SHOW COLUMNS FROM `onethink_menu` [ RunTime:0.008750s ]
SQL: SELECT `id`,`pid`,`title` FROM `onethink_menu` WHERE ( id=1 ) LIMIT 1   [ RunTime:0.001250s ]
SQL: SELECT DISTINCT  `group` FROM `onethink_menu` WHERE ( pid = 1 )  [ RunTime:0.027501s ]
SQL: SELECT `id`,`url` FROM `onethink_menu` WHERE ( `pid` = 1 ) AND ( `hide` = 0 )  [ RunTime:0.000000s ]
INFO: [ view_parse ] --START--
INFO: [ template_filter ] --START--
INFO: Run Behavior\ContentReplace [ RunTime:0.002500s ]
INFO: [ template_filter ] --END-- [ RunTime:0.005000s ]
INFO: [ AdminIndex ] --START--
SQL: SHOW COLUMNS FROM `onethink_addons` [ RunTime:0.046800s ]
SQL: SELECT `config` FROM `onethink_addons` WHERE ( `name` = 'SiteStat' ) AND ( `status` = 1 ) LIMIT 1   [ RunTime:0.015600s ]
SQL: SHOW COLUMNS FROM `onethink_member` [ RunTime:0.000000s ]
SQL: SELECT COUNT(*) AS tp_count FROM `onethink_member` LIMIT 1   [ RunTime:0.000000s ]
SQL: SHOW COLUMNS FROM `onethink_action_log` [ RunTime:0.015600s ]
SQL: SELECT COUNT(*) AS tp_count FROM `onethink_action_log` LIMIT 1   [ RunTime:0.000000s ]
SQL: SHOW COLUMNS FROM `onethink_document` [ RunTime:0.093600s ]
SQL: SELECT COUNT(*) AS tp_count FROM `onethink_document` LIMIT 1   [ RunTime:0.015600s ]
SQL: SHOW COLUMNS FROM `onethink_category` [ RunTime:0.031200s ]
SQL: SELECT COUNT(*) AS tp_count FROM `onethink_category` LIMIT 1   [ RunTime:0.000000s ]
SQL: SHOW COLUMNS FROM `onethink_model` [ RunTime:0.062400s ]
SQL: SELECT COUNT(*) AS tp_count FROM `onethink_model` LIMIT 1   [ RunTime:0.000000s ]
INFO: [ view_parse ] --START--
INFO: [ template_filter ] --START--
INFO: Run Behavior\ContentReplace [ RunTime:0.000000s ]
INFO: [ template_filter ] --END-- [ RunTime:-0.507951s ]
INFO: Run Behavior\ParseTemplate [ RunTime:0.093601s ]
INFO: [ view_parse ] --END-- [ RunTime:0.093601s ]
INFO: [ view_filter ] --START--
INFO: Run Behavior\WriteHtmlCache [ RunTime:0.000000s ]
INFO: [ view_filter ] --END-- [ RunTime:0.000000s ]
INFO: Run SiteStat [ RunTime:0.452401s ]
SQL: SELECT `config` FROM `onethink_addons` WHERE ( `name` = 'SystemInfo' ) AND ( `status` = 1 ) LIMIT 1   [ RunTime:0.000000s ]
INFO: [ view_parse ] --START--
INFO: [ template_filter ] --START--
INFO: Run Behavior\ContentReplace [ RunTime:0.000000s ]
INFO: [ template_filter ] --END-- [ RunTime:-1.634154s ]
SQL: select version() as v; [ RunTime:0.046800s ]
INFO: Run Behavior\ParseTemplate [ RunTime:0.109200s ]
INFO: [ view_parse ] --END-- [ RunTime:-1.063802s ]
INFO: [ view_filter ] --START--
INFO: Run Behavior\WriteHtmlCache [ RunTime:0.000000s ]
INFO: [ view_filter ] --END-- [ RunTime:-1.173002s ]
INFO: Run SystemInfo [ RunTime:1.173002s ]
SQL: SELECT `config` FROM `onethink_addons` WHERE ( `name` = 'DevTeam' ) AND ( `status` = 1 ) LIMIT 1   [ RunTime:0.000000s ]
INFO: [ view_parse ] --START--
INFO: [ template_filter ] --START--
INFO: Run Behavior\ContentReplace [ RunTime:0.000000s ]
INFO: [ template_filter ] --END-- [ RunTime:-1.790154s ]
INFO: Run Behavior\ParseTemplate [ RunTime:0.015600s ]
INFO: [ view_parse ] --END-- [ RunTime:-1.204202s ]
INFO: [ view_filter ] --START--
INFO: Run Behavior\WriteHtmlCache [ RunTime:0.000000s ]
INFO: [ view_filter ] --END-- [ RunTime:-1.235402s ]
INFO: Run DevTeam [ RunTime:0.062400s ]
INFO: [ AdminIndex ] --END-- [ RunTime:1.687803s ]
INFO: Run Behavior\ParseTemplate [ RunTime:0.015600s ]
INFO: [ view_parse ] --END-- [ RunTime:-1.204202s ]
INFO: [ view_filter ] --START--
INFO: Run Behavior\WriteHtmlCache [ RunTime:0.000000s ]
INFO: [ view_filter ] --END-- [ RunTime:-1.235402s ]
INFO: [ app_end ] --START--
INFO: Run Behavior\ShowPageTrace [ RunTime:0.000000s ]
INFO: [ app_end ] --END-- [ RunTime:0.015600s ]

[ 2016-04-20T20:41:26+08:00 ] 127.0.0.1 /onethink1/index.php?s=/Admin/User/index.html
NOTIC: [8192] mysql_connect(): The mysql extension is deprecated and will be removed in the future: use mysqli or PDO instead F:\Ruanjian\wamp\www\onethink1\ThinkPHP\Library\Think\Db\Driver\Mysql.class.php 第 52 行.
SQL: SHOW COLUMNS FROM `onethink_menu` [ RunTime:0.000000s ]
SQL: SELECT * FROM `onethink_menu` WHERE ( `pid` = 0 ) AND ( `hide` = 0 ) ORDER BY sort asc  [ RunTime:0.000000s ]
SQL: SELECT `id` FROM `onethink_menu` WHERE ( url like '%User/index%' ) LIMIT 1   [ RunTime:0.000000s ]
SQL: SHOW COLUMNS FROM `onethink_menu` [ RunTime:0.015600s ]
SQL: SELECT `id`,`pid`,`title` FROM `onethink_menu` WHERE ( id=16 ) LIMIT 1   [ RunTime:0.000000s ]
SQL: SELECT DISTINCT  `group` FROM `onethink_menu` WHERE ( pid = 16 )  [ RunTime:0.000000s ]
SQL: SELECT `id`,`url` FROM `onethink_menu` WHERE ( `pid` = 16 ) AND ( `hide` = 0 )  [ RunTime:0.000000s ]
SQL: SELECT `id`,`pid`,`title`,`url`,`tip` FROM `onethink_menu` WHERE ( `group` = '用户管理' ) AND ( `pid` = 16 ) AND ( `hide` = 0 ) ORDER BY sort asc  [ RunTime:0.000000s ]
SQL: SELECT `id`,`pid`,`title`,`url`,`tip` FROM `onethink_menu` WHERE ( `group` = '行为管理' ) AND ( `pid` = 16 ) AND ( `hide` = 0 ) ORDER BY sort asc  [ RunTime:0.000000s ]
SQL: SELECT `id`,`pid`,`title`,`url`,`tip` FROM `onethink_menu` WHERE ( `group` = '' ) AND ( `pid` = 16 ) AND ( `hide` = 0 ) ORDER BY sort asc  [ RunTime:0.000000s ]
SQL: SELECT `id`,`pid`,`title`,`url`,`tip` FROM `onethink_menu` WHERE ( `group` = '信息审核' ) AND ( `pid` = 16 ) AND ( `hide` = 0 ) ORDER BY sort asc  [ RunTime:0.000000s ]
SQL: SELECT `id`,`pid`,`title`,`url`,`tip` FROM `onethink_menu` WHERE ( `group` = '数据分析' ) AND ( `pid` = 16 ) AND ( `hide` = 0 ) ORDER BY sort asc  [ RunTime:0.000000s ]
SQL: SHOW COLUMNS FROM `onethink_member` [ RunTime:0.000000s ]
SQL: SELECT COUNT(*) AS tp_count FROM `onethink_member` WHERE ( `status` >= 0 ) AND ( `nickname` LIKE '%%' ) LIMIT 1   [ RunTime:0.000000s ]
SQL: SELECT `uid`,`nickname`,`sex`,`birthday`,`qq`,`score`,`login`,`reg_ip`,`reg_time`,`last_login_ip`,`last_login_time`,`status` FROM `onethink_member` WHERE ( `status` >= 0 ) AND ( `nickname` LIKE '%%' ) ORDER BY uid desc LIMIT 0,10   [ RunTime:0.000000s ]
INFO: [ view_parse ] --START--
INFO: [ template_filter ] --START--
INFO: Run Behavior\ContentReplace [ RunTime:0.001250s ]
INFO: [ template_filter ] --END-- [ RunTime:0.001250s ]
NOTIC: [8] Undefined index: identity F:\Ruanjian\wamp\www\onethink1\Runtime\Cache\Admin\65e605872ed5d34210f5b33beb13f5a3.php 第 142 行.
NOTIC: [8] Undefined index: identity F:\Ruanjian\wamp\www\onethink1\Runtime\Cache\Admin\65e605872ed5d34210f5b33beb13f5a3.php 第 142 行.
NOTIC: [8] Undefined index: identity F:\Ruanjian\wamp\www\onethink1\Runtime\Cache\Admin\65e605872ed5d34210f5b33beb13f5a3.php 第 142 行.
NOTIC: [8] Undefined index: identity F:\Ruanjian\wamp\www\onethink1\Runtime\Cache\Admin\65e605872ed5d34210f5b33beb13f5a3.php 第 142 行.
NOTIC: [8] Undefined index: identity F:\Ruanjian\wamp\www\onethink1\Runtime\Cache\Admin\65e605872ed5d34210f5b33beb13f5a3.php 第 142 行.
NOTIC: [8] Undefined index: identity F:\Ruanjian\wamp\www\onethink1\Runtime\Cache\Admin\65e605872ed5d34210f5b33beb13f5a3.php 第 142 行.
NOTIC: [8] Undefined index: identity F:\Ruanjian\wamp\www\onethink1\Runtime\Cache\Admin\65e605872ed5d34210f5b33beb13f5a3.php 第 142 行.
NOTIC: [8] Undefined index: identity F:\Ruanjian\wamp\www\onethink1\Runtime\Cache\Admin\65e605872ed5d34210f5b33beb13f5a3.php 第 142 行.
NOTIC: [8] Undefined index: identity F:\Ruanjian\wamp\www\onethink1\Runtime\Cache\Admin\65e605872ed5d34210f5b33beb13f5a3.php 第 142 行.
NOTIC: [8] Undefined index: identity F:\Ruanjian\wamp\www\onethink1\Runtime\Cache\Admin\65e605872ed5d34210f5b33beb13f5a3.php 第 142 行.
INFO: Run Behavior\ParseTemplate [ RunTime:0.185502s ]
INFO: [ view_parse ] --END-- [ RunTime:0.186752s ]
INFO: [ view_filter ] --START--
INFO: Run Behavior\WriteHtmlCache [ RunTime:0.002500s ]
INFO: [ view_filter ] --END-- [ RunTime:0.002500s ]
INFO: [ app_end ] --START--
INFO: Run Behavior\ShowPageTrace [ RunTime:0.005000s ]
INFO: [ app_end ] --END-- [ RunTime:0.006250s ]

[ 2016-04-20T20:43:17+08:00 ] 127.0.0.1 /onethink1/index.php?s=/Admin/User/index.html
NOTIC: [8192] mysql_connect(): The mysql extension is deprecated and will be removed in the future: use mysqli or PDO instead F:\Ruanjian\wamp\www\onethink1\ThinkPHP\Library\Think\Db\Driver\Mysql.class.php 第 52 行.
SQL: SHOW COLUMNS FROM `onethink_menu` [ RunTime:0.005000s ]
SQL: SELECT * FROM `onethink_menu` WHERE ( `pid` = 0 ) AND ( `hide` = 0 ) ORDER BY sort asc  [ RunTime:0.001000s ]
SQL: SELECT `id` FROM `onethink_menu` WHERE ( url like '%User/index%' ) LIMIT 1   [ RunTime:0.000000s ]
SQL: SHOW COLUMNS FROM `onethink_menu` [ RunTime:0.006001s ]
SQL: SELECT `id`,`pid`,`title` FROM `onethink_menu` WHERE ( id=16 ) LIMIT 1   [ RunTime:0.002000s ]
SQL: SELECT DISTINCT  `group` FROM `onethink_menu` WHERE ( pid = 16 )  [ RunTime:0.001000s ]
SQL: SELECT `id`,`url` FROM `onethink_menu` WHERE ( `pid` = 16 ) AND ( `hide` = 0 )  [ RunTime:0.001000s ]
SQL: SELECT `id`,`pid`,`title`,`url`,`tip` FROM `onethink_menu` WHERE ( `group` = '用户管理' ) AND ( `pid` = 16 ) AND ( `hide` = 0 ) ORDER BY sort asc  [ RunTime:0.001000s ]
SQL: SELECT `id`,`pid`,`title`,`url`,`tip` FROM `onethink_menu` WHERE ( `group` = '行为管理' ) AND ( `pid` = 16 ) AND ( `hide` = 0 ) ORDER BY sort asc  [ RunTime:0.001000s ]
SQL: SELECT `id`,`pid`,`title`,`url`,`tip` FROM `onethink_menu` WHERE ( `group` = '' ) AND ( `pid` = 16 ) AND ( `hide` = 0 ) ORDER BY sort asc  [ RunTime:0.001000s ]
SQL: SELECT `id`,`pid`,`title`,`url`,`tip` FROM `onethink_menu` WHERE ( `group` = '信息审核' ) AND ( `pid` = 16 ) AND ( `hide` = 0 ) ORDER BY sort asc  [ RunTime:0.001000s ]
SQL: SELECT `id`,`pid`,`title`,`url`,`tip` FROM `onethink_menu` WHERE ( `group` = '数据分析' ) AND ( `pid` = 16 ) AND ( `hide` = 0 ) ORDER BY sort asc  [ RunTime:0.001000s ]
SQL: SHOW COLUMNS FROM `onethink_member` [ RunTime:0.006000s ]
SQL: SELECT COUNT(*) AS tp_count FROM `onethink_member` WHERE ( `status` >= 0 ) AND ( `nickname` LIKE '%%' ) LIMIT 1   [ RunTime:0.001000s ]
SQL: SELECT `uid`,`nickname`,`sex`,`birthday`,`qq`,`score`,`login`,`reg_ip`,`reg_time`,`last_login_ip`,`last_login_time`,`status` FROM `onethink_member` WHERE ( `status` >= 0 ) AND ( `nickname` LIKE '%%' ) ORDER BY uid desc LIMIT 0,10   [ RunTime:0.001000s ]
INFO: [ view_parse ] --START--
INFO: [ template_filter ] --START--
INFO: Run Behavior\ContentReplace [ RunTime:0.001000s ]
INFO: [ template_filter ] --END-- [ RunTime:0.001000s ]
NOTIC: [8] Undefined index: identity F:\Ruanjian\wamp\www\onethink1\Runtime\Cache\Admin\65e605872ed5d34210f5b33beb13f5a3.php 第 142 行.
NOTIC: [8] Undefined index: identity F:\Ruanjian\wamp\www\onethink1\Runtime\Cache\Admin\65e605872ed5d34210f5b33beb13f5a3.php 第 142 行.
NOTIC: [8] Undefined index: identity F:\Ruanjian\wamp\www\onethink1\Runtime\Cache\Admin\65e605872ed5d34210f5b33beb13f5a3.php 第 142 行.
NOTIC: [8] Undefined index: identity F:\Ruanjian\wamp\www\onethink1\Runtime\Cache\Admin\65e605872ed5d34210f5b33beb13f5a3.php 第 142 行.
NOTIC: [8] Undefined index: identity F:\Ruanjian\wamp\www\onethink1\Runtime\Cache\Admin\65e605872ed5d34210f5b33beb13f5a3.php 第 142 行.
NOTIC: [8] Undefined index: identity F:\Ruanjian\wamp\www\onethink1\Runtime\Cache\Admin\65e605872ed5d34210f5b33beb13f5a3.php 第 142 行.
NOTIC: [8] Undefined index: identity F:\Ruanjian\wamp\www\onethink1\Runtime\Cache\Admin\65e605872ed5d34210f5b33beb13f5a3.php 第 142 行.
NOTIC: [8] Undefined index: identity F:\Ruanjian\wamp\www\onethink1\Runtime\Cache\Admin\65e605872ed5d34210f5b33beb13f5a3.php 第 142 行.
NOTIC: [8] Undefined index: identity F:\Ruanjian\wamp\www\onethink1\Runtime\Cache\Admin\65e605872ed5d34210f5b33beb13f5a3.php 第 142 行.
NOTIC: [8] Undefined index: identity F:\Ruanjian\wamp\www\onethink1\Runtime\Cache\Admin\65e605872ed5d34210f5b33beb13f5a3.php 第 142 行.
INFO: Run Behavior\ParseTemplate [ RunTime:0.123007s ]
INFO: [ view_parse ] --END-- [ RunTime:0.124007s ]
INFO: [ view_filter ] --START--
INFO: Run Behavior\WriteHtmlCache [ RunTime:0.001000s ]
INFO: [ view_filter ] --END-- [ RunTime:0.002000s ]
INFO: [ app_end ] --START--
INFO: Run Behavior\ShowPageTrace [ RunTime:0.012001s ]
INFO: [ app_end ] --END-- [ RunTime:0.012001s ]

[ 2016-04-20T20:44:59+08:00 ] 127.0.0.1 /onethink1/index.php?s=/Admin/User/index.html
NOTIC: [8192] mysql_connect(): The mysql extension is deprecated and will be removed in the future: use mysqli or PDO instead F:\Ruanjian\wamp\www\onethink1\ThinkPHP\Library\Think\Db\Driver\Mysql.class.php 第 52 行.
SQL: SHOW COLUMNS FROM `onethink_menu` [ RunTime:0.000000s ]
SQL: SELECT * FROM `onethink_menu` WHERE ( `pid` = 0 ) AND ( `hide` = 0 ) ORDER BY sort asc  [ RunTime:0.000000s ]
SQL: SELECT `id` FROM `onethink_menu` WHERE ( url like '%User/index%' ) LIMIT 1   [ RunTime:0.000000s ]
SQL: SHOW COLUMNS FROM `onethink_menu` [ RunTime:0.000000s ]
SQL: SELECT `id`,`pid`,`title` FROM `onethink_menu` WHERE ( id=16 ) LIMIT 1   [ RunTime:0.000000s ]
SQL: SELECT DISTINCT  `group` FROM `onethink_menu` WHERE ( pid = 16 )  [ RunTime:0.000000s ]
SQL: SELECT `id`,`url` FROM `onethink_menu` WHERE ( `pid` = 16 ) AND ( `hide` = 0 )  [ RunTime:0.000000s ]
SQL: SELECT `id`,`pid`,`title`,`url`,`tip` FROM `onethink_menu` WHERE ( `group` = '用户管理' ) AND ( `pid` = 16 ) AND ( `hide` = 0 ) ORDER BY sort asc  [ RunTime:0.000000s ]
SQL: SELECT `id`,`pid`,`title`,`url`,`tip` FROM `onethink_menu` WHERE ( `group` = '行为管理' ) AND ( `pid` = 16 ) AND ( `hide` = 0 ) ORDER BY sort asc  [ RunTime:0.000000s ]
SQL: SELECT `id`,`pid`,`title`,`url`,`tip` FROM `onethink_menu` WHERE ( `group` = '' ) AND ( `pid` = 16 ) AND ( `hide` = 0 ) ORDER BY sort asc  [ RunTime:0.000000s ]
SQL: SELECT `id`,`pid`,`title`,`url`,`tip` FROM `onethink_menu` WHERE ( `group` = '信息审核' ) AND ( `pid` = 16 ) AND ( `hide` = 0 ) ORDER BY sort asc  [ RunTime:0.000000s ]
SQL: SELECT `id`,`pid`,`title`,`url`,`tip` FROM `onethink_menu` WHERE ( `group` = '数据分析' ) AND ( `pid` = 16 ) AND ( `hide` = 0 ) ORDER BY sort asc  [ RunTime:0.000000s ]
SQL: SHOW COLUMNS FROM `onethink_member` [ RunTime:0.015600s ]
SQL: SELECT COUNT(*) AS tp_count FROM `onethink_member` WHERE ( `status` >= 0 ) AND ( `nickname` LIKE '%%' ) LIMIT 1   [ RunTime:0.000000s ]
SQL: SELECT `uid`,`nickname`,`sex`,`birthday`,`qq`,`score`,`login`,`reg_ip`,`reg_time`,`last_login_ip`,`last_login_time`,`status` FROM `onethink_member` WHERE ( `status` >= 0 ) AND ( `nickname` LIKE '%%' ) ORDER BY uid desc LIMIT 0,10   [ RunTime:0.000000s ]
INFO: [ view_parse ] --START--
INFO: [ template_filter ] --START--
INFO: Run Behavior\ContentReplace [ RunTime:0.000000s ]
INFO: [ template_filter ] --END-- [ RunTime:0.000000s ]
NOTIC: [8] Undefined index: identity F:\Ruanjian\wamp\www\onethink1\Runtime\Cache\Admin\65e605872ed5d34210f5b33beb13f5a3.php 第 142 行.
NOTIC: [8] Undefined index: identity F:\Ruanjian\wamp\www\onethink1\Runtime\Cache\Admin\65e605872ed5d34210f5b33beb13f5a3.php 第 142 行.
NOTIC: [8] Undefined index: identity F:\Ruanjian\wamp\www\onethink1\Runtime\Cache\Admin\65e605872ed5d34210f5b33beb13f5a3.php 第 142 行.
NOTIC: [8] Undefined index: identity F:\Ruanjian\wamp\www\onethink1\Runtime\Cache\Admin\65e605872ed5d34210f5b33beb13f5a3.php 第 142 行.
NOTIC: [8] Undefined index: identity F:\Ruanjian\wamp\www\onethink1\Runtime\Cache\Admin\65e605872ed5d34210f5b33beb13f5a3.php 第 142 行.
NOTIC: [8] Undefined index: identity F:\Ruanjian\wamp\www\onethink1\Runtime\Cache\Admin\65e605872ed5d34210f5b33beb13f5a3.php 第 142 行.
NOTIC: [8] Undefined index: identity F:\Ruanjian\wamp\www\onethink1\Runtime\Cache\Admin\65e605872ed5d34210f5b33beb13f5a3.php 第 142 行.
NOTIC: [8] Undefined index: identity F:\Ruanjian\wamp\www\onethink1\Runtime\Cache\Admin\65e605872ed5d34210f5b33beb13f5a3.php 第 142 行.
NOTIC: [8] Undefined index: identity F:\Ruanjian\wamp\www\onethink1\Runtime\Cache\Admin\65e605872ed5d34210f5b33beb13f5a3.php 第 142 行.
NOTIC: [8] Undefined index: identity F:\Ruanjian\wamp\www\onethink1\Runtime\Cache\Admin\65e605872ed5d34210f5b33beb13f5a3.php 第 142 行.
INFO: Run Behavior\ParseTemplate [ RunTime:0.124801s ]
INFO: [ view_parse ] --END-- [ RunTime:0.124801s ]
INFO: [ view_filter ] --START--
INFO: Run Behavior\WriteHtmlCache [ RunTime:0.000000s ]
INFO: [ view_filter ] --END-- [ RunTime:0.000000s ]
INFO: [ app_end ] --START--
INFO: Run Behavior\ShowPageTrace [ RunTime:0.015600s ]
INFO: [ app_end ] --END-- [ RunTime:0.015600s ]

