[ 2016-03-16T16:43:01+08:00 ] 127.0.0.1 /onethink1/index.php?s=/Admin/Public/login.html
INFO: [ view_parse ] --START--
INFO: [ template_filter ] --START--
INFO: Run Behavior\ContentReplace [ RunTime:0.000305s ]
INFO: [ template_filter ] --END-- [ RunTime:0.000560s ]
INFO: Run Behavior\ParseTemplate [ RunTime:0.063557s ]
INFO: [ view_parse ] --END-- [ RunTime:0.071335s ]
INFO: [ view_filter ] --START--
INFO: Run Behavior\WriteHtmlCache [ RunTime:0.002174s ]
INFO: [ view_filter ] --END-- [ RunTime:0.002407s ]
INFO: [ app_end ] --START--
INFO: Run Behavior\ShowPageTrace [ RunTime:0.022222s ]
INFO: [ app_end ] --END-- [ RunTime:0.022486s ]

[ 2016-03-16T16:43:20+08:00 ] 127.0.0.1 /onethink1/index.php?s=/Admin/Public/login.html
INFO: [ app_begin ] --START--
INFO: Run Behavior\ReadHtmlCache [ RunTime:0.001610s ]
INFO: [ app_begin ] --END-- [ RunTime:0.002565s ]

[ 2016-03-16T16:43:27+08:00 ] 127.0.0.1 /onethink1/index.php?s=/Admin/Public/login.html
INFO: [ app_begin ] --START--
INFO: Run Behavior\ReadHtmlCache [ RunTime:0.001831s ]
INFO: [ app_begin ] --END-- [ RunTime:0.002837s ]
SQL: SHOW COLUMNS FROM `onethink_ucenter_member` [ RunTime:0.100566s ]
SQL: SELECT * FROM `onethink_ucenter_member` WHERE ( `username` = 'admin' ) LIMIT 1   [ RunTime:0.010211s ]
SQL: UPDATE `onethink_ucenter_member` SET `last_login_time`=1458117807,`last_login_ip`='2130706433' WHERE ( `id` = 1 ) [ RunTime:0.000674s ]
SQL: SHOW COLUMNS FROM `onethink_member` [ RunTime:0.078846s ]
SQL: SELECT `uid`,`nickname`,`sex`,`birthday`,`qq`,`score`,`login`,`reg_ip`,`reg_time`,`last_login_ip`,`last_login_time`,`status` FROM `onethink_member` WHERE ( `uid` = 1 ) LIMIT 1   [ RunTime:0.007825s ]
SQL: SHOW COLUMNS FROM `onethink_action` [ RunTime:0.044442s ]
SQL: SELECT * FROM `onethink_action` WHERE ( `name` = 'user_login' ) LIMIT 1   [ RunTime:0.012121s ]
SQL: SHOW COLUMNS FROM `onethink_action_log` [ RunTime:0.045101s ]
SQL: INSERT INTO `onethink_action_log` (`action_id`,`user_id`,`action_ip`,`model`,`record_id`,`create_time`,`remark`) VALUES (1,1,2130706433,'member',1,1458117807,'admin在2016-03-16 16:43登录了后台') [ RunTime:0.059308s ]
SQL: SELECT * FROM `onethink_action` WHERE ( `name` = 'user_login' ) LIMIT 1   [ RunTime:0.004548s ]
NOTIC: [8] Undefined offset: 1 F:\Ruanjian\wamp\www\onethink1\Application\Common\Common\function.php 第 665 行.
NOTIC: [2] array_key_exists() expects parameter 2 to be array, null given F:\Ruanjian\wamp\www\onethink1\Application\Common\Common\function.php 第 665 行.
SQL: SELECT COUNT(*) AS tp_count FROM `onethink_action_log` WHERE ( `action_id` = 1 ) AND ( `user_id` = 1 ) AND ( `create_time` > 1458031407 ) LIMIT 1   [ RunTime:0.056064s ]
SQL: SHOW COLUMNS FROM `onethink_member` [ RunTime:0.015407s ]
SQL: UPDATE `onethink_member` SET `score`=score+10 WHERE ( uid=1 AND status>-1 ) [ RunTime:0.000585s ]
SQL: UPDATE `onethink_member` SET `login`=`login`+1,`last_login_time`=1458117807,`last_login_ip`='2130706433' WHERE ( `uid` = 1 ) [ RunTime:0.000268s ]

[ 2016-03-16T16:43:28+08:00 ] 127.0.0.1 /onethink1/index.php?s=/Admin/Index/index.html
SQL: SHOW COLUMNS FROM `onethink_menu` [ RunTime:0.076311s ]
SQL: SELECT * FROM `onethink_menu` WHERE ( `pid` = 0 ) AND ( `hide` = 0 ) ORDER BY sort asc  [ RunTime:0.020646s ]
SQL: SELECT `id` FROM `onethink_menu` WHERE ( url like '%Index/index%' ) LIMIT 1   [ RunTime:0.000372s ]
SQL: SHOW COLUMNS FROM `onethink_menu` [ RunTime:0.006454s ]
SQL: SELECT `id`,`pid`,`title` FROM `onethink_menu` WHERE ( id=1 ) LIMIT 1   [ RunTime:0.000401s ]
SQL: SELECT DISTINCT  `group` FROM `onethink_menu` WHERE ( pid = 1 )  [ RunTime:0.000443s ]
SQL: SELECT `id`,`url` FROM `onethink_menu` WHERE ( `pid` = 1 ) AND ( `hide` = 0 )  [ RunTime:0.000259s ]
INFO: [ view_parse ] --START--
INFO: [ template_filter ] --START--
INFO: Run Behavior\ContentReplace [ RunTime:0.001304s ]
INFO: [ template_filter ] --END-- [ RunTime:0.001502s ]
INFO: [ AdminIndex ] --START--
SQL: SHOW COLUMNS FROM `onethink_addons` [ RunTime:0.034641s ]
SQL: SELECT `config` FROM `onethink_addons` WHERE ( `name` = 'SiteStat' ) AND ( `status` = 1 ) LIMIT 1   [ RunTime:0.013416s ]
SQL: SHOW COLUMNS FROM `onethink_member` [ RunTime:0.004396s ]
SQL: SELECT COUNT(*) AS tp_count FROM `onethink_member` LIMIT 1   [ RunTime:0.000316s ]
SQL: SHOW COLUMNS FROM `onethink_action_log` [ RunTime:0.003538s ]
SQL: SELECT COUNT(*) AS tp_count FROM `onethink_action_log` LIMIT 1   [ RunTime:0.000484s ]
SQL: SHOW COLUMNS FROM `onethink_document` [ RunTime:0.015072s ]
SQL: SELECT COUNT(*) AS tp_count FROM `onethink_document` LIMIT 1   [ RunTime:0.000284s ]
SQL: SHOW COLUMNS FROM `onethink_category` [ RunTime:0.004104s ]
SQL: SELECT COUNT(*) AS tp_count FROM `onethink_category` LIMIT 1   [ RunTime:0.000351s ]
SQL: SHOW COLUMNS FROM `onethink_model` [ RunTime:0.061657s ]
SQL: SELECT COUNT(*) AS tp_count FROM `onethink_model` LIMIT 1   [ RunTime:0.000272s ]
INFO: [ view_parse ] --START--
INFO: [ template_filter ] --START--
INFO: Run Behavior\ContentReplace [ RunTime:0.000152s ]
INFO: [ template_filter ] --END-- [ RunTime:-0.230481s ]
INFO: Run Behavior\ParseTemplate [ RunTime:0.084773s ]
INFO: [ view_parse ] --END-- [ RunTime:0.084980s ]
INFO: [ view_filter ] --START--
INFO: Run Behavior\WriteHtmlCache [ RunTime:0.001346s ]
INFO: [ view_filter ] --END-- [ RunTime:0.001518s ]
INFO: Run SiteStat [ RunTime:0.267922s ]
SQL: SELECT `config` FROM `onethink_addons` WHERE ( `name` = 'SystemInfo' ) AND ( `status` = 1 ) LIMIT 1   [ RunTime:0.000433s ]
INFO: [ view_parse ] --START--
INFO: [ template_filter ] --START--
INFO: Run Behavior\ContentReplace [ RunTime:0.000133s ]
INFO: [ template_filter ] --END-- [ RunTime:-0.369544s ]
SQL: select version() as v; [ RunTime:0.000346s ]
INFO: Run Behavior\ParseTemplate [ RunTime:0.007583s ]
INFO: [ view_parse ] --END-- [ RunTime:-0.078372s ]
INFO: [ view_filter ] --START--
INFO: Run Behavior\WriteHtmlCache [ RunTime:0.000038s ]
INFO: [ view_filter ] --END-- [ RunTime:-0.084604s ]
INFO: Run SystemInfo [ RunTime:0.084680s ]
SQL: SELECT `config` FROM `onethink_addons` WHERE ( `name` = 'DevTeam' ) AND ( `status` = 1 ) LIMIT 1   [ RunTime:0.000430s ]
INFO: [ view_parse ] --START--
INFO: [ template_filter ] --START--
INFO: Run Behavior\ContentReplace [ RunTime:0.000132s ]
INFO: [ template_filter ] --END-- [ RunTime:-0.395454s ]
INFO: Run Behavior\ParseTemplate [ RunTime:0.014417s ]
INFO: [ view_parse ] --END-- [ RunTime:-0.096117s ]
INFO: [ view_filter ] --START--
INFO: Run Behavior\WriteHtmlCache [ RunTime:0.000038s ]
INFO: [ view_filter ] --END-- [ RunTime:-0.109191s ]
INFO: Run DevTeam [ RunTime:0.024490s ]
INFO: [ AdminIndex ] --END-- [ RunTime:0.377526s ]
INFO: Run Behavior\ParseTemplate [ RunTime:0.015266s ]
INFO: [ view_parse ] --END-- [ RunTime:-0.096117s ]
INFO: [ view_filter ] --START--
INFO: Run Behavior\WriteHtmlCache [ RunTime:0.000035s ]
INFO: [ view_filter ] --END-- [ RunTime:-0.110028s ]
INFO: [ app_end ] --START--
INFO: Run Behavior\ShowPageTrace [ RunTime:0.001805s ]
INFO: [ app_end ] --END-- [ RunTime:0.001985s ]

[ 2016-03-16T16:45:07+08:00 ] 127.0.0.1 /onethink1/index.php?s=/Admin/AgCamp/clist.html
SQL: SHOW COLUMNS FROM `onethink_menu` [ RunTime:0.030928s ]
SQL: SELECT * FROM `onethink_menu` WHERE ( `pid` = 0 ) AND ( `hide` = 0 ) ORDER BY sort asc  [ RunTime:0.001061s ]
SQL: SELECT `id` FROM `onethink_menu` WHERE ( url like '%AgCamp/clist%' ) LIMIT 1   [ RunTime:0.001220s ]
SQL: SHOW COLUMNS FROM `onethink_menu` [ RunTime:0.008706s ]
SQL: SELECT `id`,`pid`,`title` FROM `onethink_menu` WHERE ( id=138 ) LIMIT 1   [ RunTime:0.000605s ]
SQL: SELECT DISTINCT  `group` FROM `onethink_menu` WHERE ( pid = 138 )  [ RunTime:0.001008s ]
SQL: SELECT `id`,`url` FROM `onethink_menu` WHERE ( `pid` = 138 ) AND ( `hide` = 0 )  [ RunTime:0.000624s ]
SQL: SELECT `id`,`pid`,`title`,`url`,`tip` FROM `onethink_menu` WHERE ( `group` = '我的营地' ) AND ( `pid` = 138 ) AND ( `hide` = 0 ) ORDER BY sort asc  [ RunTime:0.000823s ]
SQL: SELECT `id`,`pid`,`title`,`url`,`tip` FROM `onethink_menu` WHERE ( `group` = '扩展' ) AND ( `pid` = 138 ) AND ( `hide` = 0 ) ORDER BY sort asc  [ RunTime:0.000733s ]
SQL: SHOW COLUMNS FROM `onethink_lbivouac` [ RunTime:0.115960s ]
SQL: SELECT COUNT(*) AS tp_count FROM `onethink_lbivouac` WHERE ( `bivName` LIKE '%%' ) LIMIT 1   [ RunTime:0.026943s ]
SQL: SELECT `bivouacID`,`numX`,`numY`,`bivAdd`,`agentID`,`bivName`,`bivGrade`,`bivImg`,`bivDes`,`bivHouse`,`bivFood`,`bivWea`,`bivType`,`Status`,`bivVisit`,`bivEva`,`model_id`,`category_id`,`campType`,`campCol`,`content` FROM `onethink_lbivouac` WHERE ( `bivName` LIKE '%%' ) ORDER BY bivouacID desc LIMIT 0,10   [ RunTime:0.000891s ]
SQL: SHOW COLUMNS FROM `onethink_clist` [ RunTime:0.004772s ]
ERR: 1146:Table 'onethink.onethink_clist' doesn't exist
 [ SQL语句 ] : SHOW COLUMNS FROM `onethink_clist`
SQL: SELECT count(*) FROM  onethink_ucenter_member,onethink_lagent,onethink_lbivouac,onethink_loder WHERE onethink_ucenter_member.id=1 AND 1=onethink_lagent.agentID  AND onethink_lagent.agentID=onethink_lbivouac.agentID AND onethink_lbivouac.bivouacID=onethink_loder.bivouacID [ RunTime:0.077396s ]
ERR: 1146:Table 'onethink.onethink_loder' doesn't exist
 [ SQL语句 ] : SELECT count(*) FROM  onethink_ucenter_member,onethink_lagent,onethink_lbivouac,onethink_loder WHERE onethink_ucenter_member.id=1 AND 1=onethink_lagent.agentID  AND onethink_lagent.agentID=onethink_lbivouac.agentID AND onethink_lbivouac.bivouacID=onethink_loder.bivouacID
NOTIC: [2] Invalid argument supplied for foreach() F:\Ruanjian\wamp\www\onethink1\Application\Admin\Controller\AgCampController.class.php 第 23 行.
INFO: [ view_parse ] --START--
INFO: [ template_filter ] --START--
INFO: Run Behavior\ContentReplace [ RunTime:0.000734s ]
INFO: [ template_filter ] --END-- [ RunTime:0.000992s ]
NOTIC: [8] Undefined variable: bivouac F:\Ruanjian\wamp\www\onethink1\Runtime\Cache\Admin\05bcf9c6b784b3bf11574b039b2656ca.php 第 95 行.
NOTIC: [8] Undefined variable: count F:\Ruanjian\wamp\www\onethink1\Runtime\Cache\Admin\05bcf9c6b784b3bf11574b039b2656ca.php 第 132 行.
NOTIC: [8] Undefined variable: count F:\Ruanjian\wamp\www\onethink1\Runtime\Cache\Admin\05bcf9c6b784b3bf11574b039b2656ca.php 第 132 行.
INFO: Run Behavior\ParseTemplate [ RunTime:0.297810s ]
INFO: [ view_parse ] --END-- [ RunTime:0.298078s ]
INFO: [ view_filter ] --START--
INFO: Run Behavior\WriteHtmlCache [ RunTime:0.000947s ]
INFO: [ view_filter ] --END-- [ RunTime:0.001173s ]
INFO: [ app_end ] --START--
INFO: Run Behavior\ShowPageTrace [ RunTime:0.001386s ]
INFO: [ app_end ] --END-- [ RunTime:0.001621s ]

[ 2016-03-16T16:45:45+08:00 ] 127.0.0.1 /onethink1/index.php?s=/Admin/Sale/index.html
SQL: SHOW COLUMNS FROM `onethink_menu` [ RunTime:0.004767s ]
SQL: SELECT * FROM `onethink_menu` WHERE ( `pid` = 0 ) AND ( `hide` = 0 ) ORDER BY sort asc  [ RunTime:0.000890s ]
SQL: SELECT `id` FROM `onethink_menu` WHERE ( url like '%Sale/index%' ) LIMIT 1   [ RunTime:0.000793s ]
SQL: SHOW COLUMNS FROM `onethink_menu` [ RunTime:0.005077s ]
SQL: SELECT `id`,`pid`,`title` FROM `onethink_menu` WHERE ( id=152 ) LIMIT 1   [ RunTime:0.000523s ]
SQL: SELECT `id`,`pid`,`title` FROM `onethink_menu` WHERE ( id=138 ) LIMIT 1   [ RunTime:0.000424s ]
SQL: SELECT DISTINCT  `group` FROM `onethink_menu` WHERE ( pid = 138 )  [ RunTime:0.000678s ]
SQL: SELECT `id`,`url` FROM `onethink_menu` WHERE ( `pid` = 138 ) AND ( `hide` = 0 )  [ RunTime:0.000555s ]
SQL: SELECT `id`,`pid`,`title`,`url`,`tip` FROM `onethink_menu` WHERE ( `group` = '我的营地' ) AND ( `pid` = 138 ) AND ( `hide` = 0 ) ORDER BY sort asc  [ RunTime:0.000691s ]
SQL: SELECT `id`,`pid`,`title`,`url`,`tip` FROM `onethink_menu` WHERE ( `group` = '扩展' ) AND ( `pid` = 138 ) AND ( `hide` = 0 ) ORDER BY sort asc  [ RunTime:0.000685s ]
INFO: [ view_parse ] --START--
INFO: [ template_filter ] --START--
INFO: Run Behavior\ContentReplace [ RunTime:0.000602s ]
INFO: [ template_filter ] --END-- [ RunTime:0.000860s ]
NOTIC: [8] Undefined variable: meta_title F:\Ruanjian\wamp\www\onethink1\Runtime\Cache\Admin\48804f473ae4f64ec9121665b8286f36.php 第 5 行.
INFO: Run Behavior\ParseTemplate [ RunTime:0.082312s ]
INFO: [ view_parse ] --END-- [ RunTime:0.082635s ]
INFO: [ view_filter ] --START--
INFO: Run Behavior\WriteHtmlCache [ RunTime:0.000917s ]
INFO: [ view_filter ] --END-- [ RunTime:0.001144s ]
INFO: [ app_end ] --START--
INFO: Run Behavior\ShowPageTrace [ RunTime:0.001383s ]
INFO: [ app_end ] --END-- [ RunTime:0.001616s ]

[ 2016-03-16T16:48:12+08:00 ] 127.0.0.1 /onethink1/index.php?s=/Admin/Sale/index.html
SQL: SHOW COLUMNS FROM `onethink_menu` [ RunTime:0.005939s ]
SQL: SELECT * FROM `onethink_menu` WHERE ( `pid` = 0 ) AND ( `hide` = 0 ) ORDER BY sort asc  [ RunTime:0.000977s ]
SQL: SELECT `id` FROM `onethink_menu` WHERE ( url like '%Sale/index%' ) LIMIT 1   [ RunTime:0.000838s ]
SQL: SHOW COLUMNS FROM `onethink_menu` [ RunTime:0.004963s ]
SQL: SELECT `id`,`pid`,`title` FROM `onethink_menu` WHERE ( id=152 ) LIMIT 1   [ RunTime:0.000558s ]
SQL: SELECT `id`,`pid`,`title` FROM `onethink_menu` WHERE ( id=138 ) LIMIT 1   [ RunTime:0.000609s ]
SQL: SELECT DISTINCT  `group` FROM `onethink_menu` WHERE ( pid = 138 )  [ RunTime:0.001178s ]
SQL: SELECT `id`,`url` FROM `onethink_menu` WHERE ( `pid` = 138 ) AND ( `hide` = 0 )  [ RunTime:0.000707s ]
SQL: SELECT `id`,`pid`,`title`,`url`,`tip` FROM `onethink_menu` WHERE ( `group` = '我的营地' ) AND ( `pid` = 138 ) AND ( `hide` = 0 ) ORDER BY sort asc  [ RunTime:0.000760s ]
SQL: SELECT `id`,`pid`,`title`,`url`,`tip` FROM `onethink_menu` WHERE ( `group` = '扩展' ) AND ( `pid` = 138 ) AND ( `hide` = 0 ) ORDER BY sort asc  [ RunTime:0.004507s ]
INFO: [ view_parse ] --START--
INFO: [ template_filter ] --START--
INFO: Run Behavior\ContentReplace [ RunTime:0.000618s ]
INFO: [ template_filter ] --END-- [ RunTime:0.000873s ]
NOTIC: [8] Undefined variable: meta_title F:\Ruanjian\wamp\www\onethink1\Runtime\Cache\Admin\48804f473ae4f64ec9121665b8286f36.php 第 5 行.
INFO: Run Behavior\ParseTemplate [ RunTime:0.050792s ]
INFO: [ view_parse ] --END-- [ RunTime:0.051074s ]
INFO: [ view_filter ] --START--
INFO: Run Behavior\WriteHtmlCache [ RunTime:0.000870s ]
INFO: [ view_filter ] --END-- [ RunTime:0.001094s ]
INFO: [ app_end ] --START--
INFO: Run Behavior\ShowPageTrace [ RunTime:0.002550s ]
INFO: [ app_end ] --END-- [ RunTime:0.002802s ]

[ 2016-03-16T16:50:44+08:00 ] 127.0.0.1 /onethink1/
SQL: SHOW COLUMNS FROM `onethink_category` [ RunTime:0.008226s ]
SQL: SELECT `id`,`name`,`title`,`pid`,`sort`,`list_row`,`meta_title`,`keywords`,`description`,`template_index`,`template_lists`,`template_detail`,`template_edit`,`model`,`type`,`link_id`,`allow_publish`,`display`,`reply`,`check`,`reply_model`,`extend`,`create_time`,`update_time`,`status`,`icon` FROM `onethink_category` WHERE ( `status` = 1 ) ORDER BY sort  [ RunTime:0.000818s ]
SQL: SHOW COLUMNS FROM `onethink_document` [ RunTime:0.007784s ]
SQL: SELECT `id`,`uid`,`name`,`title`,`category_id`,`description`,`root`,`pid`,`model_id`,`type`,`position`,`link_id`,`cover_id`,`display`,`deadline`,`attach`,`view`,`comment`,`extend`,`level`,`create_time`,`update_time`,`status` FROM `onethink_document` WHERE ( `status` = 1 ) AND ( `pid` = 0 ) AND ( `create_time` < 1458118244 ) AND ( deadline = 0 OR deadline > 1458118244 ) ORDER BY `id` DESC  [ RunTime:0.000868s ]
INFO: [ view_parse ] --START--
INFO: [ template_filter ] --START--
INFO: Run Behavior\ContentReplace [ RunTime:0.000428s ]
INFO: [ template_filter ] --END-- [ RunTime:0.000688s ]
SQL: SHOW COLUMNS FROM `onethink_channel` [ RunTime:0.006726s ]
SQL: SELECT `id`,`pid`,`title`,`url`,`sort`,`create_time`,`update_time`,`status`,`target` FROM `onethink_channel` WHERE ( status=1 ) ORDER BY sort  [ RunTime:0.000732s ]
SQL: SELECT `id`,`name`,`title`,`pid`,`sort`,`list_row`,`meta_title`,`keywords`,`description`,`template_index`,`template_lists`,`template_detail`,`template_edit`,`model`,`type`,`link_id`,`allow_publish`,`display`,`reply`,`check`,`reply_model`,`extend`,`create_time`,`update_time`,`status`,`icon` FROM `onethink_category` WHERE ( `id` = 1 ) LIMIT 1   [ RunTime:0.000821s ]
SQL: SELECT `id`,`name`,`pid`,`title`,`link_id` FROM `onethink_category` WHERE ( `status` = 1 ) ORDER BY sort  [ RunTime:0.000560s ]
INFO: [ view_parse ] --START--
INFO: [ template_filter ] --START--
INFO: Run Behavior\ContentReplace [ RunTime:0.000140s ]
INFO: [ template_filter ] --END-- [ RunTime:-0.045598s ]
INFO: Run Behavior\ParseTemplate [ RunTime:0.030105s ]
INFO: [ view_parse ] --END-- [ RunTime:0.030367s ]
INFO: [ view_filter ] --START--
INFO: Run Behavior\WriteHtmlCache [ RunTime:0.000793s ]
INFO: [ view_filter ] --END-- [ RunTime:0.001022s ]
SQL: SELECT `id`,`name`,`title`,`pid`,`sort`,`list_row`,`meta_title`,`keywords`,`description`,`template_index`,`template_lists`,`template_detail`,`template_edit`,`model`,`type`,`link_id`,`allow_publish`,`display`,`reply`,`check`,`reply_model`,`extend`,`create_time`,`update_time`,`status`,`icon` FROM `onethink_category` WHERE ( `id` = 1 ) LIMIT 1   [ RunTime:0.000782s ]
SQL: SELECT `id`,`name`,`pid`,`title`,`link_id` FROM `onethink_category` WHERE ( `status` = 1 ) ORDER BY sort  [ RunTime:0.000601s ]
SQL: SELECT `id`,`uid`,`name`,`title`,`category_id`,`description`,`root`,`pid`,`model_id`,`type`,`position`,`link_id`,`cover_id`,`display`,`deadline`,`attach`,`view`,`comment`,`extend`,`level`,`create_time`,`update_time`,`status` FROM `onethink_document` WHERE ( `status` = 1 ) AND ( `pid` = 0 ) AND ( `category_id` = 2 ) AND ( `create_time` < 1458118244 ) AND ( deadline = 0 OR deadline > 1458118244 ) ORDER BY `level` DESC,`id` DESC LIMIT 0,10   [ RunTime:0.000771s ]
INFO: Run Behavior\ParseTemplate [ RunTime:0.052381s ]
INFO: [ view_parse ] --END-- [ RunTime:0.030367s ]
INFO: [ view_filter ] --START--
INFO: Run Behavior\WriteHtmlCache [ RunTime:0.000059s ]
INFO: [ view_filter ] --END-- [ RunTime:-0.021316s ]
INFO: [ app_end ] --START--
INFO: Run Behavior\ShowPageTrace [ RunTime:0.001621s ]
INFO: [ app_end ] --END-- [ RunTime:0.001852s ]

[ 2016-03-16T16:50:57+08:00 ] 127.0.0.1 /onethink1/index.php
SQL: SHOW COLUMNS FROM `onethink_category` [ RunTime:0.005336s ]
SQL: SELECT `id`,`name`,`title`,`pid`,`sort`,`list_row`,`meta_title`,`keywords`,`description`,`template_index`,`template_lists`,`template_detail`,`template_edit`,`model`,`type`,`link_id`,`allow_publish`,`display`,`reply`,`check`,`reply_model`,`extend`,`create_time`,`update_time`,`status`,`icon` FROM `onethink_category` WHERE ( `status` = 1 ) ORDER BY sort  [ RunTime:0.000861s ]
SQL: SHOW COLUMNS FROM `onethink_document` [ RunTime:0.005366s ]
SQL: SELECT `id`,`uid`,`name`,`title`,`category_id`,`description`,`root`,`pid`,`model_id`,`type`,`position`,`link_id`,`cover_id`,`display`,`deadline`,`attach`,`view`,`comment`,`extend`,`level`,`create_time`,`update_time`,`status` FROM `onethink_document` WHERE ( `status` = 1 ) AND ( `pid` = 0 ) AND ( `create_time` < 1458118257 ) AND ( deadline = 0 OR deadline > 1458118257 ) ORDER BY `id` DESC  [ RunTime:0.000700s ]
INFO: [ view_parse ] --START--
INFO: [ template_filter ] --START--
INFO: Run Behavior\ContentReplace [ RunTime:0.000362s ]
INFO: [ template_filter ] --END-- [ RunTime:0.000599s ]
SQL: SHOW COLUMNS FROM `onethink_channel` [ RunTime:0.005273s ]
SQL: SELECT `id`,`pid`,`title`,`url`,`sort`,`create_time`,`update_time`,`status`,`target` FROM `onethink_channel` WHERE ( status=1 ) ORDER BY sort  [ RunTime:0.000657s ]
SQL: SELECT `id`,`name`,`title`,`pid`,`sort`,`list_row`,`meta_title`,`keywords`,`description`,`template_index`,`template_lists`,`template_detail`,`template_edit`,`model`,`type`,`link_id`,`allow_publish`,`display`,`reply`,`check`,`reply_model`,`extend`,`create_time`,`update_time`,`status`,`icon` FROM `onethink_category` WHERE ( `id` = 1 ) LIMIT 1   [ RunTime:0.000714s ]
SQL: SELECT `id`,`name`,`pid`,`title`,`link_id` FROM `onethink_category` WHERE ( `status` = 1 ) ORDER BY sort  [ RunTime:0.000768s ]
INFO: [ view_parse ] --START--
INFO: [ template_filter ] --START--
INFO: Run Behavior\ContentReplace [ RunTime:0.000123s ]
INFO: [ template_filter ] --END-- [ RunTime:-0.034430s ]
INFO: Run Behavior\ParseTemplate [ RunTime:0.012015s ]
INFO: [ view_parse ] --END-- [ RunTime:0.012362s ]
INFO: [ view_filter ] --START--
INFO: Run Behavior\WriteHtmlCache [ RunTime:0.000984s ]
INFO: [ view_filter ] --END-- [ RunTime:0.001281s ]
SQL: SELECT `id`,`name`,`title`,`pid`,`sort`,`list_row`,`meta_title`,`keywords`,`description`,`template_index`,`template_lists`,`template_detail`,`template_edit`,`model`,`type`,`link_id`,`allow_publish`,`display`,`reply`,`check`,`reply_model`,`extend`,`create_time`,`update_time`,`status`,`icon` FROM `onethink_category` WHERE ( `id` = 1 ) LIMIT 1   [ RunTime:0.000734s ]
SQL: SELECT `id`,`name`,`pid`,`title`,`link_id` FROM `onethink_category` WHERE ( `status` = 1 ) ORDER BY sort  [ RunTime:0.000548s ]
SQL: SELECT `id`,`uid`,`name`,`title`,`category_id`,`description`,`root`,`pid`,`model_id`,`type`,`position`,`link_id`,`cover_id`,`display`,`deadline`,`attach`,`view`,`comment`,`extend`,`level`,`create_time`,`update_time`,`status` FROM `onethink_document` WHERE ( `status` = 1 ) AND ( `pid` = 0 ) AND ( `category_id` = 2 ) AND ( `create_time` < 1458118257 ) AND ( deadline = 0 OR deadline > 1458118257 ) ORDER BY `level` DESC,`id` DESC LIMIT 0,10   [ RunTime:0.000564s ]
INFO: Run Behavior\ParseTemplate [ RunTime:0.023251s ]
INFO: [ view_parse ] --END-- [ RunTime:0.012362s ]
INFO: [ view_filter ] --START--
INFO: Run Behavior\WriteHtmlCache [ RunTime:0.000044s ]
INFO: [ view_filter ] --END-- [ RunTime:-0.009820s ]
INFO: [ app_end ] --START--
INFO: Run Behavior\ShowPageTrace [ RunTime:0.001466s ]
INFO: [ app_end ] --END-- [ RunTime:0.001733s ]

[ 2016-03-16T16:51:03+08:00 ] 127.0.0.1 /onethink1/index.php?s=/Admin/Public/login.html
INFO: [ view_parse ] --START--
INFO: [ template_filter ] --START--
INFO: Run Behavior\ContentReplace [ RunTime:0.000391s ]
INFO: [ template_filter ] --END-- [ RunTime:0.000702s ]
INFO: Run Behavior\ParseTemplate [ RunTime:0.021194s ]
INFO: [ view_parse ] --END-- [ RunTime:0.022231s ]
INFO: [ view_filter ] --START--
INFO: Run Behavior\WriteHtmlCache [ RunTime:0.000784s ]
INFO: [ view_filter ] --END-- [ RunTime:0.001020s ]
INFO: [ app_end ] --START--
INFO: Run Behavior\ShowPageTrace [ RunTime:0.001706s ]
INFO: [ app_end ] --END-- [ RunTime:0.001952s ]

[ 2016-03-16T16:51:22+08:00 ] 127.0.0.1 /onethink1/index.php?s=/Admin/Public/login.html
INFO: [ app_begin ] --START--
INFO: Run Behavior\ReadHtmlCache [ RunTime:0.004847s ]
INFO: [ app_begin ] --END-- [ RunTime:0.005953s ]
SQL: SHOW COLUMNS FROM `onethink_ucenter_member` [ RunTime:0.006054s ]
SQL: SELECT * FROM `onethink_ucenter_member` WHERE ( `username` = 'admin' ) LIMIT 1   [ RunTime:0.000732s ]
SQL: UPDATE `onethink_ucenter_member` SET `last_login_time`=1458118282,`last_login_ip`='2130706433' WHERE ( `id` = 1 ) [ RunTime:0.000654s ]
SQL: SHOW COLUMNS FROM `onethink_member` [ RunTime:0.005568s ]
SQL: SELECT `uid`,`nickname`,`sex`,`birthday`,`qq`,`score`,`login`,`reg_ip`,`reg_time`,`last_login_ip`,`last_login_time`,`status` FROM `onethink_member` WHERE ( `uid` = 1 ) LIMIT 1   [ RunTime:0.000615s ]
SQL: SHOW COLUMNS FROM `onethink_action` [ RunTime:0.008164s ]
SQL: SELECT * FROM `onethink_action` WHERE ( `name` = 'user_login' ) LIMIT 1   [ RunTime:0.000742s ]
SQL: SHOW COLUMNS FROM `onethink_action_log` [ RunTime:0.005514s ]
SQL: INSERT INTO `onethink_action_log` (`action_id`,`user_id`,`action_ip`,`model`,`record_id`,`create_time`,`remark`) VALUES (1,1,2130706433,'member',1,1458118282,'admin在2016-03-16 16:51登录了后台') [ RunTime:0.001314s ]
SQL: SELECT * FROM `onethink_action` WHERE ( `name` = 'user_login' ) LIMIT 1   [ RunTime:0.000661s ]
NOTIC: [8] Undefined offset: 1 F:\Ruanjian\wamp\www\onethink1\Application\Common\Common\function.php 第 665 行.
NOTIC: [2] array_key_exists() expects parameter 2 to be array, null given F:\Ruanjian\wamp\www\onethink1\Application\Common\Common\function.php 第 665 行.
SQL: SELECT COUNT(*) AS tp_count FROM `onethink_action_log` WHERE ( `action_id` = 1 ) AND ( `user_id` = 1 ) AND ( `create_time` > 1458031882 ) LIMIT 1   [ RunTime:0.000973s ]
SQL: UPDATE `onethink_member` SET `login`=`login`+1,`last_login_time`=1458118282,`last_login_ip`='2130706433' WHERE ( `uid` = 1 ) [ RunTime:0.000703s ]

[ 2016-03-16T16:51:22+08:00 ] 127.0.0.1 /onethink1/index.php?s=/Admin/Index/index.html
SQL: SHOW COLUMNS FROM `onethink_menu` [ RunTime:0.006596s ]
SQL: SELECT * FROM `onethink_menu` WHERE ( `pid` = 0 ) AND ( `hide` = 0 ) ORDER BY sort asc  [ RunTime:0.001462s ]
SQL: SELECT `id` FROM `onethink_menu` WHERE ( url like '%Index/index%' ) LIMIT 1   [ RunTime:0.000501s ]
SQL: SHOW COLUMNS FROM `onethink_menu` [ RunTime:0.004874s ]
SQL: SELECT `id`,`pid`,`title` FROM `onethink_menu` WHERE ( id=1 ) LIMIT 1   [ RunTime:0.000571s ]
SQL: SELECT DISTINCT  `group` FROM `onethink_menu` WHERE ( pid = 1 )  [ RunTime:0.000684s ]
SQL: SELECT `id`,`url` FROM `onethink_menu` WHERE ( `pid` = 1 ) AND ( `hide` = 0 )  [ RunTime:0.000587s ]
INFO: [ view_parse ] --START--
INFO: [ template_filter ] --START--
INFO: Run Behavior\ContentReplace [ RunTime:0.001795s ]
INFO: [ template_filter ] --END-- [ RunTime:0.002176s ]
INFO: [ AdminIndex ] --START--
SQL: SHOW COLUMNS FROM `onethink_addons` [ RunTime:0.009294s ]
SQL: SELECT `config` FROM `onethink_addons` WHERE ( `name` = 'SiteStat' ) AND ( `status` = 1 ) LIMIT 1   [ RunTime:0.000571s ]
SQL: SHOW COLUMNS FROM `onethink_member` [ RunTime:0.005288s ]
SQL: SELECT COUNT(*) AS tp_count FROM `onethink_member` LIMIT 1   [ RunTime:0.000491s ]
SQL: SHOW COLUMNS FROM `onethink_action_log` [ RunTime:0.035770s ]
SQL: SELECT COUNT(*) AS tp_count FROM `onethink_action_log` LIMIT 1   [ RunTime:0.000487s ]
SQL: SHOW COLUMNS FROM `onethink_document` [ RunTime:0.005260s ]
SQL: SELECT COUNT(*) AS tp_count FROM `onethink_document` LIMIT 1   [ RunTime:0.000409s ]
SQL: SHOW COLUMNS FROM `onethink_category` [ RunTime:0.005691s ]
SQL: SELECT COUNT(*) AS tp_count FROM `onethink_category` LIMIT 1   [ RunTime:0.000446s ]
SQL: SHOW COLUMNS FROM `onethink_model` [ RunTime:0.006951s ]
SQL: SELECT COUNT(*) AS tp_count FROM `onethink_model` LIMIT 1   [ RunTime:0.000345s ]
INFO: [ view_parse ] --START--
INFO: [ template_filter ] --START--
INFO: Run Behavior\ContentReplace [ RunTime:0.000155s ]
INFO: [ template_filter ] --END-- [ RunTime:-0.124153s ]
INFO: Run Behavior\ParseTemplate [ RunTime:0.007450s ]
INFO: [ view_parse ] --END-- [ RunTime:0.007722s ]
INFO: [ view_filter ] --START--
INFO: Run Behavior\WriteHtmlCache [ RunTime:0.000796s ]
INFO: [ view_filter ] --END-- [ RunTime:0.001022s ]
INFO: Run SiteStat [ RunTime:0.096219s ]
SQL: SELECT `config` FROM `onethink_addons` WHERE ( `name` = 'SystemInfo' ) AND ( `status` = 1 ) LIMIT 1   [ RunTime:0.000643s ]
INFO: [ view_parse ] --START--
INFO: [ template_filter ] --START--
INFO: Run Behavior\ContentReplace [ RunTime:0.000168s ]
INFO: [ template_filter ] --END-- [ RunTime:-0.138002s ]
SQL: select version() as v; [ RunTime:0.000464s ]
INFO: Run Behavior\ParseTemplate [ RunTime:0.010267s ]
INFO: [ view_parse ] --END-- [ RunTime:-0.005483s ]
INFO: [ view_filter ] --START--
INFO: Run Behavior\WriteHtmlCache [ RunTime:0.000050s ]
INFO: [ view_filter ] --END-- [ RunTime:-0.014948s ]
INFO: Run SystemInfo [ RunTime:0.015078s ]
SQL: SELECT `config` FROM `onethink_addons` WHERE ( `name` = 'DevTeam' ) AND ( `status` = 1 ) LIMIT 1   [ RunTime:0.000625s ]
INFO: [ view_parse ] --START--
INFO: [ template_filter ] --START--
INFO: Run Behavior\ContentReplace [ RunTime:0.000234s ]
INFO: [ template_filter ] --END-- [ RunTime:-0.152561s ]
INFO: Run Behavior\ParseTemplate [ RunTime:0.006483s ]
INFO: [ view_parse ] --END-- [ RunTime:-0.020931s ]
INFO: [ view_filter ] --START--
INFO: Run Behavior\WriteHtmlCache [ RunTime:0.000050s ]
INFO: [ view_filter ] --END-- [ RunTime:-0.026630s ]
INFO: Run DevTeam [ RunTime:0.011576s ]
INFO: [ AdminIndex ] --END-- [ RunTime:0.123333s ]
INFO: Run Behavior\ParseTemplate [ RunTime:0.007653s ]
INFO: [ view_parse ] --END-- [ RunTime:-0.020931s ]
INFO: [ view_filter ] --START--
INFO: Run Behavior\WriteHtmlCache [ RunTime:0.000045s ]
INFO: [ view_filter ] --END-- [ RunTime:-0.027778s ]
INFO: [ app_end ] --START--
INFO: Run Behavior\ShowPageTrace [ RunTime:0.001438s ]
INFO: [ app_end ] --END-- [ RunTime:0.001679s ]

[ 2016-03-16T16:51:25+08:00 ] 127.0.0.1 /onethink1/index.php?s=/Admin/AgCamp/clist.html
SQL: SHOW COLUMNS FROM `onethink_menu` [ RunTime:0.006316s ]
SQL: SELECT * FROM `onethink_menu` WHERE ( `pid` = 0 ) AND ( `hide` = 0 ) ORDER BY sort asc  [ RunTime:0.000879s ]
SQL: SELECT `id` FROM `onethink_menu` WHERE ( url like '%AgCamp/clist%' ) LIMIT 1   [ RunTime:0.000675s ]
SQL: SHOW COLUMNS FROM `onethink_menu` [ RunTime:0.004652s ]
SQL: SELECT `id`,`pid`,`title` FROM `onethink_menu` WHERE ( id=138 ) LIMIT 1   [ RunTime:0.000558s ]
SQL: SELECT DISTINCT  `group` FROM `onethink_menu` WHERE ( pid = 138 )  [ RunTime:0.001112s ]
SQL: SELECT `id`,`url` FROM `onethink_menu` WHERE ( `pid` = 138 ) AND ( `hide` = 0 )  [ RunTime:0.000666s ]
SQL: SELECT `id`,`pid`,`title`,`url`,`tip` FROM `onethink_menu` WHERE ( `group` = '我的营地' ) AND ( `pid` = 138 ) AND ( `hide` = 0 ) ORDER BY sort asc  [ RunTime:0.000567s ]
SQL: SELECT `id`,`pid`,`title`,`url`,`tip` FROM `onethink_menu` WHERE ( `group` = '扩展' ) AND ( `pid` = 138 ) AND ( `hide` = 0 ) ORDER BY sort asc  [ RunTime:0.000587s ]
SQL: SHOW COLUMNS FROM `onethink_lbivouac` [ RunTime:0.007090s ]
SQL: SELECT COUNT(*) AS tp_count FROM `onethink_lbivouac` WHERE ( `bivName` LIKE '%%' ) LIMIT 1   [ RunTime:0.000584s ]
SQL: SELECT `bivouacID`,`numX`,`numY`,`bivAdd`,`agentID`,`bivName`,`bivGrade`,`bivImg`,`bivDes`,`bivHouse`,`bivFood`,`bivWea`,`bivType`,`Status`,`bivVisit`,`bivEva`,`model_id`,`category_id`,`campType`,`campCol`,`content` FROM `onethink_lbivouac` WHERE ( `bivName` LIKE '%%' ) ORDER BY bivouacID desc LIMIT 0,10   [ RunTime:0.000798s ]
SQL: SHOW COLUMNS FROM `onethink_clist` [ RunTime:0.004358s ]
ERR: 1146:Table 'onethink.onethink_clist' doesn't exist
 [ SQL语句 ] : SHOW COLUMNS FROM `onethink_clist`
SQL: SELECT count(*) FROM  onethink_ucenter_member,onethink_lagent,onethink_lbivouac,onethink_loder WHERE onethink_ucenter_member.id=1 AND 1=onethink_lagent.agentID  AND onethink_lagent.agentID=onethink_lbivouac.agentID AND onethink_lbivouac.bivouacID=onethink_loder.bivouacID [ RunTime:0.001166s ]
ERR: 1146:Table 'onethink.onethink_loder' doesn't exist
 [ SQL语句 ] : SELECT count(*) FROM  onethink_ucenter_member,onethink_lagent,onethink_lbivouac,onethink_loder WHERE onethink_ucenter_member.id=1 AND 1=onethink_lagent.agentID  AND onethink_lagent.agentID=onethink_lbivouac.agentID AND onethink_lbivouac.bivouacID=onethink_loder.bivouacID
NOTIC: [2] Invalid argument supplied for foreach() F:\Ruanjian\wamp\www\onethink1\Application\Admin\Controller\AgCampController.class.php 第 23 行.
INFO: [ view_parse ] --START--
INFO: [ template_filter ] --START--
INFO: Run Behavior\ContentReplace [ RunTime:0.000661s ]
INFO: [ template_filter ] --END-- [ RunTime:0.001127s ]
NOTIC: [8] Undefined variable: bivouac F:\Ruanjian\wamp\www\onethink1\Runtime\Cache\Admin\05bcf9c6b784b3bf11574b039b2656ca.php 第 95 行.
NOTIC: [8] Undefined variable: count F:\Ruanjian\wamp\www\onethink1\Runtime\Cache\Admin\05bcf9c6b784b3bf11574b039b2656ca.php 第 132 行.
NOTIC: [8] Undefined variable: count F:\Ruanjian\wamp\www\onethink1\Runtime\Cache\Admin\05bcf9c6b784b3bf11574b039b2656ca.php 第 132 行.
INFO: Run Behavior\ParseTemplate [ RunTime:0.071071s ]
INFO: [ view_parse ] --END-- [ RunTime:0.071299s ]
INFO: [ view_filter ] --START--
INFO: Run Behavior\WriteHtmlCache [ RunTime:0.000846s ]
INFO: [ view_filter ] --END-- [ RunTime:0.001040s ]
INFO: [ app_end ] --START--
INFO: Run Behavior\ShowPageTrace [ RunTime:0.001237s ]
INFO: [ app_end ] --END-- [ RunTime:0.001462s ]

[ 2016-03-16T16:51:27+08:00 ] 127.0.0.1 /onethink1/index.php?s=/Admin/Sale/order.html
SQL: SHOW COLUMNS FROM `onethink_menu` [ RunTime:0.033641s ]
SQL: SELECT * FROM `onethink_menu` WHERE ( `pid` = 0 ) AND ( `hide` = 0 ) ORDER BY sort asc  [ RunTime:0.000930s ]
SQL: SELECT `id` FROM `onethink_menu` WHERE ( url like '%Sale/order%' ) LIMIT 1   [ RunTime:0.000741s ]
SQL: SHOW COLUMNS FROM `onethink_menu` [ RunTime:0.004930s ]
SQL: SELECT `id`,`pid`,`title` FROM `onethink_menu` WHERE ( id=154 ) LIMIT 1   [ RunTime:0.000563s ]
SQL: SELECT `id`,`pid`,`title` FROM `onethink_menu` WHERE ( id=138 ) LIMIT 1   [ RunTime:0.000374s ]
SQL: SELECT DISTINCT  `group` FROM `onethink_menu` WHERE ( pid = 138 )  [ RunTime:0.000699s ]
SQL: SELECT `id`,`url` FROM `onethink_menu` WHERE ( `pid` = 138 ) AND ( `hide` = 0 )  [ RunTime:0.000572s ]
SQL: SELECT `id`,`pid`,`title`,`url`,`tip` FROM `onethink_menu` WHERE ( `group` = '我的营地' ) AND ( `pid` = 138 ) AND ( `hide` = 0 ) ORDER BY sort asc  [ RunTime:0.000671s ]
SQL: SELECT `id`,`pid`,`title`,`url`,`tip` FROM `onethink_menu` WHERE ( `group` = '扩展' ) AND ( `pid` = 138 ) AND ( `hide` = 0 ) ORDER BY sort asc  [ RunTime:0.000711s ]
SQL: SHOW COLUMNS FROM `onethink_lorder` [ RunTime:0.057813s ]
SQL: SELECT COUNT(*) AS tp_count FROM `onethink_lorder` LIMIT 1   [ RunTime:0.000496s ]
SQL: SELECT * FROM `onethink_lorder` INNER JOIN onethink_lbivouac on onethink_lorder.bivouacID=onethink_lbivouac.bivouacID  LIMIT 0,10   [ RunTime:0.021033s ]
INFO: [ view_parse ] --START--
INFO: [ template_filter ] --START--
INFO: Run Behavior\ContentReplace [ RunTime:0.000767s ]
INFO: [ template_filter ] --END-- [ RunTime:0.001150s ]
INFO: Run Behavior\ParseTemplate [ RunTime:0.100970s ]
INFO: [ view_parse ] --END-- [ RunTime:0.101238s ]
INFO: [ view_filter ] --START--
INFO: Run Behavior\WriteHtmlCache [ RunTime:0.000898s ]
INFO: [ view_filter ] --END-- [ RunTime:0.001126s ]
INFO: [ app_end ] --START--
INFO: Run Behavior\ShowPageTrace [ RunTime:0.001382s ]
INFO: [ app_end ] --END-- [ RunTime:0.001662s ]

[ 2016-03-16T16:51:29+08:00 ] 127.0.0.1 /onethink1/index.php?s=/Admin/Sale/index.html
SQL: SHOW COLUMNS FROM `onethink_menu` [ RunTime:0.005147s ]
SQL: SELECT * FROM `onethink_menu` WHERE ( `pid` = 0 ) AND ( `hide` = 0 ) ORDER BY sort asc  [ RunTime:0.000937s ]
SQL: SELECT `id` FROM `onethink_menu` WHERE ( url like '%Sale/index%' ) LIMIT 1   [ RunTime:0.000842s ]
SQL: SHOW COLUMNS FROM `onethink_menu` [ RunTime:0.005193s ]
SQL: SELECT `id`,`pid`,`title` FROM `onethink_menu` WHERE ( id=152 ) LIMIT 1   [ RunTime:0.000504s ]
SQL: SELECT `id`,`pid`,`title` FROM `onethink_menu` WHERE ( id=138 ) LIMIT 1   [ RunTime:0.000498s ]
SQL: SELECT DISTINCT  `group` FROM `onethink_menu` WHERE ( pid = 138 )  [ RunTime:0.000771s ]
SQL: SELECT `id`,`url` FROM `onethink_menu` WHERE ( `pid` = 138 ) AND ( `hide` = 0 )  [ RunTime:0.000596s ]
SQL: SELECT `id`,`pid`,`title`,`url`,`tip` FROM `onethink_menu` WHERE ( `group` = '我的营地' ) AND ( `pid` = 138 ) AND ( `hide` = 0 ) ORDER BY sort asc  [ RunTime:0.000680s ]
SQL: SELECT `id`,`pid`,`title`,`url`,`tip` FROM `onethink_menu` WHERE ( `group` = '扩展' ) AND ( `pid` = 138 ) AND ( `hide` = 0 ) ORDER BY sort asc  [ RunTime:0.000716s ]
INFO: [ view_parse ] --START--
INFO: [ template_filter ] --START--
INFO: Run Behavior\ContentReplace [ RunTime:0.000660s ]
INFO: [ template_filter ] --END-- [ RunTime:0.001100s ]
NOTIC: [8] Undefined variable: meta_title F:\Ruanjian\wamp\www\onethink1\Runtime\Cache\Admin\48804f473ae4f64ec9121665b8286f36.php 第 5 行.
INFO: Run Behavior\ParseTemplate [ RunTime:0.064840s ]
INFO: [ view_parse ] --END-- [ RunTime:0.065107s ]
INFO: [ view_filter ] --START--
INFO: Run Behavior\WriteHtmlCache [ RunTime:0.001076s ]
INFO: [ view_filter ] --END-- [ RunTime:0.001306s ]
INFO: [ app_end ] --START--
INFO: Run Behavior\ShowPageTrace [ RunTime:0.001766s ]
INFO: [ app_end ] --END-- [ RunTime:0.002021s ]

[ 2016-03-16T16:52:18+08:00 ] 127.0.0.1 /onethink1/index.php?s=/Admin/Sale/index.html
SQL: SHOW COLUMNS FROM `onethink_menu` [ RunTime:0.006498s ]
SQL: SELECT * FROM `onethink_menu` WHERE ( `pid` = 0 ) AND ( `hide` = 0 ) ORDER BY sort asc  [ RunTime:0.001067s ]
SQL: SELECT `id` FROM `onethink_menu` WHERE ( url like '%Sale/index%' ) LIMIT 1   [ RunTime:0.000972s ]
SQL: SHOW COLUMNS FROM `onethink_menu` [ RunTime:0.006000s ]
SQL: SELECT `id`,`pid`,`title` FROM `onethink_menu` WHERE ( id=152 ) LIMIT 1   [ RunTime:0.000688s ]
SQL: SELECT `id`,`pid`,`title` FROM `onethink_menu` WHERE ( id=138 ) LIMIT 1   [ RunTime:0.000534s ]
SQL: SELECT DISTINCT  `group` FROM `onethink_menu` WHERE ( pid = 138 )  [ RunTime:0.001541s ]
SQL: SELECT `id`,`url` FROM `onethink_menu` WHERE ( `pid` = 138 ) AND ( `hide` = 0 )  [ RunTime:0.001188s ]
SQL: SELECT `id`,`pid`,`title`,`url`,`tip` FROM `onethink_menu` WHERE ( `group` = '我的营地' ) AND ( `pid` = 138 ) AND ( `hide` = 0 ) ORDER BY sort asc  [ RunTime:0.000686s ]
SQL: SELECT `id`,`pid`,`title`,`url`,`tip` FROM `onethink_menu` WHERE ( `group` = '扩展' ) AND ( `pid` = 138 ) AND ( `hide` = 0 ) ORDER BY sort asc  [ RunTime:0.000618s ]
INFO: [ view_parse ] --START--
INFO: [ template_filter ] --START--
INFO: Run Behavior\ContentReplace [ RunTime:0.000696s ]
INFO: [ template_filter ] --END-- [ RunTime:0.001077s ]
NOTIC: [8] Undefined variable: meta_title F:\Ruanjian\wamp\www\onethink1\Runtime\Cache\Admin\48804f473ae4f64ec9121665b8286f36.php 第 5 行.
INFO: Run Behavior\ParseTemplate [ RunTime:0.074958s ]
INFO: [ view_parse ] --END-- [ RunTime:0.075225s ]
INFO: [ view_filter ] --START--
INFO: Run Behavior\WriteHtmlCache [ RunTime:0.000980s ]
INFO: [ view_filter ] --END-- [ RunTime:0.001214s ]
INFO: [ app_end ] --START--
INFO: Run Behavior\ShowPageTrace [ RunTime:0.001391s ]
INFO: [ app_end ] --END-- [ RunTime:0.001626s ]

[ 2016-03-16T17:00:29+08:00 ] 127.0.0.1 /onethink1/index.php?s=/Admin/Sale/index.html
SQL: SHOW COLUMNS FROM `onethink_menu` [ RunTime:0.008430s ]
SQL: SELECT * FROM `onethink_menu` WHERE ( `pid` = 0 ) AND ( `hide` = 0 ) ORDER BY sort asc  [ RunTime:0.000961s ]
SQL: SELECT `id` FROM `onethink_menu` WHERE ( url like '%Sale/index%' ) LIMIT 1   [ RunTime:0.000740s ]
SQL: SHOW COLUMNS FROM `onethink_menu` [ RunTime:0.005882s ]
SQL: SELECT `id`,`pid`,`title` FROM `onethink_menu` WHERE ( id=152 ) LIMIT 1   [ RunTime:0.003084s ]
SQL: SELECT `id`,`pid`,`title` FROM `onethink_menu` WHERE ( id=138 ) LIMIT 1   [ RunTime:0.000708s ]
SQL: SELECT DISTINCT  `group` FROM `onethink_menu` WHERE ( pid = 138 )  [ RunTime:0.001105s ]
SQL: SELECT `id`,`url` FROM `onethink_menu` WHERE ( `pid` = 138 ) AND ( `hide` = 0 )  [ RunTime:0.000845s ]
SQL: SELECT `id`,`pid`,`title`,`url`,`tip` FROM `onethink_menu` WHERE ( `group` = '我的营地' ) AND ( `pid` = 138 ) AND ( `hide` = 0 ) ORDER BY sort asc  [ RunTime:0.000960s ]
SQL: SELECT `id`,`pid`,`title`,`url`,`tip` FROM `onethink_menu` WHERE ( `group` = '扩展' ) AND ( `pid` = 138 ) AND ( `hide` = 0 ) ORDER BY sort asc  [ RunTime:0.001903s ]
INFO: [ view_parse ] --START--
INFO: [ template_filter ] --START--
INFO: Run Behavior\ContentReplace [ RunTime:0.000589s ]
INFO: [ template_filter ] --END-- [ RunTime:0.000934s ]
NOTIC: [8] Undefined variable: meta_title F:\Ruanjian\wamp\www\onethink1\Runtime\Cache\Admin\48804f473ae4f64ec9121665b8286f36.php 第 5 行.
INFO: Run Behavior\ParseTemplate [ RunTime:0.060627s ]
INFO: [ view_parse ] --END-- [ RunTime:0.060883s ]
INFO: [ view_filter ] --START--
INFO: Run Behavior\WriteHtmlCache [ RunTime:0.000801s ]
INFO: [ view_filter ] --END-- [ RunTime:0.001008s ]
INFO: [ app_end ] --START--
INFO: Run Behavior\ShowPageTrace [ RunTime:0.001758s ]
INFO: [ app_end ] --END-- [ RunTime:0.001985s ]

[ 2016-03-16T17:02:14+08:00 ] 127.0.0.1 /onethink1/index.php?s=/Admin/Sale/index.html
SQL: SHOW COLUMNS FROM `onethink_menu` [ RunTime:0.006451s ]
SQL: SELECT * FROM `onethink_menu` WHERE ( `pid` = 0 ) AND ( `hide` = 0 ) ORDER BY sort asc  [ RunTime:0.001123s ]
SQL: SELECT `id` FROM `onethink_menu` WHERE ( url like '%Sale/index%' ) LIMIT 1   [ RunTime:0.001971s ]
SQL: SHOW COLUMNS FROM `onethink_menu` [ RunTime:0.007810s ]
SQL: SELECT `id`,`pid`,`title` FROM `onethink_menu` WHERE ( id=152 ) LIMIT 1   [ RunTime:0.000586s ]
SQL: SELECT `id`,`pid`,`title` FROM `onethink_menu` WHERE ( id=138 ) LIMIT 1   [ RunTime:0.000454s ]
SQL: SELECT DISTINCT  `group` FROM `onethink_menu` WHERE ( pid = 138 )  [ RunTime:0.000810s ]
SQL: SELECT `id`,`url` FROM `onethink_menu` WHERE ( `pid` = 138 ) AND ( `hide` = 0 )  [ RunTime:0.000626s ]
SQL: SELECT `id`,`pid`,`title`,`url`,`tip` FROM `onethink_menu` WHERE ( `group` = '我的营地' ) AND ( `pid` = 138 ) AND ( `hide` = 0 ) ORDER BY sort asc  [ RunTime:0.001597s ]
SQL: SELECT `id`,`pid`,`title`,`url`,`tip` FROM `onethink_menu` WHERE ( `group` = '扩展' ) AND ( `pid` = 138 ) AND ( `hide` = 0 ) ORDER BY sort asc  [ RunTime:0.001475s ]
INFO: [ view_parse ] --START--
INFO: [ template_filter ] --START--
INFO: Run Behavior\ContentReplace [ RunTime:0.000568s ]
INFO: [ template_filter ] --END-- [ RunTime:0.000895s ]
NOTIC: [8] Undefined variable: meta_title F:\Ruanjian\wamp\www\onethink1\Runtime\Cache\Admin\48804f473ae4f64ec9121665b8286f36.php 第 5 行.
INFO: Run Behavior\ParseTemplate [ RunTime:0.062986s ]
INFO: [ view_parse ] --END-- [ RunTime:0.063246s ]
INFO: [ view_filter ] --START--
INFO: Run Behavior\WriteHtmlCache [ RunTime:0.000836s ]
INFO: [ view_filter ] --END-- [ RunTime:0.001035s ]
INFO: [ app_end ] --START--
INFO: Run Behavior\ShowPageTrace [ RunTime:0.001305s ]
INFO: [ app_end ] --END-- [ RunTime:0.001624s ]

[ 2016-03-16T17:06:15+08:00 ] 127.0.0.1 /onethink1/index.php?s=/Admin/AgCamp/clist.html
SQL: SHOW COLUMNS FROM `onethink_menu` [ RunTime:0.005876s ]
SQL: SELECT * FROM `onethink_menu` WHERE ( `pid` = 0 ) AND ( `hide` = 0 ) ORDER BY sort asc  [ RunTime:0.002563s ]
SQL: SELECT `id` FROM `onethink_menu` WHERE ( url like '%AgCamp/clist%' ) LIMIT 1   [ RunTime:0.001187s ]
SQL: SHOW COLUMNS FROM `onethink_menu` [ RunTime:0.008049s ]
SQL: SELECT `id`,`pid`,`title` FROM `onethink_menu` WHERE ( id=138 ) LIMIT 1   [ RunTime:0.000937s ]
SQL: SELECT DISTINCT  `group` FROM `onethink_menu` WHERE ( pid = 138 )  [ RunTime:0.000908s ]
SQL: SELECT `id`,`url` FROM `onethink_menu` WHERE ( `pid` = 138 ) AND ( `hide` = 0 )  [ RunTime:0.000737s ]
SQL: SELECT `id`,`pid`,`title`,`url`,`tip` FROM `onethink_menu` WHERE ( `group` = '我的营地' ) AND ( `pid` = 138 ) AND ( `hide` = 0 ) ORDER BY sort asc  [ RunTime:0.000729s ]
SQL: SELECT `id`,`pid`,`title`,`url`,`tip` FROM `onethink_menu` WHERE ( `group` = '扩展' ) AND ( `pid` = 138 ) AND ( `hide` = 0 ) ORDER BY sort asc  [ RunTime:0.000661s ]
SQL: SHOW COLUMNS FROM `onethink_lbivouac` [ RunTime:0.007478s ]
SQL: SELECT COUNT(*) AS tp_count FROM `onethink_lbivouac` WHERE ( `bivName` LIKE '%%' ) LIMIT 1   [ RunTime:0.000711s ]
SQL: SELECT `bivouacID`,`numX`,`numY`,`bivAdd`,`agentID`,`bivName`,`bivGrade`,`bivImg`,`bivDes`,`bivHouse`,`bivFood`,`bivWea`,`bivType`,`Status`,`bivVisit`,`bivEva`,`model_id`,`category_id`,`campType`,`campCol`,`content` FROM `onethink_lbivouac` WHERE ( `bivName` LIKE '%%' ) ORDER BY bivouacID desc LIMIT 0,10   [ RunTime:0.000784s ]
SQL: SHOW COLUMNS FROM `onethink_clist` [ RunTime:0.005297s ]
ERR: 1146:Table 'onethink.onethink_clist' doesn't exist
 [ SQL语句 ] : SHOW COLUMNS FROM `onethink_clist`
SQL: SELECT count(*) FROM  onethink_ucenter_member,onethink_lagent,onethink_lbivouac,onethink_loder WHERE onethink_ucenter_member.id=1 AND 1=onethink_lagent.agentID  AND onethink_lagent.agentID=onethink_lbivouac.agentID AND onethink_lbivouac.bivouacID=onethink_loder.bivouacID [ RunTime:0.001580s ]
ERR: 1146:Table 'onethink.onethink_loder' doesn't exist
 [ SQL语句 ] : SELECT count(*) FROM  onethink_ucenter_member,onethink_lagent,onethink_lbivouac,onethink_loder WHERE onethink_ucenter_member.id=1 AND 1=onethink_lagent.agentID  AND onethink_lagent.agentID=onethink_lbivouac.agentID AND onethink_lbivouac.bivouacID=onethink_loder.bivouacID
NOTIC: [2] Invalid argument supplied for foreach() F:\Ruanjian\wamp\www\onethink1\Application\Admin\Controller\AgCampController.class.php 第 23 行.
INFO: [ view_parse ] --START--
INFO: [ template_filter ] --START--
INFO: Run Behavior\ContentReplace [ RunTime:0.000762s ]
INFO: [ template_filter ] --END-- [ RunTime:0.001085s ]
NOTIC: [8] Undefined variable: bivouac F:\Ruanjian\wamp\www\onethink1\Runtime\Cache\Admin\05bcf9c6b784b3bf11574b039b2656ca.php 第 95 行.
NOTIC: [8] Undefined variable: count F:\Ruanjian\wamp\www\onethink1\Runtime\Cache\Admin\05bcf9c6b784b3bf11574b039b2656ca.php 第 132 行.
NOTIC: [8] Undefined variable: count F:\Ruanjian\wamp\www\onethink1\Runtime\Cache\Admin\05bcf9c6b784b3bf11574b039b2656ca.php 第 132 行.
INFO: Run Behavior\ParseTemplate [ RunTime:0.078013s ]
INFO: [ view_parse ] --END-- [ RunTime:0.078264s ]
INFO: [ view_filter ] --START--
INFO: Run Behavior\WriteHtmlCache [ RunTime:0.001228s ]
INFO: [ view_filter ] --END-- [ RunTime:0.001457s ]
INFO: [ app_end ] --START--
INFO: Run Behavior\ShowPageTrace [ RunTime:0.001603s ]
INFO: [ app_end ] --END-- [ RunTime:0.001847s ]

[ 2016-03-16T17:06:18+08:00 ] 127.0.0.1 /onethink1/index.php?s=/Admin/Sale/index.html
SQL: SHOW COLUMNS FROM `onethink_menu` [ RunTime:0.005812s ]
SQL: SELECT * FROM `onethink_menu` WHERE ( `pid` = 0 ) AND ( `hide` = 0 ) ORDER BY sort asc  [ RunTime:0.000967s ]
SQL: SELECT `id` FROM `onethink_menu` WHERE ( url like '%Sale/index%' ) LIMIT 1   [ RunTime:0.000821s ]
SQL: SHOW COLUMNS FROM `onethink_menu` [ RunTime:0.006567s ]
SQL: SELECT `id`,`pid`,`title` FROM `onethink_menu` WHERE ( id=152 ) LIMIT 1   [ RunTime:0.000597s ]
SQL: SELECT `id`,`pid`,`title` FROM `onethink_menu` WHERE ( id=138 ) LIMIT 1   [ RunTime:0.000510s ]
SQL: SELECT DISTINCT  `group` FROM `onethink_menu` WHERE ( pid = 138 )  [ RunTime:0.000814s ]
SQL: SELECT `id`,`url` FROM `onethink_menu` WHERE ( `pid` = 138 ) AND ( `hide` = 0 )  [ RunTime:0.000623s ]
SQL: SELECT `id`,`pid`,`title`,`url`,`tip` FROM `onethink_menu` WHERE ( `group` = '我的营地' ) AND ( `pid` = 138 ) AND ( `hide` = 0 ) ORDER BY sort asc  [ RunTime:0.000781s ]
SQL: SELECT `id`,`pid`,`title`,`url`,`tip` FROM `onethink_menu` WHERE ( `group` = '扩展' ) AND ( `pid` = 138 ) AND ( `hide` = 0 ) ORDER BY sort asc  [ RunTime:0.000714s ]
INFO: [ view_parse ] --START--
INFO: [ template_filter ] --START--
INFO: Run Behavior\ContentReplace [ RunTime:0.000702s ]
INFO: [ template_filter ] --END-- [ RunTime:0.001080s ]
NOTIC: [8] Undefined variable: meta_title F:\Ruanjian\wamp\www\onethink1\Runtime\Cache\Admin\48804f473ae4f64ec9121665b8286f36.php 第 5 行.
INFO: Run Behavior\ParseTemplate [ RunTime:0.070970s ]
INFO: [ view_parse ] --END-- [ RunTime:0.071237s ]
INFO: [ view_filter ] --START--
INFO: Run Behavior\WriteHtmlCache [ RunTime:0.001150s ]
INFO: [ view_filter ] --END-- [ RunTime:0.001411s ]
INFO: [ app_end ] --START--
INFO: Run Behavior\ShowPageTrace [ RunTime:0.001459s ]
INFO: [ app_end ] --END-- [ RunTime:0.001697s ]

[ 2016-03-16T17:08:01+08:00 ] 127.0.0.1 /onethink1/index.php?s=/Admin/Sale/index.html
SQL: SHOW COLUMNS FROM `onethink_menu` [ RunTime:0.005015s ]
SQL: SELECT * FROM `onethink_menu` WHERE ( `pid` = 0 ) AND ( `hide` = 0 ) ORDER BY sort asc  [ RunTime:0.000976s ]
SQL: SELECT `id` FROM `onethink_menu` WHERE ( url like '%Sale/index%' ) LIMIT 1   [ RunTime:0.001113s ]
SQL: SHOW COLUMNS FROM `onethink_menu` [ RunTime:0.005442s ]
SQL: SELECT `id`,`pid`,`title` FROM `onethink_menu` WHERE ( id=152 ) LIMIT 1   [ RunTime:0.000545s ]
SQL: SELECT `id`,`pid`,`title` FROM `onethink_menu` WHERE ( id=138 ) LIMIT 1   [ RunTime:0.000701s ]
SQL: SELECT DISTINCT  `group` FROM `onethink_menu` WHERE ( pid = 138 )  [ RunTime:0.000888s ]
SQL: SELECT `id`,`url` FROM `onethink_menu` WHERE ( `pid` = 138 ) AND ( `hide` = 0 )  [ RunTime:0.000787s ]
SQL: SELECT `id`,`pid`,`title`,`url`,`tip` FROM `onethink_menu` WHERE ( `group` = '我的营地' ) AND ( `pid` = 138 ) AND ( `hide` = 0 ) ORDER BY sort asc  [ RunTime:0.000733s ]
SQL: SELECT `id`,`pid`,`title`,`url`,`tip` FROM `onethink_menu` WHERE ( `group` = '扩展' ) AND ( `pid` = 138 ) AND ( `hide` = 0 ) ORDER BY sort asc  [ RunTime:0.000737s ]
INFO: [ view_parse ] --START--
INFO: [ template_filter ] --START--
INFO: Run Behavior\ContentReplace [ RunTime:0.000823s ]
INFO: [ template_filter ] --END-- [ RunTime:0.001779s ]
NOTIC: [8] Undefined variable: meta_title F:\Ruanjian\wamp\www\onethink1\Runtime\Cache\Admin\48804f473ae4f64ec9121665b8286f36.php 第 5 行.
INFO: Run Behavior\ParseTemplate [ RunTime:0.083151s ]
INFO: [ view_parse ] --END-- [ RunTime:0.083483s ]
INFO: [ view_filter ] --START--
INFO: Run Behavior\WriteHtmlCache [ RunTime:0.001012s ]
INFO: [ view_filter ] --END-- [ RunTime:0.001277s ]
INFO: [ app_end ] --START--
INFO: Run Behavior\ShowPageTrace [ RunTime:0.001295s ]
INFO: [ app_end ] --END-- [ RunTime:0.001505s ]

[ 2016-03-16T17:08:28+08:00 ] 127.0.0.1 /onethink1/index.php?s=/Admin/Sale/index.html
SQL: SHOW COLUMNS FROM `onethink_menu` [ RunTime:0.005144s ]
SQL: SELECT * FROM `onethink_menu` WHERE ( `pid` = 0 ) AND ( `hide` = 0 ) ORDER BY sort asc  [ RunTime:0.002469s ]
SQL: SELECT `id` FROM `onethink_menu` WHERE ( url like '%Sale/index%' ) LIMIT 1   [ RunTime:0.000864s ]
SQL: SHOW COLUMNS FROM `onethink_menu` [ RunTime:0.006628s ]
SQL: SELECT `id`,`pid`,`title` FROM `onethink_menu` WHERE ( id=152 ) LIMIT 1   [ RunTime:0.002009s ]
SQL: SELECT `id`,`pid`,`title` FROM `onethink_menu` WHERE ( id=138 ) LIMIT 1   [ RunTime:0.000591s ]
SQL: SELECT DISTINCT  `group` FROM `onethink_menu` WHERE ( pid = 138 )  [ RunTime:0.000889s ]
SQL: SELECT `id`,`url` FROM `onethink_menu` WHERE ( `pid` = 138 ) AND ( `hide` = 0 )  [ RunTime:0.001184s ]
SQL: SELECT `id`,`pid`,`title`,`url`,`tip` FROM `onethink_menu` WHERE ( `group` = '我的营地' ) AND ( `pid` = 138 ) AND ( `hide` = 0 ) ORDER BY sort asc  [ RunTime:0.000796s ]
SQL: SELECT `id`,`pid`,`title`,`url`,`tip` FROM `onethink_menu` WHERE ( `group` = '扩展' ) AND ( `pid` = 138 ) AND ( `hide` = 0 ) ORDER BY sort asc  [ RunTime:0.000865s ]
INFO: [ view_parse ] --START--
INFO: [ template_filter ] --START--
INFO: Run Behavior\ContentReplace [ RunTime:0.000753s ]
INFO: [ template_filter ] --END-- [ RunTime:0.001352s ]
NOTIC: [8] Undefined variable: meta_title F:\Ruanjian\wamp\www\onethink1\Runtime\Cache\Admin\48804f473ae4f64ec9121665b8286f36.php 第 5 行.
INFO: Run Behavior\ParseTemplate [ RunTime:0.073907s ]
INFO: [ view_parse ] --END-- [ RunTime:0.074488s ]
INFO: [ view_filter ] --START--
INFO: Run Behavior\WriteHtmlCache [ RunTime:0.001106s ]
INFO: [ view_filter ] --END-- [ RunTime:0.001348s ]
INFO: [ app_end ] --START--
INFO: Run Behavior\ShowPageTrace [ RunTime:0.001706s ]
INFO: [ app_end ] --END-- [ RunTime:0.001952s ]

[ 2016-03-16T17:10:00+08:00 ] 127.0.0.1 /onethink1/index.php?s=/Admin/Sale/index.html
SQL: SHOW COLUMNS FROM `onethink_menu` [ RunTime:0.005002s ]
SQL: SELECT * FROM `onethink_menu` WHERE ( `pid` = 0 ) AND ( `hide` = 0 ) ORDER BY sort asc  [ RunTime:0.000917s ]
SQL: SELECT `id` FROM `onethink_menu` WHERE ( url like '%Sale/index%' ) LIMIT 1   [ RunTime:0.000740s ]
SQL: SHOW COLUMNS FROM `onethink_menu` [ RunTime:0.004744s ]
SQL: SELECT `id`,`pid`,`title` FROM `onethink_menu` WHERE ( id=152 ) LIMIT 1   [ RunTime:0.000446s ]
SQL: SELECT `id`,`pid`,`title` FROM `onethink_menu` WHERE ( id=138 ) LIMIT 1   [ RunTime:0.001828s ]
SQL: SELECT DISTINCT  `group` FROM `onethink_menu` WHERE ( pid = 138 )  [ RunTime:0.000948s ]
SQL: SELECT `id`,`url` FROM `onethink_menu` WHERE ( `pid` = 138 ) AND ( `hide` = 0 )  [ RunTime:0.000817s ]
SQL: SELECT `id`,`pid`,`title`,`url`,`tip` FROM `onethink_menu` WHERE ( `group` = '我的营地' ) AND ( `pid` = 138 ) AND ( `hide` = 0 ) ORDER BY sort asc  [ RunTime:0.000677s ]
SQL: SELECT `id`,`pid`,`title`,`url`,`tip` FROM `onethink_menu` WHERE ( `group` = '扩展' ) AND ( `pid` = 138 ) AND ( `hide` = 0 ) ORDER BY sort asc  [ RunTime:0.000710s ]
INFO: [ view_parse ] --START--
INFO: [ template_filter ] --START--
INFO: Run Behavior\ContentReplace [ RunTime:0.000652s ]
INFO: [ template_filter ] --END-- [ RunTime:0.001025s ]
NOTIC: [8] Undefined variable: meta_title F:\Ruanjian\wamp\www\onethink1\Runtime\Cache\Admin\48804f473ae4f64ec9121665b8286f36.php 第 5 行.
INFO: Run Behavior\ParseTemplate [ RunTime:0.071000s ]
INFO: [ view_parse ] --END-- [ RunTime:0.071316s ]
INFO: [ view_filter ] --START--
INFO: Run Behavior\WriteHtmlCache [ RunTime:0.000911s ]
INFO: [ view_filter ] --END-- [ RunTime:0.001141s ]
INFO: [ app_end ] --START--
INFO: Run Behavior\ShowPageTrace [ RunTime:0.001723s ]
INFO: [ app_end ] --END-- [ RunTime:0.002055s ]

[ 2016-03-16T17:10:26+08:00 ] 127.0.0.1 /onethink1/index.php?s=/Admin/Sale/index.html
SQL: SHOW COLUMNS FROM `onethink_menu` [ RunTime:0.004851s ]
SQL: SELECT * FROM `onethink_menu` WHERE ( `pid` = 0 ) AND ( `hide` = 0 ) ORDER BY sort asc  [ RunTime:0.000980s ]
SQL: SELECT `id` FROM `onethink_menu` WHERE ( url like '%Sale/index%' ) LIMIT 1   [ RunTime:0.000829s ]
SQL: SHOW COLUMNS FROM `onethink_menu` [ RunTime:0.004886s ]
SQL: SELECT `id`,`pid`,`title` FROM `onethink_menu` WHERE ( id=152 ) LIMIT 1   [ RunTime:0.000541s ]
SQL: SELECT `id`,`pid`,`title` FROM `onethink_menu` WHERE ( id=138 ) LIMIT 1   [ RunTime:0.000521s ]
SQL: SELECT DISTINCT  `group` FROM `onethink_menu` WHERE ( pid = 138 )  [ RunTime:0.000812s ]
SQL: SELECT `id`,`url` FROM `onethink_menu` WHERE ( `pid` = 138 ) AND ( `hide` = 0 )  [ RunTime:0.000853s ]
SQL: SELECT `id`,`pid`,`title`,`url`,`tip` FROM `onethink_menu` WHERE ( `group` = '我的营地' ) AND ( `pid` = 138 ) AND ( `hide` = 0 ) ORDER BY sort asc  [ RunTime:0.000704s ]
SQL: SELECT `id`,`pid`,`title`,`url`,`tip` FROM `onethink_menu` WHERE ( `group` = '扩展' ) AND ( `pid` = 138 ) AND ( `hide` = 0 ) ORDER BY sort asc  [ RunTime:0.000684s ]
INFO: [ view_parse ] --START--
INFO: [ template_filter ] --START--
INFO: Run Behavior\ContentReplace [ RunTime:0.000711s ]
INFO: [ template_filter ] --END-- [ RunTime:0.001174s ]
NOTIC: [8] Undefined variable: meta_title F:\Ruanjian\wamp\www\onethink1\Runtime\Cache\Admin\48804f473ae4f64ec9121665b8286f36.php 第 5 行.
INFO: Run Behavior\ParseTemplate [ RunTime:0.066763s ]
INFO: [ view_parse ] --END-- [ RunTime:0.067039s ]
INFO: [ view_filter ] --START--
INFO: Run Behavior\WriteHtmlCache [ RunTime:0.001082s ]
INFO: [ view_filter ] --END-- [ RunTime:0.001326s ]
INFO: [ app_end ] --START--
INFO: Run Behavior\ShowPageTrace [ RunTime:0.001479s ]
INFO: [ app_end ] --END-- [ RunTime:0.001714s ]

[ 2016-03-16T17:10:54+08:00 ] 127.0.0.1 /onethink1/index.php?s=/Admin/Sale/index.html
SQL: SHOW COLUMNS FROM `onethink_menu` [ RunTime:0.004668s ]
SQL: SELECT * FROM `onethink_menu` WHERE ( `pid` = 0 ) AND ( `hide` = 0 ) ORDER BY sort asc  [ RunTime:0.001961s ]
SQL: SELECT `id` FROM `onethink_menu` WHERE ( url like '%Sale/index%' ) LIMIT 1   [ RunTime:0.000759s ]
SQL: SHOW COLUMNS FROM `onethink_menu` [ RunTime:0.005039s ]
SQL: SELECT `id`,`pid`,`title` FROM `onethink_menu` WHERE ( id=152 ) LIMIT 1   [ RunTime:0.000468s ]
SQL: SELECT `id`,`pid`,`title` FROM `onethink_menu` WHERE ( id=138 ) LIMIT 1   [ RunTime:0.000655s ]
SQL: SELECT DISTINCT  `group` FROM `onethink_menu` WHERE ( pid = 138 )  [ RunTime:0.000824s ]
SQL: SELECT `id`,`url` FROM `onethink_menu` WHERE ( `pid` = 138 ) AND ( `hide` = 0 )  [ RunTime:0.000766s ]
SQL: SELECT `id`,`pid`,`title`,`url`,`tip` FROM `onethink_menu` WHERE ( `group` = '我的营地' ) AND ( `pid` = 138 ) AND ( `hide` = 0 ) ORDER BY sort asc  [ RunTime:0.000802s ]
SQL: SELECT `id`,`pid`,`title`,`url`,`tip` FROM `onethink_menu` WHERE ( `group` = '扩展' ) AND ( `pid` = 138 ) AND ( `hide` = 0 ) ORDER BY sort asc  [ RunTime:0.000709s ]
INFO: [ view_parse ] --START--
INFO: [ template_filter ] --START--
INFO: Run Behavior\ContentReplace [ RunTime:0.000797s ]
INFO: [ template_filter ] --END-- [ RunTime:0.001181s ]
NOTIC: [8] Undefined variable: meta_title F:\Ruanjian\wamp\www\onethink1\Runtime\Cache\Admin\48804f473ae4f64ec9121665b8286f36.php 第 5 行.
INFO: Run Behavior\ParseTemplate [ RunTime:0.065799s ]
INFO: [ view_parse ] --END-- [ RunTime:0.066546s ]
INFO: [ view_filter ] --START--
INFO: Run Behavior\WriteHtmlCache [ RunTime:0.001005s ]
INFO: [ view_filter ] --END-- [ RunTime:0.001235s ]
INFO: [ app_end ] --START--
INFO: Run Behavior\ShowPageTrace [ RunTime:0.001391s ]
INFO: [ app_end ] --END-- [ RunTime:0.001651s ]

[ 2016-03-16T17:11:20+08:00 ] 127.0.0.1 /onethink1/index.php?s=/Admin/Sale/index.html
SQL: SHOW COLUMNS FROM `onethink_menu` [ RunTime:0.004839s ]
SQL: SELECT * FROM `onethink_menu` WHERE ( `pid` = 0 ) AND ( `hide` = 0 ) ORDER BY sort asc  [ RunTime:0.001483s ]
SQL: SELECT `id` FROM `onethink_menu` WHERE ( url like '%Sale/index%' ) LIMIT 1   [ RunTime:0.000795s ]
SQL: SHOW COLUMNS FROM `onethink_menu` [ RunTime:0.004883s ]
SQL: SELECT `id`,`pid`,`title` FROM `onethink_menu` WHERE ( id=152 ) LIMIT 1   [ RunTime:0.000512s ]
SQL: SELECT `id`,`pid`,`title` FROM `onethink_menu` WHERE ( id=138 ) LIMIT 1   [ RunTime:0.000507s ]
SQL: SELECT DISTINCT  `group` FROM `onethink_menu` WHERE ( pid = 138 )  [ RunTime:0.000787s ]
SQL: SELECT `id`,`url` FROM `onethink_menu` WHERE ( `pid` = 138 ) AND ( `hide` = 0 )  [ RunTime:0.000793s ]
SQL: SELECT `id`,`pid`,`title`,`url`,`tip` FROM `onethink_menu` WHERE ( `group` = '我的营地' ) AND ( `pid` = 138 ) AND ( `hide` = 0 ) ORDER BY sort asc  [ RunTime:0.000802s ]
SQL: SELECT `id`,`pid`,`title`,`url`,`tip` FROM `onethink_menu` WHERE ( `group` = '扩展' ) AND ( `pid` = 138 ) AND ( `hide` = 0 ) ORDER BY sort asc  [ RunTime:0.000691s ]
INFO: [ view_parse ] --START--
INFO: [ template_filter ] --START--
INFO: Run Behavior\ContentReplace [ RunTime:0.000651s ]
INFO: [ template_filter ] --END-- [ RunTime:0.001026s ]
NOTIC: [8] Undefined variable: meta_title F:\Ruanjian\wamp\www\onethink1\Runtime\Cache\Admin\48804f473ae4f64ec9121665b8286f36.php 第 5 行.
INFO: Run Behavior\ParseTemplate [ RunTime:0.064938s ]
INFO: [ view_parse ] --END-- [ RunTime:0.065203s ]
INFO: [ view_filter ] --START--
INFO: Run Behavior\WriteHtmlCache [ RunTime:0.001432s ]
INFO: [ view_filter ] --END-- [ RunTime:0.001668s ]
INFO: [ app_end ] --START--
INFO: Run Behavior\ShowPageTrace [ RunTime:0.001394s ]
INFO: [ app_end ] --END-- [ RunTime:0.001632s ]

[ 2016-03-16T17:12:00+08:00 ] 127.0.0.1 /onethink1/index.php?s=/Admin/Sale/index.html
SQL: SHOW COLUMNS FROM `onethink_menu` [ RunTime:0.005911s ]
SQL: SELECT * FROM `onethink_menu` WHERE ( `pid` = 0 ) AND ( `hide` = 0 ) ORDER BY sort asc  [ RunTime:0.009000s ]
SQL: SELECT `id` FROM `onethink_menu` WHERE ( url like '%Sale/index%' ) LIMIT 1   [ RunTime:0.001121s ]
SQL: SHOW COLUMNS FROM `onethink_menu` [ RunTime:0.007238s ]
SQL: SELECT `id`,`pid`,`title` FROM `onethink_menu` WHERE ( id=152 ) LIMIT 1   [ RunTime:0.000861s ]
SQL: SELECT `id`,`pid`,`title` FROM `onethink_menu` WHERE ( id=138 ) LIMIT 1   [ RunTime:0.000524s ]
SQL: SELECT DISTINCT  `group` FROM `onethink_menu` WHERE ( pid = 138 )  [ RunTime:0.000822s ]
SQL: SELECT `id`,`url` FROM `onethink_menu` WHERE ( `pid` = 138 ) AND ( `hide` = 0 )  [ RunTime:0.000575s ]
SQL: SELECT `id`,`pid`,`title`,`url`,`tip` FROM `onethink_menu` WHERE ( `group` = '我的营地' ) AND ( `pid` = 138 ) AND ( `hide` = 0 ) ORDER BY sort asc  [ RunTime:0.002532s ]
SQL: SELECT `id`,`pid`,`title`,`url`,`tip` FROM `onethink_menu` WHERE ( `group` = '扩展' ) AND ( `pid` = 138 ) AND ( `hide` = 0 ) ORDER BY sort asc  [ RunTime:0.001913s ]
INFO: [ view_parse ] --START--
INFO: [ template_filter ] --START--
INFO: Run Behavior\ContentReplace [ RunTime:0.000599s ]
INFO: [ template_filter ] --END-- [ RunTime:0.001002s ]
NOTIC: [8] Undefined variable: meta_title F:\Ruanjian\wamp\www\onethink1\Runtime\Cache\Admin\48804f473ae4f64ec9121665b8286f36.php 第 5 行.
INFO: Run Behavior\ParseTemplate [ RunTime:0.079517s ]
INFO: [ view_parse ] --END-- [ RunTime:0.079933s ]
INFO: [ view_filter ] --START--
INFO: Run Behavior\WriteHtmlCache [ RunTime:0.001279s ]
INFO: [ view_filter ] --END-- [ RunTime:0.001705s ]
INFO: [ app_end ] --START--
INFO: Run Behavior\ShowPageTrace [ RunTime:0.002041s ]
INFO: [ app_end ] --END-- [ RunTime:0.002417s ]

[ 2016-03-16T17:12:13+08:00 ] 127.0.0.1 /onethink1/index.php?s=/Admin/Sale/index.html
SQL: SHOW COLUMNS FROM `onethink_menu` [ RunTime:0.004821s ]
SQL: SELECT * FROM `onethink_menu` WHERE ( `pid` = 0 ) AND ( `hide` = 0 ) ORDER BY sort asc  [ RunTime:0.000931s ]
SQL: SELECT `id` FROM `onethink_menu` WHERE ( url like '%Sale/index%' ) LIMIT 1   [ RunTime:0.000821s ]
SQL: SHOW COLUMNS FROM `onethink_menu` [ RunTime:0.007172s ]
SQL: SELECT `id`,`pid`,`title` FROM `onethink_menu` WHERE ( id=152 ) LIMIT 1   [ RunTime:0.000925s ]
SQL: SELECT `id`,`pid`,`title` FROM `onethink_menu` WHERE ( id=138 ) LIMIT 1   [ RunTime:0.000561s ]
SQL: SELECT DISTINCT  `group` FROM `onethink_menu` WHERE ( pid = 138 )  [ RunTime:0.000931s ]
SQL: SELECT `id`,`url` FROM `onethink_menu` WHERE ( `pid` = 138 ) AND ( `hide` = 0 )  [ RunTime:0.000612s ]
SQL: SELECT `id`,`pid`,`title`,`url`,`tip` FROM `onethink_menu` WHERE ( `group` = '我的营地' ) AND ( `pid` = 138 ) AND ( `hide` = 0 ) ORDER BY sort asc  [ RunTime:0.000748s ]
SQL: SELECT `id`,`pid`,`title`,`url`,`tip` FROM `onethink_menu` WHERE ( `group` = '扩展' ) AND ( `pid` = 138 ) AND ( `hide` = 0 ) ORDER BY sort asc  [ RunTime:0.000716s ]
INFO: [ view_parse ] --START--
INFO: [ template_filter ] --START--
INFO: Run Behavior\ContentReplace [ RunTime:0.000846s ]
INFO: [ template_filter ] --END-- [ RunTime:0.001262s ]
NOTIC: [8] Undefined variable: meta_title F:\Ruanjian\wamp\www\onethink1\Runtime\Cache\Admin\48804f473ae4f64ec9121665b8286f36.php 第 5 行.
INFO: Run Behavior\ParseTemplate [ RunTime:0.065820s ]
INFO: [ view_parse ] --END-- [ RunTime:0.066106s ]
INFO: [ view_filter ] --START--
INFO: Run Behavior\WriteHtmlCache [ RunTime:0.000827s ]
INFO: [ view_filter ] --END-- [ RunTime:0.001071s ]
INFO: [ app_end ] --START--
INFO: Run Behavior\ShowPageTrace [ RunTime:0.002524s ]
INFO: [ app_end ] --END-- [ RunTime:0.002781s ]

[ 2016-03-16T17:14:04+08:00 ] 127.0.0.1 /onethink1/index.php?s=/Admin/Sale/index.html
SQL: SHOW COLUMNS FROM `onethink_menu` [ RunTime:0.007740s ]
SQL: SELECT * FROM `onethink_menu` WHERE ( `pid` = 0 ) AND ( `hide` = 0 ) ORDER BY sort asc  [ RunTime:0.001395s ]
SQL: SELECT `id` FROM `onethink_menu` WHERE ( url like '%Sale/index%' ) LIMIT 1   [ RunTime:0.000837s ]
SQL: SHOW COLUMNS FROM `onethink_menu` [ RunTime:0.007421s ]
SQL: SELECT `id`,`pid`,`title` FROM `onethink_menu` WHERE ( id=152 ) LIMIT 1   [ RunTime:0.000645s ]
SQL: SELECT `id`,`pid`,`title` FROM `onethink_menu` WHERE ( id=138 ) LIMIT 1   [ RunTime:0.000504s ]
SQL: SELECT DISTINCT  `group` FROM `onethink_menu` WHERE ( pid = 138 )  [ RunTime:0.000788s ]
SQL: SELECT `id`,`url` FROM `onethink_menu` WHERE ( `pid` = 138 ) AND ( `hide` = 0 )  [ RunTime:0.000590s ]
SQL: SELECT `id`,`pid`,`title`,`url`,`tip` FROM `onethink_menu` WHERE ( `group` = '我的营地' ) AND ( `pid` = 138 ) AND ( `hide` = 0 ) ORDER BY sort asc  [ RunTime:0.000737s ]
SQL: SELECT `id`,`pid`,`title`,`url`,`tip` FROM `onethink_menu` WHERE ( `group` = '扩展' ) AND ( `pid` = 138 ) AND ( `hide` = 0 ) ORDER BY sort asc  [ RunTime:0.000735s ]
INFO: [ view_parse ] --START--
INFO: [ template_filter ] --START--
INFO: Run Behavior\ContentReplace [ RunTime:0.000576s ]
INFO: [ template_filter ] --END-- [ RunTime:0.000914s ]
NOTIC: [8] Undefined variable: meta_title F:\Ruanjian\wamp\www\onethink1\Runtime\Cache\Admin\48804f473ae4f64ec9121665b8286f36.php 第 5 行.
INFO: Run Behavior\ParseTemplate [ RunTime:0.059164s ]
INFO: [ view_parse ] --END-- [ RunTime:0.059423s ]
INFO: [ view_filter ] --START--
INFO: Run Behavior\WriteHtmlCache [ RunTime:0.000710s ]
INFO: [ view_filter ] --END-- [ RunTime:0.000902s ]
INFO: [ app_end ] --START--
INFO: Run Behavior\ShowPageTrace [ RunTime:0.001254s ]
INFO: [ app_end ] --END-- [ RunTime:0.001460s ]

[ 2016-03-16T17:15:55+08:00 ] 127.0.0.1 /onethink1/
SQL: SHOW COLUMNS FROM `onethink_category` [ RunTime:0.005348s ]
SQL: SELECT `id`,`name`,`title`,`pid`,`sort`,`list_row`,`meta_title`,`keywords`,`description`,`template_index`,`template_lists`,`template_detail`,`template_edit`,`model`,`type`,`link_id`,`allow_publish`,`display`,`reply`,`check`,`reply_model`,`extend`,`create_time`,`update_time`,`status`,`icon` FROM `onethink_category` WHERE ( `status` = 1 ) ORDER BY sort  [ RunTime:0.000838s ]
SQL: SHOW COLUMNS FROM `onethink_document` [ RunTime:0.005727s ]
SQL: SELECT `id`,`uid`,`name`,`title`,`category_id`,`description`,`root`,`pid`,`model_id`,`type`,`position`,`link_id`,`cover_id`,`display`,`deadline`,`attach`,`view`,`comment`,`extend`,`level`,`create_time`,`update_time`,`status` FROM `onethink_document` WHERE ( `status` = 1 ) AND ( `pid` = 0 ) AND ( `create_time` < 1458119755 ) AND ( deadline = 0 OR deadline > 1458119755 ) ORDER BY `id` DESC  [ RunTime:0.000908s ]
INFO: [ view_parse ] --START--
INFO: [ template_filter ] --START--
INFO: Run Behavior\ContentReplace [ RunTime:0.000503s ]
INFO: [ template_filter ] --END-- [ RunTime:0.001126s ]
SQL: SHOW COLUMNS FROM `onethink_channel` [ RunTime:0.004890s ]
SQL: SELECT `id`,`pid`,`title`,`url`,`sort`,`create_time`,`update_time`,`status`,`target` FROM `onethink_channel` WHERE ( status=1 ) ORDER BY sort  [ RunTime:0.000620s ]
SQL: SELECT `id`,`name`,`title`,`pid`,`sort`,`list_row`,`meta_title`,`keywords`,`description`,`template_index`,`template_lists`,`template_detail`,`template_edit`,`model`,`type`,`link_id`,`allow_publish`,`display`,`reply`,`check`,`reply_model`,`extend`,`create_time`,`update_time`,`status`,`icon` FROM `onethink_category` WHERE ( `id` = 1 ) LIMIT 1   [ RunTime:0.000750s ]
SQL: SELECT `id`,`name`,`pid`,`title`,`link_id` FROM `onethink_category` WHERE ( `status` = 1 ) ORDER BY sort  [ RunTime:0.000548s ]
INFO: [ view_parse ] --START--
INFO: [ template_filter ] --START--
INFO: Run Behavior\ContentReplace [ RunTime:0.000140s ]
INFO: [ template_filter ] --END-- [ RunTime:-0.041784s ]
INFO: Run Behavior\ParseTemplate [ RunTime:0.011919s ]
INFO: [ view_parse ] --END-- [ RunTime:0.012181s ]
INFO: [ view_filter ] --START--
INFO: Run Behavior\WriteHtmlCache [ RunTime:0.000818s ]
INFO: [ view_filter ] --END-- [ RunTime:0.001044s ]
SQL: SELECT `id`,`name`,`title`,`pid`,`sort`,`list_row`,`meta_title`,`keywords`,`description`,`template_index`,`template_lists`,`template_detail`,`template_edit`,`model`,`type`,`link_id`,`allow_publish`,`display`,`reply`,`check`,`reply_model`,`extend`,`create_time`,`update_time`,`status`,`icon` FROM `onethink_category` WHERE ( `id` = 1 ) LIMIT 1   [ RunTime:0.000767s ]
SQL: SELECT `id`,`name`,`pid`,`title`,`link_id` FROM `onethink_category` WHERE ( `status` = 1 ) ORDER BY sort  [ RunTime:0.000666s ]
SQL: SELECT `id`,`uid`,`name`,`title`,`category_id`,`description`,`root`,`pid`,`model_id`,`type`,`position`,`link_id`,`cover_id`,`display`,`deadline`,`attach`,`view`,`comment`,`extend`,`level`,`create_time`,`update_time`,`status` FROM `onethink_document` WHERE ( `status` = 1 ) AND ( `pid` = 0 ) AND ( `category_id` = 2 ) AND ( `create_time` < 1458119755 ) AND ( deadline = 0 OR deadline > 1458119755 ) ORDER BY `level` DESC,`id` DESC LIMIT 0,10   [ RunTime:0.000725s ]
INFO: Run Behavior\ParseTemplate [ RunTime:0.022698s ]
INFO: [ view_parse ] --END-- [ RunTime:0.012181s ]
INFO: [ view_filter ] --START--
INFO: Run Behavior\WriteHtmlCache [ RunTime:0.000051s ]
INFO: [ view_filter ] --END-- [ RunTime:-0.009711s ]
INFO: [ app_end ] --START--
INFO: Run Behavior\ShowPageTrace [ RunTime:0.001658s ]
INFO: [ app_end ] --END-- [ RunTime:0.001908s ]

[ 2016-03-16T17:16:06+08:00 ] 127.0.0.1 /onethink1/index.php/Admin/
SQL: SHOW COLUMNS FROM `onethink_menu` [ RunTime:0.005021s ]
SQL: SELECT * FROM `onethink_menu` WHERE ( `pid` = 0 ) AND ( `hide` = 0 ) ORDER BY sort asc  [ RunTime:0.000889s ]
SQL: SELECT `id` FROM `onethink_menu` WHERE ( url like '%Index/index%' ) LIMIT 1   [ RunTime:0.000681s ]
SQL: SHOW COLUMNS FROM `onethink_menu` [ RunTime:0.004792s ]
SQL: SELECT `id`,`pid`,`title` FROM `onethink_menu` WHERE ( id=1 ) LIMIT 1   [ RunTime:0.000543s ]
SQL: SELECT DISTINCT  `group` FROM `onethink_menu` WHERE ( pid = 1 )  [ RunTime:0.000703s ]
SQL: SELECT `id`,`url` FROM `onethink_menu` WHERE ( `pid` = 1 ) AND ( `hide` = 0 )  [ RunTime:0.000457s ]
INFO: [ view_parse ] --START--
INFO: [ template_filter ] --START--
INFO: Run Behavior\ContentReplace [ RunTime:0.002975s ]
INFO: [ template_filter ] --END-- [ RunTime:0.003399s ]
INFO: [ AdminIndex ] --START--
SQL: SHOW COLUMNS FROM `onethink_addons` [ RunTime:0.005054s ]
SQL: SELECT `config` FROM `onethink_addons` WHERE ( `name` = 'SiteStat' ) AND ( `status` = 1 ) LIMIT 1   [ RunTime:0.000541s ]
SQL: SHOW COLUMNS FROM `onethink_member` [ RunTime:0.005208s ]
SQL: SELECT COUNT(*) AS tp_count FROM `onethink_member` LIMIT 1   [ RunTime:0.000358s ]
SQL: SHOW COLUMNS FROM `onethink_action_log` [ RunTime:0.004619s ]
SQL: SELECT COUNT(*) AS tp_count FROM `onethink_action_log` LIMIT 1   [ RunTime:0.000523s ]
SQL: SHOW COLUMNS FROM `onethink_document` [ RunTime:0.005743s ]
SQL: SELECT COUNT(*) AS tp_count FROM `onethink_document` LIMIT 1   [ RunTime:0.000455s ]
SQL: SHOW COLUMNS FROM `onethink_category` [ RunTime:0.005424s ]
SQL: SELECT COUNT(*) AS tp_count FROM `onethink_category` LIMIT 1   [ RunTime:0.000432s ]
SQL: SHOW COLUMNS FROM `onethink_model` [ RunTime:0.005048s ]
SQL: SELECT COUNT(*) AS tp_count FROM `onethink_model` LIMIT 1   [ RunTime:0.000469s ]
INFO: [ view_parse ] --START--
INFO: [ template_filter ] --START--
INFO: Run Behavior\ContentReplace [ RunTime:0.000154s ]
INFO: [ template_filter ] --END-- [ RunTime:-0.087709s ]
INFO: Run Behavior\ParseTemplate [ RunTime:0.007224s ]
INFO: [ view_parse ] --END-- [ RunTime:0.007528s ]
INFO: [ view_filter ] --START--
INFO: Run Behavior\WriteHtmlCache [ RunTime:0.000829s ]
INFO: [ view_filter ] --END-- [ RunTime:0.001137s ]
INFO: Run SiteStat [ RunTime:0.057641s ]
SQL: SELECT `config` FROM `onethink_addons` WHERE ( `name` = 'SystemInfo' ) AND ( `status` = 1 ) LIMIT 1   [ RunTime:0.000636s ]
INFO: [ view_parse ] --START--
INFO: [ template_filter ] --START--
INFO: Run Behavior\ContentReplace [ RunTime:0.000177s ]
INFO: [ template_filter ] --END-- [ RunTime:-0.102138s ]
SQL: select version() as v; [ RunTime:0.000485s ]
INFO: Run Behavior\ParseTemplate [ RunTime:0.010396s ]
INFO: [ view_parse ] --END-- [ RunTime:-0.005694s ]
INFO: [ view_filter ] --START--
INFO: Run Behavior\WriteHtmlCache [ RunTime:0.000050s ]
INFO: [ view_filter ] --END-- [ RunTime:-0.015178s ]
INFO: Run SystemInfo [ RunTime:0.015301s ]
SQL: SELECT `config` FROM `onethink_addons` WHERE ( `name` = 'DevTeam' ) AND ( `status` = 1 ) LIMIT 1   [ RunTime:0.000580s ]
INFO: [ view_parse ] --START--
INFO: [ template_filter ] --START--
INFO: Run Behavior\ContentReplace [ RunTime:0.000166s ]
INFO: [ template_filter ] --END-- [ RunTime:-0.116211s ]
INFO: Run Behavior\ParseTemplate [ RunTime:0.052084s ]
INFO: [ view_parse ] --END-- [ RunTime:-0.020903s ]
INFO: [ view_filter ] --START--
INFO: Run Behavior\WriteHtmlCache [ RunTime:0.000099s ]
INFO: [ view_filter ] --END-- [ RunTime:-0.072236s ]
INFO: Run DevTeam [ RunTime:0.057084s ]
INFO: [ AdminIndex ] --END-- [ RunTime:0.130486s ]
INFO: Run Behavior\ParseTemplate [ RunTime:0.053642s ]
INFO: [ view_parse ] --END-- [ RunTime:-0.020903s ]
INFO: [ view_filter ] --START--
INFO: Run Behavior\WriteHtmlCache [ RunTime:0.000050s ]
INFO: [ view_filter ] --END-- [ RunTime:-0.073647s ]
INFO: [ app_end ] --START--
INFO: Run Behavior\ShowPageTrace [ RunTime:0.001619s ]
INFO: [ app_end ] --END-- [ RunTime:0.001870s ]

[ 2016-03-16T17:16:09+08:00 ] 127.0.0.1 /onethink1/index.php?s=/Admin/Addons/index.html
SQL: SHOW COLUMNS FROM `onethink_menu` [ RunTime:0.005082s ]
SQL: SELECT * FROM `onethink_menu` WHERE ( `pid` = 0 ) AND ( `hide` = 0 ) ORDER BY sort asc  [ RunTime:0.000896s ]
SQL: SELECT `id` FROM `onethink_menu` WHERE ( url like '%Addons/index%' ) LIMIT 1   [ RunTime:0.000610s ]
SQL: SHOW COLUMNS FROM `onethink_menu` [ RunTime:0.006553s ]
SQL: SELECT `id`,`pid`,`title` FROM `onethink_menu` WHERE ( id=43 ) LIMIT 1   [ RunTime:0.000548s ]
SQL: SELECT DISTINCT  `group` FROM `onethink_menu` WHERE ( pid = 43 )  [ RunTime:0.000798s ]
SQL: SELECT `id`,`url` FROM `onethink_menu` WHERE ( `pid` = 43 ) AND ( `hide` = 0 )  [ RunTime:0.000563s ]
SQL: SELECT `id`,`pid`,`title`,`url`,`tip` FROM `onethink_menu` WHERE ( `group` = '扩展' ) AND ( `pid` = 43 ) AND ( `hide` = 0 ) ORDER BY sort asc  [ RunTime:0.000670s ]
SQL: SELECT `id`,`name`,`title`,`description`,`status`,`config`,`author`,`version`,`create_time`,`has_adminlist` FROM `onethink_addons` WHERE ( `name` IN ('Attachment','Comment','DevTeam','Editor','EditorForAdmin','SiteStat','SocialComment','SystemInfo') )  [ RunTime:0.000820s ]
INFO: [ view_parse ] --START--
INFO: [ template_filter ] --START--
INFO: Run Behavior\ContentReplace [ RunTime:0.000750s ]
INFO: [ template_filter ] --END-- [ RunTime:0.001069s ]
SQL: SHOW COLUMNS FROM `onethink_addons` [ RunTime:0.006253s ]
SQL: SELECT `config` FROM `onethink_addons` WHERE ( `name` = 'Attachment' ) AND ( `status` = 1 ) LIMIT 1   [ RunTime:0.000620s ]
SQL: SELECT `config` FROM `onethink_addons` WHERE ( `name` = 'SocialComment' ) AND ( `status` = 1 ) LIMIT 1   [ RunTime:0.000651s ]
SQL: SELECT `config` FROM `onethink_addons` WHERE ( `name` = 'Editor' ) AND ( `status` = 1 ) LIMIT 1   [ RunTime:0.000620s ]
SQL: SELECT `config` FROM `onethink_addons` WHERE ( `name` = 'SystemInfo' ) AND ( `status` = 1 ) LIMIT 1   [ RunTime:0.000546s ]
SQL: SELECT `config` FROM `onethink_addons` WHERE ( `name` = 'SiteStat' ) AND ( `status` = 1 ) LIMIT 1   [ RunTime:0.000645s ]
SQL: SELECT `config` FROM `onethink_addons` WHERE ( `name` = 'DevTeam' ) AND ( `status` = 1 ) LIMIT 1   [ RunTime:0.000560s ]
SQL: SELECT `config` FROM `onethink_addons` WHERE ( `name` = 'EditorForAdmin' ) AND ( `status` = 1 ) LIMIT 1   [ RunTime:0.000625s ]
INFO: Run Behavior\ParseTemplate [ RunTime:0.266292s ]
INFO: [ view_parse ] --END-- [ RunTime:0.266595s ]
INFO: [ view_filter ] --START--
INFO: Run Behavior\WriteHtmlCache [ RunTime:0.000972s ]
INFO: [ view_filter ] --END-- [ RunTime:0.001197s ]
INFO: [ app_end ] --START--
INFO: Run Behavior\ShowPageTrace [ RunTime:0.001467s ]
INFO: [ app_end ] --END-- [ RunTime:0.001828s ]

[ 2016-03-16T17:16:12+08:00 ] 127.0.0.1 /onethink1/index.php?s=/Admin/AgCamp/clist.html
SQL: SHOW COLUMNS FROM `onethink_menu` [ RunTime:0.005153s ]
SQL: SELECT * FROM `onethink_menu` WHERE ( `pid` = 0 ) AND ( `hide` = 0 ) ORDER BY sort asc  [ RunTime:0.000960s ]
SQL: SELECT `id` FROM `onethink_menu` WHERE ( url like '%AgCamp/clist%' ) LIMIT 1   [ RunTime:0.000825s ]
SQL: SHOW COLUMNS FROM `onethink_menu` [ RunTime:0.005550s ]
SQL: SELECT `id`,`pid`,`title` FROM `onethink_menu` WHERE ( id=138 ) LIMIT 1   [ RunTime:0.000580s ]
SQL: SELECT DISTINCT  `group` FROM `onethink_menu` WHERE ( pid = 138 )  [ RunTime:0.000834s ]
SQL: SELECT `id`,`url` FROM `onethink_menu` WHERE ( `pid` = 138 ) AND ( `hide` = 0 )  [ RunTime:0.000608s ]
SQL: SELECT `id`,`pid`,`title`,`url`,`tip` FROM `onethink_menu` WHERE ( `group` = '我的营地' ) AND ( `pid` = 138 ) AND ( `hide` = 0 ) ORDER BY sort asc  [ RunTime:0.000679s ]
SQL: SELECT `id`,`pid`,`title`,`url`,`tip` FROM `onethink_menu` WHERE ( `group` = '扩展' ) AND ( `pid` = 138 ) AND ( `hide` = 0 ) ORDER BY sort asc  [ RunTime:0.000689s ]
SQL: SHOW COLUMNS FROM `onethink_lbivouac` [ RunTime:0.005500s ]
SQL: SELECT COUNT(*) AS tp_count FROM `onethink_lbivouac` WHERE ( `bivName` LIKE '%%' ) LIMIT 1   [ RunTime:0.000622s ]
SQL: SELECT `bivouacID`,`numX`,`numY`,`bivAdd`,`agentID`,`bivName`,`bivGrade`,`bivImg`,`bivDes`,`bivHouse`,`bivFood`,`bivWea`,`bivType`,`Status`,`bivVisit`,`bivEva`,`model_id`,`category_id`,`campType`,`campCol`,`content` FROM `onethink_lbivouac` WHERE ( `bivName` LIKE '%%' ) ORDER BY bivouacID desc LIMIT 0,10   [ RunTime:0.000774s ]
SQL: SHOW COLUMNS FROM `onethink_clist` [ RunTime:0.004429s ]
ERR: 1146:Table 'onethink.onethink_clist' doesn't exist
 [ SQL语句 ] : SHOW COLUMNS FROM `onethink_clist`
SQL: SELECT count(*) FROM  onethink_ucenter_member,onethink_lagent,onethink_lbivouac,onethink_loder WHERE onethink_ucenter_member.id=1 AND 1=onethink_lagent.agentID  AND onethink_lagent.agentID=onethink_lbivouac.agentID AND onethink_lbivouac.bivouacID=onethink_loder.bivouacID [ RunTime:0.001709s ]
ERR: 1146:Table 'onethink.onethink_loder' doesn't exist
 [ SQL语句 ] : SELECT count(*) FROM  onethink_ucenter_member,onethink_lagent,onethink_lbivouac,onethink_loder WHERE onethink_ucenter_member.id=1 AND 1=onethink_lagent.agentID  AND onethink_lagent.agentID=onethink_lbivouac.agentID AND onethink_lbivouac.bivouacID=onethink_loder.bivouacID
NOTIC: [2] Invalid argument supplied for foreach() F:\Ruanjian\wamp\www\onethink1\Application\Admin\Controller\AgCampController.class.php 第 23 行.
INFO: [ view_parse ] --START--
INFO: [ template_filter ] --START--
INFO: Run Behavior\ContentReplace [ RunTime:0.000781s ]
INFO: [ template_filter ] --END-- [ RunTime:0.001103s ]
NOTIC: [8] Undefined variable: bivouac F:\Ruanjian\wamp\www\onethink1\Runtime\Cache\Admin\05bcf9c6b784b3bf11574b039b2656ca.php 第 95 行.
NOTIC: [8] Undefined variable: count F:\Ruanjian\wamp\www\onethink1\Runtime\Cache\Admin\05bcf9c6b784b3bf11574b039b2656ca.php 第 132 行.
NOTIC: [8] Undefined variable: count F:\Ruanjian\wamp\www\onethink1\Runtime\Cache\Admin\05bcf9c6b784b3bf11574b039b2656ca.php 第 132 行.
INFO: Run Behavior\ParseTemplate [ RunTime:0.076704s ]
INFO: [ view_parse ] --END-- [ RunTime:0.076949s ]
INFO: [ view_filter ] --START--
INFO: Run Behavior\WriteHtmlCache [ RunTime:0.000944s ]
INFO: [ view_filter ] --END-- [ RunTime:0.001171s ]
INFO: [ app_end ] --START--
INFO: Run Behavior\ShowPageTrace [ RunTime:0.001399s ]
INFO: [ app_end ] --END-- [ RunTime:0.001634s ]

[ 2016-03-16T17:16:14+08:00 ] 127.0.0.1 /onethink1/index.php?s=/Admin/Sale/index.html
SQL: SHOW COLUMNS FROM `onethink_menu` [ RunTime:0.005029s ]
SQL: SELECT * FROM `onethink_menu` WHERE ( `pid` = 0 ) AND ( `hide` = 0 ) ORDER BY sort asc  [ RunTime:0.000970s ]
SQL: SELECT `id` FROM `onethink_menu` WHERE ( url like '%Sale/index%' ) LIMIT 1   [ RunTime:0.000813s ]
SQL: SHOW COLUMNS FROM `onethink_menu` [ RunTime:0.004905s ]
SQL: SELECT `id`,`pid`,`title` FROM `onethink_menu` WHERE ( id=152 ) LIMIT 1   [ RunTime:0.000520s ]
SQL: SELECT `id`,`pid`,`title` FROM `onethink_menu` WHERE ( id=138 ) LIMIT 1   [ RunTime:0.000777s ]
SQL: SELECT DISTINCT  `group` FROM `onethink_menu` WHERE ( pid = 138 )  [ RunTime:0.000998s ]
SQL: SELECT `id`,`url` FROM `onethink_menu` WHERE ( `pid` = 138 ) AND ( `hide` = 0 )  [ RunTime:0.000605s ]
SQL: SELECT `id`,`pid`,`title`,`url`,`tip` FROM `onethink_menu` WHERE ( `group` = '我的营地' ) AND ( `pid` = 138 ) AND ( `hide` = 0 ) ORDER BY sort asc  [ RunTime:0.000679s ]
SQL: SELECT `id`,`pid`,`title`,`url`,`tip` FROM `onethink_menu` WHERE ( `group` = '扩展' ) AND ( `pid` = 138 ) AND ( `hide` = 0 ) ORDER BY sort asc  [ RunTime:0.000805s ]
INFO: [ view_parse ] --START--
INFO: [ template_filter ] --START--
INFO: Run Behavior\ContentReplace [ RunTime:0.000652s ]
INFO: [ template_filter ] --END-- [ RunTime:0.001029s ]
NOTIC: [8] Undefined variable: meta_title F:\Ruanjian\wamp\www\onethink1\Runtime\Cache\Admin\48804f473ae4f64ec9121665b8286f36.php 第 5 行.
INFO: Run Behavior\ParseTemplate [ RunTime:0.065011s ]
INFO: [ view_parse ] --END-- [ RunTime:0.065279s ]
INFO: [ view_filter ] --START--
INFO: Run Behavior\WriteHtmlCache [ RunTime:0.000936s ]
INFO: [ view_filter ] --END-- [ RunTime:0.001198s ]
INFO: [ app_end ] --START--
INFO: Run Behavior\ShowPageTrace [ RunTime:0.001389s ]
INFO: [ app_end ] --END-- [ RunTime:0.001623s ]

[ 2016-03-16T17:16:47+08:00 ] 127.0.0.1 /onethink1/index.php?s=/Admin/Sale/index.html
SQL: SHOW COLUMNS FROM `onethink_menu` [ RunTime:0.004795s ]
SQL: SELECT * FROM `onethink_menu` WHERE ( `pid` = 0 ) AND ( `hide` = 0 ) ORDER BY sort asc  [ RunTime:0.001088s ]
SQL: SELECT `id` FROM `onethink_menu` WHERE ( url like '%Sale/index%' ) LIMIT 1   [ RunTime:0.000885s ]
SQL: SHOW COLUMNS FROM `onethink_menu` [ RunTime:0.004820s ]
SQL: SELECT `id`,`pid`,`title` FROM `onethink_menu` WHERE ( id=152 ) LIMIT 1   [ RunTime:0.000529s ]
SQL: SELECT `id`,`pid`,`title` FROM `onethink_menu` WHERE ( id=138 ) LIMIT 1   [ RunTime:0.000669s ]
SQL: SELECT DISTINCT  `group` FROM `onethink_menu` WHERE ( pid = 138 )  [ RunTime:0.000811s ]
SQL: SELECT `id`,`url` FROM `onethink_menu` WHERE ( `pid` = 138 ) AND ( `hide` = 0 )  [ RunTime:0.001270s ]
SQL: SELECT `id`,`pid`,`title`,`url`,`tip` FROM `onethink_menu` WHERE ( `group` = '我的营地' ) AND ( `pid` = 138 ) AND ( `hide` = 0 ) ORDER BY sort asc  [ RunTime:0.000777s ]
SQL: SELECT `id`,`pid`,`title`,`url`,`tip` FROM `onethink_menu` WHERE ( `group` = '扩展' ) AND ( `pid` = 138 ) AND ( `hide` = 0 ) ORDER BY sort asc  [ RunTime:0.000683s ]
INFO: [ view_parse ] --START--
INFO: [ template_filter ] --START--
INFO: Run Behavior\ContentReplace [ RunTime:0.000646s ]
INFO: [ template_filter ] --END-- [ RunTime:0.001020s ]
NOTIC: [8] Undefined variable: meta_title F:\Ruanjian\wamp\www\onethink1\Runtime\Cache\Admin\48804f473ae4f64ec9121665b8286f36.php 第 5 行.
INFO: Run Behavior\ParseTemplate [ RunTime:0.061946s ]
INFO: [ view_parse ] --END-- [ RunTime:0.062212s ]
INFO: [ view_filter ] --START--
INFO: Run Behavior\WriteHtmlCache [ RunTime:0.000995s ]
INFO: [ view_filter ] --END-- [ RunTime:0.001260s ]
INFO: [ app_end ] --START--
INFO: Run Behavior\ShowPageTrace [ RunTime:0.001527s ]
INFO: [ app_end ] --END-- [ RunTime:0.001766s ]

