[ 2016-04-08T14:00:41+08:00 ] 127.0.0.1 /onethink1/
ERR: Unknown database 'onethink'

[ 2016-04-08T14:26:48+08:00 ] 127.0.0.1 /onethink1/index.php?s=/Admin/Public/login.html
INFO: [ view_parse ] --START--
INFO: [ template_filter ] --START--
INFO: Run Behavior\ContentReplace [ RunTime:0.000308s ]
INFO: [ template_filter ] --END-- [ RunTime:0.000564s ]
INFO: Run Behavior\ParseTemplate [ RunTime:0.073599s ]
INFO: [ view_parse ] --END-- [ RunTime:0.074603s ]
INFO: [ view_filter ] --START--
INFO: Run Behavior\WriteHtmlCache [ RunTime:0.013329s ]
INFO: [ view_filter ] --END-- [ RunTime:0.013612s ]
INFO: [ app_end ] --START--
INFO: Run Behavior\ShowPageTrace [ RunTime:0.002068s ]
INFO: [ app_end ] --END-- [ RunTime:0.002436s ]

[ 2016-04-08T14:27:03+08:00 ] 127.0.0.1 /onethink1/index.php?s=/Admin/Public/login.html
INFO: [ app_begin ] --START--
INFO: Run Behavior\ReadHtmlCache [ RunTime:0.001109s ]
INFO: [ app_begin ] --END-- [ RunTime:0.002043s ]
NOTIC: [2] mysqli::mysqli(): (HY000/1049): Unknown database 'onethink' F:\Ruanjian\wamp\www\onethink1\ThinkPHP\Library\Think\Db\Driver\Mysqli.class.php ç¬¬ 44 è¡Œ.
ERR: Unknown database 'onethink'

[ 2016-04-08T14:27:09+08:00 ] 127.0.0.1 /onethink1/index.php?s=/Admin/Public/login.html
INFO: [ app_begin ] --START--
INFO: Run Behavior\ReadHtmlCache [ RunTime:0.001080s ]
INFO: [ app_begin ] --END-- [ RunTime:0.002084s ]

[ 2016-04-08T14:27:20+08:00 ] 127.0.0.1 /onethink1/index.php?s=/Admin/Public/login.html
INFO: [ app_begin ] --START--
INFO: Run Behavior\ReadHtmlCache [ RunTime:0.001134s ]
INFO: [ app_begin ] --END-- [ RunTime:0.001994s ]
NOTIC: [2] mysqli::mysqli(): (HY000/1049): Unknown database 'onethink' F:\Ruanjian\wamp\www\onethink1\ThinkPHP\Library\Think\Db\Driver\Mysqli.class.php ç¬¬ 44 è¡Œ.
ERR: Unknown database 'onethink'

[ 2016-04-08T14:27:32+08:00 ] 127.0.0.1 /onethink1/index.php?s=/Admin/Public/login.html
INFO: [ app_begin ] --START--
INFO: Run Behavior\ReadHtmlCache [ RunTime:0.001105s ]
INFO: [ app_begin ] --END-- [ RunTime:0.001938s ]
NOTIC: [2] mysqli::mysqli(): (HY000/1049): Unknown database 'onethink' F:\Ruanjian\wamp\www\onethink1\ThinkPHP\Library\Think\Db\Driver\Mysqli.class.php ç¬¬ 44 è¡Œ.
ERR: Unknown database 'onethink'

[ 2016-04-08T14:27:33+08:00 ] 127.0.0.1 /onethink1/index.php?s=/Admin/Public/login.html
INFO: [ app_begin ] --START--
INFO: Run Behavior\ReadHtmlCache [ RunTime:0.001091s ]
INFO: [ app_begin ] --END-- [ RunTime:0.001965s ]

[ 2016-04-08T14:27:33+08:00 ] 127.0.0.1 /onethink1/index.php?s=/Admin/Public/login.html
INFO: [ app_begin ] --START--
INFO: Run Behavior\ReadHtmlCache [ RunTime:0.001360s ]
INFO: [ app_begin ] --END-- [ RunTime:0.002198s ]

[ 2016-04-08T14:27:37+08:00 ] 127.0.0.1 /onethink1/index.php?s=/Admin/Public/login.html
INFO: [ view_parse ] --START--
INFO: [ template_filter ] --START--
INFO: Run Behavior\ContentReplace [ RunTime:0.000344s ]
INFO: [ template_filter ] --END-- [ RunTime:0.000622s ]
INFO: Run Behavior\ParseTemplate [ RunTime:0.019633s ]
INFO: [ view_parse ] --END-- [ RunTime:0.020500s ]
INFO: [ view_filter ] --START--
INFO: Run Behavior\WriteHtmlCache [ RunTime:0.000960s ]
INFO: [ view_filter ] --END-- [ RunTime:0.001324s ]
INFO: [ app_end ] --START--
INFO: Run Behavior\ShowPageTrace [ RunTime:0.001582s ]
INFO: [ app_end ] --END-- [ RunTime:0.001911s ]

[ 2016-04-08T14:28:20+08:00 ] 127.0.0.1 /onethink1/index.php?s=/Admin/Public/login.html
INFO: [ app_begin ] --START--
INFO: Run Behavior\ReadHtmlCache [ RunTime:0.001097s ]
INFO: [ app_begin ] --END-- [ RunTime:0.001967s ]
NOTIC: [2] mysqli::mysqli(): (HY000/1049): Unknown database 'onethink' F:\Ruanjian\wamp\www\onethink1\ThinkPHP\Library\Think\Db\Driver\Mysqli.class.php ç¬¬ 44 è¡Œ.
ERR: Unknown database 'onethink'

[ 2016-04-08T14:30:36+08:00 ] 127.0.0.1 /onethink1/index.php?s=/Admin/Public/login.html
INFO: [ app_begin ] --START--
INFO: Run Behavior\ReadHtmlCache [ RunTime:0.001393s ]
INFO: [ app_begin ] --END-- [ RunTime:0.002664s ]

[ 2016-04-08T14:30:50+08:00 ] 127.0.0.1 /onethink1/index.php?s=/Admin/Public/login.html
INFO: [ app_begin ] --START--
INFO: Run Behavior\ReadHtmlCache [ RunTime:0.001064s ]
INFO: [ app_begin ] --END-- [ RunTime:0.001865s ]
NOTIC: [2] mysqli::mysqli():  F:\Ruanjian\wamp\www\onethink1\ThinkPHP\Library\Think\Db\Driver\Mysqli.class.php ç¬¬ 44 è¡Œ.
ERR: ÓÉÓÚÄ¿±ê¼ÆËã»ú»ý¼«¾Ü¾ø£¬ÎÞ·¨Á¬½Ó¡£


[ 2016-04-08T14:30:51+08:00 ] 127.0.0.1 /onethink1/index.php?s=/Admin/Public/login.html
INFO: [ app_begin ] --START--
INFO: Run Behavior\ReadHtmlCache [ RunTime:0.001091s ]
INFO: [ app_begin ] --END-- [ RunTime:0.001923s ]

