[ 2017-03-19T05:39:43+08:00 ] ::1 /onethink1/
ERR: ”…”⁄¡¨Ω”∑Ω‘⁄“ª∂Œ ±º‰∫Û√ª”–’˝»∑¥∏¥ªÚ¡¨Ω”µƒ÷˜ª˙√ª”–∑¥”¶£¨¡¨Ω”≥¢ ‘ ß∞‹°£


[ 2017-03-19T05:42:22+08:00 ] ::1 /onethink1/
ERR: ”…”⁄¡¨Ω”∑Ω‘⁄“ª∂Œ ±º‰∫Û√ª”–’˝»∑¥∏¥ªÚ¡¨Ω”µƒ÷˜ª˙√ª”–∑¥”¶£¨¡¨Ω”≥¢ ‘ ß∞‹°£


[ 2017-03-19T05:44:18+08:00 ] ::1 /onethink1/
ERR: ”…”⁄¡¨Ω”∑Ω‘⁄“ª∂Œ ±º‰∫Û√ª”–’˝»∑¥∏¥ªÚ¡¨Ω”µƒ÷˜ª˙√ª”–∑¥”¶£¨¡¨Ω”≥¢ ‘ ß∞‹°£


[ 2017-03-19T05:44:41+08:00 ] ::1 /onethink1/
ERR: ”…”⁄¡¨Ω”∑Ω‘⁄“ª∂Œ ±º‰∫Û√ª”–’˝»∑¥∏¥ªÚ¡¨Ω”µƒ÷˜ª˙√ª”–∑¥”¶£¨¡¨Ω”≥¢ ‘ ß∞‹°£


[ 2017-03-19T05:46:53+08:00 ] ::1 /onethink1/
SQL: SHOW COLUMNS FROM `onethink_category` [ RunTime:0.005295s ]
SQL: SELECT `id`,`name`,`title`,`pid`,`sort`,`list_row`,`meta_title`,`keywords`,`description`,`template_index`,`template_lists`,`template_detail`,`template_edit`,`model`,`type`,`link_id`,`allow_publish`,`display`,`reply`,`check`,`reply_model`,`extend`,`create_time`,`update_time`,`status`,`icon` FROM `onethink_category` WHERE ( `status` = 1 ) ORDER BY sort  [ RunTime:0.000457s ]
SQL: SHOW COLUMNS FROM `onethink_document` [ RunTime:0.004674s ]
SQL: SELECT `id`,`uid`,`name`,`title`,`category_id`,`description`,`root`,`pid`,`model_id`,`type`,`position`,`link_id`,`cover_id`,`display`,`deadline`,`attach`,`view`,`comment`,`extend`,`level`,`create_time`,`update_time`,`status` FROM `onethink_document` WHERE ( `status` = 1 ) AND ( `pid` = 0 ) AND ( `create_time` < 1489873613 ) AND ( deadline = 0 OR deadline > 1489873613 ) ORDER BY `id` DESC  [ RunTime:0.000375s ]
INFO: [ view_parse ] --START--
INFO: [ template_filter ] --START--
INFO: Run Behavior\ContentReplace [ RunTime:0.000125s ]
INFO: [ template_filter ] --END-- [ RunTime:0.000229s ]
SQL: SHOW COLUMNS FROM `onethink_channel` [ RunTime:0.004417s ]
SQL: SELECT `id`,`pid`,`title`,`url`,`sort`,`create_time`,`update_time`,`status`,`target` FROM `onethink_channel` WHERE ( status=1 ) ORDER BY sort  [ RunTime:0.000396s ]
SQL: SELECT `id`,`name`,`title`,`pid`,`sort`,`list_row`,`meta_title`,`keywords`,`description`,`template_index`,`template_lists`,`template_detail`,`template_edit`,`model`,`type`,`link_id`,`allow_publish`,`display`,`reply`,`check`,`reply_model`,`extend`,`create_time`,`update_time`,`status`,`icon` FROM `onethink_category` WHERE ( `id` = 1 ) LIMIT 1   [ RunTime:0.000384s ]
SQL: SELECT `id`,`name`,`pid`,`title`,`link_id` FROM `onethink_category` WHERE ( `status` = 1 ) ORDER BY sort  [ RunTime:0.000266s ]
INFO: [ view_parse ] --START--
INFO: [ template_filter ] --START--
INFO: Run Behavior\ContentReplace [ RunTime:0.000051s ]
INFO: [ template_filter ] --END-- [ RunTime:-0.014670s ]
INFO: Run Behavior\ParseTemplate [ RunTime:0.004422s ]
INFO: [ view_parse ] --END-- [ RunTime:0.004516s ]
INFO: [ view_filter ] --START--
INFO: Run Behavior\WriteHtmlCache [ RunTime:0.000374s ]
INFO: [ view_filter ] --END-- [ RunTime:0.000452s ]
SQL: SELECT `id`,`name`,`title`,`pid`,`sort`,`list_row`,`meta_title`,`keywords`,`description`,`template_index`,`template_lists`,`template_detail`,`template_edit`,`model`,`type`,`link_id`,`allow_publish`,`display`,`reply`,`check`,`reply_model`,`extend`,`create_time`,`update_time`,`status`,`icon` FROM `onethink_category` WHERE ( `id` = 1 ) LIMIT 1   [ RunTime:0.000479s ]
SQL: SELECT `id`,`name`,`pid`,`title`,`link_id` FROM `onethink_category` WHERE ( `status` = 1 ) ORDER BY sort  [ RunTime:0.000426s ]
SQL: SELECT `id`,`uid`,`name`,`title`,`category_id`,`description`,`root`,`pid`,`model_id`,`type`,`position`,`link_id`,`cover_id`,`display`,`deadline`,`attach`,`view`,`comment`,`extend`,`level`,`create_time`,`update_time`,`status` FROM `onethink_document` WHERE ( `status` = 1 ) AND ( `pid` = 0 ) AND ( `category_id` = 2 ) AND ( `create_time` < 1489873613 ) AND ( deadline = 0 OR deadline > 1489873613 ) ORDER BY `level` DESC,`id` DESC LIMIT 0,10   [ RunTime:0.000329s ]
INFO: Run Behavior\ParseTemplate [ RunTime:0.009029s ]
INFO: [ view_parse ] --END-- [ RunTime:0.004516s ]
INFO: [ view_filter ] --START--
INFO: Run Behavior\WriteHtmlCache [ RunTime:0.000018s ]
INFO: [ view_filter ] --END-- [ RunTime:-0.004178s ]
INFO: [ app_end ] --START--
INFO: Run Behavior\ShowPageTrace [ RunTime:0.000632s ]
INFO: [ app_end ] --END-- [ RunTime:0.000708s ]

[ 2017-03-19T05:47:00+08:00 ] ::1 /onethink1/index.php?s=/Home/User/login.html
INFO: [ view_parse ] --START--
INFO: [ template_filter ] --START--
INFO: Run Behavior\ContentReplace [ RunTime:0.000222s ]
INFO: [ template_filter ] --END-- [ RunTime:0.000399s ]
SQL: SHOW COLUMNS FROM `onethink_channel` [ RunTime:0.004125s ]
SQL: SELECT `id`,`pid`,`title`,`url`,`sort`,`create_time`,`update_time`,`status`,`target` FROM `onethink_channel` WHERE ( status=1 ) ORDER BY sort  [ RunTime:0.000295s ]
INFO: Run Behavior\ParseTemplate [ RunTime:0.025733s ]
INFO: [ view_parse ] --END-- [ RunTime:0.026306s ]
INFO: [ view_filter ] --START--
INFO: Run Behavior\WriteHtmlCache [ RunTime:0.000508s ]
INFO: [ view_filter ] --END-- [ RunTime:0.000598s ]
INFO: [ app_end ] --START--
INFO: Run Behavior\ShowPageTrace [ RunTime:0.000774s ]
INFO: [ app_end ] --END-- [ RunTime:0.000861s ]

[ 2017-03-19T05:47:00+08:00 ] ::1 /onethink1/index.php?s=/Home/User/verify.html
INFO: [ app_end ] --START--
INFO: Run Behavior\ShowPageTrace [ RunTime:0.001040s ]
INFO: [ app_end ] --END-- [ RunTime:0.001718s ]

[ 2017-03-19T05:47:05+08:00 ] ::1 /onethink1/index.php?s=/Home/Article/lists/category/default_blog.html
SQL: SHOW COLUMNS FROM `onethink_category` [ RunTime:0.004492s ]
SQL: SELECT `id`,`name`,`title`,`pid`,`sort`,`list_row`,`meta_title`,`keywords`,`description`,`template_index`,`template_lists`,`template_detail`,`template_edit`,`model`,`type`,`link_id`,`allow_publish`,`display`,`reply`,`check`,`reply_model`,`extend`,`create_time`,`update_time`,`status`,`icon` FROM `onethink_category` WHERE ( `name` = 'default_blog' ) LIMIT 1   [ RunTime:0.000336s ]
SQL: SHOW COLUMNS FROM `onethink_document` [ RunTime:0.004158s ]
SQL: SELECT `id`,`uid`,`name`,`title`,`category_id`,`description`,`root`,`pid`,`model_id`,`type`,`position`,`link_id`,`cover_id`,`display`,`deadline`,`attach`,`view`,`comment`,`extend`,`level`,`create_time`,`update_time`,`status` FROM `onethink_document` WHERE ( `status` = 1 ) AND ( `pid` = 0 ) AND ( `category_id` = 2 ) AND ( `create_time` < 1489873625 ) AND ( deadline = 0 OR deadline > 1489873625 ) ORDER BY `id` DESC LIMIT 0,10   [ RunTime:0.000312s ]
INFO: [ view_parse ] --START--
INFO: [ template_filter ] --START--
INFO: Run Behavior\ContentReplace [ RunTime:0.000140s ]
INFO: [ template_filter ] --END-- [ RunTime:0.000230s ]
SQL: SHOW COLUMNS FROM `onethink_channel` [ RunTime:0.004854s ]
SQL: SELECT `id`,`pid`,`title`,`url`,`sort`,`create_time`,`update_time`,`status`,`target` FROM `onethink_channel` WHERE ( status=1 ) ORDER BY sort  [ RunTime:0.000322s ]
SQL: SELECT `pid` FROM `onethink_category` WHERE ( `id` = 2 ) LIMIT 1   [ RunTime:0.000238s ]
SQL: SELECT `id`,`name`,`pid`,`title`,`link_id` FROM `onethink_category` WHERE ( `pid` = 1 ) AND ( `status` = 1 ) ORDER BY sort  [ RunTime:0.000311s ]
INFO: [ view_parse ] --START--
INFO: [ template_filter ] --START--
INFO: Run Behavior\ContentReplace [ RunTime:0.000051s ]
INFO: [ template_filter ] --END-- [ RunTime:-0.015218s ]
INFO: Run Behavior\ParseTemplate [ RunTime:0.004026s ]
INFO: [ view_parse ] --END-- [ RunTime:0.004119s ]
INFO: [ view_filter ] --START--
INFO: Run Behavior\WriteHtmlCache [ RunTime:0.000377s ]
INFO: [ view_filter ] --END-- [ RunTime:0.000453s ]
SQL: SELECT COUNT(id) AS tp_count FROM `onethink_document` WHERE ( `status` = 1 ) AND ( `pid` = 0 ) AND ( `category_id` = 2 ) AND ( `create_time` < 1489873625 ) AND ( deadline = 0 OR deadline > 1489873625 ) LIMIT 1   [ RunTime:0.000310s ]
INFO: Run Behavior\ParseTemplate [ RunTime:0.006556s ]
INFO: [ view_parse ] --END-- [ RunTime:0.004119s ]
INFO: [ view_filter ] --START--
INFO: Run Behavior\WriteHtmlCache [ RunTime:0.000017s ]
INFO: [ view_filter ] --END-- [ RunTime:-0.002063s ]
INFO: [ app_end ] --START--
INFO: Run Behavior\ShowPageTrace [ RunTime:0.000639s ]
INFO: [ app_end ] --END-- [ RunTime:0.000717s ]

[ 2017-03-19T05:47:29+08:00 ] ::1 /onethink1/index.php?s=/Admin/Public/login.html
INFO: [ view_parse ] --START--
INFO: [ template_filter ] --START--
INFO: Run Behavior\ContentReplace [ RunTime:0.000096s ]
INFO: [ template_filter ] --END-- [ RunTime:0.000218s ]
INFO: Run Behavior\ParseTemplate [ RunTime:0.008977s ]
INFO: [ view_parse ] --END-- [ RunTime:0.009298s ]
INFO: [ view_filter ] --START--
INFO: Run Behavior\WriteHtmlCache [ RunTime:0.000404s ]
INFO: [ view_filter ] --END-- [ RunTime:0.000482s ]
INFO: [ app_end ] --START--
INFO: Run Behavior\ShowPageTrace [ RunTime:0.000580s ]
INFO: [ app_end ] --END-- [ RunTime:0.000683s ]

[ 2017-03-19T05:47:48+08:00 ] ::1 /onethink1/Admin/Public/login.html
INFO: [ view_parse ] --START--
INFO: [ template_filter ] --START--
INFO: Run Behavior\ContentReplace [ RunTime:0.000092s ]
INFO: [ template_filter ] --END-- [ RunTime:0.000185s ]
INFO: Run Behavior\ParseTemplate [ RunTime:0.008413s ]
INFO: [ view_parse ] --END-- [ RunTime:0.009015s ]
INFO: [ view_filter ] --START--
INFO: Run Behavior\WriteHtmlCache [ RunTime:0.000347s ]
INFO: [ view_filter ] --END-- [ RunTime:0.000421s ]
INFO: [ app_end ] --START--
INFO: Run Behavior\ShowPageTrace [ RunTime:0.000598s ]
INFO: [ app_end ] --END-- [ RunTime:0.000677s ]

[ 2017-03-19T05:48:13+08:00 ] ::1 /onethink1/index.php?s=/Admin/Public/login.html
INFO: [ app_begin ] --START--
INFO: Run Behavior\ReadHtmlCache [ RunTime:0.000425s ]
INFO: [ app_begin ] --END-- [ RunTime:0.000724s ]
SQL: SHOW COLUMNS FROM `onethink_ucenter_member` [ RunTime:0.004512s ]
SQL: SELECT * FROM `onethink_ucenter_member` WHERE ( `username` = 'agent1' ) LIMIT 1   [ RunTime:0.000330s ]
SQL: UPDATE `onethink_ucenter_member` SET `last_login_time`=1489873692,`last_login_ip`=0 WHERE ( `id` = 7 ) [ RunTime:0.000345s ]
SQL: SHOW COLUMNS FROM `onethink_member` [ RunTime:0.004505s ]
SQL: SELECT `uid`,`nickname`,`sex`,`birthday`,`qq`,`score`,`login`,`reg_ip`,`reg_time`,`last_login_ip`,`last_login_time`,`status` FROM `onethink_member` WHERE ( `uid` = 7 ) LIMIT 1   [ RunTime:0.000361s ]
SQL: SHOW COLUMNS FROM `onethink_action` [ RunTime:0.004245s ]
SQL: SELECT * FROM `onethink_action` WHERE ( `name` = 'user_login' ) LIMIT 1   [ RunTime:0.000306s ]
SQL: SHOW COLUMNS FROM `onethink_action_log` [ RunTime:0.004199s ]
SQL: INSERT INTO `onethink_action_log` (`action_id`,`user_id`,`action_ip`,`model`,`record_id`,`create_time`,`remark`) VALUES (1,7,0,'member',7,1489873692,'agent1Âú®2017-03-19 05:48ÁôªÂΩï‰∫ÜÂêéÂè∞') [ RunTime:0.000300s ]
SQL: SELECT * FROM `onethink_action` WHERE ( `name` = 'user_login' ) LIMIT 1   [ RunTime:0.000250s ]
NOTIC: [8] Undefined offset: 1 C:\wamp\www\onethink1\Application\Common\Common\function.php Á¨¨ 665 Ë°å.
NOTIC: [2] array_key_exists() expects parameter 2 to be array, null given C:\wamp\www\onethink1\Application\Common\Common\function.php Á¨¨ 665 Ë°å.
SQL: SELECT COUNT(*) AS tp_count FROM `onethink_action_log` WHERE ( `action_id` = 1 ) AND ( `user_id` = 7 ) AND ( `create_time` > 1489787292 ) LIMIT 1   [ RunTime:0.000290s ]
SQL: SHOW COLUMNS FROM `onethink_member` [ RunTime:0.004469s ]
SQL: UPDATE `onethink_member` SET `score`=score+10 WHERE ( uid=7 AND status>-1 ) [ RunTime:0.000423s ]
SQL: UPDATE `onethink_member` SET `login`=`login`+1,`last_login_time`=1489873692,`last_login_ip`=0 WHERE ( `uid` = 7 ) [ RunTime:0.000235s ]

[ 2017-03-19T05:48:13+08:00 ] ::1 /onethink1/index.php?s=/Admin/Index/index.html
SQL: SHOW COLUMNS FROM `onethink_auth_group_access` [ RunTime:0.004841s ]
SQL: SELECT `rules` FROM onethink_auth_group_access a INNER JOIN onethink_auth_group g on a.group_id=g.id  WHERE ( a.uid='7' and g.status='1' )  [ RunTime:0.000754s ]
SQL: SHOW COLUMNS FROM `onethink_auth_rule` [ RunTime:0.004016s ]
SQL: SELECT `condition`,`name` FROM `onethink_auth_rule` WHERE ( `id` IN ('1','227','228','229','230','231','232','233','234','237','238','239','241','242','243') ) AND ( `type` IN ('1','2') ) AND ( `status` = 1 )  [ RunTime:0.000407s ]
SQL: SHOW COLUMNS FROM `onethink_menu` [ RunTime:0.004035s ]
SQL: SELECT * FROM `onethink_menu` WHERE ( `pid` = 0 ) AND ( `hide` = 0 ) ORDER BY sort asc  [ RunTime:0.000370s ]
SQL: SELECT `id` FROM `onethink_menu` WHERE ( url like '%Index/index%' ) LIMIT 1   [ RunTime:0.000191s ]
SQL: SHOW COLUMNS FROM `onethink_menu` [ RunTime:0.004086s ]
SQL: SELECT `id`,`pid`,`title` FROM `onethink_menu` WHERE ( id=1 ) LIMIT 1   [ RunTime:0.000250s ]
SQL: SHOW COLUMNS FROM `onethink_auth_rule` [ RunTime:0.004052s ]
SQL: SELECT `condition`,`name` FROM `onethink_auth_rule` WHERE ( `id` IN ('1','227','228','229','230','231','232','233','234','237','238','239','241','242','243') ) AND ( `type` = 2 ) AND ( `status` = 1 )  [ RunTime:0.000362s ]
SQL: SELECT DISTINCT  `group` FROM `onethink_menu` WHERE ( pid = 1 )  [ RunTime:0.000443s ]
SQL: SELECT `id`,`url` FROM `onethink_menu` WHERE ( `pid` = 1 ) AND ( `hide` = 0 )  [ RunTime:0.000210s ]
NOTIC: [2] Invalid argument supplied for foreach() C:\wamp\www\onethink1\Application\Admin\Controller\AdminController.class.php Á¨¨ 294 Ë°å.
INFO: [ view_parse ] --START--
INFO: [ template_filter ] --START--
INFO: Run Behavior\ContentReplace [ RunTime:0.000522s ]
INFO: [ template_filter ] --END-- [ RunTime:0.000640s ]
INFO: [ AdminIndex ] --START--
SQL: SHOW COLUMNS FROM `onethink_addons` [ RunTime:0.004698s ]
SQL: SELECT `config` FROM `onethink_addons` WHERE ( `name` = 'SiteStat' ) AND ( `status` = 1 ) LIMIT 1   [ RunTime:0.000312s ]
SQL: SHOW COLUMNS FROM `onethink_member` [ RunTime:0.004761s ]
SQL: SELECT COUNT(*) AS tp_count FROM `onethink_member` LIMIT 1   [ RunTime:0.000213s ]
SQL: SHOW COLUMNS FROM `onethink_action_log` [ RunTime:0.004374s ]
SQL: SELECT COUNT(*) AS tp_count FROM `onethink_action_log` LIMIT 1   [ RunTime:0.000198s ]
SQL: SHOW COLUMNS FROM `onethink_document` [ RunTime:0.004815s ]
SQL: SELECT COUNT(*) AS tp_count FROM `onethink_document` LIMIT 1   [ RunTime:0.000208s ]
SQL: SHOW COLUMNS FROM `onethink_category` [ RunTime:0.004646s ]
SQL: SELECT COUNT(*) AS tp_count FROM `onethink_category` LIMIT 1   [ RunTime:0.000235s ]
SQL: SHOW COLUMNS FROM `onethink_model` [ RunTime:0.004573s ]
SQL: SELECT COUNT(*) AS tp_count FROM `onethink_model` LIMIT 1   [ RunTime:0.000223s ]
INFO: [ view_parse ] --START--
INFO: [ template_filter ] --START--
INFO: Run Behavior\ContentReplace [ RunTime:0.000089s ]
INFO: [ template_filter ] --END-- [ RunTime:-0.042398s ]
INFO: Run Behavior\ParseTemplate [ RunTime:0.004579s ]
INFO: [ view_parse ] --END-- [ RunTime:0.004718s ]
INFO: [ view_filter ] --START--
INFO: Run Behavior\WriteHtmlCache [ RunTime:0.000410s ]
INFO: [ view_filter ] --END-- [ RunTime:0.000492s ]
INFO: Run SiteStat [ RunTime:0.040396s ]
SQL: SELECT `config` FROM `onethink_addons` WHERE ( `name` = 'SystemInfo' ) AND ( `status` = 1 ) LIMIT 1   [ RunTime:0.000331s ]
INFO: [ view_parse ] --START--
INFO: [ template_filter ] --START--
INFO: Run Behavior\ContentReplace [ RunTime:0.000060s ]
INFO: [ template_filter ] --END-- [ RunTime:-0.107579s ]
SQL: select version() as v; [ RunTime:0.000236s ]
INFO: Run Behavior\ParseTemplate [ RunTime:0.003951s ]
INFO: [ view_parse ] --END-- [ RunTime:-0.061080s ]
INFO: [ view_filter ] --START--
INFO: Run Behavior\WriteHtmlCache [ RunTime:0.000023s ]
INFO: [ view_filter ] --END-- [ RunTime:-0.064626s ]
INFO: Run SystemInfo [ RunTime:0.064676s ]
SQL: SELECT `config` FROM `onethink_addons` WHERE ( `name` = 'DevTeam' ) AND ( `status` = 1 ) LIMIT 1   [ RunTime:0.000255s ]
INFO: [ view_parse ] --START--
INFO: [ template_filter ] --START--
INFO: Run Behavior\ContentReplace [ RunTime:0.000057s ]
INFO: [ template_filter ] --END-- [ RunTime:-0.112833s ]
INFO: Run Behavior\ParseTemplate [ RunTime:0.002442s ]
INFO: [ view_parse ] --END-- [ RunTime:-0.067036s ]
INFO: [ view_filter ] --START--
INFO: Run Behavior\WriteHtmlCache [ RunTime:0.000018s ]
INFO: [ view_filter ] --END-- [ RunTime:-0.069065s ]
INFO: Run DevTeam [ RunTime:0.004389s ]
INFO: [ AdminIndex ] --END-- [ RunTime:0.109622s ]
INFO: Run Behavior\ParseTemplate [ RunTime:0.002808s ]
INFO: [ view_parse ] --END-- [ RunTime:-0.067036s ]
INFO: [ view_filter ] --START--
INFO: Run Behavior\WriteHtmlCache [ RunTime:0.000015s ]
INFO: [ view_filter ] --END-- [ RunTime:-0.069413s ]
INFO: [ app_end ] --START--
INFO: Run Behavior\ShowPageTrace [ RunTime:0.000696s ]
INFO: [ app_end ] --END-- [ RunTime:0.000794s ]

[ 2017-03-19T05:48:16+08:00 ] ::1 /onethink1/index.php?s=/Admin/AgCamp/clist.html
SQL: SHOW COLUMNS FROM `onethink_menu` [ RunTime:0.004782s ]
SQL: SELECT * FROM `onethink_menu` WHERE ( `pid` = 0 ) AND ( `hide` = 0 ) ORDER BY sort asc  [ RunTime:0.000439s ]
SQL: SELECT `id` FROM `onethink_menu` WHERE ( url like '%AgCamp/clist%' ) LIMIT 1   [ RunTime:0.000270s ]
SQL: SHOW COLUMNS FROM `onethink_menu` [ RunTime:0.004523s ]
SQL: SELECT `id`,`pid`,`title` FROM `onethink_menu` WHERE ( id=138 ) LIMIT 1   [ RunTime:0.000282s ]
SQL: SELECT DISTINCT  `group` FROM `onethink_menu` WHERE ( pid = 138 )  [ RunTime:0.000555s ]
SQL: SELECT `id`,`url` FROM `onethink_menu` WHERE ( `pid` = 138 ) AND ( `hide` = 0 )  [ RunTime:0.000287s ]
SQL: SHOW COLUMNS FROM `onethink_auth_group_access` [ RunTime:0.004015s ]
SQL: SELECT `rules` FROM onethink_auth_group_access a INNER JOIN onethink_auth_group g on a.group_id=g.id  WHERE ( a.uid='7' and g.status='1' )  [ RunTime:0.000321s ]
SQL: SHOW COLUMNS FROM `onethink_auth_rule` [ RunTime:0.004325s ]
SQL: SELECT `condition`,`name` FROM `onethink_auth_rule` WHERE ( `id` IN ('1','227','228','229','230','231','232','233','234','237','238','239','241','242','243') ) AND ( `type` = 1 ) AND ( `status` = 1 )  [ RunTime:0.000381s ]
SQL: SELECT `id`,`pid`,`title`,`url`,`tip` FROM `onethink_menu` WHERE ( `group` = 'ÊàëÁöÑËê•Âú∞' ) AND ( `url` IN ('AgCamp/clist','Game/glist','Sale/index','Sale/order') ) AND ( `pid` = 138 ) AND ( `hide` = 0 ) ORDER BY sort asc  [ RunTime:0.000401s ]
SQL: SELECT `id`,`pid`,`title`,`url`,`tip` FROM `onethink_menu` WHERE ( `group` = 'Êâ©Â±ï' ) AND ( `url` IN ('AgCamp/clist','Game/glist','Sale/index','Sale/order') ) AND ( `pid` = 138 ) AND ( `hide` = 0 ) ORDER BY sort asc  [ RunTime:0.000323s ]
SQL: SHOW COLUMNS FROM `onethink_lbivouac` [ RunTime:0.004585s ]
SQL: SELECT COUNT(*) AS tp_count FROM `onethink_lbivouac` WHERE ( `agentID` = 7 ) AND ( `bivName` LIKE '%%' ) LIMIT 1   [ RunTime:0.000358s ]
SQL: SELECT `bivouacID`,`numX`,`numY`,`bivAdd`,`agentID`,`bivName`,`bivGrade`,`bivImg`,`bivDes`,`bivHouse`,`bivFood`,`bivWea`,`bivType`,`Status`,`bivVisit`,`bivEva`,`model_id`,`category_id`,`campType`,`campCol`,`content`,`count` FROM `onethink_lbivouac` WHERE ( `agentID` = 7 ) AND ( `bivName` LIKE '%%' ) ORDER BY bivouacID desc LIMIT 0,10   [ RunTime:0.000379s ]
SQL: SHOW COLUMNS FROM `onethink_clist` [ RunTime:0.003799s ]
ERR: 1146:Table 'onethink.onethink_clist' doesn't exist
 [ SQLËØ≠Âè• ] : SHOW COLUMNS FROM `onethink_clist`
SQL: SELECT count(*) FROM  onethink_ucenter_member,onethink_lagent,onethink_lbivouac,onethink_loder WHERE onethink_ucenter_member.id=7 AND 7=onethink_lagent.agentID  AND onethink_lagent.agentID=onethink_lbivouac.agentID AND onethink_lbivouac.bivouacID=onethink_loder.bivouacID [ RunTime:0.000383s ]
ERR: 1146:Table 'onethink.onethink_loder' doesn't exist
 [ SQLËØ≠Âè• ] : SELECT count(*) FROM  onethink_ucenter_member,onethink_lagent,onethink_lbivouac,onethink_loder WHERE onethink_ucenter_member.id=7 AND 7=onethink_lagent.agentID  AND onethink_lagent.agentID=onethink_lbivouac.agentID AND onethink_lbivouac.bivouacID=onethink_loder.bivouacID
NOTIC: [2] Invalid argument supplied for foreach() C:\wamp\www\onethink1\Application\Admin\Controller\AgCampController.class.php Á¨¨ 24 Ë°å.
INFO: [ view_parse ] --START--
INFO: [ template_filter ] --START--
INFO: Run Behavior\ContentReplace [ RunTime:0.000212s ]
INFO: [ template_filter ] --END-- [ RunTime:0.000304s ]
NOTIC: [8] Undefined variable: bivouac C:\wamp\www\onethink1\Runtime\Cache\Admin\05bcf9c6b784b3bf11574b039b2656ca.php Á¨¨ 102 Ë°å.
INFO: Run Behavior\ParseTemplate [ RunTime:0.018680s ]
INFO: [ view_parse ] --END-- [ RunTime:0.018778s ]
INFO: [ view_filter ] --START--
INFO: Run Behavior\WriteHtmlCache [ RunTime:0.000526s ]
INFO: [ view_filter ] --END-- [ RunTime:0.000610s ]
INFO: [ app_end ] --START--
INFO: Run Behavior\ShowPageTrace [ RunTime:0.000606s ]
INFO: [ app_end ] --END-- [ RunTime:0.000689s ]

[ 2017-03-19T05:48:20+08:00 ] ::1 /onethink1/index.php?s=/Admin/Game/glist.html
SQL: SHOW COLUMNS FROM `onethink_menu` [ RunTime:0.004434s ]
SQL: SELECT * FROM `onethink_menu` WHERE ( `pid` = 0 ) AND ( `hide` = 0 ) ORDER BY sort asc  [ RunTime:0.000403s ]
SQL: SELECT `id` FROM `onethink_menu` WHERE ( url like '%Game/glist%' ) LIMIT 1   [ RunTime:0.000257s ]
SQL: SHOW COLUMNS FROM `onethink_menu` [ RunTime:0.004569s ]
SQL: SELECT `id`,`pid`,`title` FROM `onethink_menu` WHERE ( id=146 ) LIMIT 1   [ RunTime:0.000291s ]
SQL: SELECT `id`,`pid`,`title` FROM `onethink_menu` WHERE ( id=138 ) LIMIT 1   [ RunTime:0.000219s ]
SQL: SELECT DISTINCT  `group` FROM `onethink_menu` WHERE ( pid = 138 )  [ RunTime:0.000525s ]
SQL: SELECT `id`,`url` FROM `onethink_menu` WHERE ( `pid` = 138 ) AND ( `hide` = 0 )  [ RunTime:0.000518s ]
SQL: SELECT `id`,`pid`,`title`,`url`,`tip` FROM `onethink_menu` WHERE ( `group` = 'ÊàëÁöÑËê•Âú∞' ) AND ( `url` IN ('AgCamp/clist','Game/glist','Sale/index','Sale/order') ) AND ( `pid` = 138 ) AND ( `hide` = 0 ) ORDER BY sort asc  [ RunTime:0.000631s ]
SQL: SELECT `id`,`pid`,`title`,`url`,`tip` FROM `onethink_menu` WHERE ( `group` = 'Êâ©Â±ï' ) AND ( `url` IN ('AgCamp/clist','Game/glist','Sale/index','Sale/order') ) AND ( `pid` = 138 ) AND ( `hide` = 0 ) ORDER BY sort asc  [ RunTime:0.000411s ]
SQL: SHOW COLUMNS FROM `onethink_lcamp` [ RunTime:0.004594s ]
SQL: SELECT COUNT(*) AS tp_count FROM `onethink_lcamp` LIMIT 1   [ RunTime:0.000278s ]
SQL: SELECT * FROM `onethink_lcamp` INNER JOIN onethink_lbivouac on onethink_lcamp.bivouacID=onethink_lbivouac.bivouacID  LIMIT 0,10   [ RunTime:0.000460s ]
INFO: [ view_parse ] --START--
INFO: [ template_filter ] --START--
INFO: Run Behavior\ContentReplace [ RunTime:0.000238s ]
INFO: [ template_filter ] --END-- [ RunTime:0.000331s ]
INFO: Run Behavior\ParseTemplate [ RunTime:0.018043s ]
INFO: [ view_parse ] --END-- [ RunTime:0.018138s ]
INFO: [ view_filter ] --START--
INFO: Run Behavior\WriteHtmlCache [ RunTime:0.000320s ]
INFO: [ view_filter ] --END-- [ RunTime:0.000394s ]
INFO: [ app_end ] --START--
INFO: Run Behavior\ShowPageTrace [ RunTime:0.000567s ]
INFO: [ app_end ] --END-- [ RunTime:0.000646s ]

[ 2017-03-19T05:48:22+08:00 ] ::1 /onethink1/index.php?s=/Admin/Sale/index.html
SQL: SHOW COLUMNS FROM `onethink_menu` [ RunTime:0.005154s ]
SQL: SELECT * FROM `onethink_menu` WHERE ( `pid` = 0 ) AND ( `hide` = 0 ) ORDER BY sort asc  [ RunTime:0.000401s ]
SQL: SELECT `id` FROM `onethink_menu` WHERE ( url like '%Sale/index%' ) LIMIT 1   [ RunTime:0.000304s ]
SQL: SHOW COLUMNS FROM `onethink_menu` [ RunTime:0.004497s ]
SQL: SELECT `id`,`pid`,`title` FROM `onethink_menu` WHERE ( id=152 ) LIMIT 1   [ RunTime:0.000315s ]
SQL: SELECT `id`,`pid`,`title` FROM `onethink_menu` WHERE ( id=138 ) LIMIT 1   [ RunTime:0.000224s ]
SQL: SELECT DISTINCT  `group` FROM `onethink_menu` WHERE ( pid = 138 )  [ RunTime:0.000528s ]
SQL: SELECT `id`,`url` FROM `onethink_menu` WHERE ( `pid` = 138 ) AND ( `hide` = 0 )  [ RunTime:0.000286s ]
SQL: SELECT `id`,`pid`,`title`,`url`,`tip` FROM `onethink_menu` WHERE ( `group` = 'ÊàëÁöÑËê•Âú∞' ) AND ( `url` IN ('AgCamp/clist','Game/glist','Sale/index','Sale/order') ) AND ( `pid` = 138 ) AND ( `hide` = 0 ) ORDER BY sort asc  [ RunTime:0.000319s ]
SQL: SELECT `id`,`pid`,`title`,`url`,`tip` FROM `onethink_menu` WHERE ( `group` = 'Êâ©Â±ï' ) AND ( `url` IN ('AgCamp/clist','Game/glist','Sale/index','Sale/order') ) AND ( `pid` = 138 ) AND ( `hide` = 0 ) ORDER BY sort asc  [ RunTime:0.000267s ]
INFO: [ view_parse ] --START--
INFO: [ template_filter ] --START--
INFO: Run Behavior\ContentReplace [ RunTime:0.000204s ]
INFO: [ template_filter ] --END-- [ RunTime:0.000304s ]
NOTIC: [8] Undefined variable: meta_title C:\wamp\www\onethink1\Runtime\Cache\Admin\48804f473ae4f64ec9121665b8286f36.php Á¨¨ 5 Ë°å.
INFO: Run Behavior\ParseTemplate [ RunTime:0.014308s ]
INFO: [ view_parse ] --END-- [ RunTime:0.014400s ]
INFO: [ view_filter ] --START--
INFO: Run Behavior\WriteHtmlCache [ RunTime:0.000290s ]
INFO: [ view_filter ] --END-- [ RunTime:0.000364s ]
INFO: [ app_end ] --START--
INFO: Run Behavior\ShowPageTrace [ RunTime:0.000557s ]
INFO: [ app_end ] --END-- [ RunTime:0.000634s ]

[ 2017-03-19T05:48:24+08:00 ] ::1 /onethink1/index.php?s=/Admin/Sale/order.html
SQL: SHOW COLUMNS FROM `onethink_menu` [ RunTime:0.005210s ]
SQL: SELECT * FROM `onethink_menu` WHERE ( `pid` = 0 ) AND ( `hide` = 0 ) ORDER BY sort asc  [ RunTime:0.000431s ]
SQL: SELECT `id` FROM `onethink_menu` WHERE ( url like '%Sale/order%' ) LIMIT 1   [ RunTime:0.000288s ]
SQL: SHOW COLUMNS FROM `onethink_menu` [ RunTime:0.004395s ]
SQL: SELECT `id`,`pid`,`title` FROM `onethink_menu` WHERE ( id=154 ) LIMIT 1   [ RunTime:0.000279s ]
SQL: SELECT `id`,`pid`,`title` FROM `onethink_menu` WHERE ( id=138 ) LIMIT 1   [ RunTime:0.000214s ]
SQL: SELECT DISTINCT  `group` FROM `onethink_menu` WHERE ( pid = 138 )  [ RunTime:0.000524s ]
SQL: SELECT `id`,`url` FROM `onethink_menu` WHERE ( `pid` = 138 ) AND ( `hide` = 0 )  [ RunTime:0.000250s ]
SQL: SELECT `id`,`pid`,`title`,`url`,`tip` FROM `onethink_menu` WHERE ( `group` = 'ÊàëÁöÑËê•Âú∞' ) AND ( `url` IN ('AgCamp/clist','Game/glist','Sale/index','Sale/order') ) AND ( `pid` = 138 ) AND ( `hide` = 0 ) ORDER BY sort asc  [ RunTime:0.000310s ]
SQL: SELECT `id`,`pid`,`title`,`url`,`tip` FROM `onethink_menu` WHERE ( `group` = 'Êâ©Â±ï' ) AND ( `url` IN ('AgCamp/clist','Game/glist','Sale/index','Sale/order') ) AND ( `pid` = 138 ) AND ( `hide` = 0 ) ORDER BY sort asc  [ RunTime:0.000289s ]
SQL: SHOW COLUMNS FROM `onethink_lorder` [ RunTime:0.004347s ]
SQL: SELECT COUNT(*) AS tp_count FROM `onethink_lorder` LIMIT 1   [ RunTime:0.000310s ]
SQL: SELECT * FROM `onethink_lorder` INNER JOIN onethink_lbivouac on onethink_lorder.bivouacID=onethink_lbivouac.bivouacID  LIMIT 0,10   [ RunTime:0.000398s ]
INFO: [ view_parse ] --START--
INFO: [ template_filter ] --START--
INFO: Run Behavior\ContentReplace [ RunTime:0.000316s ]
INFO: [ template_filter ] --END-- [ RunTime:0.000429s ]
INFO: Run Behavior\ParseTemplate [ RunTime:0.017583s ]
INFO: [ view_parse ] --END-- [ RunTime:0.017696s ]
INFO: [ view_filter ] --START--
INFO: Run Behavior\WriteHtmlCache [ RunTime:0.000410s ]
INFO: [ view_filter ] --END-- [ RunTime:0.000487s ]
INFO: [ app_end ] --START--
INFO: Run Behavior\ShowPageTrace [ RunTime:0.000551s ]
INFO: [ app_end ] --END-- [ RunTime:0.000630s ]

[ 2017-03-19T05:48:25+08:00 ] ::1 /onethink1/index.php?s=/Admin/Sale/index.html
SQL: SHOW COLUMNS FROM `onethink_menu` [ RunTime:0.004484s ]
SQL: SELECT * FROM `onethink_menu` WHERE ( `pid` = 0 ) AND ( `hide` = 0 ) ORDER BY sort asc  [ RunTime:0.000413s ]
SQL: SELECT `id` FROM `onethink_menu` WHERE ( url like '%Sale/index%' ) LIMIT 1   [ RunTime:0.000282s ]
SQL: SHOW COLUMNS FROM `onethink_menu` [ RunTime:0.004247s ]
SQL: SELECT `id`,`pid`,`title` FROM `onethink_menu` WHERE ( id=152 ) LIMIT 1   [ RunTime:0.000284s ]
SQL: SELECT `id`,`pid`,`title` FROM `onethink_menu` WHERE ( id=138 ) LIMIT 1   [ RunTime:0.000214s ]
SQL: SELECT DISTINCT  `group` FROM `onethink_menu` WHERE ( pid = 138 )  [ RunTime:0.000502s ]
SQL: SELECT `id`,`url` FROM `onethink_menu` WHERE ( `pid` = 138 ) AND ( `hide` = 0 )  [ RunTime:0.000250s ]
SQL: SELECT `id`,`pid`,`title`,`url`,`tip` FROM `onethink_menu` WHERE ( `group` = 'ÊàëÁöÑËê•Âú∞' ) AND ( `url` IN ('AgCamp/clist','Game/glist','Sale/index','Sale/order') ) AND ( `pid` = 138 ) AND ( `hide` = 0 ) ORDER BY sort asc  [ RunTime:0.000502s ]
SQL: SELECT `id`,`pid`,`title`,`url`,`tip` FROM `onethink_menu` WHERE ( `group` = 'Êâ©Â±ï' ) AND ( `url` IN ('AgCamp/clist','Game/glist','Sale/index','Sale/order') ) AND ( `pid` = 138 ) AND ( `hide` = 0 ) ORDER BY sort asc  [ RunTime:0.000748s ]
INFO: [ view_parse ] --START--
INFO: [ template_filter ] --START--
INFO: Run Behavior\ContentReplace [ RunTime:0.000218s ]
INFO: [ template_filter ] --END-- [ RunTime:0.000307s ]
NOTIC: [8] Undefined variable: meta_title C:\wamp\www\onethink1\Runtime\Cache\Admin\48804f473ae4f64ec9121665b8286f36.php Á¨¨ 5 Ë°å.
INFO: Run Behavior\ParseTemplate [ RunTime:0.015101s ]
INFO: [ view_parse ] --END-- [ RunTime:0.015203s ]
INFO: [ view_filter ] --START--
INFO: Run Behavior\WriteHtmlCache [ RunTime:0.000398s ]
INFO: [ view_filter ] --END-- [ RunTime:0.000476s ]
INFO: [ app_end ] --START--
INFO: Run Behavior\ShowPageTrace [ RunTime:0.000678s ]
INFO: [ app_end ] --END-- [ RunTime:0.000783s ]

[ 2017-03-19T05:48:26+08:00 ] ::1 /onethink1/index.php?s=/Admin/Game/glist.html
SQL: SHOW COLUMNS FROM `onethink_menu` [ RunTime:0.006780s ]
SQL: SELECT * FROM `onethink_menu` WHERE ( `pid` = 0 ) AND ( `hide` = 0 ) ORDER BY sort asc  [ RunTime:0.000878s ]
SQL: SELECT `id` FROM `onethink_menu` WHERE ( url like '%Game/glist%' ) LIMIT 1   [ RunTime:0.000560s ]
SQL: SHOW COLUMNS FROM `onethink_menu` [ RunTime:0.007617s ]
SQL: SELECT `id`,`pid`,`title` FROM `onethink_menu` WHERE ( id=146 ) LIMIT 1   [ RunTime:0.000423s ]
SQL: SELECT `id`,`pid`,`title` FROM `onethink_menu` WHERE ( id=138 ) LIMIT 1   [ RunTime:0.000383s ]
SQL: SELECT DISTINCT  `group` FROM `onethink_menu` WHERE ( pid = 138 )  [ RunTime:0.001191s ]
SQL: SELECT `id`,`url` FROM `onethink_menu` WHERE ( `pid` = 138 ) AND ( `hide` = 0 )  [ RunTime:0.000518s ]
SQL: SELECT `id`,`pid`,`title`,`url`,`tip` FROM `onethink_menu` WHERE ( `group` = 'ÊàëÁöÑËê•Âú∞' ) AND ( `url` IN ('AgCamp/clist','Game/glist','Sale/index','Sale/order') ) AND ( `pid` = 138 ) AND ( `hide` = 0 ) ORDER BY sort asc  [ RunTime:0.000590s ]
SQL: SELECT `id`,`pid`,`title`,`url`,`tip` FROM `onethink_menu` WHERE ( `group` = 'Êâ©Â±ï' ) AND ( `url` IN ('AgCamp/clist','Game/glist','Sale/index','Sale/order') ) AND ( `pid` = 138 ) AND ( `hide` = 0 ) ORDER BY sort asc  [ RunTime:0.000336s ]
SQL: SHOW COLUMNS FROM `onethink_lcamp` [ RunTime:0.005707s ]
SQL: SELECT COUNT(*) AS tp_count FROM `onethink_lcamp` LIMIT 1   [ RunTime:0.000402s ]
SQL: SELECT * FROM `onethink_lcamp` INNER JOIN onethink_lbivouac on onethink_lcamp.bivouacID=onethink_lbivouac.bivouacID  LIMIT 0,10   [ RunTime:0.000743s ]
INFO: [ view_parse ] --START--
INFO: [ template_filter ] --START--
INFO: Run Behavior\ContentReplace [ RunTime:0.000348s ]
INFO: [ template_filter ] --END-- [ RunTime:0.000516s ]
INFO: Run Behavior\ParseTemplate [ RunTime:0.032119s ]
INFO: [ view_parse ] --END-- [ RunTime:0.032326s ]
INFO: [ view_filter ] --START--
INFO: Run Behavior\WriteHtmlCache [ RunTime:0.001170s ]
INFO: [ view_filter ] --END-- [ RunTime:0.001474s ]
INFO: [ app_end ] --START--
INFO: Run Behavior\ShowPageTrace [ RunTime:0.001320s ]
INFO: [ app_end ] --END-- [ RunTime:0.001477s ]

[ 2017-03-19T05:48:27+08:00 ] ::1 /onethink1/index.php?s=/Admin/AgCamp/clist.html
SQL: SHOW COLUMNS FROM `onethink_menu` [ RunTime:0.004781s ]
SQL: SELECT * FROM `onethink_menu` WHERE ( `pid` = 0 ) AND ( `hide` = 0 ) ORDER BY sort asc  [ RunTime:0.000477s ]
SQL: SELECT `id` FROM `onethink_menu` WHERE ( url like '%AgCamp/clist%' ) LIMIT 1   [ RunTime:0.000302s ]
SQL: SHOW COLUMNS FROM `onethink_menu` [ RunTime:0.004467s ]
SQL: SELECT `id`,`pid`,`title` FROM `onethink_menu` WHERE ( id=138 ) LIMIT 1   [ RunTime:0.000278s ]
SQL: SELECT DISTINCT  `group` FROM `onethink_menu` WHERE ( pid = 138 )  [ RunTime:0.000525s ]
SQL: SELECT `id`,`url` FROM `onethink_menu` WHERE ( `pid` = 138 ) AND ( `hide` = 0 )  [ RunTime:0.000291s ]
SQL: SELECT `id`,`pid`,`title`,`url`,`tip` FROM `onethink_menu` WHERE ( `group` = 'ÊàëÁöÑËê•Âú∞' ) AND ( `url` IN ('AgCamp/clist','Game/glist','Sale/index','Sale/order') ) AND ( `pid` = 138 ) AND ( `hide` = 0 ) ORDER BY sort asc  [ RunTime:0.000307s ]
SQL: SELECT `id`,`pid`,`title`,`url`,`tip` FROM `onethink_menu` WHERE ( `group` = 'Êâ©Â±ï' ) AND ( `url` IN ('AgCamp/clist','Game/glist','Sale/index','Sale/order') ) AND ( `pid` = 138 ) AND ( `hide` = 0 ) ORDER BY sort asc  [ RunTime:0.000297s ]
SQL: SHOW COLUMNS FROM `onethink_lbivouac` [ RunTime:0.004557s ]
SQL: SELECT COUNT(*) AS tp_count FROM `onethink_lbivouac` WHERE ( `agentID` = 7 ) AND ( `bivName` LIKE '%%' ) LIMIT 1   [ RunTime:0.000367s ]
SQL: SELECT `bivouacID`,`numX`,`numY`,`bivAdd`,`agentID`,`bivName`,`bivGrade`,`bivImg`,`bivDes`,`bivHouse`,`bivFood`,`bivWea`,`bivType`,`Status`,`bivVisit`,`bivEva`,`model_id`,`category_id`,`campType`,`campCol`,`content`,`count` FROM `onethink_lbivouac` WHERE ( `agentID` = 7 ) AND ( `bivName` LIKE '%%' ) ORDER BY bivouacID desc LIMIT 0,10   [ RunTime:0.000385s ]
SQL: SHOW COLUMNS FROM `onethink_clist` [ RunTime:0.003614s ]
ERR: 1146:Table 'onethink.onethink_clist' doesn't exist
 [ SQLËØ≠Âè• ] : SHOW COLUMNS FROM `onethink_clist`
SQL: SELECT count(*) FROM  onethink_ucenter_member,onethink_lagent,onethink_lbivouac,onethink_loder WHERE onethink_ucenter_member.id=7 AND 7=onethink_lagent.agentID  AND onethink_lagent.agentID=onethink_lbivouac.agentID AND onethink_lbivouac.bivouacID=onethink_loder.bivouacID [ RunTime:0.000373s ]
ERR: 1146:Table 'onethink.onethink_loder' doesn't exist
 [ SQLËØ≠Âè• ] : SELECT count(*) FROM  onethink_ucenter_member,onethink_lagent,onethink_lbivouac,onethink_loder WHERE onethink_ucenter_member.id=7 AND 7=onethink_lagent.agentID  AND onethink_lagent.agentID=onethink_lbivouac.agentID AND onethink_lbivouac.bivouacID=onethink_loder.bivouacID
NOTIC: [2] Invalid argument supplied for foreach() C:\wamp\www\onethink1\Application\Admin\Controller\AgCampController.class.php Á¨¨ 24 Ë°å.
INFO: [ view_parse ] --START--
INFO: [ template_filter ] --START--
INFO: Run Behavior\ContentReplace [ RunTime:0.000202s ]
INFO: [ template_filter ] --END-- [ RunTime:0.000294s ]
NOTIC: [8] Undefined variable: bivouac C:\wamp\www\onethink1\Runtime\Cache\Admin\05bcf9c6b784b3bf11574b039b2656ca.php Á¨¨ 102 Ë°å.
INFO: Run Behavior\ParseTemplate [ RunTime:0.018492s ]
INFO: [ view_parse ] --END-- [ RunTime:0.018604s ]
INFO: [ view_filter ] --START--
INFO: Run Behavior\WriteHtmlCache [ RunTime:0.000413s ]
INFO: [ view_filter ] --END-- [ RunTime:0.000491s ]
INFO: [ app_end ] --START--
INFO: Run Behavior\ShowPageTrace [ RunTime:0.000557s ]
INFO: [ app_end ] --END-- [ RunTime:0.000637s ]

[ 2017-03-19T05:48:30+08:00 ] ::1 /onethink1/index.php?s=/Admin/Game/glist.html
SQL: SHOW COLUMNS FROM `onethink_menu` [ RunTime:0.005306s ]
SQL: SELECT * FROM `onethink_menu` WHERE ( `pid` = 0 ) AND ( `hide` = 0 ) ORDER BY sort asc  [ RunTime:0.000446s ]
SQL: SELECT `id` FROM `onethink_menu` WHERE ( url like '%Game/glist%' ) LIMIT 1   [ RunTime:0.000301s ]
SQL: SHOW COLUMNS FROM `onethink_menu` [ RunTime:0.004360s ]
SQL: SELECT `id`,`pid`,`title` FROM `onethink_menu` WHERE ( id=146 ) LIMIT 1   [ RunTime:0.000282s ]
SQL: SELECT `id`,`pid`,`title` FROM `onethink_menu` WHERE ( id=138 ) LIMIT 1   [ RunTime:0.000196s ]
SQL: SELECT DISTINCT  `group` FROM `onethink_menu` WHERE ( pid = 138 )  [ RunTime:0.000503s ]
SQL: SELECT `id`,`url` FROM `onethink_menu` WHERE ( `pid` = 138 ) AND ( `hide` = 0 )  [ RunTime:0.000256s ]
SQL: SELECT `id`,`pid`,`title`,`url`,`tip` FROM `onethink_menu` WHERE ( `group` = 'ÊàëÁöÑËê•Âú∞' ) AND ( `url` IN ('AgCamp/clist','Game/glist','Sale/index','Sale/order') ) AND ( `pid` = 138 ) AND ( `hide` = 0 ) ORDER BY sort asc  [ RunTime:0.000287s ]
SQL: SELECT `id`,`pid`,`title`,`url`,`tip` FROM `onethink_menu` WHERE ( `group` = 'Êâ©Â±ï' ) AND ( `url` IN ('AgCamp/clist','Game/glist','Sale/index','Sale/order') ) AND ( `pid` = 138 ) AND ( `hide` = 0 ) ORDER BY sort asc  [ RunTime:0.000261s ]
SQL: SHOW COLUMNS FROM `onethink_lcamp` [ RunTime:0.004117s ]
SQL: SELECT COUNT(*) AS tp_count FROM `onethink_lcamp` LIMIT 1   [ RunTime:0.000242s ]
SQL: SELECT * FROM `onethink_lcamp` INNER JOIN onethink_lbivouac on onethink_lcamp.bivouacID=onethink_lbivouac.bivouacID  LIMIT 0,10   [ RunTime:0.000374s ]
INFO: [ view_parse ] --START--
INFO: [ template_filter ] --START--
INFO: Run Behavior\ContentReplace [ RunTime:0.000235s ]
INFO: [ template_filter ] --END-- [ RunTime:0.000326s ]
INFO: Run Behavior\ParseTemplate [ RunTime:0.018429s ]
INFO: [ view_parse ] --END-- [ RunTime:0.018529s ]
INFO: [ view_filter ] --START--
INFO: Run Behavior\WriteHtmlCache [ RunTime:0.000383s ]
INFO: [ view_filter ] --END-- [ RunTime:0.000458s ]
INFO: [ app_end ] --START--
INFO: Run Behavior\ShowPageTrace [ RunTime:0.000550s ]
INFO: [ app_end ] --END-- [ RunTime:0.000654s ]

[ 2017-03-19T05:48:31+08:00 ] ::1 /onethink1/index.php?s=/Admin/Sale/order.html
SQL: SHOW COLUMNS FROM `onethink_menu` [ RunTime:0.004716s ]
SQL: SELECT * FROM `onethink_menu` WHERE ( `pid` = 0 ) AND ( `hide` = 0 ) ORDER BY sort asc  [ RunTime:0.000417s ]
SQL: SELECT `id` FROM `onethink_menu` WHERE ( url like '%Sale/order%' ) LIMIT 1   [ RunTime:0.000266s ]
SQL: SHOW COLUMNS FROM `onethink_menu` [ RunTime:0.004470s ]
SQL: SELECT `id`,`pid`,`title` FROM `onethink_menu` WHERE ( id=154 ) LIMIT 1   [ RunTime:0.000306s ]
SQL: SELECT `id`,`pid`,`title` FROM `onethink_menu` WHERE ( id=138 ) LIMIT 1   [ RunTime:0.000214s ]
SQL: SELECT DISTINCT  `group` FROM `onethink_menu` WHERE ( pid = 138 )  [ RunTime:0.000554s ]
SQL: SELECT `id`,`url` FROM `onethink_menu` WHERE ( `pid` = 138 ) AND ( `hide` = 0 )  [ RunTime:0.000262s ]
SQL: SELECT `id`,`pid`,`title`,`url`,`tip` FROM `onethink_menu` WHERE ( `group` = 'ÊàëÁöÑËê•Âú∞' ) AND ( `url` IN ('AgCamp/clist','Game/glist','Sale/index','Sale/order') ) AND ( `pid` = 138 ) AND ( `hide` = 0 ) ORDER BY sort asc  [ RunTime:0.000299s ]
SQL: SELECT `id`,`pid`,`title`,`url`,`tip` FROM `onethink_menu` WHERE ( `group` = 'Êâ©Â±ï' ) AND ( `url` IN ('AgCamp/clist','Game/glist','Sale/index','Sale/order') ) AND ( `pid` = 138 ) AND ( `hide` = 0 ) ORDER BY sort asc  [ RunTime:0.000279s ]
SQL: SHOW COLUMNS FROM `onethink_lorder` [ RunTime:0.004850s ]
SQL: SELECT COUNT(*) AS tp_count FROM `onethink_lorder` LIMIT 1   [ RunTime:0.000277s ]
SQL: SELECT * FROM `onethink_lorder` INNER JOIN onethink_lbivouac on onethink_lorder.bivouacID=onethink_lbivouac.bivouacID  LIMIT 0,10   [ RunTime:0.000382s ]
INFO: [ view_parse ] --START--
INFO: [ template_filter ] --START--
INFO: Run Behavior\ContentReplace [ RunTime:0.000351s ]
INFO: [ template_filter ] --END-- [ RunTime:0.000522s ]
INFO: Run Behavior\ParseTemplate [ RunTime:0.017932s ]
INFO: [ view_parse ] --END-- [ RunTime:0.018041s ]
INFO: [ view_filter ] --START--
INFO: Run Behavior\WriteHtmlCache [ RunTime:0.000379s ]
INFO: [ view_filter ] --END-- [ RunTime:0.000454s ]
INFO: [ app_end ] --START--
INFO: Run Behavior\ShowPageTrace [ RunTime:0.000588s ]
INFO: [ app_end ] --END-- [ RunTime:0.000666s ]

[ 2017-03-19T05:48:32+08:00 ] ::1 /onethink1/index.php?s=/Admin/Sale/index.html
SQL: SHOW COLUMNS FROM `onethink_menu` [ RunTime:0.004339s ]
SQL: SELECT * FROM `onethink_menu` WHERE ( `pid` = 0 ) AND ( `hide` = 0 ) ORDER BY sort asc  [ RunTime:0.000709s ]
SQL: SELECT `id` FROM `onethink_menu` WHERE ( url like '%Sale/index%' ) LIMIT 1   [ RunTime:0.000342s ]
SQL: SHOW COLUMNS FROM `onethink_menu` [ RunTime:0.004729s ]
SQL: SELECT `id`,`pid`,`title` FROM `onethink_menu` WHERE ( id=152 ) LIMIT 1   [ RunTime:0.000266s ]
SQL: SELECT `id`,`pid`,`title` FROM `onethink_menu` WHERE ( id=138 ) LIMIT 1   [ RunTime:0.000171s ]
SQL: SELECT DISTINCT  `group` FROM `onethink_menu` WHERE ( pid = 138 )  [ RunTime:0.000495s ]
SQL: SELECT `id`,`url` FROM `onethink_menu` WHERE ( `pid` = 138 ) AND ( `hide` = 0 )  [ RunTime:0.000243s ]
SQL: SELECT `id`,`pid`,`title`,`url`,`tip` FROM `onethink_menu` WHERE ( `group` = 'ÊàëÁöÑËê•Âú∞' ) AND ( `url` IN ('AgCamp/clist','Game/glist','Sale/index','Sale/order') ) AND ( `pid` = 138 ) AND ( `hide` = 0 ) ORDER BY sort asc  [ RunTime:0.000288s ]
SQL: SELECT `id`,`pid`,`title`,`url`,`tip` FROM `onethink_menu` WHERE ( `group` = 'Êâ©Â±ï' ) AND ( `url` IN ('AgCamp/clist','Game/glist','Sale/index','Sale/order') ) AND ( `pid` = 138 ) AND ( `hide` = 0 ) ORDER BY sort asc  [ RunTime:0.000269s ]
INFO: [ view_parse ] --START--
INFO: [ template_filter ] --START--
INFO: Run Behavior\ContentReplace [ RunTime:0.000189s ]
INFO: [ template_filter ] --END-- [ RunTime:0.000329s ]
NOTIC: [8] Undefined variable: meta_title C:\wamp\www\onethink1\Runtime\Cache\Admin\48804f473ae4f64ec9121665b8286f36.php Á¨¨ 5 Ë°å.
INFO: Run Behavior\ParseTemplate [ RunTime:0.014951s ]
INFO: [ view_parse ] --END-- [ RunTime:0.015044s ]
INFO: [ view_filter ] --START--
INFO: Run Behavior\WriteHtmlCache [ RunTime:0.000395s ]
INFO: [ view_filter ] --END-- [ RunTime:0.000471s ]
INFO: [ app_end ] --START--
INFO: Run Behavior\ShowPageTrace [ RunTime:0.000558s ]
INFO: [ app_end ] --END-- [ RunTime:0.000637s ]

[ 2017-03-19T05:48:33+08:00 ] ::1 /onethink1/index.php?s=/Admin/Sale/order.html
SQL: SHOW COLUMNS FROM `onethink_menu` [ RunTime:0.005945s ]
SQL: SELECT * FROM `onethink_menu` WHERE ( `pid` = 0 ) AND ( `hide` = 0 ) ORDER BY sort asc  [ RunTime:0.001698s ]
SQL: SELECT `id` FROM `onethink_menu` WHERE ( url like '%Sale/order%' ) LIMIT 1   [ RunTime:0.000574s ]
SQL: SHOW COLUMNS FROM `onethink_menu` [ RunTime:0.005695s ]
SQL: SELECT `id`,`pid`,`title` FROM `onethink_menu` WHERE ( id=154 ) LIMIT 1   [ RunTime:0.000582s ]
SQL: SELECT `id`,`pid`,`title` FROM `onethink_menu` WHERE ( id=138 ) LIMIT 1   [ RunTime:0.000348s ]
SQL: SELECT DISTINCT  `group` FROM `onethink_menu` WHERE ( pid = 138 )  [ RunTime:0.001042s ]
SQL: SELECT `id`,`url` FROM `onethink_menu` WHERE ( `pid` = 138 ) AND ( `hide` = 0 )  [ RunTime:0.001143s ]
SQL: SELECT `id`,`pid`,`title`,`url`,`tip` FROM `onethink_menu` WHERE ( `group` = 'ÊàëÁöÑËê•Âú∞' ) AND ( `url` IN ('AgCamp/clist','Game/glist','Sale/index','Sale/order') ) AND ( `pid` = 138 ) AND ( `hide` = 0 ) ORDER BY sort asc  [ RunTime:0.000662s ]
SQL: SELECT `id`,`pid`,`title`,`url`,`tip` FROM `onethink_menu` WHERE ( `group` = 'Êâ©Â±ï' ) AND ( `url` IN ('AgCamp/clist','Game/glist','Sale/index','Sale/order') ) AND ( `pid` = 138 ) AND ( `hide` = 0 ) ORDER BY sort asc  [ RunTime:0.000784s ]
SQL: SHOW COLUMNS FROM `onethink_lorder` [ RunTime:0.006894s ]
SQL: SELECT COUNT(*) AS tp_count FROM `onethink_lorder` LIMIT 1   [ RunTime:0.000875s ]
SQL: SELECT * FROM `onethink_lorder` INNER JOIN onethink_lbivouac on onethink_lorder.bivouacID=onethink_lbivouac.bivouacID  LIMIT 0,10   [ RunTime:0.000725s ]
INFO: [ view_parse ] --START--
INFO: [ template_filter ] --START--
INFO: Run Behavior\ContentReplace [ RunTime:0.000368s ]
INFO: [ template_filter ] --END-- [ RunTime:0.000571s ]
INFO: Run Behavior\ParseTemplate [ RunTime:0.034032s ]
INFO: [ view_parse ] --END-- [ RunTime:0.034208s ]
INFO: [ view_filter ] --START--
INFO: Run Behavior\WriteHtmlCache [ RunTime:0.000848s ]
INFO: [ view_filter ] --END-- [ RunTime:0.000981s ]
INFO: [ app_end ] --START--
INFO: Run Behavior\ShowPageTrace [ RunTime:0.001498s ]
INFO: [ app_end ] --END-- [ RunTime:0.001685s ]

[ 2017-03-19T05:48:34+08:00 ] ::1 /onethink1/index.php?s=/Admin/Sale/index.html
SQL: SHOW COLUMNS FROM `onethink_menu` [ RunTime:0.004856s ]
SQL: SELECT * FROM `onethink_menu` WHERE ( `pid` = 0 ) AND ( `hide` = 0 ) ORDER BY sort asc  [ RunTime:0.000484s ]
SQL: SELECT `id` FROM `onethink_menu` WHERE ( url like '%Sale/index%' ) LIMIT 1   [ RunTime:0.000308s ]
SQL: SHOW COLUMNS FROM `onethink_menu` [ RunTime:0.004623s ]
SQL: SELECT `id`,`pid`,`title` FROM `onethink_menu` WHERE ( id=152 ) LIMIT 1   [ RunTime:0.000276s ]
SQL: SELECT `id`,`pid`,`title` FROM `onethink_menu` WHERE ( id=138 ) LIMIT 1   [ RunTime:0.000216s ]
SQL: SELECT DISTINCT  `group` FROM `onethink_menu` WHERE ( pid = 138 )  [ RunTime:0.000539s ]
SQL: SELECT `id`,`url` FROM `onethink_menu` WHERE ( `pid` = 138 ) AND ( `hide` = 0 )  [ RunTime:0.000241s ]
SQL: SELECT `id`,`pid`,`title`,`url`,`tip` FROM `onethink_menu` WHERE ( `group` = 'ÊàëÁöÑËê•Âú∞' ) AND ( `url` IN ('AgCamp/clist','Game/glist','Sale/index','Sale/order') ) AND ( `pid` = 138 ) AND ( `hide` = 0 ) ORDER BY sort asc  [ RunTime:0.000289s ]
SQL: SELECT `id`,`pid`,`title`,`url`,`tip` FROM `onethink_menu` WHERE ( `group` = 'Êâ©Â±ï' ) AND ( `url` IN ('AgCamp/clist','Game/glist','Sale/index','Sale/order') ) AND ( `pid` = 138 ) AND ( `hide` = 0 ) ORDER BY sort asc  [ RunTime:0.000288s ]
INFO: [ view_parse ] --START--
INFO: [ template_filter ] --START--
INFO: Run Behavior\ContentReplace [ RunTime:0.000216s ]
INFO: [ template_filter ] --END-- [ RunTime:0.000309s ]
NOTIC: [8] Undefined variable: meta_title C:\wamp\www\onethink1\Runtime\Cache\Admin\48804f473ae4f64ec9121665b8286f36.php Á¨¨ 5 Ë°å.
INFO: Run Behavior\ParseTemplate [ RunTime:0.015442s ]
INFO: [ view_parse ] --END-- [ RunTime:0.015561s ]
INFO: [ view_filter ] --START--
INFO: Run Behavior\WriteHtmlCache [ RunTime:0.000375s ]
INFO: [ view_filter ] --END-- [ RunTime:0.000463s ]
INFO: [ app_end ] --START--
INFO: Run Behavior\ShowPageTrace [ RunTime:0.000762s ]
INFO: [ app_end ] --END-- [ RunTime:0.000854s ]

[ 2017-03-19T05:49:00+08:00 ] ::1 /onethink1/index.php?s=/Admin/Public/login.html
INFO: [ app_begin ] --START--
INFO: Run Behavior\ReadHtmlCache [ RunTime:0.000531s ]
INFO: [ app_begin ] --END-- [ RunTime:0.000899s ]
SQL: SHOW COLUMNS FROM `onethink_ucenter_member` [ RunTime:0.004471s ]
SQL: SELECT * FROM `onethink_ucenter_member` WHERE ( `username` = 'admin2' ) LIMIT 1   [ RunTime:0.000337s ]
SQL: UPDATE `onethink_ucenter_member` SET `last_login_time`=1489873740,`last_login_ip`=0 WHERE ( `id` = 10 ) [ RunTime:0.000292s ]
SQL: SHOW COLUMNS FROM `onethink_member` [ RunTime:0.004500s ]
SQL: SELECT `uid`,`nickname`,`sex`,`birthday`,`qq`,`score`,`login`,`reg_ip`,`reg_time`,`last_login_ip`,`last_login_time`,`status` FROM `onethink_member` WHERE ( `uid` = 10 ) LIMIT 1   [ RunTime:0.000288s ]
SQL: SHOW COLUMNS FROM `onethink_action` [ RunTime:0.004315s ]
SQL: SELECT * FROM `onethink_action` WHERE ( `name` = 'user_login' ) LIMIT 1   [ RunTime:0.000295s ]
SQL: SHOW COLUMNS FROM `onethink_action_log` [ RunTime:0.004181s ]
SQL: INSERT INTO `onethink_action_log` (`action_id`,`user_id`,`action_ip`,`model`,`record_id`,`create_time`,`remark`) VALUES (1,10,0,'member',10,1489873740,'admin2Âú®2017-03-19 05:49ÁôªÂΩï‰∫ÜÂêéÂè∞') [ RunTime:0.000287s ]
SQL: SELECT * FROM `onethink_action` WHERE ( `name` = 'user_login' ) LIMIT 1   [ RunTime:0.000225s ]
NOTIC: [8] Undefined offset: 1 C:\wamp\www\onethink1\Application\Common\Common\function.php Á¨¨ 665 Ë°å.
NOTIC: [2] array_key_exists() expects parameter 2 to be array, null given C:\wamp\www\onethink1\Application\Common\Common\function.php Á¨¨ 665 Ë°å.
SQL: SELECT COUNT(*) AS tp_count FROM `onethink_action_log` WHERE ( `action_id` = 1 ) AND ( `user_id` = 10 ) AND ( `create_time` > 1489787340 ) LIMIT 1   [ RunTime:0.001154s ]
SQL: SHOW COLUMNS FROM `onethink_member` [ RunTime:0.004336s ]
SQL: UPDATE `onethink_member` SET `score`=score+10 WHERE ( uid=10 AND status>-1 ) [ RunTime:0.000306s ]
SQL: UPDATE `onethink_member` SET `login`=`login`+1,`last_login_time`=1489873740,`last_login_ip`=0 WHERE ( `uid` = 10 ) [ RunTime:0.000211s ]

[ 2017-03-19T05:49:01+08:00 ] ::1 /onethink1/index.php?s=/Admin/Index/index.html
SQL: SHOW COLUMNS FROM `onethink_auth_group_access` [ RunTime:0.004003s ]
SQL: SELECT `rules` FROM onethink_auth_group_access a INNER JOIN onethink_auth_group g on a.group_id=g.id  WHERE ( a.uid='10' and g.status='1' )  [ RunTime:0.000338s ]
SQL: SHOW COLUMNS FROM `onethink_auth_rule` [ RunTime:0.004031s ]
SQL: SELECT `condition`,`name` FROM `onethink_auth_rule` WHERE ( `id` IN ('1','3','4','19','20','21','22','23','24','25','26','27','28','29','30','31','32','33','34','35','36','37','38','39','40','41','42','43','44','45','46','47','48','49','50','51','52','53','54','55','88','94','95','107','108','109','110','195','209','210','217','218','219','220','221','222','235','244','246','247','248','249','250','251') ) AND ( `type` IN ('1','2') ) AND ( `status` = 1 )  [ RunTime:0.000654s ]
SQL: SHOW COLUMNS FROM `onethink_menu` [ RunTime:0.003819s ]
SQL: SELECT * FROM `onethink_menu` WHERE ( `pid` = 0 ) AND ( `hide` = 0 ) ORDER BY sort asc  [ RunTime:0.000335s ]
SQL: SELECT `id` FROM `onethink_menu` WHERE ( url like '%Index/index%' ) LIMIT 1   [ RunTime:0.000160s ]
SQL: SHOW COLUMNS FROM `onethink_menu` [ RunTime:0.003832s ]
SQL: SELECT `id`,`pid`,`title` FROM `onethink_menu` WHERE ( id=1 ) LIMIT 1   [ RunTime:0.000215s ]
SQL: SHOW COLUMNS FROM `onethink_auth_rule` [ RunTime:0.003925s ]
SQL: SELECT `condition`,`name` FROM `onethink_auth_rule` WHERE ( `id` IN ('1','3','4','19','20','21','22','23','24','25','26','27','28','29','30','31','32','33','34','35','36','37','38','39','40','41','42','43','44','45','46','47','48','49','50','51','52','53','54','55','88','94','95','107','108','109','110','195','209','210','217','218','219','220','221','222','235','244','246','247','248','249','250','251') ) AND ( `type` = 2 ) AND ( `status` = 1 )  [ RunTime:0.000416s ]
SQL: SELECT DISTINCT  `group` FROM `onethink_menu` WHERE ( pid = 1 )  [ RunTime:0.000415s ]
SQL: SELECT `id`,`url` FROM `onethink_menu` WHERE ( `pid` = 1 ) AND ( `hide` = 0 )  [ RunTime:0.000169s ]
NOTIC: [2] Invalid argument supplied for foreach() C:\wamp\www\onethink1\Application\Admin\Controller\AdminController.class.php Á¨¨ 294 Ë°å.
INFO: [ view_parse ] --START--
INFO: [ template_filter ] --START--
INFO: Run Behavior\ContentReplace [ RunTime:0.000507s ]
INFO: [ template_filter ] --END-- [ RunTime:0.000614s ]
INFO: [ AdminIndex ] --START--
SQL: SHOW COLUMNS FROM `onethink_addons` [ RunTime:0.004251s ]
SQL: SELECT `config` FROM `onethink_addons` WHERE ( `name` = 'SiteStat' ) AND ( `status` = 1 ) LIMIT 1   [ RunTime:0.000293s ]
SQL: SHOW COLUMNS FROM `onethink_member` [ RunTime:0.004819s ]
SQL: SELECT COUNT(*) AS tp_count FROM `onethink_member` LIMIT 1   [ RunTime:0.000202s ]
SQL: SHOW COLUMNS FROM `onethink_action_log` [ RunTime:0.004264s ]
SQL: SELECT COUNT(*) AS tp_count FROM `onethink_action_log` LIMIT 1   [ RunTime:0.000198s ]
SQL: SHOW COLUMNS FROM `onethink_document` [ RunTime:0.004224s ]
SQL: SELECT COUNT(*) AS tp_count FROM `onethink_document` LIMIT 1   [ RunTime:0.000189s ]
SQL: SHOW COLUMNS FROM `onethink_category` [ RunTime:0.004588s ]
SQL: SELECT COUNT(*) AS tp_count FROM `onethink_category` LIMIT 1   [ RunTime:0.000243s ]
SQL: SHOW COLUMNS FROM `onethink_model` [ RunTime:0.004539s ]
SQL: SELECT COUNT(*) AS tp_count FROM `onethink_model` LIMIT 1   [ RunTime:0.000189s ]
INFO: [ view_parse ] --START--
INFO: [ template_filter ] --START--
INFO: Run Behavior\ContentReplace [ RunTime:0.000052s ]
INFO: [ template_filter ] --END-- [ RunTime:-0.039735s ]
INFO: Run Behavior\ParseTemplate [ RunTime:0.002786s ]
INFO: [ view_parse ] --END-- [ RunTime:0.002899s ]
INFO: [ view_filter ] --START--
INFO: Run Behavior\WriteHtmlCache [ RunTime:0.000655s ]
INFO: [ view_filter ] --END-- [ RunTime:0.000813s ]
INFO: Run SiteStat [ RunTime:0.037434s ]
SQL: SELECT `config` FROM `onethink_addons` WHERE ( `name` = 'SystemInfo' ) AND ( `status` = 1 ) LIMIT 1   [ RunTime:0.000335s ]
INFO: [ view_parse ] --START--
INFO: [ template_filter ] --START--
INFO: Run Behavior\ContentReplace [ RunTime:0.000057s ]
INFO: [ template_filter ] --END-- [ RunTime:-0.105625s ]
SQL: select version() as v; [ RunTime:0.000216s ]
INFO: Run Behavior\ParseTemplate [ RunTime:0.003680s ]
INFO: [ view_parse ] --END-- [ RunTime:-0.062627s ]
INFO: [ view_filter ] --START--
INFO: Run Behavior\WriteHtmlCache [ RunTime:0.000018s ]
INFO: [ view_filter ] --END-- [ RunTime:-0.065645s ]
INFO: Run SystemInfo [ RunTime:0.065663s ]
SQL: SELECT `config` FROM `onethink_addons` WHERE ( `name` = 'DevTeam' ) AND ( `status` = 1 ) LIMIT 1   [ RunTime:0.000261s ]
INFO: [ view_parse ] --START--
INFO: [ template_filter ] --START--
INFO: Run Behavior\ContentReplace [ RunTime:0.000057s ]
INFO: [ template_filter ] --END-- [ RunTime:-0.111015s ]
INFO: Run Behavior\ParseTemplate [ RunTime:0.002843s ]
INFO: [ view_parse ] --END-- [ RunTime:-0.068406s ]
INFO: [ view_filter ] --START--
INFO: Run Behavior\WriteHtmlCache [ RunTime:0.000019s ]
INFO: [ view_filter ] --END-- [ RunTime:-0.070528s ]
INFO: Run DevTeam [ RunTime:0.004852s ]
INFO: [ AdminIndex ] --END-- [ RunTime:0.108131s ]
INFO: Run Behavior\ParseTemplate [ RunTime:0.003260s ]
INFO: [ view_parse ] --END-- [ RunTime:-0.068406s ]
INFO: [ view_filter ] --START--
INFO: Run Behavior\WriteHtmlCache [ RunTime:0.000016s ]
INFO: [ view_filter ] --END-- [ RunTime:-0.070921s ]
INFO: [ app_end ] --START--
INFO: Run Behavior\ShowPageTrace [ RunTime:0.000626s ]
INFO: [ app_end ] --END-- [ RunTime:0.000706s ]

[ 2017-03-19T05:49:04+08:00 ] ::1 /onethink1/index.php?s=/Admin/User/index.html
SQL: SHOW COLUMNS FROM `onethink_menu` [ RunTime:0.004513s ]
SQL: SELECT * FROM `onethink_menu` WHERE ( `pid` = 0 ) AND ( `hide` = 0 ) ORDER BY sort asc  [ RunTime:0.000420s ]
SQL: SELECT `id` FROM `onethink_menu` WHERE ( url like '%User/index%' ) LIMIT 1   [ RunTime:0.000220s ]
SQL: SHOW COLUMNS FROM `onethink_menu` [ RunTime:0.004545s ]
SQL: SELECT `id`,`pid`,`title` FROM `onethink_menu` WHERE ( id=16 ) LIMIT 1   [ RunTime:0.000283s ]
SQL: SELECT DISTINCT  `group` FROM `onethink_menu` WHERE ( pid = 16 )  [ RunTime:0.000956s ]
SQL: SELECT `id`,`url` FROM `onethink_menu` WHERE ( `pid` = 16 ) AND ( `hide` = 0 )  [ RunTime:0.000414s ]
SQL: SHOW COLUMNS FROM `onethink_auth_group_access` [ RunTime:0.004076s ]
SQL: SELECT `rules` FROM onethink_auth_group_access a INNER JOIN onethink_auth_group g on a.group_id=g.id  WHERE ( a.uid='10' and g.status='1' )  [ RunTime:0.000334s ]
SQL: SHOW COLUMNS FROM `onethink_auth_rule` [ RunTime:0.004445s ]
SQL: SELECT `condition`,`name` FROM `onethink_auth_rule` WHERE ( `id` IN ('1','3','4','19','20','21','22','23','24','25','26','27','28','29','30','31','32','33','34','35','36','37','38','39','40','41','42','43','44','45','46','47','48','49','50','51','52','53','54','55','88','94','95','107','108','109','110','195','209','210','217','218','219','220','221','222','235','244','246','247','248','249','250','251') ) AND ( `type` = 1 ) AND ( `status` = 1 )  [ RunTime:0.000538s ]
SQL: SELECT `id`,`pid`,`title`,`url`,`tip` FROM `onethink_menu` WHERE ( `group` = 'Áî®Êà∑ÁÆ°ÁêÜ' ) AND ( `url` IN ('User/index','User/action','AuthManager/index','Action/actionlog','PerCenter/camp','PerCenter/bivouac','PerCenter/index') ) AND ( `pid` = 16 ) AND ( `hide` = 0 ) ORDER BY sort asc  [ RunTime:0.000413s ]
SQL: SELECT `id`,`pid`,`title`,`url`,`tip` FROM `onethink_menu` WHERE ( `group` = 'Ë°å‰∏∫ÁÆ°ÁêÜ' ) AND ( `url` IN ('User/index','User/action','AuthManager/index','Action/actionlog','PerCenter/camp','PerCenter/bivouac','PerCenter/index') ) AND ( `pid` = 16 ) AND ( `hide` = 0 ) ORDER BY sort asc  [ RunTime:0.000381s ]
SQL: SELECT `id`,`pid`,`title`,`url`,`tip` FROM `onethink_menu` WHERE ( `group` = '' ) AND ( `url` IN ('User/index','User/action','AuthManager/index','Action/actionlog','PerCenter/camp','PerCenter/bivouac','PerCenter/index') ) AND ( `pid` = 16 ) AND ( `hide` = 0 ) ORDER BY sort asc  [ RunTime:0.000315s ]
SQL: SELECT `id`,`pid`,`title`,`url`,`tip` FROM `onethink_menu` WHERE ( `group` = '‰ø°ÊÅØÂÆ°Ê†∏' ) AND ( `url` IN ('User/index','User/action','AuthManager/index','Action/actionlog','PerCenter/camp','PerCenter/bivouac','PerCenter/index') ) AND ( `pid` = 16 ) AND ( `hide` = 0 ) ORDER BY sort asc  [ RunTime:0.000326s ]
SQL: SELECT `id`,`pid`,`title`,`url`,`tip` FROM `onethink_menu` WHERE ( `group` = 'Êï∞ÊçÆÂàÜÊûê' ) AND ( `url` IN ('User/index','User/action','AuthManager/index','Action/actionlog','PerCenter/camp','PerCenter/bivouac','PerCenter/index') ) AND ( `pid` = 16 ) AND ( `hide` = 0 ) ORDER BY sort asc  [ RunTime:0.000367s ]
SQL: SHOW COLUMNS FROM `onethink_member` [ RunTime:0.004705s ]
SQL: SELECT COUNT(*) AS tp_count FROM `onethink_member` WHERE ( `status` >= 0 ) AND ( `nickname` LIKE '%%' ) LIMIT 1   [ RunTime:0.000321s ]
SQL: SELECT `uid`,`nickname`,`sex`,`birthday`,`qq`,`score`,`login`,`reg_ip`,`reg_time`,`last_login_ip`,`last_login_time`,`status` FROM `onethink_member` WHERE ( `status` >= 0 ) AND ( `nickname` LIKE '%%' ) ORDER BY uid desc LIMIT 0,10   [ RunTime:0.000355s ]
INFO: [ view_parse ] --START--
INFO: [ template_filter ] --START--
INFO: Run Behavior\ContentReplace [ RunTime:0.000225s ]
INFO: [ template_filter ] --END-- [ RunTime:0.000316s ]
NOTIC: [8] Undefined index: identity C:\wamp\www\onethink1\Runtime\Cache\Admin\65e605872ed5d34210f5b33beb13f5a3.php Á¨¨ 142 Ë°å.
NOTIC: [8] Undefined index: identity C:\wamp\www\onethink1\Runtime\Cache\Admin\65e605872ed5d34210f5b33beb13f5a3.php Á¨¨ 142 Ë°å.
NOTIC: [8] Undefined index: identity C:\wamp\www\onethink1\Runtime\Cache\Admin\65e605872ed5d34210f5b33beb13f5a3.php Á¨¨ 142 Ë°å.
NOTIC: [8] Undefined index: identity C:\wamp\www\onethink1\Runtime\Cache\Admin\65e605872ed5d34210f5b33beb13f5a3.php Á¨¨ 142 Ë°å.
NOTIC: [8] Undefined index: identity C:\wamp\www\onethink1\Runtime\Cache\Admin\65e605872ed5d34210f5b33beb13f5a3.php Á¨¨ 142 Ë°å.
NOTIC: [8] Undefined index: identity C:\wamp\www\onethink1\Runtime\Cache\Admin\65e605872ed5d34210f5b33beb13f5a3.php Á¨¨ 142 Ë°å.
NOTIC: [8] Undefined index: identity C:\wamp\www\onethink1\Runtime\Cache\Admin\65e605872ed5d34210f5b33beb13f5a3.php Á¨¨ 142 Ë°å.
NOTIC: [8] Undefined index: identity C:\wamp\www\onethink1\Runtime\Cache\Admin\65e605872ed5d34210f5b33beb13f5a3.php Á¨¨ 142 Ë°å.
NOTIC: [8] Undefined index: identity C:\wamp\www\onethink1\Runtime\Cache\Admin\65e605872ed5d34210f5b33beb13f5a3.php Á¨¨ 142 Ë°å.
NOTIC: [8] Undefined index: identity C:\wamp\www\onethink1\Runtime\Cache\Admin\65e605872ed5d34210f5b33beb13f5a3.php Á¨¨ 142 Ë°å.
INFO: Run Behavior\ParseTemplate [ RunTime:0.020428s ]
INFO: [ view_parse ] --END-- [ RunTime:0.020516s ]
INFO: [ view_filter ] --START--
INFO: Run Behavior\WriteHtmlCache [ RunTime:0.000523s ]
INFO: [ view_filter ] --END-- [ RunTime:0.000621s ]
INFO: [ app_end ] --START--
INFO: Run Behavior\ShowPageTrace [ RunTime:0.000842s ]
INFO: [ app_end ] --END-- [ RunTime:0.000952s ]

[ 2017-03-19T05:49:07+08:00 ] ::1 /onethink1/index.php?s=/Admin/User/action.html
SQL: SHOW COLUMNS FROM `onethink_menu` [ RunTime:0.004935s ]
SQL: SELECT * FROM `onethink_menu` WHERE ( `pid` = 0 ) AND ( `hide` = 0 ) ORDER BY sort asc  [ RunTime:0.000400s ]
SQL: SELECT `id` FROM `onethink_menu` WHERE ( url like '%User/action%' ) LIMIT 1   [ RunTime:0.000222s ]
SQL: SHOW COLUMNS FROM `onethink_menu` [ RunTime:0.004772s ]
SQL: SELECT `id`,`pid`,`title` FROM `onethink_menu` WHERE ( id=19 ) LIMIT 1   [ RunTime:0.000268s ]
SQL: SELECT `id`,`pid`,`title` FROM `onethink_menu` WHERE ( id=16 ) LIMIT 1   [ RunTime:0.000231s ]
SQL: SELECT DISTINCT  `group` FROM `onethink_menu` WHERE ( pid = 16 )  [ RunTime:0.000541s ]
SQL: SELECT `id`,`url` FROM `onethink_menu` WHERE ( `pid` = 16 ) AND ( `hide` = 0 )  [ RunTime:0.000327s ]
SQL: SELECT `id`,`pid`,`title`,`url`,`tip` FROM `onethink_menu` WHERE ( `group` = 'Áî®Êà∑ÁÆ°ÁêÜ' ) AND ( `url` IN ('User/index','User/action','AuthManager/index','Action/actionlog','PerCenter/camp','PerCenter/bivouac','PerCenter/index') ) AND ( `pid` = 16 ) AND ( `hide` = 0 ) ORDER BY sort asc  [ RunTime:0.000357s ]
SQL: SELECT `id`,`pid`,`title`,`url`,`tip` FROM `onethink_menu` WHERE ( `group` = 'Ë°å‰∏∫ÁÆ°ÁêÜ' ) AND ( `url` IN ('User/index','User/action','AuthManager/index','Action/actionlog','PerCenter/camp','PerCenter/bivouac','PerCenter/index') ) AND ( `pid` = 16 ) AND ( `hide` = 0 ) ORDER BY sort asc  [ RunTime:0.000323s ]
SQL: SELECT `id`,`pid`,`title`,`url`,`tip` FROM `onethink_menu` WHERE ( `group` = '' ) AND ( `url` IN ('User/index','User/action','AuthManager/index','Action/actionlog','PerCenter/camp','PerCenter/bivouac','PerCenter/index') ) AND ( `pid` = 16 ) AND ( `hide` = 0 ) ORDER BY sort asc  [ RunTime:0.000296s ]
SQL: SELECT `id`,`pid`,`title`,`url`,`tip` FROM `onethink_menu` WHERE ( `group` = '‰ø°ÊÅØÂÆ°Ê†∏' ) AND ( `url` IN ('User/index','User/action','AuthManager/index','Action/actionlog','PerCenter/camp','PerCenter/bivouac','PerCenter/index') ) AND ( `pid` = 16 ) AND ( `hide` = 0 ) ORDER BY sort asc  [ RunTime:0.000315s ]
SQL: SELECT `id`,`pid`,`title`,`url`,`tip` FROM `onethink_menu` WHERE ( `group` = 'Êï∞ÊçÆÂàÜÊûê' ) AND ( `url` IN ('User/index','User/action','AuthManager/index','Action/actionlog','PerCenter/camp','PerCenter/bivouac','PerCenter/index') ) AND ( `pid` = 16 ) AND ( `hide` = 0 ) ORDER BY sort asc  [ RunTime:0.000294s ]
SQL: SHOW COLUMNS FROM `onethink_action` [ RunTime:0.004263s ]
SQL: SELECT COUNT(*) AS tp_count FROM `onethink_action` WHERE ( `status` >= 0 ) LIMIT 1   [ RunTime:0.000272s ]
SQL: SELECT `id`,`name`,`title`,`remark`,`rule`,`log`,`type`,`status`,`update_time` FROM `onethink_action` WHERE ( `status` >= 0 ) ORDER BY id desc LIMIT 0,10   [ RunTime:0.000513s ]
INFO: [ view_parse ] --START--
INFO: [ template_filter ] --START--
INFO: Run Behavior\ContentReplace [ RunTime:0.000190s ]
INFO: [ template_filter ] --END-- [ RunTime:0.000281s ]
INFO: Run Behavior\ParseTemplate [ RunTime:0.020755s ]
INFO: [ view_parse ] --END-- [ RunTime:0.020858s ]
INFO: [ view_filter ] --START--
INFO: Run Behavior\WriteHtmlCache [ RunTime:0.000511s ]
INFO: [ view_filter ] --END-- [ RunTime:0.000588s ]
INFO: [ app_end ] --START--
INFO: Run Behavior\ShowPageTrace [ RunTime:0.000591s ]
INFO: [ app_end ] --END-- [ RunTime:0.000693s ]

[ 2017-03-19T05:49:08+08:00 ] ::1 /onethink1/index.php?s=/Admin/Action/actionlog.html
SQL: SHOW COLUMNS FROM `onethink_menu` [ RunTime:0.004516s ]
SQL: SELECT * FROM `onethink_menu` WHERE ( `pid` = 0 ) AND ( `hide` = 0 ) ORDER BY sort asc  [ RunTime:0.000404s ]
SQL: SELECT `id` FROM `onethink_menu` WHERE ( url like '%Action/actionlog%' ) LIMIT 1   [ RunTime:0.000257s ]
SQL: SHOW COLUMNS FROM `onethink_menu` [ RunTime:0.004411s ]
SQL: SELECT `id`,`pid`,`title` FROM `onethink_menu` WHERE ( id=106 ) LIMIT 1   [ RunTime:0.000238s ]
SQL: SELECT `id`,`pid`,`title` FROM `onethink_menu` WHERE ( id=16 ) LIMIT 1   [ RunTime:0.000221s ]
SQL: SELECT DISTINCT  `group` FROM `onethink_menu` WHERE ( pid = 16 )  [ RunTime:0.000851s ]
SQL: SELECT `id`,`url` FROM `onethink_menu` WHERE ( `pid` = 16 ) AND ( `hide` = 0 )  [ RunTime:0.000369s ]
SQL: SELECT `id`,`pid`,`title`,`url`,`tip` FROM `onethink_menu` WHERE ( `group` = 'Áî®Êà∑ÁÆ°ÁêÜ' ) AND ( `url` IN ('User/index','User/action','AuthManager/index','Action/actionlog','PerCenter/camp','PerCenter/bivouac','PerCenter/index') ) AND ( `pid` = 16 ) AND ( `hide` = 0 ) ORDER BY sort asc  [ RunTime:0.000365s ]
SQL: SELECT `id`,`pid`,`title`,`url`,`tip` FROM `onethink_menu` WHERE ( `group` = 'Ë°å‰∏∫ÁÆ°ÁêÜ' ) AND ( `url` IN ('User/index','User/action','AuthManager/index','Action/actionlog','PerCenter/camp','PerCenter/bivouac','PerCenter/index') ) AND ( `pid` = 16 ) AND ( `hide` = 0 ) ORDER BY sort asc  [ RunTime:0.000330s ]
SQL: SELECT `id`,`pid`,`title`,`url`,`tip` FROM `onethink_menu` WHERE ( `group` = '' ) AND ( `url` IN ('User/index','User/action','AuthManager/index','Action/actionlog','PerCenter/camp','PerCenter/bivouac','PerCenter/index') ) AND ( `pid` = 16 ) AND ( `hide` = 0 ) ORDER BY sort asc  [ RunTime:0.000303s ]
SQL: SELECT `id`,`pid`,`title`,`url`,`tip` FROM `onethink_menu` WHERE ( `group` = '‰ø°ÊÅØÂÆ°Ê†∏' ) AND ( `url` IN ('User/index','User/action','AuthManager/index','Action/actionlog','PerCenter/camp','PerCenter/bivouac','PerCenter/index') ) AND ( `pid` = 16 ) AND ( `hide` = 0 ) ORDER BY sort asc  [ RunTime:0.000312s ]
SQL: SELECT `id`,`pid`,`title`,`url`,`tip` FROM `onethink_menu` WHERE ( `group` = 'Êï∞ÊçÆÂàÜÊûê' ) AND ( `url` IN ('User/index','User/action','AuthManager/index','Action/actionlog','PerCenter/camp','PerCenter/bivouac','PerCenter/index') ) AND ( `pid` = 16 ) AND ( `hide` = 0 ) ORDER BY sort asc  [ RunTime:0.000300s ]
SQL: SHOW COLUMNS FROM `onethink_action_log` [ RunTime:0.004364s ]
SQL: SELECT COUNT(*) AS tp_count FROM `onethink_action_log` WHERE ( `status` > -1 ) LIMIT 1   [ RunTime:0.000440s ]
SQL: SELECT `id`,`action_id`,`user_id`,`action_ip`,`model`,`record_id`,`remark`,`status`,`create_time` FROM `onethink_action_log` WHERE ( `status` > -1 ) ORDER BY id desc LIMIT 0,10   [ RunTime:0.000333s ]
SQL: SHOW COLUMNS FROM `onethink_model` [ RunTime:0.005132s ]
SQL: SELECT `id` FROM `onethink_model` WHERE ( `name` = 'member' ) LIMIT 1   [ RunTime:0.000316s ]
SQL: SELECT `id` FROM `onethink_model` WHERE ( `name` = 'member' ) LIMIT 1   [ RunTime:0.000230s ]
SQL: SELECT `id` FROM `onethink_model` WHERE ( `name` = 'member' ) LIMIT 1   [ RunTime:0.000239s ]
SQL: SELECT `id` FROM `onethink_model` WHERE ( `name` = 'member' ) LIMIT 1   [ RunTime:0.000208s ]
SQL: SELECT `id` FROM `onethink_model` WHERE ( `name` = 'Menu' ) LIMIT 1   [ RunTime:0.000190s ]
SQL: SELECT `id` FROM `onethink_model` WHERE ( `name` = 'member' ) LIMIT 1   [ RunTime:0.000188s ]
SQL: SELECT `id` FROM `onethink_model` WHERE ( `name` = 'member' ) LIMIT 1   [ RunTime:0.000184s ]
SQL: SELECT `id` FROM `onethink_model` WHERE ( `name` = 'Menu' ) LIMIT 1   [ RunTime:0.000183s ]
SQL: SELECT `id` FROM `onethink_model` WHERE ( `name` = 'Menu' ) LIMIT 1   [ RunTime:0.000177s ]
SQL: SELECT `id` FROM `onethink_model` WHERE ( `name` = 'Menu' ) LIMIT 1   [ RunTime:0.000178s ]
INFO: [ view_parse ] --START--
INFO: [ template_filter ] --START--
INFO: Run Behavior\ContentReplace [ RunTime:0.000190s ]
INFO: [ template_filter ] --END-- [ RunTime:0.000280s ]
SQL: SHOW COLUMNS FROM `onethink_action` [ RunTime:0.004614s ]
SQL: SELECT `id`,`name`,`title`,`remark`,`rule`,`log`,`type`,`status`,`update_time` FROM `onethink_action` WHERE ( `status` > -1 ) AND ( `id` = 1 ) LIMIT 1   [ RunTime:0.000321s ]
SQL: SELECT `id`,`name`,`title`,`remark`,`rule`,`log`,`type`,`status`,`update_time` FROM `onethink_action` WHERE ( `status` > -1 ) AND ( `id` = 1 ) LIMIT 1   [ RunTime:0.000394s ]
SQL: SELECT `id`,`name`,`title`,`remark`,`rule`,`log`,`type`,`status`,`update_time` FROM `onethink_action` WHERE ( `status` > -1 ) AND ( `id` = 1 ) LIMIT 1   [ RunTime:0.000411s ]
SQL: SELECT `id`,`name`,`title`,`remark`,`rule`,`log`,`type`,`status`,`update_time` FROM `onethink_action` WHERE ( `status` > -1 ) AND ( `id` = 1 ) LIMIT 1   [ RunTime:0.000292s ]
SQL: SELECT `id`,`name`,`title`,`remark`,`rule`,`log`,`type`,`status`,`update_time` FROM `onethink_action` WHERE ( `status` > -1 ) AND ( `id` = 10 ) LIMIT 1   [ RunTime:0.000279s ]
SQL: SELECT `id`,`name`,`title`,`remark`,`rule`,`log`,`type`,`status`,`update_time` FROM `onethink_action` WHERE ( `status` > -1 ) AND ( `id` = 1 ) LIMIT 1   [ RunTime:0.000258s ]
SQL: SELECT `id`,`name`,`title`,`remark`,`rule`,`log`,`type`,`status`,`update_time` FROM `onethink_action` WHERE ( `status` > -1 ) AND ( `id` = 1 ) LIMIT 1   [ RunTime:0.000245s ]
SQL: SELECT `id`,`name`,`title`,`remark`,`rule`,`log`,`type`,`status`,`update_time` FROM `onethink_action` WHERE ( `status` > -1 ) AND ( `id` = 10 ) LIMIT 1   [ RunTime:0.000242s ]
SQL: SELECT `id`,`name`,`title`,`remark`,`rule`,`log`,`type`,`status`,`update_time` FROM `onethink_action` WHERE ( `status` > -1 ) AND ( `id` = 10 ) LIMIT 1   [ RunTime:0.000239s ]
SQL: SELECT `id`,`name`,`title`,`remark`,`rule`,`log`,`type`,`status`,`update_time` FROM `onethink_action` WHERE ( `status` > -1 ) AND ( `id` = 10 ) LIMIT 1   [ RunTime:0.000237s ]
INFO: Run Behavior\ParseTemplate [ RunTime:0.031894s ]
INFO: [ view_parse ] --END-- [ RunTime:0.031982s ]
INFO: [ view_filter ] --START--
INFO: Run Behavior\WriteHtmlCache [ RunTime:0.000426s ]
INFO: [ view_filter ] --END-- [ RunTime:0.000503s ]
INFO: [ app_end ] --START--
INFO: Run Behavior\ShowPageTrace [ RunTime:0.000619s ]
INFO: [ app_end ] --END-- [ RunTime:0.000700s ]

[ 2017-03-19T05:49:09+08:00 ] ::1 /onethink1/index.php?s=/Admin/PerCenter/camp.html
SQL: SHOW COLUMNS FROM `onethink_menu` [ RunTime:0.005063s ]
SQL: SELECT * FROM `onethink_menu` WHERE ( `pid` = 0 ) AND ( `hide` = 0 ) ORDER BY sort asc  [ RunTime:0.000432s ]
SQL: SELECT `id` FROM `onethink_menu` WHERE ( url like '%PerCenter/camp%' ) LIMIT 1   [ RunTime:0.000322s ]
SQL: SHOW COLUMNS FROM `onethink_menu` [ RunTime:0.004437s ]
SQL: SELECT `id`,`pid`,`title` FROM `onethink_menu` WHERE ( id=162 ) LIMIT 1   [ RunTime:0.000259s ]
SQL: SELECT `id`,`pid`,`title` FROM `onethink_menu` WHERE ( id=16 ) LIMIT 1   [ RunTime:0.000187s ]
SQL: SELECT DISTINCT  `group` FROM `onethink_menu` WHERE ( pid = 16 )  [ RunTime:0.000543s ]
SQL: SELECT `id`,`url` FROM `onethink_menu` WHERE ( `pid` = 16 ) AND ( `hide` = 0 )  [ RunTime:0.000267s ]
SQL: SELECT `id`,`pid`,`title`,`url`,`tip` FROM `onethink_menu` WHERE ( `group` = 'Áî®Êà∑ÁÆ°ÁêÜ' ) AND ( `url` IN ('User/index','User/action','AuthManager/index','Action/actionlog','PerCenter/camp','PerCenter/bivouac','PerCenter/index') ) AND ( `pid` = 16 ) AND ( `hide` = 0 ) ORDER BY sort asc  [ RunTime:0.000331s ]
SQL: SELECT `id`,`pid`,`title`,`url`,`tip` FROM `onethink_menu` WHERE ( `group` = 'Ë°å‰∏∫ÁÆ°ÁêÜ' ) AND ( `url` IN ('User/index','User/action','AuthManager/index','Action/actionlog','PerCenter/camp','PerCenter/bivouac','PerCenter/index') ) AND ( `pid` = 16 ) AND ( `hide` = 0 ) ORDER BY sort asc  [ RunTime:0.000595s ]
SQL: SELECT `id`,`pid`,`title`,`url`,`tip` FROM `onethink_menu` WHERE ( `group` = '' ) AND ( `url` IN ('User/index','User/action','AuthManager/index','Action/actionlog','PerCenter/camp','PerCenter/bivouac','PerCenter/index') ) AND ( `pid` = 16 ) AND ( `hide` = 0 ) ORDER BY sort asc  [ RunTime:0.000335s ]
SQL: SELECT `id`,`pid`,`title`,`url`,`tip` FROM `onethink_menu` WHERE ( `group` = '‰ø°ÊÅØÂÆ°Ê†∏' ) AND ( `url` IN ('User/index','User/action','AuthManager/index','Action/actionlog','PerCenter/camp','PerCenter/bivouac','PerCenter/index') ) AND ( `pid` = 16 ) AND ( `hide` = 0 ) ORDER BY sort asc  [ RunTime:0.000326s ]
SQL: SELECT `id`,`pid`,`title`,`url`,`tip` FROM `onethink_menu` WHERE ( `group` = 'Êï∞ÊçÆÂàÜÊûê' ) AND ( `url` IN ('User/index','User/action','AuthManager/index','Action/actionlog','PerCenter/camp','PerCenter/bivouac','PerCenter/index') ) AND ( `pid` = 16 ) AND ( `hide` = 0 ) ORDER BY sort asc  [ RunTime:0.000314s ]
SQL: SHOW COLUMNS FROM `onethink_lcamp` [ RunTime:0.004369s ]
SQL: SELECT COUNT(*) AS tp_count FROM `onethink_lcamp` LIMIT 1   [ RunTime:0.000268s ]
SQL: SELECT * FROM `onethink_lcamp` INNER JOIN onethink_lbivouac on onethink_lcamp.bivouacID=onethink_lbivouac.bivouacID INNER JOIN onethink_ucenter_member on onethink_lcamp.agentID=onethink_ucenter_member.id  LIMIT 0,10   [ RunTime:0.000620s ]
INFO: [ view_parse ] --START--
INFO: [ template_filter ] --START--
INFO: Run Behavior\ContentReplace [ RunTime:0.000213s ]
INFO: [ template_filter ] --END-- [ RunTime:0.000309s ]
INFO: Run Behavior\ParseTemplate [ RunTime:0.020710s ]
INFO: [ view_parse ] --END-- [ RunTime:0.020810s ]
INFO: [ view_filter ] --START--
INFO: Run Behavior\WriteHtmlCache [ RunTime:0.000417s ]
INFO: [ view_filter ] --END-- [ RunTime:0.000493s ]
INFO: [ app_end ] --START--
INFO: Run Behavior\ShowPageTrace [ RunTime:0.000561s ]
INFO: [ app_end ] --END-- [ RunTime:0.000641s ]

[ 2017-03-19T05:49:10+08:00 ] ::1 /onethink1/index.php?s=/Admin/PerCenter/bivouac.html
SQL: SHOW COLUMNS FROM `onethink_menu` [ RunTime:0.005491s ]
SQL: SELECT * FROM `onethink_menu` WHERE ( `pid` = 0 ) AND ( `hide` = 0 ) ORDER BY sort asc  [ RunTime:0.000453s ]
SQL: SELECT `id` FROM `onethink_menu` WHERE ( url like '%PerCenter/bivouac%' ) LIMIT 1   [ RunTime:0.000290s ]
SQL: SHOW COLUMNS FROM `onethink_menu` [ RunTime:0.004542s ]
SQL: SELECT `id`,`pid`,`title` FROM `onethink_menu` WHERE ( id=161 ) LIMIT 1   [ RunTime:0.000317s ]
SQL: SELECT `id`,`pid`,`title` FROM `onethink_menu` WHERE ( id=16 ) LIMIT 1   [ RunTime:0.000222s ]
SQL: SELECT DISTINCT  `group` FROM `onethink_menu` WHERE ( pid = 16 )  [ RunTime:0.000550s ]
SQL: SELECT `id`,`url` FROM `onethink_menu` WHERE ( `pid` = 16 ) AND ( `hide` = 0 )  [ RunTime:0.000286s ]
SQL: SELECT `id`,`pid`,`title`,`url`,`tip` FROM `onethink_menu` WHERE ( `group` = 'Áî®Êà∑ÁÆ°ÁêÜ' ) AND ( `url` IN ('User/index','User/action','AuthManager/index','Action/actionlog','PerCenter/camp','PerCenter/bivouac','PerCenter/index') ) AND ( `pid` = 16 ) AND ( `hide` = 0 ) ORDER BY sort asc  [ RunTime:0.000329s ]
SQL: SELECT `id`,`pid`,`title`,`url`,`tip` FROM `onethink_menu` WHERE ( `group` = 'Ë°å‰∏∫ÁÆ°ÁêÜ' ) AND ( `url` IN ('User/index','User/action','AuthManager/index','Action/actionlog','PerCenter/camp','PerCenter/bivouac','PerCenter/index') ) AND ( `pid` = 16 ) AND ( `hide` = 0 ) ORDER BY sort asc  [ RunTime:0.000294s ]
SQL: SELECT `id`,`pid`,`title`,`url`,`tip` FROM `onethink_menu` WHERE ( `group` = '' ) AND ( `url` IN ('User/index','User/action','AuthManager/index','Action/actionlog','PerCenter/camp','PerCenter/bivouac','PerCenter/index') ) AND ( `pid` = 16 ) AND ( `hide` = 0 ) ORDER BY sort asc  [ RunTime:0.000252s ]
SQL: SELECT `id`,`pid`,`title`,`url`,`tip` FROM `onethink_menu` WHERE ( `group` = '‰ø°ÊÅØÂÆ°Ê†∏' ) AND ( `url` IN ('User/index','User/action','AuthManager/index','Action/actionlog','PerCenter/camp','PerCenter/bivouac','PerCenter/index') ) AND ( `pid` = 16 ) AND ( `hide` = 0 ) ORDER BY sort asc  [ RunTime:0.000255s ]
SQL: SELECT `id`,`pid`,`title`,`url`,`tip` FROM `onethink_menu` WHERE ( `group` = 'Êï∞ÊçÆÂàÜÊûê' ) AND ( `url` IN ('User/index','User/action','AuthManager/index','Action/actionlog','PerCenter/camp','PerCenter/bivouac','PerCenter/index') ) AND ( `pid` = 16 ) AND ( `hide` = 0 ) ORDER BY sort asc  [ RunTime:0.000249s ]
SQL: SHOW COLUMNS FROM `onethink_lbivouac` [ RunTime:0.004544s ]
SQL: SELECT COUNT(*) AS tp_count FROM `onethink_lbivouac` WHERE ( `bivName` LIKE '%%' ) LIMIT 1   [ RunTime:0.000260s ]
SQL: SELECT `bivouacID`,`numX`,`numY`,`bivAdd`,`agentID`,`bivName`,`bivGrade`,`bivImg`,`bivDes`,`bivHouse`,`bivFood`,`bivWea`,`bivType`,`Status`,`bivVisit`,`bivEva`,`model_id`,`category_id`,`campType`,`campCol`,`content`,`count` FROM `onethink_lbivouac` WHERE ( `bivName` LIKE '%%' ) ORDER BY bivouacID desc LIMIT 0,10   [ RunTime:0.000320s ]
SQL: SELECT * FROM `onethink_lbivouac` INNER JOIN onethink_ucenter_member on onethink_ucenter_member.id=onethink_lbivouac.agentID    [ RunTime:0.000349s ]
SQL: SHOW COLUMNS FROM `onethink_clist` [ RunTime:0.003751s ]
ERR: 1146:Table 'onethink.onethink_clist' doesn't exist
 [ SQLËØ≠Âè• ] : SHOW COLUMNS FROM `onethink_clist`
SQL: SELECT count(*) FROM  onethink_ucenter_member,onethink_lagent,onethink_lbivouac,onethink_loder WHERE onethink_ucenter_member.id=10 AND 10=onethink_lagent.agentID  AND onethink_lagent.agentID=onethink_lbivouac.agentID AND onethink_lbivouac.bivouacID=onethink_loder.bivouacID [ RunTime:0.000360s ]
ERR: 1146:Table 'onethink.onethink_loder' doesn't exist
 [ SQLËØ≠Âè• ] : SELECT count(*) FROM  onethink_ucenter_member,onethink_lagent,onethink_lbivouac,onethink_loder WHERE onethink_ucenter_member.id=10 AND 10=onethink_lagent.agentID  AND onethink_lagent.agentID=onethink_lbivouac.agentID AND onethink_lbivouac.bivouacID=onethink_loder.bivouacID
NOTIC: [2] Invalid argument supplied for foreach() C:\wamp\www\onethink1\Application\Admin\Controller\PerCenterController.class.php Á¨¨ 72 Ë°å.
INFO: [ view_parse ] --START--
INFO: [ template_filter ] --START--
INFO: Run Behavior\ContentReplace [ RunTime:0.000218s ]
INFO: [ template_filter ] --END-- [ RunTime:0.000313s ]
INFO: Run Behavior\ParseTemplate [ RunTime:0.019448s ]
INFO: [ view_parse ] --END-- [ RunTime:0.019547s ]
INFO: [ view_filter ] --START--
INFO: Run Behavior\WriteHtmlCache [ RunTime:0.000437s ]
INFO: [ view_filter ] --END-- [ RunTime:0.000515s ]
INFO: [ app_end ] --START--
INFO: Run Behavior\ShowPageTrace [ RunTime:0.000569s ]
INFO: [ app_end ] --END-- [ RunTime:0.000651s ]

[ 2017-03-19T05:49:13+08:00 ] ::1 /onethink1/index.php?s=/Admin/PerCenter/bivdetail/bivouacID/1.html
SQL: SHOW COLUMNS FROM `onethink_menu` [ RunTime:0.004390s ]
SQL: SELECT * FROM `onethink_menu` WHERE ( `pid` = 0 ) AND ( `hide` = 0 ) ORDER BY sort asc  [ RunTime:0.000419s ]
SQL: SELECT `id` FROM `onethink_menu` WHERE ( url like '%PerCenter/bivdetail%' ) LIMIT 1   [ RunTime:0.000265s ]
SQL: SHOW COLUMNS FROM `onethink_menu` [ RunTime:0.004422s ]
SQL: SELECT `id`,`pid`,`title` FROM `onethink_menu` WHERE ( id=169 ) LIMIT 1   [ RunTime:0.000273s ]
SQL: SELECT `id`,`pid`,`title` FROM `onethink_menu` WHERE ( id=161 ) LIMIT 1   [ RunTime:0.000213s ]
SQL: SELECT `id`,`pid`,`title` FROM `onethink_menu` WHERE ( id=16 ) LIMIT 1   [ RunTime:0.000201s ]
SQL: SELECT DISTINCT  `group` FROM `onethink_menu` WHERE ( pid = 16 )  [ RunTime:0.000549s ]
SQL: SELECT `id`,`url` FROM `onethink_menu` WHERE ( `pid` = 16 ) AND ( `hide` = 0 )  [ RunTime:0.000384s ]
SQL: SELECT `id`,`pid`,`title`,`url`,`tip` FROM `onethink_menu` WHERE ( `group` = 'Áî®Êà∑ÁÆ°ÁêÜ' ) AND ( `url` IN ('User/index','User/action','AuthManager/index','Action/actionlog','PerCenter/camp','PerCenter/bivouac','PerCenter/index') ) AND ( `pid` = 16 ) AND ( `hide` = 0 ) ORDER BY sort asc  [ RunTime:0.000466s ]
SQL: SELECT `id`,`pid`,`title`,`url`,`tip` FROM `onethink_menu` WHERE ( `group` = 'Ë°å‰∏∫ÁÆ°ÁêÜ' ) AND ( `url` IN ('User/index','User/action','AuthManager/index','Action/actionlog','PerCenter/camp','PerCenter/bivouac','PerCenter/index') ) AND ( `pid` = 16 ) AND ( `hide` = 0 ) ORDER BY sort asc  [ RunTime:0.000426s ]
SQL: SELECT `id`,`pid`,`title`,`url`,`tip` FROM `onethink_menu` WHERE ( `group` = '' ) AND ( `url` IN ('User/index','User/action','AuthManager/index','Action/actionlog','PerCenter/camp','PerCenter/bivouac','PerCenter/index') ) AND ( `pid` = 16 ) AND ( `hide` = 0 ) ORDER BY sort asc  [ RunTime:0.000362s ]
SQL: SELECT `id`,`pid`,`title`,`url`,`tip` FROM `onethink_menu` WHERE ( `group` = '‰ø°ÊÅØÂÆ°Ê†∏' ) AND ( `url` IN ('User/index','User/action','AuthManager/index','Action/actionlog','PerCenter/camp','PerCenter/bivouac','PerCenter/index') ) AND ( `pid` = 16 ) AND ( `hide` = 0 ) ORDER BY sort asc  [ RunTime:0.000308s ]
SQL: SELECT `id`,`pid`,`title`,`url`,`tip` FROM `onethink_menu` WHERE ( `group` = 'Êï∞ÊçÆÂàÜÊûê' ) AND ( `url` IN ('User/index','User/action','AuthManager/index','Action/actionlog','PerCenter/camp','PerCenter/bivouac','PerCenter/index') ) AND ( `pid` = 16 ) AND ( `hide` = 0 ) ORDER BY sort asc  [ RunTime:0.000283s ]
SQL: SHOW COLUMNS FROM `onethink_lbivouac` [ RunTime:0.004328s ]
INFO: [ view_parse ] --START--
INFO: [ template_filter ] --START--
INFO: Run Behavior\ContentReplace [ RunTime:0.000213s ]
INFO: [ template_filter ] --END-- [ RunTime:0.000307s ]
NOTIC: [8] Undefined variable: meta_title C:\wamp\www\onethink1\Runtime\Cache\Admin\ce89c0bed299318f827587352ba87fec.php Á¨¨ 5 Ë°å.
INFO: Run Behavior\ParseTemplate [ RunTime:0.016773s ]
INFO: [ view_parse ] --END-- [ RunTime:0.016868s ]
INFO: [ view_filter ] --START--
INFO: Run Behavior\WriteHtmlCache [ RunTime:0.000376s ]
INFO: [ view_filter ] --END-- [ RunTime:0.000450s ]
INFO: [ app_end ] --START--
INFO: Run Behavior\ShowPageTrace [ RunTime:0.000572s ]
INFO: [ app_end ] --END-- [ RunTime:0.000650s ]

[ 2017-03-19T05:49:16+08:00 ] ::1 /onethink1/index.php?s=/Admin/PerCenter/changeStatus/bivouacID/1.html
SQL: SHOW COLUMNS FROM `onethink_menu` [ RunTime:0.005360s ]
SQL: SELECT * FROM `onethink_menu` WHERE ( `pid` = 0 ) AND ( `hide` = 0 ) ORDER BY sort asc  [ RunTime:0.000463s ]
SQL: SELECT `id` FROM `onethink_menu` WHERE ( url like '%PerCenter/changestatus%' ) LIMIT 1   [ RunTime:0.000289s ]
SQL: SHOW COLUMNS FROM `onethink_menu` [ RunTime:0.004508s ]
SQL: SELECT `id`,`pid`,`title` FROM `onethink_menu` WHERE ( id=172 ) LIMIT 1   [ RunTime:0.000284s ]
SQL: SELECT `id`,`pid`,`title` FROM `onethink_menu` WHERE ( id=141 ) LIMIT 1   [ RunTime:0.000228s ]
SQL: SELECT `id`,`pid`,`title` FROM `onethink_menu` WHERE ( id=138 ) LIMIT 1   [ RunTime:0.000203s ]
SQL: SHOW COLUMNS FROM `onethink_lbivouac` [ RunTime:0.004785s ]
SQL: UPDATE `onethink_lbivouac` SET `Status`=1 WHERE ( `bivouacID` = 1 ) [ RunTime:0.002186s ]
INFO: [ view_parse ] --START--
INFO: [ template_filter ] --START--
INFO: Run Behavior\ContentReplace [ RunTime:0.000066s ]
INFO: [ template_filter ] --END-- [ RunTime:0.000160s ]
INFO: Run Behavior\ParseTemplate [ RunTime:0.006132s ]
INFO: [ view_parse ] --END-- [ RunTime:0.006242s ]
INFO: [ view_filter ] --START--
INFO: Run Behavior\WriteHtmlCache [ RunTime:0.000376s ]
INFO: [ view_filter ] --END-- [ RunTime:0.000458s ]
INFO: [ app_end ] --START--
INFO: Run Behavior\ShowPageTrace [ RunTime:0.000589s ]
INFO: [ app_end ] --END-- [ RunTime:0.000673s ]

[ 2017-03-19T05:49:17+08:00 ] ::1 /onethink1/index.php?s=/Admin/PerCenter/bivouac.html
SQL: SHOW COLUMNS FROM `onethink_menu` [ RunTime:0.005312s ]
SQL: SELECT * FROM `onethink_menu` WHERE ( `pid` = 0 ) AND ( `hide` = 0 ) ORDER BY sort asc  [ RunTime:0.000511s ]
SQL: SELECT `id` FROM `onethink_menu` WHERE ( url like '%PerCenter/bivouac%' ) LIMIT 1   [ RunTime:0.000608s ]
SQL: SHOW COLUMNS FROM `onethink_menu` [ RunTime:0.004487s ]
SQL: SELECT `id`,`pid`,`title` FROM `onethink_menu` WHERE ( id=161 ) LIMIT 1   [ RunTime:0.000262s ]
SQL: SELECT `id`,`pid`,`title` FROM `onethink_menu` WHERE ( id=16 ) LIMIT 1   [ RunTime:0.000188s ]
SQL: SELECT DISTINCT  `group` FROM `onethink_menu` WHERE ( pid = 16 )  [ RunTime:0.000534s ]
SQL: SELECT `id`,`url` FROM `onethink_menu` WHERE ( `pid` = 16 ) AND ( `hide` = 0 )  [ RunTime:0.000256s ]
SQL: SELECT `id`,`pid`,`title`,`url`,`tip` FROM `onethink_menu` WHERE ( `group` = 'Áî®Êà∑ÁÆ°ÁêÜ' ) AND ( `url` IN ('User/index','User/action','AuthManager/index','Action/actionlog','PerCenter/camp','PerCenter/bivouac','PerCenter/index') ) AND ( `pid` = 16 ) AND ( `hide` = 0 ) ORDER BY sort asc  [ RunTime:0.000323s ]
SQL: SELECT `id`,`pid`,`title`,`url`,`tip` FROM `onethink_menu` WHERE ( `group` = 'Ë°å‰∏∫ÁÆ°ÁêÜ' ) AND ( `url` IN ('User/index','User/action','AuthManager/index','Action/actionlog','PerCenter/camp','PerCenter/bivouac','PerCenter/index') ) AND ( `pid` = 16 ) AND ( `hide` = 0 ) ORDER BY sort asc  [ RunTime:0.000326s ]
SQL: SELECT `id`,`pid`,`title`,`url`,`tip` FROM `onethink_menu` WHERE ( `group` = '' ) AND ( `url` IN ('User/index','User/action','AuthManager/index','Action/actionlog','PerCenter/camp','PerCenter/bivouac','PerCenter/index') ) AND ( `pid` = 16 ) AND ( `hide` = 0 ) ORDER BY sort asc  [ RunTime:0.000284s ]
SQL: SELECT `id`,`pid`,`title`,`url`,`tip` FROM `onethink_menu` WHERE ( `group` = '‰ø°ÊÅØÂÆ°Ê†∏' ) AND ( `url` IN ('User/index','User/action','AuthManager/index','Action/actionlog','PerCenter/camp','PerCenter/bivouac','PerCenter/index') ) AND ( `pid` = 16 ) AND ( `hide` = 0 ) ORDER BY sort asc  [ RunTime:0.000305s ]
SQL: SELECT `id`,`pid`,`title`,`url`,`tip` FROM `onethink_menu` WHERE ( `group` = 'Êï∞ÊçÆÂàÜÊûê' ) AND ( `url` IN ('User/index','User/action','AuthManager/index','Action/actionlog','PerCenter/camp','PerCenter/bivouac','PerCenter/index') ) AND ( `pid` = 16 ) AND ( `hide` = 0 ) ORDER BY sort asc  [ RunTime:0.000298s ]
SQL: SHOW COLUMNS FROM `onethink_lbivouac` [ RunTime:0.004986s ]
SQL: SELECT COUNT(*) AS tp_count FROM `onethink_lbivouac` WHERE ( `bivName` LIKE '%%' ) LIMIT 1   [ RunTime:0.000278s ]
SQL: SELECT `bivouacID`,`numX`,`numY`,`bivAdd`,`agentID`,`bivName`,`bivGrade`,`bivImg`,`bivDes`,`bivHouse`,`bivFood`,`bivWea`,`bivType`,`Status`,`bivVisit`,`bivEva`,`model_id`,`category_id`,`campType`,`campCol`,`content`,`count` FROM `onethink_lbivouac` WHERE ( `bivName` LIKE '%%' ) ORDER BY bivouacID desc LIMIT 0,10   [ RunTime:0.000352s ]
SQL: SELECT * FROM `onethink_lbivouac` INNER JOIN onethink_ucenter_member on onethink_ucenter_member.id=onethink_lbivouac.agentID    [ RunTime:0.000379s ]
SQL: SHOW COLUMNS FROM `onethink_clist` [ RunTime:0.003663s ]
ERR: 1146:Table 'onethink.onethink_clist' doesn't exist
 [ SQLËØ≠Âè• ] : SHOW COLUMNS FROM `onethink_clist`
SQL: SELECT count(*) FROM  onethink_ucenter_member,onethink_lagent,onethink_lbivouac,onethink_loder WHERE onethink_ucenter_member.id=10 AND 10=onethink_lagent.agentID  AND onethink_lagent.agentID=onethink_lbivouac.agentID AND onethink_lbivouac.bivouacID=onethink_loder.bivouacID [ RunTime:0.000371s ]
ERR: 1146:Table 'onethink.onethink_loder' doesn't exist
 [ SQLËØ≠Âè• ] : SELECT count(*) FROM  onethink_ucenter_member,onethink_lagent,onethink_lbivouac,onethink_loder WHERE onethink_ucenter_member.id=10 AND 10=onethink_lagent.agentID  AND onethink_lagent.agentID=onethink_lbivouac.agentID AND onethink_lbivouac.bivouacID=onethink_loder.bivouacID
NOTIC: [2] Invalid argument supplied for foreach() C:\wamp\www\onethink1\Application\Admin\Controller\PerCenterController.class.php Á¨¨ 72 Ë°å.
INFO: [ view_parse ] --START--
INFO: [ template_filter ] --START--
INFO: Run Behavior\ContentReplace [ RunTime:0.000225s ]
INFO: [ template_filter ] --END-- [ RunTime:0.000321s ]
INFO: Run Behavior\ParseTemplate [ RunTime:0.019431s ]
INFO: [ view_parse ] --END-- [ RunTime:0.019539s ]
INFO: [ view_filter ] --START--
INFO: Run Behavior\WriteHtmlCache [ RunTime:0.000461s ]
INFO: [ view_filter ] --END-- [ RunTime:0.000540s ]
INFO: [ app_end ] --START--
INFO: Run Behavior\ShowPageTrace [ RunTime:0.000589s ]
INFO: [ app_end ] --END-- [ RunTime:0.000674s ]

[ 2017-03-19T14:11:01+08:00 ] ::1 /onethink1/index.php?s=/Admin/PerCenter/index.html
SQL: SHOW COLUMNS FROM `onethink_menu` [ RunTime:0.003804s ]
SQL: SELECT * FROM `onethink_menu` WHERE ( `pid` = 0 ) AND ( `hide` = 0 ) ORDER BY sort asc  [ RunTime:0.000872s ]
SQL: SELECT `id` FROM `onethink_menu` WHERE ( url like '%PerCenter/index%' ) LIMIT 1   [ RunTime:0.000274s ]
SQL: SHOW COLUMNS FROM `onethink_menu` [ RunTime:0.002851s ]
SQL: SELECT `id`,`pid`,`title` FROM `onethink_menu` WHERE ( id=163 ) LIMIT 1   [ RunTime:0.000274s ]
SQL: SELECT `id`,`pid`,`title` FROM `onethink_menu` WHERE ( id=16 ) LIMIT 1   [ RunTime:0.000184s ]
SQL: SELECT DISTINCT  `group` FROM `onethink_menu` WHERE ( pid = 16 )  [ RunTime:0.000432s ]
SQL: SELECT `id`,`url` FROM `onethink_menu` WHERE ( `pid` = 16 ) AND ( `hide` = 0 )  [ RunTime:0.000259s ]
SQL: SELECT `id`,`pid`,`title`,`url`,`tip` FROM `onethink_menu` WHERE ( `group` = 'Áî®Êà∑ÁÆ°ÁêÜ' ) AND ( `url` IN ('User/index','User/action','AuthManager/index','Action/actionlog','PerCenter/camp','PerCenter/bivouac','PerCenter/index') ) AND ( `pid` = 16 ) AND ( `hide` = 0 ) ORDER BY sort asc  [ RunTime:0.000367s ]
SQL: SELECT `id`,`pid`,`title`,`url`,`tip` FROM `onethink_menu` WHERE ( `group` = 'Ë°å‰∏∫ÁÆ°ÁêÜ' ) AND ( `url` IN ('User/index','User/action','AuthManager/index','Action/actionlog','PerCenter/camp','PerCenter/bivouac','PerCenter/index') ) AND ( `pid` = 16 ) AND ( `hide` = 0 ) ORDER BY sort asc  [ RunTime:0.000286s ]
SQL: SELECT `id`,`pid`,`title`,`url`,`tip` FROM `onethink_menu` WHERE ( `group` = '' ) AND ( `url` IN ('User/index','User/action','AuthManager/index','Action/actionlog','PerCenter/camp','PerCenter/bivouac','PerCenter/index') ) AND ( `pid` = 16 ) AND ( `hide` = 0 ) ORDER BY sort asc  [ RunTime:0.000275s ]
SQL: SELECT `id`,`pid`,`title`,`url`,`tip` FROM `onethink_menu` WHERE ( `group` = '‰ø°ÊÅØÂÆ°Ê†∏' ) AND ( `url` IN ('User/index','User/action','AuthManager/index','Action/actionlog','PerCenter/camp','PerCenter/bivouac','PerCenter/index') ) AND ( `pid` = 16 ) AND ( `hide` = 0 ) ORDER BY sort asc  [ RunTime:0.000269s ]
SQL: SELECT `id`,`pid`,`title`,`url`,`tip` FROM `onethink_menu` WHERE ( `group` = 'Êï∞ÊçÆÂàÜÊûê' ) AND ( `url` IN ('User/index','User/action','AuthManager/index','Action/actionlog','PerCenter/camp','PerCenter/bivouac','PerCenter/index') ) AND ( `pid` = 16 ) AND ( `hide` = 0 ) ORDER BY sort asc  [ RunTime:0.000256s ]
INFO: [ view_parse ] --START--
INFO: [ template_filter ] --START--
INFO: Run Behavior\ContentReplace [ RunTime:0.000206s ]
INFO: [ template_filter ] --END-- [ RunTime:0.000296s ]
NOTIC: [8] Undefined variable: meta_title C:\wamp\www\onethink1\Runtime\Cache\Admin\6a47f0fede372925fe694e1c50a51b74.php Á¨¨ 5 Ë°å.
INFO: Run Behavior\ParseTemplate [ RunTime:0.018395s ]
INFO: [ view_parse ] --END-- [ RunTime:0.018500s ]
INFO: [ view_filter ] --START--
INFO: Run Behavior\WriteHtmlCache [ RunTime:0.000690s ]
INFO: [ view_filter ] --END-- [ RunTime:0.000772s ]
INFO: [ app_end ] --START--
INFO: Run Behavior\ShowPageTrace [ RunTime:0.000929s ]
INFO: [ app_end ] --END-- [ RunTime:0.001021s ]

[ 2017-03-19T14:26:40+08:00 ] ::1 /onethink1/index.php?s=/Admin/PerCenter/bivouac.html
NOTIC: [2] mysql_connect(): Access denied for user 'root'@'localhost' (using password: YES) C:\wamp\www\onethink1\ThinkPHP\Library\Think\Db\Driver\Mysql.class.php Á¨¨ 52 Ë°å.
ERR: Access denied for user 'root'@'localhost' (using password: YES)

[ 2017-03-19T14:26:41+08:00 ] ::1 /onethink1/index.php?s=/Admin/PerCenter/bivouac.html
NOTIC: [2] mysql_connect(): Access denied for user 'root'@'localhost' (using password: YES) C:\wamp\www\onethink1\ThinkPHP\Library\Think\Db\Driver\Mysql.class.php Á¨¨ 52 Ë°å.
ERR: Access denied for user 'root'@'localhost' (using password: YES)

[ 2017-03-19T14:34:22+08:00 ] ::1 /onethink1/index.php?s=/Admin/Index/index.html
NOTIC: [2] mysql_connect(): Access denied for user 'root'@'localhost' (using password: YES) C:\wamp\www\onethink1\ThinkPHP\Library\Think\Db\Driver\Mysql.class.php Á¨¨ 52 Ë°å.
ERR: Access denied for user 'root'@'localhost' (using password: YES)

[ 2017-03-19T15:32:57+08:00 ] ::1 /onethink1/index.php?s=/Admin/Public/login.html
INFO: [ app_begin ] --START--
INFO: Run Behavior\ReadHtmlCache [ RunTime:0.000553s ]
INFO: [ app_begin ] --END-- [ RunTime:0.000900s ]
NOTIC: [2] mysql_connect(): Access denied for user 'root'@'localhost' (using password: YES) C:\wamp\www\onethink1\ThinkPHP\Library\Think\Db\Driver\Mysql.class.php Á¨¨ 52 Ë°å.
ERR: Access denied for user 'root'@'localhost' (using password: YES)

[ 2017-03-19T15:32:58+08:00 ] ::1 /onethink1/index.php?s=/Admin/Public/login.html
INFO: [ app_begin ] --START--
INFO: Run Behavior\ReadHtmlCache [ RunTime:0.000454s ]
INFO: [ app_begin ] --END-- [ RunTime:0.000756s ]
NOTIC: [2] mysql_connect(): Access denied for user 'root'@'localhost' (using password: YES) C:\wamp\www\onethink1\ThinkPHP\Library\Think\Db\Driver\Mysql.class.php Á¨¨ 52 Ë°å.
ERR: Access denied for user 'root'@'localhost' (using password: YES)

[ 2017-03-19T15:33:01+08:00 ] ::1 /onethink1/index.php?s=/Admin/Public/login.html
INFO: [ app_begin ] --START--
INFO: Run Behavior\ReadHtmlCache [ RunTime:0.000454s ]
INFO: [ app_begin ] --END-- [ RunTime:0.000779s ]
NOTIC: [2] mysql_connect(): Access denied for user 'root'@'localhost' (using password: YES) C:\wamp\www\onethink1\ThinkPHP\Library\Think\Db\Driver\Mysql.class.php Á¨¨ 52 Ë°å.
ERR: Access denied for user 'root'@'localhost' (using password: YES)

[ 2017-03-19T15:33:05+08:00 ] ::1 /onethink1/index.php?s=/Admin/Public/login.html
INFO: [ app_begin ] --START--
INFO: Run Behavior\ReadHtmlCache [ RunTime:0.000469s ]
INFO: [ app_begin ] --END-- [ RunTime:0.000795s ]
NOTIC: [2] mysql_connect(): Access denied for user 'root'@'localhost' (using password: YES) C:\wamp\www\onethink1\ThinkPHP\Library\Think\Db\Driver\Mysql.class.php Á¨¨ 52 Ë°å.
ERR: Access denied for user 'root'@'localhost' (using password: YES)

[ 2017-03-19T15:33:52+08:00 ] ::1 /onethink1/index.php?s=/Admin/Public/login.html
INFO: [ app_begin ] --START--
INFO: Run Behavior\ReadHtmlCache [ RunTime:0.000460s ]
INFO: [ app_begin ] --END-- [ RunTime:0.000824s ]
SQL: SHOW COLUMNS FROM `onethink_ucenter_member` [ RunTime:0.022029s ]
SQL: SELECT * FROM `onethink_ucenter_member` WHERE ( `username` = 'admin2' ) LIMIT 1   [ RunTime:0.002606s ]
SQL: UPDATE `onethink_ucenter_member` SET `last_login_time`=1489908832,`last_login_ip`=0 WHERE ( `id` = 10 ) [ RunTime:0.004989s ]
SQL: SHOW COLUMNS FROM `onethink_member` [ RunTime:0.005571s ]
SQL: SELECT `uid`,`nickname`,`sex`,`birthday`,`qq`,`score`,`login`,`reg_ip`,`reg_time`,`last_login_ip`,`last_login_time`,`status` FROM `onethink_member` WHERE ( `uid` = 10 ) LIMIT 1   [ RunTime:0.000997s ]
SQL: SHOW COLUMNS FROM `onethink_action` [ RunTime:0.004156s ]
SQL: SELECT * FROM `onethink_action` WHERE ( `name` = 'user_login' ) LIMIT 1   [ RunTime:0.000798s ]
SQL: SHOW COLUMNS FROM `onethink_action_log` [ RunTime:0.004387s ]
SQL: INSERT INTO `onethink_action_log` (`action_id`,`user_id`,`action_ip`,`model`,`record_id`,`create_time`,`remark`) VALUES (1,10,0,'member',10,1489908832,'admin2Âú®2017-03-19 15:33ÁôªÂΩï‰∫ÜÂêéÂè∞') [ RunTime:0.001741s ]
SQL: SELECT * FROM `onethink_action` WHERE ( `name` = 'user_login' ) LIMIT 1   [ RunTime:0.000431s ]
NOTIC: [8] Undefined offset: 1 C:\wamp\www\onethink1\Application\Common\Common\function.php Á¨¨ 665 Ë°å.
NOTIC: [2] array_key_exists() expects parameter 2 to be array, null given C:\wamp\www\onethink1\Application\Common\Common\function.php Á¨¨ 665 Ë°å.
SQL: SELECT COUNT(*) AS tp_count FROM `onethink_action_log` WHERE ( `action_id` = 1 ) AND ( `user_id` = 10 ) AND ( `create_time` > 1489822432 ) LIMIT 1   [ RunTime:0.007685s ]
SQL: UPDATE `onethink_member` SET `login`=`login`+1,`last_login_time`=1489908832,`last_login_ip`=0 WHERE ( `uid` = 10 ) [ RunTime:0.001040s ]

[ 2017-03-19T15:33:52+08:00 ] ::1 /onethink1/index.php?s=/Admin/Index/index.html
SQL: SHOW COLUMNS FROM `onethink_menu` [ RunTime:0.005403s ]
SQL: SELECT * FROM `onethink_menu` WHERE ( `pid` = 0 ) AND ( `hide` = 0 ) ORDER BY sort asc  [ RunTime:0.001737s ]
SQL: SELECT `id` FROM `onethink_menu` WHERE ( url like '%Index/index%' ) LIMIT 1   [ RunTime:0.000694s ]
SQL: SHOW COLUMNS FROM `onethink_menu` [ RunTime:0.004157s ]
SQL: SELECT `id`,`pid`,`title` FROM `onethink_menu` WHERE ( id=1 ) LIMIT 1   [ RunTime:0.000408s ]
SQL: SELECT DISTINCT  `group` FROM `onethink_menu` WHERE ( pid = 1 )  [ RunTime:0.001925s ]
SQL: SELECT `id`,`url` FROM `onethink_menu` WHERE ( `pid` = 1 ) AND ( `hide` = 0 )  [ RunTime:0.000331s ]
NOTIC: [2] Invalid argument supplied for foreach() C:\wamp\www\onethink1\Application\Admin\Controller\AdminController.class.php Á¨¨ 294 Ë°å.
INFO: [ view_parse ] --START--
INFO: [ template_filter ] --START--
INFO: Run Behavior\ContentReplace [ RunTime:0.000576s ]
INFO: [ template_filter ] --END-- [ RunTime:0.000688s ]
INFO: [ AdminIndex ] --START--
SQL: SHOW COLUMNS FROM `onethink_addons` [ RunTime:0.004270s ]
SQL: SELECT `config` FROM `onethink_addons` WHERE ( `name` = 'SiteStat' ) AND ( `status` = 1 ) LIMIT 1   [ RunTime:0.000777s ]
SQL: SHOW COLUMNS FROM `onethink_member` [ RunTime:0.003857s ]
SQL: SELECT COUNT(*) AS tp_count FROM `onethink_member` LIMIT 1   [ RunTime:0.000290s ]
SQL: SHOW COLUMNS FROM `onethink_action_log` [ RunTime:0.003941s ]
SQL: SELECT COUNT(*) AS tp_count FROM `onethink_action_log` LIMIT 1   [ RunTime:0.000214s ]
SQL: SHOW COLUMNS FROM `onethink_document` [ RunTime:0.004398s ]
SQL: SELECT COUNT(*) AS tp_count FROM `onethink_document` LIMIT 1   [ RunTime:0.000246s ]
SQL: SHOW COLUMNS FROM `onethink_category` [ RunTime:0.003636s ]
SQL: SELECT COUNT(*) AS tp_count FROM `onethink_category` LIMIT 1   [ RunTime:0.000215s ]
SQL: SHOW COLUMNS FROM `onethink_model` [ RunTime:0.003980s ]
SQL: SELECT COUNT(*) AS tp_count FROM `onethink_model` LIMIT 1   [ RunTime:0.000219s ]
INFO: [ view_parse ] --START--
INFO: [ template_filter ] --START--
INFO: Run Behavior\ContentReplace [ RunTime:0.000055s ]
INFO: [ template_filter ] --END-- [ RunTime:-0.041957s ]
INFO: Run Behavior\ParseTemplate [ RunTime:0.003403s ]
INFO: [ view_parse ] --END-- [ RunTime:0.003548s ]
INFO: [ view_filter ] --START--
INFO: Run Behavior\WriteHtmlCache [ RunTime:0.000958s ]
INFO: [ view_filter ] --END-- [ RunTime:0.001118s ]
INFO: Run SiteStat [ RunTime:0.038817s ]
SQL: SELECT `config` FROM `onethink_addons` WHERE ( `name` = 'SystemInfo' ) AND ( `status` = 1 ) LIMIT 1   [ RunTime:0.000368s ]
INFO: [ view_parse ] --START--
INFO: [ template_filter ] --START--
INFO: Run Behavior\ContentReplace [ RunTime:0.000062s ]
INFO: [ template_filter ] --END-- [ RunTime:-0.120780s ]
SQL: select version() as v; [ RunTime:0.000809s ]
INFO: Run Behavior\ParseTemplate [ RunTime:0.005139s ]
INFO: [ view_parse ] --END-- [ RunTime:-0.075257s ]
INFO: [ view_filter ] --START--
INFO: Run Behavior\WriteHtmlCache [ RunTime:0.000021s ]
INFO: [ view_filter ] --END-- [ RunTime:-0.079340s ]
INFO: Run SystemInfo [ RunTime:0.079319s ]
SQL: SELECT `config` FROM `onethink_addons` WHERE ( `name` = 'DevTeam' ) AND ( `status` = 1 ) LIMIT 1   [ RunTime:0.000341s ]
INFO: [ view_parse ] --START--
INFO: [ template_filter ] --START--
INFO: Run Behavior\ContentReplace [ RunTime:0.000064s ]
INFO: [ template_filter ] --END-- [ RunTime:-0.128873s ]
INFO: Run Behavior\ParseTemplate [ RunTime:0.003167s ]
INFO: [ view_parse ] --END-- [ RunTime:-0.083479s ]
INFO: [ view_filter ] --START--
INFO: Run Behavior\WriteHtmlCache [ RunTime:0.000021s ]
INFO: [ view_filter ] --END-- [ RunTime:-0.085603s ]
INFO: Run DevTeam [ RunTime:0.006225s ]
INFO: [ AdminIndex ] --END-- [ RunTime:0.124579s ]
INFO: Run Behavior\ParseTemplate [ RunTime:0.003591s ]
INFO: [ view_parse ] --END-- [ RunTime:-0.083479s ]
INFO: [ view_filter ] --START--
INFO: Run Behavior\WriteHtmlCache [ RunTime:0.000017s ]
INFO: [ view_filter ] --END-- [ RunTime:-0.086003s ]
INFO: [ app_end ] --START--
INFO: Run Behavior\ShowPageTrace [ RunTime:0.001238s ]
INFO: [ app_end ] --END-- [ RunTime:0.001330s ]

